Info: GOMC Version 2.70
Info: Start Time: Sun Aug  8 05:30:23 2021
Info: Host Name: anushabhattacharyya-VirtualBox
CPU information:
Info: Total number of CPUs: 1
Info: Total number of CPUs available: 1
Info: Model name: AMD Ryzen 7 5800X 8-Core Processor
Info: System name: Linux
Info: Release: 5.11.0-25-generic
Info: Version: #27~20.04.1-Ubuntu SMP Tue Jul 13 17:41:23 UTC 2021
Info: Kernel Architecture: x86_64
Info: Total Ram: 23627.8MB
Info: Used Ram: 9880.9MB
Info: Working in the current directory: /home/anushabhattacharyya/Cl Alcohols-NPT/7-CClH2COHCClH2
Info: GOMC COMPILED TO RUN ISOBARIC-ISOTHERMAL ENSEMBLE.
Info: Number of threads                  1 
Info: Compiled with OpenMP Version       4.5

Reading Input File:                      in_NPT.conf
Info: Random seed                        Active 
Info: PARAMETER file                     CHARMM format! 
Info: Input Temperature                  248.0000 K
Info: Input Pressure                     410.0000 bar
Info: Volume change using constant ratio.
Info: Non-truncated potential            Active 
Info: Long Range Correction              Active 
Info: Cutoff                             10.0000 A
Info: Short Range Cutoff                 1.0000 A
Info: Exclude                            ONE-FOUR 
Info: Ewald Summation                    Active 
Info: Cache Ewald Fourier                Inactive 
Info: Ewald Summation Tolerance          1.000E-05 
Info: Pressure calculation frequency     1000 
Info: Total number of steps              10000 
Info: Number of equilibration steps      1000 
Info: Move adjustment frequency          1000 
Info: Displacement move frequency        0.1500 
Info: Rotation move frequency            0.1500 
Info: Intra-Swap move frequency          0.2900 
Warning: Unknown input SwapFreq!
Info: Regrowth move frequency            0.3000 
Info: Crank-Shaft move frequency         0.1000 
Info: Volume move frequency              0.0100 
Info: Multi-Particle move frequency      0.0000 
Info: IntraMEMC-1 move frequency         0.0000 
Warning: Unknown input MEMC-1Freq!
Info: IntraMEMC-2 move frequency         0.0000 
Warning: Unknown input MEMC-2Freq!
Info: IntraMEMC-3 move frequency         0.0000 
Warning: Unknown input MEMC-3Freq!
Info: CBMC First atom trials             12   
Info: CBMC Secondary atom trials         10   
Info: CBMC Angle trials                  50   
Info: CBMC Dihedral trials               50   
Info: Output name                        Output_data 
Info: Restart frequency                  1000 
Info: Checkpoint frequency               1000 
Info: Coordinate frequency               1000 
Info: Console output frequency           1000 
Info: Average output frequency           1000 
Warning: Unknown input HistogramFreq!
Warning: Unknown input DistName!
Warning: Unknown input HistName!
Warning: Unknown input RunNumber!
Warning: Unknown input RunLetter!
Warning: Unknown input SampleFreq!
Warning: Unknown input OutMolNumber!
Default: Box  0  CutoffCoulomb           10.0000 A
Finished Reading Input File:             in_NPT.conf

Reading from CHARMM-Style parameter file:  	NPT_CClH2COHCClH2_file.inp
Reading BONDS parameters.
Reading ANGLES parameters.
Reading DIHEDRALS parameters.
Reading NONBONDED parameters.
Reading from system PDB coordinate file:  	NPT_CClH2COHCClH2.pdb
Finished reading:                       	NPT_CClH2COHCClH2.pdb
Random number seed: 1229090875
Warning: Dihedral is missing for CClH !

Molecules in PSF:
Molecule Kind: CClH
Idx	name	type	charge	mass
0	C1	A	-0.2400	12.0108
1	H1	B	0.0600	1.0079
2	H2	B	0.0600	1.0079
3	H3	B	0.0600	1.0079
4	H4	B	0.0600	1.0079

Bonds:
[0 1] [2 0] [3 0] [4 0] 

Angles:
[1 0 2] [1 0 3] [1 0 4] [2 0 3] [2 0 4] [3 0 4] 

Dihedrals:

Molecule Kind: COH
Idx	name	type	charge	mass
0	C1	F	0.1450	12.0108
1	O1	C	-0.6830	15.9994
2	H1	E	0.0400	1.0079
3	H2	E	0.0400	1.0079
4	H3	E	0.0400	1.0079
5	H4	D	0.4180	1.0079

Bonds:
[0 1] [2 0] [3 0] [4 0] [5 1] 

Angles:
[0 1 5] [1 0 2] [1 0 3] [1 0 4] [2 0 3] [2 0 4] [3 0 4] 

Dihedrals:
[2 0 1 5] [3 0 1 5] [4 0 1 5] 

Bonds parameter:
Atom Types                             Kb(K)           b0(A) 
A	B	                 171094.6637           1.0900 
B	A	                 171094.6637           1.0900 

F	C	                 161030.2717           1.4100 
E	F	                 171094.6637           1.0900 
D	C	                 278280.4382           0.9450 

Angles parameter:
Atom Types                         Ktheta(K)         theta0(degree) 
B	A	B	          16606.2468         107.8000 

F	C	D	          27677.0779         108.5000 
C	F	E	          17612.6860         109.5000 
E	F	E	          16606.2468         107.8000 

Dihedrals parameter:
Atom Types                           Kchi(K)    n    delta(degree) 
E	F	C	D	    226.4488    0     90.0000 
E	F	C	D	      0.0000    1    180.0000 
E	F	C	D	      0.0000    2      0.0000 
E	F	C	D	   -113.2244    3    180.0000 
E	F	C	D	      0.0000    4      0.0000 
E	F	C	D	      0.0000    5    180.0000 

NonBonded 1-4 parameters:
Type1  Type2             Epsilon(K)    Sigma(A)       N 
A      A                    16.6062      3.5000   12.00 
A      B                    11.1959      3.0000   12.00 
A      F                    16.6062      3.5000   12.00 
A      C                    26.6516      3.3100   12.00 
A      E                    11.1959      3.0000   12.00 
A      D                     0.0000      6.7500   12.00 
B      B                     7.5483      2.5000   12.00 
B      F                    11.1959      3.0000   12.00 
B      C                    17.9685      2.8100   12.00 
B      E                     7.5483      2.5000   12.00 
B      D                     0.0000      6.2500   12.00 
F      F                    16.6062      3.5000   12.00 
F      C                    26.6516      3.3100   12.00 
F      E                    11.1959      3.0000   12.00 
F      D                     0.0000      6.7500   12.00 
C      C                    42.7737      3.1200   12.00 
C      E                    17.9685      2.8100   12.00 
C      D                     0.0000      6.5600   12.00 
E      E                     7.5483      2.5000   12.00 
E      D                     0.0000      6.2500   12.00 
D      D                     0.0000     10.0000   12.00 

NonBonded parameters:
Type1  Type2             Epsilon(K)    Sigma(A)       N 
A      A                    33.2125      3.5000   12.00 
A      B                    22.3919      3.0000   12.00 
A      F                    33.2125      3.5000   12.00 
A      C                    53.3033      3.3100   12.00 
A      E                    22.3919      3.0000   12.00 
A      D                     0.0000      6.7500   12.00 
B      B                    15.0966      2.5000   12.00 
B      F                    22.3919      3.0000   12.00 
B      C                    35.9371      2.8100   12.00 
B      E                    15.0966      2.5000   12.00 
B      D                     0.0000      6.2500   12.00 
F      F                    33.2125      3.5000   12.00 
F      C                    53.3033      3.3100   12.00 
F      E                    22.3919      3.0000   12.00 
F      D                     0.0000      6.7500   12.00 
C      C                    85.5473      3.1200   12.00 
C      E                    35.9371      2.8100   12.00 
C      D                     0.0000      6.5600   12.00 
E      E                    15.0966      2.5000   12.00 
E      D                     0.0000      6.2500   12.00 
D      D                     0.0000     10.0000   12.00 

Info: Box  0:  Periodic Cell Basis 1     45.000   0.000   0.000 
Info: Box  0:  Periodic Cell Basis 2      0.000  45.000   0.000 
Info: Box  0:  Periodic Cell Basis 3      0.000   0.000  45.000 

Minimum coordinates in box 0: x =    1.971, y =    1.970, z =    1.922
Maximum coordinates in box 0: x =   43.032, y =   43.021, z =   43.018
Wrapping molecules inside the simulation box 0:
Box: 0, RecipVectors:   9402, kmax: 17

################################################################################
########################## INITIAL SIMULATION ENERGY ###########################

ETITLE:     STEP           TOTAL        INTRA(B)       INTRA(NB)       INTER(LJ)             LRC     TOTAL_ELECT            REAL           RECIP            SELF            CORR

ENER_0:        0      1.9560e+06      6.5134e+05      0.0000e+00      1.3446e+06     -3.4209e+04     -5.6652e+03      1.2130e+04      3.1807e+05     -1.1813e+07      1.1477e+07

STITLE:     STEP          VOLUME        PRESSURE     TOT_DENSITY

STAT_0:        0      9.1125e+04      2.3209e+04      4.3811e+02

################################################################################
############################# STARTING SIMULATION ##############################

MTITLE:     STEP          DISTRY       DISACCEPT      DISACCEPT%          DISMAX          ROTATE       ROTACCEPT      ROTACCEPT%          ROTMAX       INTRASWAP       INTACCEPT      INTACCEPT%        REGROWTH    REGROWACCEPT   REGROWACCEPT%      CRANKSHAFT  CRKSHAFTACCEPT CRKSHAFTACCEPT%          VOLUME       VOLACCEPT      VOLACCEPT%          VOLMAX

ETITLE:     STEP           TOTAL        INTRA(B)       INTRA(NB)       INTER(LJ)             LRC     TOTAL_ELECT            REAL           RECIP            SELF            CORR

STITLE:     STEP          VOLUME        PRESSURE     TOT_DENSITY

Printed combined psf to file Output_data_merged.psf
MOVE_0:     1000             156              12      7.6923e+00      1.5855e+00             151              71      4.7020e+01      7.5451e-01             274              89      3.2482e+01             309              84      2.7184e+01              99              41      4.1414e+01              11               7      6.3636e+01      6.3636e+02

ENER_0:     1000      1.1133e+06      7.1818e+05      0.0000e+00      5.5740e+05     -3.3543e+04     -1.2877e+05     -7.8280e+04      2.8056e+05     -1.1813e+07      1.1482e+07

STAT_0:     1000      9.2935e+04      1.3966e+04      4.2958e+02

PRES_0:     1000      1.3110e+04      1.4662e+04      1.3319e+04

Checkpoint saved to checkpoint.dat
Steps/sec:  16.625, Simulation ends in:   0 d:   0 h:  10 m 

MOVE_0:     2000             303              62      2.0462e+01      6.5655e-01             298             138      4.6309e+01      6.9465e-01             579             149      2.5734e+01             607             158      2.6030e+01             190              89      4.6842e+01              23              14      6.0870e+01      7.4242e+02

ENER_0:     2000      6.6112e+05      7.4831e+05      0.0000e+00      1.2289e+05     -3.2943e+04     -1.7713e+05     -1.1414e+05      2.6507e+05     -1.1813e+07      1.1485e+07

STAT_0:     2000      9.4629e+04      9.0956e+03      4.2189e+02

PRES_0:     2000      8.7872e+03      9.4763e+03      8.2260e+03

Checkpoint saved to checkpoint.dat
Steps/sec:  15.250, Simulation ends in:   0 d:   0 h:   9 m 

MOVE_0:     3000             451             114      2.5277e+01      3.7726e-01             457             237      5.1860e+01      8.6983e-01             845             200      2.3669e+01             918             227      2.4728e+01             297             140      4.7138e+01              32              19      5.9375e+01      8.2492e+02

ENER_0:     3000      3.5849e+05      7.7096e+05      0.0000e+00     -1.5058e+05     -3.2150e+04     -2.2974e+05     -1.5276e+05      2.4968e+05     -1.1813e+07      1.1487e+07

STAT_0:     3000      9.6963e+04      5.9271e+03      4.1173e+02

PRES_0:     3000      5.5652e+03      5.6697e+03      5.7616e+03

Checkpoint saved to checkpoint.dat
Steps/sec:  18.416, Simulation ends in:   0 d:   0 h:   7 m 

MOVE_0:     4000             599             187      3.1219e+01      3.7542e-01             597             322      5.3936e+01      1.0408e+00            1132             243      2.1466e+01            1224             305      2.4918e+01             408             195      4.7794e+01              40              23      5.7500e+01      8.2492e+02

ENER_0:     4000      2.0360e+05      8.0195e+05      0.0000e+00     -2.9622e+05     -3.1877e+04     -2.7025e+05     -1.8314e+05      2.3800e+05     -1.1813e+07      1.1488e+07

STAT_0:     4000      9.7792e+04      4.2469e+03      4.0824e+02

PRES_0:     4000      3.8248e+03      4.2335e+03      3.9020e+03

Checkpoint saved to checkpoint.dat
Steps/sec:  19.694, Simulation ends in:   0 d:   0 h:   6 m 

MOVE_0:     5000             748             248      3.3155e+01      3.1368e-01             747             404      5.4083e+01      1.1958e+00            1443             274      1.8988e+01            1496             376      2.5134e+01             519             254      4.8940e+01              47              25      5.3191e+01      4.7138e+02

ENER_0:     5000      9.1385e+04      8.0656e+05      0.0000e+00     -3.7095e+05     -3.1684e+04     -3.1254e+05     -2.1370e+05      2.2501e+05     -1.1813e+07      1.1489e+07

STAT_0:     5000      9.8387e+04      3.3505e+03      4.0577e+02

PRES_0:     5000      3.1281e+03      3.1971e+03      2.9489e+03

Checkpoint saved to checkpoint.dat
Steps/sec:  22.772, Simulation ends in:   0 d:   0 h:   5 m 

MOVE_0:     6000             892             329      3.6883e+01      3.3681e-01             893             487      5.4535e+01      1.2566e+00            1747             303      1.7344e+01            1801             459      2.5486e+01             613             308      5.0245e+01              54              28      5.1852e+01      4.0404e+02

ENER_0:     6000     -2.2015e+04      8.2018e+05      0.0000e+00     -4.9407e+05     -3.1349e+04     -3.1678e+05     -2.1811e+05      2.2377e+05     -1.1813e+07      1.1491e+07

STAT_0:     6000      9.9441e+04      2.0545e+03      4.0147e+02

PRES_0:     6000      1.8021e+03      1.8427e+03      1.7467e+03

Checkpoint saved to checkpoint.dat
Steps/sec:  42.169, Simulation ends in:   0 d:   0 h:   4 m 

MOVE_0:     7000            1037             411      3.9634e+01      3.8088e-01            1054             568      5.3890e+01      1.2980e+00            2029             324      1.5968e+01            2105             542      2.5748e+01             714             355      4.9720e+01              61              32      5.2459e+01      4.6176e+02

ENER_0:     7000     -7.4076e+04      8.2343e+05      0.0000e+00     -5.3607e+05     -3.1064e+04     -3.3037e+05     -2.2652e+05      2.1787e+05     -1.1813e+07      1.1492e+07

STAT_0:     7000      1.0035e+05      1.5659e+03      3.9783e+02

PRES_0:     7000      1.3445e+03      1.2897e+03      1.2963e+03

Checkpoint saved to checkpoint.dat
Steps/sec:  42.232, Simulation ends in:   0 d:   0 h:   3 m 

MOVE_0:     8000            1198             492      4.1068e+01      3.7923e-01            1212             649      5.3548e+01      1.2920e+00            2324             349      1.5017e+01            2397             611      2.5490e+01             798             403      5.0501e+01              71              36      5.0704e+01      3.6941e+02

ENER_0:     8000     -9.6716e+04      8.3911e+05      0.0000e+00     -5.5792e+05     -3.0757e+04     -3.4715e+05     -2.4186e+05      2.1530e+05     -1.1813e+07      1.1493e+07

STAT_0:     8000      1.0135e+05      1.1897e+03      3.9390e+02

PRES_0:     8000      1.0483e+03      1.0148e+03      7.4375e+02

Checkpoint saved to checkpoint.dat
Steps/sec:  32.867, Simulation ends in:   0 d:   0 h:   2 m 

MOVE_0:     9000            1328             572      4.3072e+01      4.6659e-01            1366             741      5.4246e+01      1.6582e+00            2638             378      1.4329e+01            2698             688      2.5500e+01             887             445      5.0169e+01              83              45      5.4217e+01      5.5411e+02

ENER_0:     9000     -1.3121e+05      8.4494e+05      0.0000e+00     -5.7385e+05     -3.0492e+04     -3.7181e+05     -2.5983e+05      2.0796e+05     -1.1813e+07      1.1493e+07

STAT_0:     9000      1.0224e+05      8.7566e+02      3.9050e+02

PRES_0:     9000      8.0448e+02      5.9922e+02      4.6554e+02

Checkpoint saved to checkpoint.dat
Steps/sec:  28.707, Simulation ends in:   0 d:   0 h:   1 m 

MOVE_0:    10000            1477             646      4.3737e+01      4.6992e-01            1512             818      5.4101e+01      1.6627e+00            2922             411      1.4066e+01            3015             772      2.5605e+01             984             507      5.1524e+01              90              47      5.2222e+01      3.1664e+02

ENER_0:    10000     -1.4854e+05      8.5768e+05      0.0000e+00     -5.9575e+05     -3.0265e+04     -3.8021e+05     -2.6406e+05      2.0279e+05     -1.1813e+07      1.1494e+07

STAT_0:    10000      1.0300e+05      5.8277e+02      3.8760e+02

PRES_0:    10000      4.9792e+02      3.7150e+02      1.2496e+02

Checkpoint saved to checkpoint.dat
Simulation Time (total): 4.1259e+02 sec.

Move Type                Mol. Kind      BOX_0      
% Accepted Displacement        CClH    41.22340 
% Accepted Displacement        COH     46.34483 
% Accepted Rotation            CClH    56.84932 
% Accepted Rotation            COH     51.53453 
% Accepted Volume-Transfer             52.22222 
% Accepted Intra-Swap          CClH    15.72414 
% Accepted Intra-Swap          COH     12.43207 
% Accepted Regrowth            CClH    22.87449 
% Accepted Regrowth            COH     28.24527 
% Accepted Crank-Shaft         CClH    25.44732 
% Accepted Crank-Shaft         COH     78.79418 

Displacement:                            8.4891    sec.
Rotation:                                9.2146    sec.
MultiParticle:                           0.0000    sec.
Intra-Swap:                             47.9792    sec.
Regrowth:                               38.2811    sec.
Intra-MEMC:                              0.0000    sec.
Crank-Shaft:                            11.7778    sec.
Vol-Transfer:                          269.8716    sec.

Info: GOMC Version 2.70
Info: Completed at: Sun Aug  8 05:37:26 2021
Info: On hostname: anushabhattacharyya-VirtualBox
