Info: GOMC Version 2.70
Info: Start Time: Sun Aug  8 11:37:23 2021
Info: Host Name: anushabhattacharyya-VirtualBox
CPU information:
Info: Total number of CPUs: 1
Info: Total number of CPUs available: 1
Info: Model name: AMD Ryzen 7 5800X 8-Core Processor
Info: System name: Linux
Info: Release: 5.11.0-25-generic
Info: Version: #27~20.04.1-Ubuntu SMP Tue Jul 13 17:41:23 UTC 2021
Info: Kernel Architecture: x86_64
Info: Total Ram: 23627.8MB
Info: Used Ram: 10672.6MB
Info: Working in the current directory: /home/anushabhattacharyya/Cl Alcohols-NPT/25-CCl3CCl2CH2CH2CH2OH
Info: GOMC COMPILED TO RUN ISOBARIC-ISOTHERMAL ENSEMBLE.
Info: Number of threads                  1 
Info: Compiled with OpenMP Version       4.5

Reading Input File:                      in_NPT.conf
Info: Random seed                        Active 
Info: PARAMETER file                     CHARMM format! 
Info: Input Temperature                  248.0000 K
Info: Input Pressure                     410.0000 bar
Info: Volume change using constant ratio.
Info: Non-truncated potential            Active 
Info: Long Range Correction              Active 
Info: Cutoff                             10.0000 A
Info: Short Range Cutoff                 1.0000 A
Info: Exclude                            ONE-FOUR 
Info: Ewald Summation                    Active 
Info: Cache Ewald Fourier                Inactive 
Info: Ewald Summation Tolerance          1.000E-05 
Info: Pressure calculation frequency     1000 
Info: Total number of steps              10000 
Info: Number of equilibration steps      1000 
Info: Move adjustment frequency          1000 
Info: Displacement move frequency        0.1500 
Info: Rotation move frequency            0.1500 
Info: Intra-Swap move frequency          0.2900 
Warning: Unknown input SwapFreq!
Info: Regrowth move frequency            0.3000 
Info: Crank-Shaft move frequency         0.1000 
Info: Volume move frequency              0.0100 
Info: Multi-Particle move frequency      0.0000 
Info: IntraMEMC-1 move frequency         0.0000 
Warning: Unknown input MEMC-1Freq!
Info: IntraMEMC-2 move frequency         0.0000 
Warning: Unknown input MEMC-2Freq!
Info: IntraMEMC-3 move frequency         0.0000 
Warning: Unknown input MEMC-3Freq!
Info: CBMC First atom trials             12   
Info: CBMC Secondary atom trials         10   
Info: CBMC Angle trials                  50   
Info: CBMC Dihedral trials               50   
Info: Output name                        Output_data 
Info: Restart frequency                  1000 
Info: Checkpoint frequency               1000 
Info: Coordinate frequency               1000 
Info: Console output frequency           1000 
Info: Average output frequency           1000 
Warning: Unknown input HistogramFreq!
Warning: Unknown input DistName!
Warning: Unknown input HistName!
Warning: Unknown input RunNumber!
Warning: Unknown input RunLetter!
Warning: Unknown input SampleFreq!
Warning: Unknown input OutMolNumber!
Default: Box  0  CutoffCoulomb           10.0000 A
Finished Reading Input File:             in_NPT.conf

Reading from CHARMM-Style parameter file:  	NPT_CCl3CCl2CH2CH2CH2OH_file.inp
Reading BONDS parameters.
Reading ANGLES parameters.
Reading DIHEDRALS parameters.
Reading NONBONDED parameters.
Reading from system PDB coordinate file:  	NPT_CCl3CCl2CH2CH2CH2OH.pdb
Finished reading:                       	NPT_CCl3CCl2CH2CH2CH2OH.pdb
Random number seed: 3817132703
Warning: Dihedral is missing for CClH !
Warning: Dihedral is missing for CH3 !

Molecules in PSF:
Molecule Kind: CClH
Idx	name	type	charge	mass
0	C1	D	-0.0060	12.0108
1	Cl1	C	-0.2000	35.4532
2	Cl2	C	-0.2000	35.4532
3	Cl3	C	-0.2000	35.4532
4	H1	E	0.1030	1.0079

Bonds:
[0 1] [2 0] [3 0] [4 0] 

Angles:
[1 0 2] [1 0 3] [1 0 4] [2 0 3] [2 0 4] [3 0 4] 

Dihedrals:

Molecule Kind: CH3
Idx	name	type	charge	mass
0	C1	A	-0.2400	12.0108
1	H1	B	0.0600	1.0079
2	H2	B	0.0600	1.0079
3	H3	B	0.0600	1.0079
4	H4	B	0.0600	1.0079

Bonds:
[0 1] [2 0] [3 0] [4 0] 

Angles:
[1 0 2] [1 0 3] [1 0 4] [2 0 3] [2 0 4] [3 0 4] 

Dihedrals:

Molecule Kind: COH
Idx	name	type	charge	mass
0	C1	I	0.1450	12.0108
1	O1	F	-0.6830	15.9994
2	H1	H	0.0400	1.0079
3	H2	H	0.0400	1.0079
4	H3	H	0.0400	1.0079
5	H4	G	0.4180	1.0079

Bonds:
[0 1] [2 0] [3 0] [4 0] [5 1] 

Angles:
[0 1 5] [1 0 2] [1 0 3] [1 0 4] [2 0 3] [2 0 4] [3 0 4] 

Dihedrals:
[2 0 1 5] [3 0 1 5] [4 0 1 5] 

Bonds parameter:
Atom Types                             Kb(K)           b0(A) 
D	C	                 123288.8018           1.7810 
C	D	                 123288.8018           1.7810 
E	D	                 171094.6637           1.0900 

A	B	                 171094.6637           1.0900 
B	A	                 171094.6637           1.0900 

I	F	                 161030.2717           1.4100 
H	I	                 171094.6637           1.0900 
G	F	                 278280.4382           0.9450 

Angles parameter:
Atom Types                         Ktheta(K)         theta0(degree) 
C	D	C	          39251.1287         111.7000 
C	D	E	          25664.1995         107.6000 

B	A	B	          16606.2468         107.8000 

I	F	G	          27677.0779         108.5000 
F	I	H	          17612.6860         109.5000 
H	I	H	          16606.2468         107.8000 

Dihedrals parameter:
Atom Types                           Kchi(K)    n    delta(degree) 
H	I	F	G	    226.4488    0     90.0000 
H	I	F	G	      0.0000    1    180.0000 
H	I	F	G	      0.0000    2      0.0000 
H	I	F	G	   -113.2244    3    180.0000 
H	I	F	G	      0.0000    4      0.0000 
H	I	F	G	      0.0000    5    180.0000 

================================================

Warning: Sum of the charge in the system is: -251.5000

================================================
NonBonded 1-4 parameters:
Type1  Type2             Epsilon(K)    Sigma(A)       N 
D      D                    16.6062      3.5000   12.00 
D      C                    35.4046      3.4500   12.00 
D      E                    11.1959      3.0000   12.00 
D      I                    16.6062      3.5000   12.00 
D      F                    26.6516      3.3100   12.00 
D      H                    11.1959      3.0000   12.00 
D      G                     0.0000      6.7500   12.00 
D      A                    16.6062      3.5000   12.00 
D      B                    11.1959      3.0000   12.00 
C      C                    75.4829      3.4000   12.00 
C      E                    23.8698      2.9500   12.00 
C      I                    35.4046      3.4500   12.00 
C      F                    56.8215      3.2600   12.00 
C      H                    23.8698      2.9500   12.00 
C      G                     0.0000      6.7000   12.00 
C      A                    35.4046      3.4500   12.00 
C      B                    23.8698      2.9500   12.00 
E      E                     7.5483      2.5000   12.00 
E      I                    11.1959      3.0000   12.00 
E      F                    17.9685      2.8100   12.00 
E      H                     7.5483      2.5000   12.00 
E      G                     0.0000      6.2500   12.00 
E      A                    11.1959      3.0000   12.00 
E      B                     7.5483      2.5000   12.00 
I      I                    16.6062      3.5000   12.00 
I      F                    26.6516      3.3100   12.00 
I      H                    11.1959      3.0000   12.00 
I      G                     0.0000      6.7500   12.00 
I      A                    16.6062      3.5000   12.00 
I      B                    11.1959      3.0000   12.00 
F      F                    42.7737      3.1200   12.00 
F      H                    17.9685      2.8100   12.00 
F      G                     0.0000      6.5600   12.00 
F      A                    26.6516      3.3100   12.00 
F      B                    17.9685      2.8100   12.00 
H      H                     7.5483      2.5000   12.00 
H      G                     0.0000      6.2500   12.00 
H      A                    11.1959      3.0000   12.00 
H      B                     7.5483      2.5000   12.00 
G      G                     0.0000     10.0000   12.00 
G      A                     0.0000      6.7500   12.00 
G      B                     0.0000      6.2500   12.00 
A      A                    16.6062      3.5000   12.00 
A      B                    11.1959      3.0000   12.00 
B      B                     7.5483      2.5000   12.00 

NonBonded parameters:
Type1  Type2             Epsilon(K)    Sigma(A)       N 
D      D                    33.2125      3.5000   12.00 
D      C                    70.8093      3.4500   12.00 
D      E                    22.3919      3.0000   12.00 
D      I                    33.2125      3.5000   12.00 
D      F                    53.3033      3.3100   12.00 
D      H                    22.3919      3.0000   12.00 
D      G                     0.0000      6.7500   12.00 
D      A                    33.2125      3.5000   12.00 
D      B                    22.3919      3.0000   12.00 
C      C                   150.9659      3.4000   12.00 
C      E                    47.7396      2.9500   12.00 
C      I                    70.8093      3.4500   12.00 
C      F                   113.6430      3.2600   12.00 
C      H                    47.7396      2.9500   12.00 
C      G                     0.0000      6.7000   12.00 
C      A                    70.8093      3.4500   12.00 
C      B                    47.7396      2.9500   12.00 
E      E                    15.0966      2.5000   12.00 
E      I                    22.3919      3.0000   12.00 
E      F                    35.9371      2.8100   12.00 
E      H                    15.0966      2.5000   12.00 
E      G                     0.0000      6.2500   12.00 
E      A                    22.3919      3.0000   12.00 
E      B                    15.0966      2.5000   12.00 
I      I                    33.2125      3.5000   12.00 
I      F                    53.3033      3.3100   12.00 
I      H                    22.3919      3.0000   12.00 
I      G                     0.0000      6.7500   12.00 
I      A                    33.2125      3.5000   12.00 
I      B                    22.3919      3.0000   12.00 
F      F                    85.5473      3.1200   12.00 
F      H                    35.9371      2.8100   12.00 
F      G                     0.0000      6.5600   12.00 
F      A                    53.3033      3.3100   12.00 
F      B                    35.9371      2.8100   12.00 
H      H                    15.0966      2.5000   12.00 
H      G                     0.0000      6.2500   12.00 
H      A                    22.3919      3.0000   12.00 
H      B                    15.0966      2.5000   12.00 
G      G                     0.0000     10.0000   12.00 
G      A                     0.0000      6.7500   12.00 
G      B                     0.0000      6.2500   12.00 
A      A                    33.2125      3.5000   12.00 
A      B                    22.3919      3.0000   12.00 
B      B                    15.0966      2.5000   12.00 

Info: Box  0:  Periodic Cell Basis 1     45.000   0.000   0.000 
Info: Box  0:  Periodic Cell Basis 2      0.000  45.000   0.000 
Info: Box  0:  Periodic Cell Basis 3      0.000   0.000  45.000 

Minimum coordinates in box 0: x =    1.949, y =    1.958, z =    1.905
Maximum coordinates in box 0: x =   43.056, y =   43.021, z =   43.029
Wrapping molecules inside the simulation box 0:
Box: 0, RecipVectors:   9402, kmax: 17

################################################################################
########################## INITIAL SIMULATION ENERGY ###########################

ETITLE:     STEP           TOTAL        INTRA(B)       INTRA(NB)       INTER(LJ)             LRC     TOTAL_ELECT            REAL           RECIP            SELF            CORR

ENER_0:        0      1.1813e+08      8.1489e+05      0.0000e+00      1.1337e+08     -2.0512e+05      4.1493e+06      8.5090e+05      7.0764e+06     -1.3902e+07      1.0124e+07

STITLE:     STEP          VOLUME        PRESSURE     TOT_DENSITY

STAT_0:        0      9.1125e+04      1.0132e+06      1.5258e+03

################################################################################
############################# STARTING SIMULATION ##############################

MTITLE:     STEP          DISTRY       DISACCEPT      DISACCEPT%          DISMAX          ROTATE       ROTACCEPT      ROTACCEPT%          ROTMAX       INTRASWAP       INTACCEPT      INTACCEPT%        REGROWTH    REGROWACCEPT   REGROWACCEPT%      CRANKSHAFT  CRKSHAFTACCEPT CRKSHAFTACCEPT%          VOLUME       VOLACCEPT      VOLACCEPT%          VOLMAX

ETITLE:     STEP           TOTAL        INTRA(B)       INTRA(NB)       INTER(LJ)             LRC     TOTAL_ELECT            REAL           RECIP            SELF            CORR

STITLE:     STEP          VOLUME        PRESSURE     TOT_DENSITY

Printed combined psf to file Output_data_merged.psf
MOVE_0:     1000             153               6      3.9216e+00      9.2509e-01             166              47      2.8313e+01      4.6279e-01             288             146      5.0694e+01             271              60      2.2140e+01             107              31      2.8972e+01              15               8      5.3333e+01      5.3333e+02

ENER_0:     1000      8.5411e+07      9.8397e+05      0.0000e+00      8.3328e+07     -2.0067e+05      1.3002e+06      6.4463e+05      4.4270e+06     -1.3902e+07      1.0130e+07

STAT_0:     1000      9.3147e+04      7.3789e+05      1.4927e+03

PRES_0:     1000      7.3305e+05      7.3427e+05      7.4648e+05

Checkpoint saved to checkpoint.dat
Steps/sec:  17.651, Simulation ends in:   0 d:   0 h:   9 m 

MOVE_0:     2000             321              34      1.0592e+01      2.3483e-01             319             103      3.2288e+01      3.5357e-01             600             215      3.5833e+01             534             133      2.4906e+01             198              58      2.9293e+01              28              13      4.6429e+01      4.1026e+02

ENER_0:     2000      7.0552e+07      1.0817e+06      0.0000e+00      6.9445e+07     -1.9800e+05      2.2327e+05      5.4336e+05      3.4474e+06     -1.3902e+07      1.0134e+07

STAT_0:     2000      9.4401e+04      6.1512e+05      1.4729e+03

PRES_0:     2000      6.0581e+05      6.0449e+05      6.3516e+05

Checkpoint saved to checkpoint.dat
Steps/sec:  19.484, Simulation ends in:   0 d:   0 h:   8 m 

MOVE_0:     3000             481              88      1.8295e+01      1.3231e-01             470             156      3.3191e+01      2.2520e-01             874             265      3.0320e+01             840             211      2.5119e+01             295              95      3.2203e+01              40              19      4.7500e+01      4.1026e+02

ENER_0:     3000      5.9491e+07      1.1396e+06      0.0000e+00      5.9035e+07     -1.9527e+05     -4.8863e+05      4.2175e+05      2.8539e+06     -1.3902e+07      1.0137e+07

STAT_0:     3000      9.5722e+04      5.2056e+05      1.4525e+03

PRES_0:     3000      5.0767e+05      5.1536e+05      5.3873e+05

Checkpoint saved to checkpoint.dat
Steps/sec:  21.145, Simulation ends in:   0 d:   0 h:   7 m 

MOVE_0:     4000             617             148      2.3987e+01      1.1806e-01             599             223      3.7229e+01      2.2350e-01            1161             305      2.6270e+01            1164             311      2.6718e+01             400             131      3.2750e+01              59              32      5.4237e+01      5.6140e+02

ENER_0:     4000      4.7653e+07      1.2078e+06      0.0000e+00      4.7451e+07     -1.9111e+05     -8.1516e+05      3.3610e+05      2.6099e+06     -1.3902e+07      1.0140e+07

STAT_0:     4000      9.7806e+04      4.1592e+05      1.4216e+03

PRES_0:     4000      4.1116e+05      4.0977e+05      4.2688e+05

Checkpoint saved to checkpoint.dat
Steps/sec:  14.178, Simulation ends in:   0 d:   0 h:   6 m 

MOVE_0:     5000             761             207      2.7201e+01      8.7550e-02             747             292      3.9090e+01      2.1093e-01            1475             329      2.2305e+01            1471             373      2.5357e+01             483             158      3.2712e+01              63              33      5.2381e+01      2.8070e+02

ENER_0:     5000      4.3069e+07      1.2425e+06      0.0000e+00      4.3110e+07     -1.9041e+05     -1.0928e+06      2.8729e+05      2.3787e+06     -1.3902e+07      1.0143e+07

STAT_0:     5000      9.8164e+04      3.8158e+05      1.4164e+03

PRES_0:     5000      3.7924e+05      3.8008e+05      3.8547e+05

Checkpoint saved to checkpoint.dat
Steps/sec:  38.530, Simulation ends in:   0 d:   0 h:   5 m 

MOVE_0:     6000             926             286      3.0886e+01      7.8121e-02             886             356      4.0181e+01      1.9399e-01            1789             353      1.9732e+01            1760             443      2.5170e+01             571             191      3.3450e+01              68              37      5.4412e+01      4.4912e+02

ENER_0:     6000      3.9138e+07      1.2788e+06      0.0000e+00      3.9290e+07     -1.8891e+05     -1.2418e+06      2.3848e+05      2.2766e+06     -1.3902e+07      1.0145e+07

STAT_0:     6000      9.8945e+04      3.4731e+05      1.4052e+03

PRES_0:     6000      3.4553e+05      3.4512e+05      3.5129e+05

Checkpoint saved to checkpoint.dat
Steps/sec:  33.460, Simulation ends in:   0 d:   0 h:   4 m 

MOVE_0:     7000            1081             369      3.4135e+01      8.3436e-02            1021             416      4.0744e+01      1.8152e-01            2073             380      1.8331e+01            2072             514      2.4807e+01             670             223      3.3284e+01              83              43      5.1807e+01      3.5930e+02

ENER_0:     7000      3.3512e+07      1.3227e+06      0.0000e+00      3.3939e+07     -1.8698e+05     -1.5622e+06      1.6121e+05      2.0308e+06     -1.3902e+07      1.0147e+07

STAT_0:     7000      9.9967e+04      3.0339e+05      1.3908e+03

PRES_0:     7000      3.0066e+05      2.9611e+05      3.1343e+05

Checkpoint saved to checkpoint.dat
Steps/sec:  16.074, Simulation ends in:   0 d:   0 h:   3 m 

MOVE_0:     8000            1219             435      3.5685e+01      8.0690e-02            1170             496      4.2393e+01      2.0179e-01            2359             399      1.6914e+01            2392             592      2.4749e+01             771             257      3.3333e+01              89              47      5.2809e+01      4.7906e+02

ENER_0:     8000      3.0339e+07      1.3517e+06      0.0000e+00      3.0978e+07     -1.8614e+05     -1.8037e+06      1.0057e+05      1.8478e+06     -1.3902e+07      1.0149e+07

STAT_0:     8000      1.0042e+05      2.7927e+05      1.3846e+03

PRES_0:     8000      2.7463e+05      2.7844e+05      2.8474e+05

Checkpoint saved to checkpoint.dat
Steps/sec:  29.816, Simulation ends in:   0 d:   0 h:   2 m 

MOVE_0:     9000            1387             513      3.6986e+01      7.5066e-02            1315             582      4.4259e+01      2.2884e-01            2641             414      1.5676e+01            2684             662      2.4665e+01             877             299      3.4094e+01              96              50      5.2083e+01      4.1063e+02

ENER_0:     9000      2.6773e+07      1.3912e+06      0.0000e+00      2.7589e+07     -1.8491e+05     -2.0218e+06      4.6480e+04      1.6825e+06     -1.3902e+07      1.0151e+07

STAT_0:     9000      1.0108e+05      2.5080e+05      1.3755e+03

PRES_0:     9000      2.4129e+05      2.5565e+05      2.5546e+05

Checkpoint saved to checkpoint.dat
Steps/sec:  27.153, Simulation ends in:   0 d:   0 h:   1 m 

MOVE_0:    10000            1532             589      3.8446e+01      7.7085e-02            1475             659      4.4678e+01      2.2366e-01            2917             426      1.4604e+01            2996             746      2.4900e+01             974             330      3.3881e+01             106              53      5.0000e+01      2.4638e+02

ENER_0:    10000      2.3794e+07      1.3970e+06      0.0000e+00      2.4709e+07     -1.8346e+05     -2.1284e+06     -1.4825e+04      1.6353e+06     -1.3902e+07      1.0153e+07

STAT_0:    10000      1.0188e+05      2.2609e+05      1.3647e+03

PRES_0:    10000      2.1893e+05      2.2957e+05      2.2976e+05

Checkpoint saved to checkpoint.dat
Simulation Time (total): 4.5920e+02 sec.

Move Type                Mol. Kind      BOX_0      
% Accepted Displacement        CClH    37.38140 
% Accepted Displacement        COH     35.71429 
% Accepted Displacement        CH3     42.13592 
% Accepted Rotation            CClH    41.07527 
% Accepted Rotation            COH     45.39877 
% Accepted Rotation            CH3     47.21689 
% Accepted Volume-Transfer             50.00000 
% Accepted Intra-Swap          CClH    10.08403 
% Accepted Intra-Swap          COH     16.29555 
% Accepted Intra-Swap          CH3     17.29785 
% Accepted Regrowth            CClH    12.33397 
% Accepted Regrowth            COH     39.08795 
% Accepted Regrowth            CH3     25.07346 
% Accepted Crank-Shaft         CClH    14.42308 
% Accepted Crank-Shaft         COH     61.09422 
% Accepted Crank-Shaft         CH3     25.22523 

Displacement:                            6.4696    sec.
Rotation:                                6.6029    sec.
MultiParticle:                           0.0000    sec.
Intra-Swap:                             38.5252    sec.
Regrowth:                               32.1579    sec.
Intra-MEMC:                              0.0000    sec.
Crank-Shaft:                            10.0403    sec.
Vol-Transfer:                          334.2780    sec.

Info: GOMC Version 2.70
Info: Completed at: Sun Aug  8 11:45:14 2021
Info: On hostname: anushabhattacharyya-VirtualBox
