Info: GOMC Version 2.70
Info: Start Time: Sun Aug  8 09:53:11 2021
Info: Host Name: anushabhattacharyya-VirtualBox
CPU information:
Info: Total number of CPUs: 1
Info: Total number of CPUs available: 1
Info: Model name: AMD Ryzen 7 5800X 8-Core Processor
Info: System name: Linux
Info: Release: 5.11.0-25-generic
Info: Version: #27~20.04.1-Ubuntu SMP Tue Jul 13 17:41:23 UTC 2021
Info: Kernel Architecture: x86_64
Info: Total Ram: 23627.8MB
Info: Used Ram: 10151.9MB
Info: Working in the current directory: /home/anushabhattacharyya/Cl Alcohols-NVT/33-CH3CClHCH2CH2CH2OH
Info: GOMC COMPILED TO RUN CANONICAL (NVT) ENSEMBLE.
Info: Number of threads                  1 
Info: Compiled with OpenMP Version       4.5

Reading Input File:                      in_NVT.conf
Info: Random seed                        Active 
Info: PARAMETER file                     CHARMM format! 
Info: Input Temperature                  298.0000 K
Info: Non-truncated potential            Active 
Info: Long Range Correction              Active 
Info: Cutoff                             10.0000 A
Info: Short Range Cutoff                 1.0000 A
Info: Exclude                            ONE-THREE 
Info: Cache Ewald Fourier                Inactive 
Info: Ewald Summation Tolerance          1.000E-05 
Info: Pressure calculation frequency     500000 
Info: Total number of steps              50000000 
Info: Number of equilibration steps      500000 
Info: Move adjustment frequency          1000
Info: Displacement move frequency        0.1500 
Info: Rotation move frequency            0.1500 
Info: Intra-Swap move frequency          0.3000 
Warning: Unknown input SwapFreq!
Info: Regrowth move frequency            0.3000 
Info: Crank-Shaft move frequency         0.1000 
Warning: Unknown input VolFreq!
Info: Multi-Particle move frequency      0.0000 
Info: IntraMEMC-1 move frequency         0.0000 
Warning: Unknown input MEMC-1Freq!
Info: IntraMEMC-2 move frequency         0.0000 
Warning: Unknown input MEMC-2Freq!
Info: IntraMEMC-3 move frequency         0.0000 
Warning: Unknown input MEMC-3Freq!
Info: CBMC First atom trials             12   
Info: CBMC Secondary atom trials         10   
Info: CBMC Angle trials                  50   
Info: CBMC Dihedral trials               50   
Info: Output name                        Output_data 
Info: Restart frequency                  500000
Info: Checkpoint frequency               500000
Info: Coordinate frequency               500000 
Info: Console output frequency           500000 
Info: Average output frequency           500000 
Warning: Unknown input HistogramFreq!
Warning: Unknown input DistName!
Warning: Unknown input HistName!
Warning: Unknown input RunNumber!
Warning: Unknown input RunLetter!
Warning: Unknown input SampleFreq!
Warning: Unknown input OutMolNumber!
Warning: Unknown input OutVolume!
Warning: 1-4 Electrostatic scaling set, but will be ignored.
Finished Reading Input File:             in_NVT.conf

Reading from CHARMM-Style parameter file:  	NVT_CH3CClHCH2CH2CH2OH.inp
Reading BONDS parameters.
Reading ANGLES parameters.
Reading DIHEDRALS parameters.
Reading NONBONDED parameters.
Reading from system PDB coordinate file:  	NVT_CH3CClHCH2CH2CH2OH.pdb
Finished reading:                       	NVT_CH3CClHCH2CH2CH2OH.pdb
Random number seed: 3393795515
Warning: Dihedral is missing for CCl3 !
Warning: Dihedral is missing for CH3 !

Molecules in PSF:
Molecule Kind: CCl3
Idx	name	type	charge	mass
0	C1	D	-0.0060	12.0108
1	Cl1	C	-0.2000	35.4532
2	H1	E	0.1030	1.0079
3	H2	E	0.1030	1.0079
4	H3	E	0.1030	1.0079

Bonds:
[0 1] [2 0] [3 0] [4 0] 

Angles:
[1 0 2] [1 0 3] [1 0 4] [2 0 3] [2 0 4] [3 0 4] 

Dihedrals:

Molecule Kind: CH3
Idx	name	type	charge	mass
0	C1	A	-0.2400	12.0108
1	H1	B	0.0600	1.0079
2	H2	B	0.0600	1.0079
3	H3	B	0.0600	1.0079
4	H4	B	0.0600	1.0079

Bonds:
[0 1] [2 0] [3 0] [4 0] 

Angles:
[1 0 2] [1 0 3] [1 0 4] [2 0 3] [2 0 4] [3 0 4] 

Dihedrals:

Molecule Kind: COH
Idx	name	type	charge	mass
0	C1	I	0.1450	12.0108
1	O1	F	-0.6830	15.9994
2	H1	H	0.0400	1.0079
3	H2	H	0.0400	1.0079
4	H3	H	0.0400	1.0079
5	H4	G	0.4180	1.0079

Bonds:
[0 1] [2 0] [3 0] [4 0] [5 1] 

Angles:
[0 1 5] [1 0 2] [1 0 3] [1 0 4] [2 0 3] [2 0 4] [3 0 4] 

Dihedrals:
[2 0 1 5] [3 0 1 5] [4 0 1 5] 

Bonds parameter:
Atom Types                             Kb(K)           b0(A) 
D	C	                 123288.8018           1.7810 
E	D	                 171094.6637           1.0900 

A	B	                 171094.6637           1.0900 
B	A	                 171094.6637           1.0900 

I	F	                 161030.2717           1.4100 
H	I	                 171094.6637           1.0900 
G	F	                 278280.4382           0.9450 

Angles parameter:
Atom Types                         Ktheta(K)         theta0(degree) 
C	D	E	          25664.1995         107.6000 
E	D	E	          16606.2468         107.8000 

B	A	B	          16606.2468         107.8000 

I	F	G	          27677.0779         108.5000 
F	I	H	          17612.6860         109.5000 
H	I	H	          16606.2468         107.8000 

Dihedrals parameter:
Atom Types                           Kchi(K)    n    delta(degree) 
H	I	F	G	    226.4488    0     90.0000 
H	I	F	G	      0.0000    1    180.0000 
H	I	F	G	      0.0000    2      0.0000 
H	I	F	G	   -113.2244    3    180.0000 
H	I	F	G	      0.0000    4      0.0000 
H	I	F	G	      0.0000    5    180.0000 

Warning: Charge detected in CCl3 but Ewald Summaion method is disabled!

Warning: Charge detected in COH but Ewald Summaion method is disabled!

Warning: Charge detected in CH3 but Ewald Summaion method is disabled!

================================================

Warning: Sum of the charge in the system is: 22.8660

================================================
NonBonded 1-4 parameters:
Type1  Type2             Epsilon(K)    Sigma(A)       N 
D      D                    16.6062      3.5000   12.00 
D      C                    35.4046      3.4500   12.00 
D      E                    11.1959      3.0000   12.00 
D      I                    16.6062      3.5000   12.00 
D      F                    26.6516      3.3100   12.00 
D      H                    11.1959      3.0000   12.00 
D      G                     0.0000      6.7500   12.00 
D      A                    16.6062      3.5000   12.00 
D      B                    11.1959      3.0000   12.00 
C      C                    75.4829      3.4000   12.00 
C      E                    23.8698      2.9500   12.00 
C      I                    35.4046      3.4500   12.00 
C      F                    56.8215      3.2600   12.00 
C      H                    23.8698      2.9500   12.00 
C      G                     0.0000      6.7000   12.00 
C      A                    35.4046      3.4500   12.00 
C      B                    23.8698      2.9500   12.00 
E      E                     7.5483      2.5000   12.00 
E      I                    11.1959      3.0000   12.00 
E      F                    17.9685      2.8100   12.00 
E      H                     7.5483      2.5000   12.00 
E      G                     0.0000      6.2500   12.00 
E      A                    11.1959      3.0000   12.00 
E      B                     7.5483      2.5000   12.00 
I      I                    16.6062      3.5000   12.00 
I      F                    26.6516      3.3100   12.00 
I      H                    11.1959      3.0000   12.00 
I      G                     0.0000      6.7500   12.00 
I      A                    16.6062      3.5000   12.00 
I      B                    11.1959      3.0000   12.00 
F      F                    42.7737      3.1200   12.00 
F      H                    17.9685      2.8100   12.00 
F      G                     0.0000      6.5600   12.00 
F      A                    26.6516      3.3100   12.00 
F      B                    17.9685      2.8100   12.00 
H      H                     7.5483      2.5000   12.00 
H      G                     0.0000      6.2500   12.00 
H      A                    11.1959      3.0000   12.00 
H      B                     7.5483      2.5000   12.00 
G      G                     0.0000     10.0000   12.00 
G      A                     0.0000      6.7500   12.00 
G      B                     0.0000      6.2500   12.00 
A      A                    16.6062      3.5000   12.00 
A      B                    11.1959      3.0000   12.00 
B      B                     7.5483      2.5000   12.00 

NonBonded parameters:
Type1  Type2             Epsilon(K)    Sigma(A)       N 
D      D                    33.2125      3.5000   12.00 
D      C                    70.8093      3.4500   12.00 
D      E                    22.3919      3.0000   12.00 
D      I                    33.2125      3.5000   12.00 
D      F                    53.3033      3.3100   12.00 
D      H                    22.3919      3.0000   12.00 
D      G                     0.0000      6.7500   12.00 
D      A                    33.2125      3.5000   12.00 
D      B                    22.3919      3.0000   12.00 
C      C                   150.9659      3.4000   12.00 
C      E                    47.7396      2.9500   12.00 
C      I                    70.8093      3.4500   12.00 
C      F                   113.6430      3.2600   12.00 
C      H                    47.7396      2.9500   12.00 
C      G                     0.0000      6.7000   12.00 
C      A                    70.8093      3.4500   12.00 
C      B                    47.7396      2.9500   12.00 
E      E                    15.0966      2.5000   12.00 
E      I                    22.3919      3.0000   12.00 
E      F                    35.9371      2.8100   12.00 
E      H                    15.0966      2.5000   12.00 
E      G                     0.0000      6.2500   12.00 
E      A                    22.3919      3.0000   12.00 
E      B                    15.0966      2.5000   12.00 
I      I                    33.2125      3.5000   12.00 
I      F                    53.3033      3.3100   12.00 
I      H                    22.3919      3.0000   12.00 
I      G                     0.0000      6.7500   12.00 
I      A                    33.2125      3.5000   12.00 
I      B                    22.3919      3.0000   12.00 
F      F                    85.5473      3.1200   12.00 
F      H                    35.9371      2.8100   12.00 
F      G                     0.0000      6.5600   12.00 
F      A                    53.3033      3.3100   12.00 
F      B                    35.9371      2.8100   12.00 
H      H                    15.0966      2.5000   12.00 
H      G                     0.0000      6.2500   12.00 
H      A                    22.3919      3.0000   12.00 
H      B                    15.0966      2.5000   12.00 
G      G                     0.0000     10.0000   12.00 
G      A                     0.0000      6.7500   12.00 
G      B                     0.0000      6.2500   12.00 
A      A                    33.2125      3.5000   12.00 
A      B                    22.3919      3.0000   12.00 
B      B                    15.0966      2.5000   12.00 

Info: Box  0:  Periodic Cell Basis 1     45.000   0.000   0.000 
Info: Box  0:  Periodic Cell Basis 2      0.000  45.000   0.000 
Info: Box  0:  Periodic Cell Basis 3      0.000   0.000  45.000 

Minimum coordinates in box 0: x =    2.000, y =    1.980, z =    2.000
Maximum coordinates in box 0: x =   42.999, y =   42.999, z =   43.009
Wrapping molecules inside the simulation box 0:

################################################################################
########################## INITIAL SIMULATION ENERGY ###########################

ETITLE:     STEP           TOTAL        INTRA(B)       INTRA(NB)       INTER(LJ)             LRC     TOTAL_ELECT            REAL           RECIP            SELF            CORR

ENER_0:        0      2.2277e+06      3.5993e+05      0.0000e+00      1.8887e+06     -2.0846e+04      0.0000e+00      0.0000e+00      0.0000e+00      0.0000e+00      0.0000e+00

STITLE:     STEP        PRESSURE     TOT_DENSITY

STAT_0:        0      2.3868e+04      3.9877e+02

################################################################################
############################# STARTING SIMULATION ##############################

MTITLE:     STEP          DISTRY       DISACCEPT      DISACCEPT%          DISMAX          ROTATE       ROTACCEPT      ROTACCEPT%          ROTMAX       INTRASWAP       INTACCEPT      INTACCEPT%        REGROWTH    REGROWACCEPT   REGROWACCEPT%      CRANKSHAFT  CRKSHAFTACCEPT CRKSHAFTACCEPT%

ETITLE:     STEP           TOTAL        INTRA(B)       INTRA(NB)       INTER(LJ)             LRC     TOTAL_ELECT            REAL           RECIP            SELF            CORR

STITLE:     STEP        PRESSURE     TOT_DENSITY

Printed combined psf to file Output_data_merged.psf
MOVE_0:    500000           1539             644      4.1845e+01      6.5702e-01            1496             934      6.2433e+01      2.8291e+00            2967             588      1.9818e+01            3018             903      2.9920e+01             980             481      4.9082e+01

ENER_0:    500000     1.4823e+05      6.0002e+05      0.0000e+00     -4.3095e+05     -2.0846e+04      0.0000e+00      0.0000e+00      0.0000e+00      0.0000e+00      0.0000e+00

STAT_0:    500000     2.1038e+02      3.9877e+02

PRES_0:    500000     2.7535e+00     -1.7501e+01     -7.2846e+01

Checkpoint saved to checkpoint.dat
Steps/sec: 211.158, Simulation ends in:   0 d:   2 h:   8 m 

MOVE_0:    1000000          3080            1435      4.6591e+01      7.4733e-01            2968            1817      6.1220e+01      2.7263e+00            5945            1042      1.7527e+01            6034            1810      2.9997e+01            1973             937      4.7491e+01

ENER_0:    1000000    1.5903e+05      6.1190e+05      0.0000e+00     -4.3203e+05     -2.0846e+04      0.0000e+00      0.0000e+00      0.0000e+00      0.0000e+00      0.0000e+00

STAT_0:    1000000    1.8009e+02      3.9877e+02

PRES_0:    1000000    2.4884e+00     -1.0726e+02     -7.3676e+01

Checkpoint saved to checkpoint.dat
Steps/sec: 207.074, Simulation ends in:   0 d:   1 h:   57 m 

MOVE_0:    1500000          4563            2191      4.8017e+01      8.1362e-01            4461            2759      6.1847e+01      2.5332e+00            9006            1477      1.6400e+01            9018            2705      2.9996e+01            2952            1412      4.7832e+01

ENER_0:    1500000    1.4876e+05      6.0302e+05      0.0000e+00     -4.3342e+05     -2.0846e+04      0.0000e+00      0.0000e+00      0.0000e+00      0.0000e+00      0.0000e+00

STAT_0:    1500000    6.6354e+01      3.9877e+02

PRES_0:    1500000   -9.6593e+01     -1.9368e+02     -2.2938e+02

Checkpoint saved to checkpoint.dat
Steps/sec: 208.509, Simulation ends in:   0 d:   1 h:   46 m 

MOVE_0:    2000000          6040            2929      4.8493e+01      7.0420e-01            5955            3734      6.2704e+01      2.5272e+00           11999            1880      1.5668e+01           12071            3629      3.0064e+01            3935            1886      4.7929e+01

ENER_0:    2000000    1.4906e+05      6.1114e+05      0.0000e+00     -4.4124e+05     -2.0846e+04      0.0000e+00      0.0000e+00      0.0000e+00      0.0000e+00      0.0000e+00

STAT_0:    2000000    9.9533e+01      3.9877e+02

PRES_0:    2000000   -1.6163e+02     -7.8226e+01     -1.8026e+02

Checkpoint saved to checkpoint.dat
Steps/sec: 207.251, Simulation ends in:   0 d:   1 h:   25 m 

MOVE_0:    2500000          7561            3708      4.9041e+01      7.5438e-01            7417            4623      6.2330e+01      2.8294e+00           15036            2309      1.5356e+01           15095            4583      3.0361e+01            4891            2321      4.7455e+01

ENER_0:    2500000    1.7721e+05      6.1928e+05      0.0000e+00     -4.2122e+05     -2.0846e+04      0.0000e+00      0.0000e+00      0.0000e+00      0.0000e+00      0.0000e+00

STAT_0:    2500000    1.3049e+02      3.9877e+02

PRES_0:    2500000   -1.1068e+02     -7.2251e+01     -1.4431e+02

Checkpoint saved to checkpoint.dat
Steps/sec: 209.185, Simulation ends in:   0 d:   1 h:   14 m 

MOVE_0:    3000000          8985            4433      4.9338e+01      7.7796e-01            8929            5549      6.2146e+01      2.6013e+00           17965            2751      1.5313e+01           18153            5557      3.0612e+01            5968            2824      4.7319e+01

ENER_0:    3000000    1.5529e+05      6.1334e+05      0.0000e+00     -4.3721e+05     -2.0846e+04      0.0000e+00      0.0000e+00      0.0000e+00      0.0000e+00      0.0000e+00

STAT_0:    3000000    1.5368e+02      3.9877e+02

PRES_0:    3000000   -6.3891e+01     -8.3017e+01     -1.1077e+02

Checkpoint saved to checkpoint.dat
Steps/sec: 210.648, Simulation ends in:   0 d:   1 h:   2 m 

MOVE_0:    3500000         10433            5164      4.9497e+01      7.7326e-01           10432            6515      6.2452e+01      2.7210e+00           21068            3211      1.5241e+01           21086            6493      3.0793e+01            6981            3303      4.7314e+01

ENER_0:    3500000    1.8285e+05      6.3104e+05      0.0000e+00     -4.2734e+05     -2.0846e+04      0.0000e+00      0.0000e+00      0.0000e+00      0.0000e+00      0.0000e+00

STAT_0:    3500000    1.6074e+02      3.9877e+02

PRES_0:    3500000   -1.3506e+02     -2.5371e+01     -7.6085e+01

Checkpoint saved to checkpoint.dat
Steps/sec: 199.217, Simulation ends in:   0 d:   0 h:   53 m 

MOVE_0:    4000000         11982            5951      4.9666e+01      7.4882e-01           11988            7493      6.2504e+01      3.0556e+00           24008            3624      1.5095e+01           24058            7384      3.0692e+01            7964            3768      4.7313e+01

ENER_0:    4000000    1.6607e+05      6.0817e+05      0.0000e+00     -4.2125e+05     -2.0846e+04      0.0000e+00      0.0000e+00      0.0000e+00      0.0000e+00      0.0000e+00

STAT_0:    4000000    1.6498e+02      3.9877e+02

PRES_0:    4000000   -1.7664e+01     -8.2644e+01     -1.2348e+02

Checkpoint saved to checkpoint.dat
Steps/sec: 217.563, Simulation ends in:   0 d:   0 h:   32 m 

MOVE_0:    4500000         13507            6719      4.9745e+01      7.6644e-01           13473            8439      6.2636e+01      2.9640e+00           27028            4085      1.5114e+01           26983            8299      3.0756e+01            9009            4277      4.7475e+01

ENER_0:    4500000    1.9072e+05      6.3123e+05      0.0000e+00     -4.1966e+05     -2.0846e+04      0.0000e+00      0.0000e+00      0.0000e+00      0.0000e+00      0.0000e+00

STAT_0:    4500000    1.3155e+02      3.9877e+02

PRES_0:    4500000   -5.7337e+01     -1.4275e+02     -1.2399e+02

Checkpoint saved to checkpoint.dat
Steps/sec: 193.393, Simulation ends in:   0 d:   0 h:   12 m 

MOVE_0:   50000000         15020            7485      4.9834e+01      7.7303e-01           14975            9354      6.2464e+01      2.9590e+00           29935            4539      1.5163e+01           30034            9301      3.0968e+01           10036            4782      4.7648e+01

ENER_0:   50000000    1.7919e+05      6.1782e+05      0.0000e+00     -4.1778e+05     -2.0846e+04      0.0000e+00      0.0000e+00      0.0000e+00      0.0000e+00      0.0000e+00

STAT_0:   50000000    1.9251e+02      3.9877e+02

PRES_0:   50000000    1.5158e+01     -4.6514e+01     -1.0983e+02

Checkpoint saved to checkpoint.dat
Simulation Time (total): 6.8395e+03 sec.

Move Type                Mol. Kind      BOX_0      
% Accepted Displacement        CCl3    49.92968 
% Accepted Displacement        COH     49.54407 
% Accepted Displacement        CH3     50.01958 
% Accepted Rotation            CCl3    51.35620 
% Accepted Rotation            COH     59.63819 
% Accepted Rotation            CH3     76.45407 
% Accepted Intra-Swap          CCl3    13.02094 
% Accepted Intra-Swap          COH     14.78796 
% Accepted Intra-Swap          CH3     17.73078 
% Accepted Regrowth            CCl3    24.60286 
% Accepted Regrowth            COH     38.65110 
% Accepted Regrowth            CH3     29.60755 
% Accepted Crank-Shaft         CCl3    24.75307 
% Accepted Crank-Shaft         COH     88.95594 
% Accepted Crank-Shaft         CH3     29.78409 

Displacement:                           10.7265    sec.
Rotation:                               11.0127    sec.
MultiParticle:                           0.0000    sec.
Intra-Swap:                            236.9076    sec.
Regrowth:                              169.7005    sec.
Intra-MEMC:                              0.0000    sec.
Crank-Shaft:                            53.4263    sec.

Info: GOMC Version 2.70
Info: Completed at: Sun Aug  8 10:01:16 2021
Info: On hostname: anushabhattacharyya-VirtualBox
