Info: GOMC Version 2.70
Info: Start Time: Sun Aug  8 14:21:02 2021
Info: Host Name: anushabhattacharyya-VirtualBox
CPU information:
Info: Total number of CPUs: 1
Info: Total number of CPUs available: 1
Info: Model name: AMD Ryzen 7 5800X 8-Core Processor
Info: System name: Linux
Info: Release: 5.11.0-25-generic
Info: Version: #27~20.04.1-Ubuntu SMP Tue Jul 13 17:41:23 UTC 2021
Info: Kernel Architecture: x86_64
Info: Total Ram: 23627.8MB
Info: Used Ram: 10899.2MB
Info: Working in the current directory: /home/anushabhattacharyya/Cl Alcohols-NPT
Info: GOMC COMPILED TO RUN ISOBARIC-ISOTHERMAL ENSEMBLE.
Info: Number of threads                  1 
Info: Compiled with OpenMP Version       4.5

Reading Input File:                      in_NPT.conf
Info: Random seed                        Active 
Info: PARAMETER file                     CHARMM format! 
Info: Input Temperature                  298.0000 K
Info: Input Pressure                     410.0000 bar
Info: Volume change using constant ratio.
Info: Non-truncated potential            Active 
Info: Long Range Correction              Active 
Info: Cutoff                             10.0000 A
Info: Short Range Cutoff                 1.0000 A
Info: Exclude                            ONE-FOUR 
Info: Ewald Summation                    Active 
Info: Cache Ewald Fourier                Inactive 
Info: Ewald Summation Tolerance          1.000E-05 
Info: Pressure calculation frequency     2500 
Info: Total number of steps              25000 
Info: Number of equilibration steps      2500 
Info: Move adjustment frequency          1000 
Info: Displacement move frequency        0.1500 
Info: Rotation move frequency            0.1500 
Info: Intra-Swap move frequency          0.2900 
Warning: Unknown input SwapFreq!
Info: Regrowth move frequency            0.3000 
Info: Crank-Shaft move frequency         0.1000 
Info: Volume move frequency              0.0100 
Info: Multi-Particle move frequency      0.0000 
Info: IntraMEMC-1 move frequency         0.0000 
Warning: Unknown input MEMC-1Freq!
Info: IntraMEMC-2 move frequency         0.0000 
Warning: Unknown input MEMC-2Freq!
Info: IntraMEMC-3 move frequency         0.0000 
Warning: Unknown input MEMC-3Freq!
Info: CBMC First atom trials             12   
Info: CBMC Secondary atom trials         10   
Info: CBMC Angle trials                  50   
Info: CBMC Dihedral trials               50   
Info: Output name                        Output_data 
Info: Restart frequency                  2500 
Info: Checkpoint frequency               2500 
Info: Coordinate frequency               2500 
Info: Console output frequency           2500 
Info: Average output frequency           2500 
Warning: Unknown input HistogramFreq!
Warning: Unknown input DistName!
Warning: Unknown input HistName!
Warning: Unknown input RunNumber!
Warning: Unknown input RunLetter!
Warning: Unknown input SampleFreq!
Warning: Unknown input OutMolNumber!
Default: Box  0  CutoffCoulomb           10.0000 A
Finished Reading Input File:             in_NPT.conf

Reading from CHARMM-Style parameter file:  	NPT_butane_file.inp
Reading BONDS parameters.
Reading ANGLES parameters.
Reading DIHEDRALS parameters.
Reading NONBONDED parameters.
Reading from system PDB coordinate file:  	NPT_butane.pdb
Finished reading:                       	NPT_butane.pdb
Random number seed: 4287314980
Warning: Dihedral is missing for CCl3 !

Molecules in PSF:
Molecule Kind: CCl3
Idx	name	type	charge	mass
0	C1	B	-0.0060	12.0108
1	Cl1	A	-0.2000	35.4532
2	Cl2	A	-0.2000	35.4532
3	Cl3	A	-0.2000	35.4532
4	H1	C	0.1030	1.0079

Bonds:
[0 1] [2 0] [3 0] [4 0] 

Angles:
[1 0 2] [1 0 3] [1 0 4] [2 0 3] [2 0 4] [3 0 4] 

Dihedrals:

Molecule Kind: COH
Idx	name	type	charge	mass
0	C1	G	0.1450	12.0108
1	O1	D	-0.6830	15.9994
2	H1	F	0.0400	1.0079
3	H2	F	0.0400	1.0079
4	H3	F	0.0400	1.0079
5	H4	E	0.4180	1.0079

Bonds:
[0 1] [2 0] [3 0] [4 0] [5 1] 

Angles:
[0 1 5] [1 0 2] [1 0 3] [1 0 4] [2 0 3] [2 0 4] [3 0 4] 

Dihedrals:
[2 0 1 5] [3 0 1 5] [4 0 1 5] 

Bonds parameter:
Atom Types                             Kb(K)           b0(A) 
B	A	                 123288.8018           1.7810 
A	B	                 123288.8018           1.7810 
C	B	                 171094.6637           1.0900 

G	D	                 161030.2717           1.4100 
F	G	                 171094.6637           1.0900 
E	D	                 278280.4382           0.9450 

Angles parameter:
Atom Types                         Ktheta(K)         theta0(degree) 
A	B	A	          39251.1287         111.7000 
A	B	C	          25664.1995         107.6000 

G	D	E	          27677.0779         108.5000 
D	G	F	          17612.6860         109.5000 
F	G	F	          16606.2468         107.8000 

Dihedrals parameter:
Atom Types                           Kchi(K)    n    delta(degree) 
F	G	D	E	    226.4488    0     90.0000 
F	G	D	E	      0.0000    1    180.0000 
F	G	D	E	      0.0000    2      0.0000 
F	G	D	E	   -113.2244    3    180.0000 
F	G	D	E	      0.0000    4      0.0000 
F	G	D	E	      0.0000    5    180.0000 

================================================

Warning: Sum of the charge in the system is: -251.5000

================================================
NonBonded 1-4 parameters:
Type1  Type2             Epsilon(K)    Sigma(A)       N 
B      B                    16.6062      3.5000   12.00 
B      A                    35.4046      3.4500   12.00 
B      C                    11.1959      3.0000   12.00 
B      G                    16.6062      3.5000   12.00 
B      D                    26.6516      3.3100   12.00 
B      F                    11.1959      3.0000   12.00 
B      E                     0.0000      6.7500   12.00 
A      A                    75.4829      3.4000   12.00 
A      C                    23.8698      2.9500   12.00 
A      G                    35.4046      3.4500   12.00 
A      D                    56.8215      3.2600   12.00 
A      F                    23.8698      2.9500   12.00 
A      E                     0.0000      6.7000   12.00 
C      C                     7.5483      2.5000   12.00 
C      G                    11.1959      3.0000   12.00 
C      D                    17.9685      2.8100   12.00 
C      F                     7.5483      2.5000   12.00 
C      E                     0.0000      6.2500   12.00 
G      G                    16.6062      3.5000   12.00 
G      D                    26.6516      3.3100   12.00 
G      F                    11.1959      3.0000   12.00 
G      E                     0.0000      6.7500   12.00 
D      D                    42.7737      3.1200   12.00 
D      F                    17.9685      2.8100   12.00 
D      E                     0.0000      6.5600   12.00 
F      F                     7.5483      2.5000   12.00 
F      E                     0.0000      6.2500   12.00 
E      E                     0.0000     10.0000   12.00 

NonBonded parameters:
Type1  Type2             Epsilon(K)    Sigma(A)       N 
B      B                    33.2125      3.5000   12.00 
B      A                    70.8093      3.4500   12.00 
B      C                    22.3919      3.0000   12.00 
B      G                    33.2125      3.5000   12.00 
B      D                    53.3033      3.3100   12.00 
B      F                    22.3919      3.0000   12.00 
B      E                     0.0000      6.7500   12.00 
A      A                   150.9659      3.4000   12.00 
A      C                    47.7396      2.9500   12.00 
A      G                    70.8093      3.4500   12.00 
A      D                   113.6430      3.2600   12.00 
A      F                    47.7396      2.9500   12.00 
A      E                     0.0000      6.7000   12.00 
C      C                    15.0966      2.5000   12.00 
C      G                    22.3919      3.0000   12.00 
C      D                    35.9371      2.8100   12.00 
C      F                    15.0966      2.5000   12.00 
C      E                     0.0000      6.2500   12.00 
G      G                    33.2125      3.5000   12.00 
G      D                    53.3033      3.3100   12.00 
G      F                    22.3919      3.0000   12.00 
G      E                     0.0000      6.7500   12.00 
D      D                    85.5473      3.1200   12.00 
D      F                    35.9371      2.8100   12.00 
D      E                     0.0000      6.5600   12.00 
F      F                    15.0966      2.5000   12.00 
F      E                     0.0000      6.2500   12.00 
E      E                     0.0000     10.0000   12.00 

Info: Box  0:  Periodic Cell Basis 1     45.000   0.000   0.000 
Info: Box  0:  Periodic Cell Basis 2      0.000  45.000   0.000 
Info: Box  0:  Periodic Cell Basis 3      0.000   0.000  45.000 

Minimum coordinates in box 0: x =    1.951, y =    1.916, z =    1.912
Maximum coordinates in box 0: x =   43.054, y =   43.083, z =   43.064
Wrapping molecules inside the simulation box 0:
Box: 0, RecipVectors:   9402, kmax: 17

################################################################################
########################## INITIAL SIMULATION ENERGY ###########################

ETITLE:     STEP           TOTAL        INTRA(B)       INTRA(NB)       INTER(LJ)             LRC     TOTAL_ELECT            REAL           RECIP            SELF            CORR

ENER_0:        0      7.8611e+07      6.4386e+05      0.0000e+00      7.3474e+07     -1.4176e+05      4.6344e+06      8.6293e+05      7.5440e+06     -1.2751e+07      8.9782e+06

STITLE:     STEP          VOLUME        PRESSURE     TOT_DENSITY

STAT_0:        0      9.1125e+04      6.7631e+05      1.3796e+03

################################################################################
############################# STARTING SIMULATION ##############################

MTITLE:     STEP          DISTRY       DISACCEPT      DISACCEPT%          DISMAX          ROTATE       ROTACCEPT      ROTACCEPT%          ROTMAX       INTRASWAP       INTACCEPT      INTACCEPT%        REGROWTH    REGROWACCEPT   REGROWACCEPT%      CRANKSHAFT  CRKSHAFTACCEPT CRKSHAFTACCEPT%          VOLUME       VOLACCEPT      VOLACCEPT%          VOLMAX

ETITLE:     STEP           TOTAL        INTRA(B)       INTRA(NB)       INTER(LJ)             LRC     TOTAL_ELECT            REAL           RECIP            SELF            CORR

STITLE:     STEP          VOLUME        PRESSURE     TOT_DENSITY

Printed combined psf to file Output_data_merged.psf
MOVE_0:     2500             373              59      1.5818e+01      4.2036e-01             386             149      3.8601e+01      4.4990e-01             695             278      4.0000e+01             758             265      3.4960e+01             255             116      4.5490e+01              33              12      3.6364e+01      2.7273e+02

ENER_0:     2500      2.1782e+07      9.2559e+05      0.0000e+00      2.3276e+07     -1.3753e+05     -2.2813e+06      1.8467e+05      1.2822e+06     -1.2751e+07      9.0025e+06

STAT_0:     2500      9.3926e+04      2.2481e+05      1.3385e+03

PRES_0:     2500      2.1554e+05      2.2681e+05      2.3220e+05

Checkpoint saved to checkpoint.dat
Steps/sec:  30.478, Simulation ends in:   0 d:   0 h:  13 m 

MOVE_0:     5000             753             208      2.7623e+01      1.9042e-01             790             325      4.1139e+01      2.4776e-01            1442             366      2.5381e+01            1465             478      3.2628e+01             499             235      4.7094e+01              51              17      3.3333e+01      4.2503e+01

ENER_0:     5000      1.1056e+07      1.0261e+06      0.0000e+00      1.2926e+07     -1.3689e+05     -2.7601e+06     -1.7853e+04      9.9493e+05     -1.2751e+07      9.0136e+06

STAT_0:     5000      9.4362e+04      1.3658e+05      1.3323e+03

PRES_0:     5000      1.3648e+05      1.2939e+05      1.4396e+05

Checkpoint saved to checkpoint.dat
Steps/sec:  45.981, Simulation ends in:   0 d:   0 h:  10 m 

MOVE_0:     7500            1136             389      3.4243e+01      1.6413e-01            1166             521      4.4683e+01      2.4559e-01            2138             418      1.9551e+01            2229             691      3.1000e+01             753             332      4.4090e+01              78              30      3.8462e+01      5.5096e+01

ENER_0:     7500      5.3706e+06      1.0764e+06      0.0000e+00      7.4898e+06     -1.3640e+05     -3.0592e+06     -1.1536e+05      7.8710e+05     -1.2751e+07      9.0198e+06

STAT_0:     7500      9.4705e+04      9.0310e+04      1.3275e+03

PRES_0:     7500      9.0801e+04      8.4417e+04      9.5819e+04

Checkpoint saved to checkpoint.dat
Steps/sec:  34.800, Simulation ends in:   0 d:   0 h:   9 m 

MOVE_0:    10000            1496             575      3.8436e+01      1.7195e-01            1553             723      4.6555e+01      2.8830e-01            2878             452      1.5705e+01            2979             885      2.9708e+01             991             422      4.2583e+01             103              41      3.9806e+01      2.1191e+01

ENER_0:    10000      2.3075e+06      1.1027e+06      0.0000e+00      4.5637e+06     -1.3622e+05     -3.2227e+06     -1.9592e+05      7.0226e+05     -1.2751e+07      9.0217e+06

STAT_0:    10000      9.4831e+04      6.5780e+04      1.3257e+03

PRES_0:    10000      6.5413e+04      6.3215e+04      6.8818e+04

Checkpoint saved to checkpoint.dat
Steps/sec:  36.719, Simulation ends in:   0 d:   0 h:   7 m 

MOVE_0:    12500            1880             764      4.0638e+01      1.5419e-01            1952             924      4.7336e+01      2.9651e-01            3574             470      1.3151e+01            3736            1055      2.8239e+01            1238             525      4.2407e+01             120              50      4.1667e+01      8.6494e+00

ENER_0:    12500      3.5300e+05      1.1018e+06      0.0000e+00      2.6990e+06     -1.3615e+05     -3.3117e+06     -2.3575e+05      6.5181e+05     -1.2751e+07      9.0230e+06

STAT_0:    12500      9.4882e+04      4.8474e+04      1.3250e+03

PRES_0:    12500      4.5839e+04      4.8432e+04      5.1258e+04

Checkpoint saved to checkpoint.dat
Steps/sec:  47.539, Simulation ends in:   0 d:   0 h:   6 m 

MOVE_0:    15000            2272             944      4.1549e+01      1.2497e-01            2331            1102      4.7276e+01      2.5560e-01            4279             481      1.1241e+01            4474            1204      2.6911e+01            1494             623      4.1700e+01             150              65      4.3333e+01      1.0591e+01

ENER_0:    15000     -7.2473e+05      1.0839e+06      0.0000e+00      1.7224e+06     -1.3599e+05     -3.3950e+06     -2.5988e+05      5.9281e+05     -1.2751e+07      9.0228e+06

STAT_0:    15000      9.4989e+04      3.9539e+04      1.3235e+03

PRES_0:    15000      3.8202e+04      3.9641e+04      4.0878e+04

Checkpoint saved to checkpoint.dat
Steps/sec:  31.022, Simulation ends in:   0 d:   0 h:   5 m 

MOVE_0:    17500            2665            1147      4.3039e+01      1.3844e-01            2676            1282      4.7907e+01      2.7488e-01            4996             495      9.9079e+00            5243            1334      2.5443e+01            1748             723      4.1362e+01             172              77      4.4767e+01      1.1554e+01

ENER_0:    17500     -1.4273e+06      1.0982e+06      0.0000e+00      1.0619e+06     -1.3589e+05     -3.4516e+06     -2.7652e+05      5.5205e+05     -1.2751e+07      9.0236e+06

STAT_0:    17500      9.5061e+04      3.3371e+04      1.3225e+03

PRES_0:    17500      3.3159e+04      3.4112e+04      3.2944e+04

Checkpoint saved to checkpoint.dat
Steps/sec:  40.134, Simulation ends in:   0 d:   0 h:   4 m 

MOVE_0:    20000            3019            1332      4.4121e+01      1.5409e-01            3037            1469      4.8370e+01      2.8974e-01            5725             499      8.7162e+00            6003            1474      2.4554e+01            2015             837      4.1538e+01             201              88      4.3781e+01      6.6361e+00

ENER_0:    20000     -2.0400e+06      1.0944e+06      0.0000e+00      5.0754e+05     -1.3581e+05     -3.5061e+06     -3.0543e+05      5.2510e+05     -1.2751e+07      9.0250e+06

STAT_0:    20000      9.5118e+04      2.8311e+04      1.3217e+03

PRES_0:    20000      2.7169e+04      2.9781e+04      2.8084e+04

Checkpoint saved to checkpoint.dat
Steps/sec:  32.975, Simulation ends in:   0 d:   0 h:   3 m 

MOVE_0:    22500            3380            1506      4.4556e+01      1.2038e-01            3410            1661      4.8710e+01      2.7873e-01            6470             503      7.7743e+00            6711            1595      2.3767e+01            2302             961      4.1746e+01             227             105      4.6256e+01      1.1060e+01

ENER_0:    22500     -2.4656e+06      1.0972e+06      0.0000e+00      1.3892e+05     -1.3573e+05     -3.5660e+06     -3.3690e+05      4.9727e+05     -1.2751e+07      9.0243e+06

STAT_0:    22500      9.5172e+04      2.4838e+04      1.3210e+03

PRES_0:    22500      2.2789e+04      2.6284e+04      2.5542e+04

Checkpoint saved to checkpoint.dat
Steps/sec:  36.084, Simulation ends in:   0 d:   0 h:   2 m 

MOVE_0:    25000            3751            1691      4.5081e+01      1.3256e-01            3798            1851      4.8736e+01      2.9309e-01            7181             505      7.0324e+00            7460            1714      2.2976e+01            2565            1062      4.1404e+01             245             116      4.7347e+01      1.9305e+01

ENER_0:    25000     -2.8079e+06      1.0903e+06      0.0000e+00     -1.6177e+05     -1.3559e+05     -3.6008e+06     -3.4903e+05      4.7345e+05     -1.2751e+07      9.0255e+06

STAT_0:    25000      9.5271e+04      2.1890e+04      1.3196e+03

PRES_0:    25000      2.1389e+04      2.1806e+04      2.2576e+04

Checkpoint saved to checkpoint.dat
Simulation Time (total): 6.7140e+02 sec.

Move Type                Mol. Kind      BOX_0      
% Accepted Displacement        CCl3    44.62422 
% Accepted Displacement        COH     45.55858 
% Accepted Rotation            CCl3    48.50669 
% Accepted Rotation            COH     48.97629 
% Accepted Volume-Transfer             47.34694 
% Accepted Intra-Swap          CCl3     5.65361 
% Accepted Intra-Swap          COH      8.43882 
% Accepted Regrowth            CCl3    13.47081 
% Accepted Regrowth            COH     32.50134 
% Accepted Crank-Shaft         CCl3    15.67568 
% Accepted Crank-Shaft         COH     67.63780 

Displacement:                           14.4550    sec.
Rotation:                               14.8455    sec.
MultiParticle:                           0.0000    sec.
Intra-Swap:                             68.1837    sec.
Regrowth:                               61.5620    sec.
Intra-MEMC:                              0.0000    sec.
Crank-Shaft:                            19.8351    sec.
Vol-Transfer:                          473.7312    sec.

Info: GOMC Version 2.70
Info: Completed at: Sun Aug  8 14:32:21 2021
Info: On hostname: anushabhattacharyya-VirtualBox
