Info: GOMC Version 2.70
Info: Start Time: Sun Aug  8 02:18:07 2021
Info: Host Name: anushabhattacharyya-VirtualBox
CPU information:
Info: Total number of CPUs: 1
Info: Total number of CPUs available: 1
Info: Model name: AMD Ryzen 7 5800X 8-Core Processor
Info: System name: Linux
Info: Release: 5.11.0-25-generic
Info: Version: #27~20.04.1-Ubuntu SMP Tue Jul 13 17:41:23 UTC 2021
Info: Kernel Architecture: x86_64
Info: Total Ram: 23627.8MB
Info: Used Ram: 11581.5MB
Info: Working in the current directory: /home/anushabhattacharyya/Cl Alcohols-NVT/6-CClH2COHCH3
Info: GOMC COMPILED TO RUN CANONICAL (NVT) ENSEMBLE.
Info: Number of threads                  1 
Info: Compiled with OpenMP Version       4.5

Reading Input File:                      in_NVT.conf
Info: Random seed                        Active 
Info: PARAMETER file                     CHARMM format! 
Info: Input Temperature                  298.0000 K
Info: Non-truncated potential            Active 
Info: Long Range Correction              Active 
Info: Cutoff                             10.0000 A
Info: Short Range Cutoff                 1.0000 A
Info: Exclude                            ONE-THREE 
Info: Cache Ewald Fourier                Inactive 
Info: Ewald Summation Tolerance          1.000E-05 
Info: Pressure calculation frequency     500000 
Info: Total number of steps              50000000 
Info: Number of equilibration steps      500000 
Info: Move adjustment frequency          1000
Info: Displacement move frequency        0.1500 
Info: Rotation move frequency            0.1500 
Info: Intra-Swap move frequency          0.3000 
Warning: Unknown input SwapFreq!
Info: Regrowth move frequency            0.3000 
Info: Crank-Shaft move frequency         0.1000 
Warning: Unknown input VolFreq!
Info: Multi-Particle move frequency      0.0000 
Info: IntraMEMC-1 move frequency         0.0000 
Warning: Unknown input MEMC-1Freq!
Info: IntraMEMC-2 move frequency         0.0000 
Warning: Unknown input MEMC-2Freq!
Info: IntraMEMC-3 move frequency         0.0000 
Warning: Unknown input MEMC-3Freq!
Info: CBMC First atom trials             12   
Info: CBMC Secondary atom trials         10   
Info: CBMC Angle trials                  50   
Info: CBMC Dihedral trials               50   
Info: Output name                        Output_data 
Info: Restart frequency                  500000
Info: Checkpoint frequency               500000
Info: Coordinate frequency               500000 
Info: Console output frequency           500000 
Info: Average output frequency           500000 
Warning: Unknown input HistogramFreq!
Warning: Unknown input DistName!
Warning: Unknown input HistName!
Warning: Unknown input RunNumber!
Warning: Unknown input RunLetter!
Warning: Unknown input SampleFreq!
Warning: Unknown input OutMolNumber!
Warning: Unknown input OutVolume!
Warning: 1-4 Electrostatic scaling set, but will be ignored.
Finished Reading Input File:             in_NVT.conf

Reading from CHARMM-Style parameter file:  	NVT_CClH2COHCH3_file.inp
Reading BONDS parameters.
Reading ANGLES parameters.
Reading DIHEDRALS parameters.
Reading NONBONDED parameters.
Reading from system PDB coordinate file:  	NVT_CClH2COHCH3.pdb
Finished reading:                       	NVT_CClH2COHCH3.pdb
Random number seed: 1502375348
Warning: Dihedral is missing for CCl3 !
Warning: Dihedral is missing for CH3 !

Molecules in PSF:
Molecule Kind: CCl3
Idx	name	type	charge	mass
0	C1	A	-0.2400	12.0108
1	H1	C	0.0600	1.0079
2	H2	C	0.0600	1.0079
3	H3	C	0.0600	1.0079
4	H4	C	0.0600	1.0079

Bonds:
[0 1] [2 0] [3 0] [4 0] 

Angles:
[1 0 2] [1 0 3] [1 0 4] [2 0 3] [2 0 4] [3 0 4] 

Dihedrals:

Molecule Kind: CH3
Idx	name	type	charge	mass
0	C1	B	-0.2400	12.0108
1	H1	D	0.0600	1.0079
2	H2	D	0.0600	1.0079
3	H3	D	0.0600	1.0079
4	H4	D	0.0600	1.0079

Bonds:
[0 1] [2 0] [3 0] [4 0] 

Angles:
[1 0 2] [1 0 3] [1 0 4] [2 0 3] [2 0 4] [3 0 4] 

Dihedrals:

Molecule Kind: COH
Idx	name	type	charge	mass
0	C1	H	0.1450	12.0108
1	O1	E	-0.6830	15.9994
2	H1	G	0.0400	1.0079
3	H2	G	0.0400	1.0079
4	H3	G	0.0400	1.0079
5	H4	F	0.4180	1.0079

Bonds:
[0 1] [2 0] [3 0] [4 0] [5 1] 

Angles:
[0 1 5] [1 0 2] [1 0 3] [1 0 4] [2 0 3] [2 0 4] [3 0 4] 

Dihedrals:
[2 0 1 5] [3 0 1 5] [4 0 1 5] 

Bonds parameter:
Atom Types                             Kb(K)           b0(A) 
A	C	                 171094.6637           1.0900 
C	A	                 171094.6637           1.0900 

B	D	                 171094.6637           1.0900 
D	B	                 171094.6637           1.0900 

H	E	                 161030.2717           1.4100 
G	H	                 171094.6637           1.0900 
F	E	                 278280.4382           0.9450 

Angles parameter:
Atom Types                         Ktheta(K)         theta0(degree) 
C	A	C	          16606.2468         107.8000 

D	B	D	          16606.2468         107.8000 

H	E	F	          27677.0779         108.5000 
E	H	G	          17612.6860         109.5000 
G	H	G	          16606.2468         107.8000 

Dihedrals parameter:
Atom Types                           Kchi(K)    n    delta(degree) 
G	H	E	F	    226.4488    0     90.0000 
G	H	E	F	      0.0000    1    180.0000 
G	H	E	F	      0.0000    2      0.0000 
G	H	E	F	   -113.2244    3    180.0000 
G	H	E	F	      0.0000    4      0.0000 
G	H	E	F	      0.0000    5    180.0000 

Warning: Charge detected in CCl3 but Ewald Summaion method is disabled!

Warning: Charge detected in COH but Ewald Summaion method is disabled!

Warning: Charge detected in CH3 but Ewald Summaion method is disabled!

NonBonded 1-4 parameters:
Type1  Type2             Epsilon(K)    Sigma(A)       N 
A      A                    16.6062      3.5000   12.00 
A      C                    11.1959      3.0000   12.00 
A      H                    16.6062      3.5000   12.00 
A      E                    26.6516      3.3100   12.00 
A      G                    11.1959      3.0000   12.00 
A      F                     0.0000      6.7500   12.00 
A      B                    16.6062      3.5000   12.00 
A      D                    11.1959      3.0000   12.00 
C      C                     7.5483      2.5000   12.00 
C      H                    11.1959      3.0000   12.00 
C      E                    17.9685      2.8100   12.00 
C      G                     7.5483      2.5000   12.00 
C      F                     0.0000      6.2500   12.00 
C      B                    11.1959      3.0000   12.00 
C      D                     7.5483      2.5000   12.00 
H      H                    16.6062      3.5000   12.00 
H      E                    26.6516      3.3100   12.00 
H      G                    11.1959      3.0000   12.00 
H      F                     0.0000      6.7500   12.00 
H      B                    16.6062      3.5000   12.00 
H      D                    11.1959      3.0000   12.00 
E      E                    42.7737      3.1200   12.00 
E      G                    17.9685      2.8100   12.00 
E      F                     0.0000      6.5600   12.00 
E      B                    26.6516      3.3100   12.00 
E      D                    17.9685      2.8100   12.00 
G      G                     7.5483      2.5000   12.00 
G      F                     0.0000      6.2500   12.00 
G      B                    11.1959      3.0000   12.00 
G      D                     7.5483      2.5000   12.00 
F      F                     0.0000     10.0000   12.00 
F      B                     0.0000      6.7500   12.00 
F      D                     0.0000      6.2500   12.00 
B      B                    16.6062      3.5000   12.00 
B      D                    11.1959      3.0000   12.00 
D      D                     7.5483      2.5000   12.00 

NonBonded parameters:
Type1  Type2             Epsilon(K)    Sigma(A)       N 
A      A                    33.2125      3.5000   12.00 
A      C                    22.3919      3.0000   12.00 
A      H                    33.2125      3.5000   12.00 
A      E                    53.3033      3.3100   12.00 
A      G                    22.3919      3.0000   12.00 
A      F                     0.0000      6.7500   12.00 
A      B                    33.2125      3.5000   12.00 
A      D                    22.3919      3.0000   12.00 
C      C                    15.0966      2.5000   12.00 
C      H                    22.3919      3.0000   12.00 
C      E                    35.9371      2.8100   12.00 
C      G                    15.0966      2.5000   12.00 
C      F                     0.0000      6.2500   12.00 
C      B                    22.3919      3.0000   12.00 
C      D                    15.0966      2.5000   12.00 
H      H                    33.2125      3.5000   12.00 
H      E                    53.3033      3.3100   12.00 
H      G                    22.3919      3.0000   12.00 
H      F                     0.0000      6.7500   12.00 
H      B                    33.2125      3.5000   12.00 
H      D                    22.3919      3.0000   12.00 
E      E                    85.5473      3.1200   12.00 
E      G                    35.9371      2.8100   12.00 
E      F                     0.0000      6.5600   12.00 
E      B                    53.3033      3.3100   12.00 
E      D                    35.9371      2.8100   12.00 
G      G                    15.0966      2.5000   12.00 
G      F                     0.0000      6.2500   12.00 
G      B                    22.3919      3.0000   12.00 
G      D                    15.0966      2.5000   12.00 
F      F                     0.0000     10.0000   12.00 
F      B                     0.0000      6.7500   12.00 
F      D                     0.0000      6.2500   12.00 
B      B                    33.2125      3.5000   12.00 
B      D                    22.3919      3.0000   12.00 
D      D                    15.0966      2.5000   12.00 

Info: Box  0:  Periodic Cell Basis 1     45.000   0.000   0.000 
Info: Box  0:  Periodic Cell Basis 2      0.000  45.000   0.000 
Info: Box  0:  Periodic Cell Basis 3      0.000   0.000  45.000 

Minimum coordinates in box 0: x =    2.000, y =    1.908, z =    1.948
Maximum coordinates in box 0: x =   43.048, y =   43.034, z =   43.002
Wrapping molecules inside the simulation box 0:

################################################################################
########################## INITIAL SIMULATION ENERGY ###########################

ETITLE:     STEP           TOTAL        INTRA(B)       INTRA(NB)       INTER(LJ)             LRC     TOTAL_ELECT            REAL           RECIP            SELF            CORR

ENER_0:        0      1.2871e+06      5.6261e+05      0.0000e+00      7.5637e+05     -3.1836e+04      0.0000e+00      0.0000e+00      0.0000e+00      0.0000e+00      0.0000e+00

STITLE:     STEP        PRESSURE     TOT_DENSITY

STAT_0:        0      1.7539e+04      3.9965e+02

################################################################################
############################# STARTING SIMULATION ##############################

MTITLE:     STEP          DISTRY       DISACCEPT      DISACCEPT%          DISMAX          ROTATE       ROTACCEPT      ROTACCEPT%          ROTMAX       INTRASWAP       INTACCEPT      INTACCEPT%        REGROWTH    REGROWACCEPT   REGROWACCEPT%      CRANKSHAFT  CRKSHAFTACCEPT CRKSHAFTACCEPT%

ETITLE:     STEP           TOTAL        INTRA(B)       INTRA(NB)       INTER(LJ)             LRC     TOTAL_ELECT            REAL           RECIP            SELF            CORR

STITLE:     STEP        PRESSURE     TOT_DENSITY

Printed combined psf to file Output_data_merged.psf
MOVE_0:    500000           1513             659      4.3556e+01      4.8727e-01            1517             833      5.4911e+01      1.9254e+00            2987             490      1.6404e+01            2974             832      2.7976e+01            1009             443      4.3905e+01

ENER_0:    500000     2.6631e+05      8.7864e+05      0.0000e+00     -5.8050e+05     -3.1836e+04      0.0000e+00      0.0000e+00      0.0000e+00      0.0000e+00      0.0000e+00

STAT_0:    500000     2.1998e+03      3.9965e+02

PRES_0:    500000     1.9616e+03      1.8271e+03      1.7010e+03

Checkpoint saved to checkpoint.dat
Steps/sec: 266.889, Simulation ends in:   0 d:   2 h:   6 m 

MOVE_0:    1000000          3026            1430      4.7257e+01      4.9698e-01            2987            1645      5.5072e+01      2.6985e+00            6031             729      1.2088e+01            5946            1733      2.9146e+01            2010             910      4.5274e+01

ENER_0:    1000000    2.5371e+05      9.4461e+05      0.0000e+00     -6.5906e+05     -3.1836e+04      0.0000e+00      0.0000e+00      0.0000e+00      0.0000e+00      0.0000e+00

STAT_0:    1000000    1.1299e+03      3.9965e+02

PRES_0:    1000000    6.6205e+02      7.7357e+02      8.4427e+02

Checkpoint saved to checkpoint.dat
Steps/sec: 279.088, Simulation ends in:   0 d:   1 h:   55 m 

MOVE_0:    1500000          4562            2214      4.8531e+01      5.1926e-01            4456            2483      5.5723e+01      2.6131e+00            9004             920      1.0218e+01            8951            2634      2.9427e+01            3027            1386      4.5788e+01

ENER_0:    1500000    2.1372e+05      9.3161e+05      0.0000e+00     -6.8606e+05     -3.1836e+04      0.0000e+00      0.0000e+00      0.0000e+00      0.0000e+00      0.0000e+00

STAT_0:    1500000    8.0144e+02      3.9965e+02

PRES_0:    1500000    3.3231e+02      5.1052e+02      4.5176e+02

Checkpoint saved to checkpoint.dat
Steps/sec: 281.179, Simulation ends in:   0 d:   1 h:   42 m 

MOVE_0:    2000000          6136            3030      4.9381e+01      6.4359e-01            5947            3361      5.6516e+01      2.7408e+00           11977            1105      9.2260e+00           11973            3642      3.0418e+01            3967            1861      4.6912e+01

ENER_0:    2000000    2.0874e+05      9.4042e+05      0.0000e+00     -6.9985e+05     -3.1836e+04      0.0000e+00      0.0000e+00      0.0000e+00      0.0000e+00      0.0000e+00

STAT_0:    2000000    5.5134e+02      3.9965e+02

PRES_0:    2000000    1.3225e+02      2.0135e+02      2.1067e+02

Checkpoint saved to checkpoint.dat
Steps/sec: 287.619, Simulation ends in:   0 d:   1 h:   34 m 

MOVE_0:    2500000          7640            3792      4.9634e+01      6.4163e-01           7438            4258      5.7247e+01      2.7365e+00           14938            1256      8.4081e+00           14986            4627      3.0875e+01            4998            2343      4.6879e+01

ENER_0:    2500000    1.8089e+05      9.1534e+05      0.0000e+00     -7.0262e+05     -3.1836e+04      0.0000e+00      0.0000e+00      0.0000e+00      0.0000e+00      0.0000e+00

STAT_0:    2500000    5.1800e+02      3.9965e+02

PRES_0:    2500000    1.3554e+02      1.3633e+02      1.7240e+02

Checkpoint saved to checkpoint.dat
Steps/sec: 282.786, Simulation ends in:   0 d:   1 h:   27 m 

MOVE_0:    3000000          9129            4541      4.9743e+01      6.1126e-01            8911            5150      5.7794e+01      2.8381e+00           18004            1436      7.9760e+00           17980            5574      3.1001e+01            5976            2830      4.7356e+01

ENER_0:    3000000    1.8900e+05      9.2445e+05      0.0000e+00     -7.0361e+05     -3.1836e+04      0.0000e+00      0.0000e+00      0.0000e+00      0.0000e+00      0.0000e+00

STAT_0:    3000000    5.3275e+02      3.9965e+02

PRES_0:    3000000    4.2637e+01      1.1417e+02      3.3172e+02

Checkpoint saved to checkpoint.dat
Steps/sec: 278.609, Simulation ends in:   0 d:   1 h:   13 m 

MOVE_0:    3500000         10639            5310      4.9911e+01      5.5356e-01           10409            6059      5.8209e+01      2.9542e+00           21001            1608      7.6568e+00           20924            6500      3.1065e+01            7027            3346      4.7616e+01

ENER_0:    3500000    2.0204e+05      9.3754e+05      0.0000e+00     -7.0366e+05     -3.1836e+04      0.0000e+00      0.0000e+00      0.0000e+00      0.0000e+00      0.0000e+00

STAT_0:    3500000    5.1768e+02      3.9965e+02

PRES_0:    3500000    3.7910e+01      2.3452e+02      1.7089e+02

Checkpoint saved to checkpoint.dat
Steps/sec: 278.690, Simulation ends in:   0 d:   1 h:   2 m 

MOVE_0:    4000000         12249            6124      4.9996e+01      5.3766e-01           11859            6921      5.8361e+01      2.8638e+00           23913            1786      7.4687e+00           23911            7445      3.1136e+01            8068            3867      4.7930e+01

ENER_0:    4000000    2.2394e+05      9.5703e+05      0.0000e+00     -7.0125e+05     -3.1836e+04      0.0000e+00      0.0000e+00      0.0000e+00      0.0000e+00      0.0000e+00

STAT_0:    4000000    5.6497e+02      3.9965e+02

PRES_0:    4000000    1.0627e+02      2.9790e+02      1.8100e+02

Checkpoint saved to checkpoint.dat
Steps/sec: 284.649, Simulation ends in:   0 d:   0 h:   42 m 

MOVE_0:    4500000         13798            6906      5.0051e+01      4.9539e-01           13401            7851      5.8585e+01      3.1416e+00           26842            1997      7.4398e+00           26879            8368      3.1132e+01            9080            4364      4.8062e+01

ENER_0:    4500000    2.4658e+05      9.7851e+05      0.0000e+00     -7.0009e+05     -3.1836e+04      0.0000e+00      0.0000e+00      0.0000e+00      0.0000e+00      0.0000e+00

STAT_0:    4500000    6.1110e+02      3.9965e+02

PRES_0:    4500000    1.5908e+02      1.8250e+02      3.8197e+02

Checkpoint saved to checkpoint.dat
Steps/sec: 272.833, Simulation ends in:   0 d:   0 h:   23 m 

MOVE_0:   50000000         15286            7665      5.0144e+01      5.0807e-01           14899            8754      5.8756e+01      2.6156e+00           29890            2189      7.3235e+00           29806            9317      3.1259e+01           10119            4875      4.8177e+01

ENER_0:   50000000    2.1896e+05      9.4742e+05      0.0000e+00     -6.9663e+05     -3.1836e+04      0.0000e+00      0.0000e+00      0.0000e+00      0.0000e+00      0.0000e+00

STAT_0:   50000000    6.5882e+02      3.9965e+02

PRES_0:   50000000    3.5205e+02      2.4995e+02      2.6472e+02

Checkpoint saved to checkpoint.dat
Simulation Time (total): 7.6284e+03 sec.

Move Type                Mol. Kind      BOX_0      
% Accepted Displacement        CCl3    50.34146 
% Accepted Displacement        COH     50.06046 
% Accepted Displacement        CH3     50.02885 
% Accepted Rotation            CCl3    62.74708 
% Accepted Rotation            COH     50.88247 
% Accepted Rotation            CH3     62.68416 
% Accepted Intra-Swap          CCl3     7.49471 
% Accepted Intra-Swap          COH      6.81499 
% Accepted Intra-Swap          CH3      7.66149 
% Accepted Regrowth            CCl3    27.90744 
% Accepted Regrowth            COH     37.12037 
% Accepted Regrowth            CH3     28.76946 
% Accepted Crank-Shaft         CCl3    29.34880 
% Accepted Crank-Shaft         COH     85.32083 
% Accepted Crank-Shaft         CH3     29.19533 

Displacement:                            8.4646    sec.
Rotation:                                8.2733    sec.
MultiParticle:                           0.0000    sec.
Intra-Swap:                            178.5767    sec.
Regrowth:                              125.7603    sec.
Intra-MEMC:                              0.0000    sec.
Crank-Shaft:                            39.6358    sec.

Info: GOMC Version 2.70
Info: Completed at: Sun Aug  8 02:24:11 2021
Info: On hostname: anushabhattacharyya-VirtualBox
