Info: GOMC Version 2.70
Info: Start Time: Sun Aug  8 21:44:53 2021
Info: Host Name: anushabhattacharyya-VirtualBox
CPU information:
Info: Total number of CPUs: 1
Info: Total number of CPUs available: 1
Info: Model name: AMD Ryzen 7 5800X 8-Core Processor
Info: System name: Linux
Info: Release: 5.11.0-25-generic
Info: Version: #27~20.04.1-Ubuntu SMP Tue Jul 13 17:41:23 UTC 2021
Info: Kernel Architecture: x86_64
Info: Total Ram: 23627.8MB
Info: Used Ram: 11690.5MB
Info: Working in the current directory: /home/anushabhattacharyya/Cl Alcohols-NPT/11-CCl3CCl2COHCH3
Info: GOMC COMPILED TO RUN ISOBARIC-ISOTHERMAL ENSEMBLE.
Info: Number of threads                  1 
Info: Compiled with OpenMP Version       4.5

Reading Input File:                      in_NPT.conf
Info: Random seed                        Active 
Info: PARAMETER file                     CHARMM format! 
Info: Input Temperature                  298.0000 K
Info: Input Pressure                     410.0000 bar
Info: Volume change using constant ratio.
Info: Non-truncated potential            Active 
Info: Long Range Correction              Active 
Info: Cutoff                             10.0000 A
Info: Short Range Cutoff                 1.0000 A
Info: Exclude                            ONE-FOUR 
Info: Ewald Summation                    Active 
Info: Cache Ewald Fourier                Inactive 
Info: Ewald Summation Tolerance          1.000E-05 
Info: Pressure calculation frequency     2500 
Info: Total number of steps              25000 
Info: Number of equilibration steps      2500 
Info: Move adjustment frequency          1000 
Info: Displacement move frequency        0.1500 
Info: Rotation move frequency            0.1500 
Info: Intra-Swap move frequency          0.2900 
Warning: Unknown input SwapFreq!
Info: Regrowth move frequency            0.3000 
Info: Crank-Shaft move frequency         0.1000 
Info: Volume move frequency              0.0100 
Info: Multi-Particle move frequency      0.0000 
Info: IntraMEMC-1 move frequency         0.0000 
Warning: Unknown input MEMC-1Freq!
Info: IntraMEMC-2 move frequency         0.0000 
Warning: Unknown input MEMC-2Freq!
Info: IntraMEMC-3 move frequency         0.0000 
Warning: Unknown input MEMC-3Freq!
Info: CBMC First atom trials             12   
Info: CBMC Secondary atom trials         10   
Info: CBMC Angle trials                  50   
Info: CBMC Dihedral trials               50   
Info: Output name                        Output_data 
Info: Restart frequency                  2500 
Info: Checkpoint frequency               2500 
Info: Coordinate frequency               2500 
Info: Console output frequency           2500 
Info: Average output frequency           2500 
Warning: Unknown input HistogramFreq!
Warning: Unknown input DistName!
Warning: Unknown input HistName!
Warning: Unknown input RunNumber!
Warning: Unknown input RunLetter!
Warning: Unknown input SampleFreq!
Warning: Unknown input OutMolNumber!
Default: Box  0  CutoffCoulomb           10.0000 A
Finished Reading Input File:             in_NPT.conf

Reading from CHARMM-Style parameter file:  	NPT_CCl3CCl2COHCH3_file.inp
Reading BONDS parameters.
Reading ANGLES parameters.
Reading DIHEDRALS parameters.
Reading NONBONDED parameters.
Reading from system PDB coordinate file:  	NPT_CCl3CCl2COHCH3.pdb
Finished reading:                       	NPT_CCl3CCl2COHCH3.pdb
Random number seed: 695214965
Warning: Dihedral is missing for CClH !
Warning: Dihedral is missing for CH3 !

Molecules in PSF:
Molecule Kind: CClH
Idx	name	type	charge	mass
0	C1	D	-0.0060	12.0108
1	Cl1	C	-0.2000	35.4532
2	Cl2	C	-0.2000	35.4532
3	Cl3	C	-0.2000	35.4532
4	H1	E	0.1030	1.0079

Bonds:
[0 1] [2 0] [3 0] [4 0] 

Angles:
[1 0 2] [1 0 3] [1 0 4] [2 0 3] [2 0 4] [3 0 4] 

Dihedrals:

Molecule Kind: CH3
Idx	name	type	charge	mass
0	C1	A	-0.2400	12.0108
1	H1	B	0.0600	1.0079
2	H2	B	0.0600	1.0079
3	H3	B	0.0600	1.0079
4	H4	B	0.0600	1.0079

Bonds:
[0 1] [2 0] [3 0] [4 0] 

Angles:
[1 0 2] [1 0 3] [1 0 4] [2 0 3] [2 0 4] [3 0 4] 

Dihedrals:

Molecule Kind: COH
Idx	name	type	charge	mass
0	C1	I	0.1450	12.0108
1	O1	F	-0.6830	15.9994
2	H1	H	0.0400	1.0079
3	H2	H	0.0400	1.0079
4	H3	H	0.0400	1.0079
5	H4	G	0.4180	1.0079

Bonds:
[0 1] [2 0] [3 0] [4 0] [5 1] 

Angles:
[0 1 5] [1 0 2] [1 0 3] [1 0 4] [2 0 3] [2 0 4] [3 0 4] 

Dihedrals:
[2 0 1 5] [3 0 1 5] [4 0 1 5] 

Bonds parameter:
Atom Types                             Kb(K)           b0(A) 
D	C	                 123288.8018           1.7810 
C	D	                 123288.8018           1.7810 
E	D	                 171094.6637           1.0900 

A	B	                 171094.6637           1.0900 
B	A	                 171094.6637           1.0900 

I	F	                 161030.2717           1.4100 
H	I	                 171094.6637           1.0900 
G	F	                 278280.4382           0.9450 

Angles parameter:
Atom Types                         Ktheta(K)         theta0(degree) 
C	D	C	          39251.1287         111.7000 
C	D	E	          25664.1995         107.6000 

B	A	B	          16606.2468         107.8000 

I	F	G	          27677.0779         108.5000 
F	I	H	          17612.6860         109.5000 
H	I	H	          16606.2468         107.8000 

Dihedrals parameter:
Atom Types                           Kchi(K)    n    delta(degree) 
H	I	F	G	    226.4488    0     90.0000 
H	I	F	G	      0.0000    1    180.0000 
H	I	F	G	      0.0000    2      0.0000 
H	I	F	G	   -113.2244    3    180.0000 
H	I	F	G	      0.0000    4      0.0000 
H	I	F	G	      0.0000    5    180.0000 

================================================

Warning: Sum of the charge in the system is: -251.5000

================================================
NonBonded 1-4 parameters:
Type1  Type2             Epsilon(K)    Sigma(A)       N 
D      D                    16.6062      3.5000   12.00 
D      C                    35.4046      3.4500   12.00 
D      E                    11.1959      3.0000   12.00 
D      I                    16.6062      3.5000   12.00 
D      F                    26.6516      3.3100   12.00 
D      H                    11.1959      3.0000   12.00 
D      G                     0.0000      6.7500   12.00 
D      A                    16.6062      3.5000   12.00 
D      B                    11.1959      3.0000   12.00 
C      C                    75.4829      3.4000   12.00 
C      E                    23.8698      2.9500   12.00 
C      I                    35.4046      3.4500   12.00 
C      F                    56.8215      3.2600   12.00 
C      H                    23.8698      2.9500   12.00 
C      G                     0.0000      6.7000   12.00 
C      A                    35.4046      3.4500   12.00 
C      B                    23.8698      2.9500   12.00 
E      E                     7.5483      2.5000   12.00 
E      I                    11.1959      3.0000   12.00 
E      F                    17.9685      2.8100   12.00 
E      H                     7.5483      2.5000   12.00 
E      G                     0.0000      6.2500   12.00 
E      A                    11.1959      3.0000   12.00 
E      B                     7.5483      2.5000   12.00 
I      I                    16.6062      3.5000   12.00 
I      F                    26.6516      3.3100   12.00 
I      H                    11.1959      3.0000   12.00 
I      G                     0.0000      6.7500   12.00 
I      A                    16.6062      3.5000   12.00 
I      B                    11.1959      3.0000   12.00 
F      F                    42.7737      3.1200   12.00 
F      H                    17.9685      2.8100   12.00 
F      G                     0.0000      6.5600   12.00 
F      A                    26.6516      3.3100   12.00 
F      B                    17.9685      2.8100   12.00 
H      H                     7.5483      2.5000   12.00 
H      G                     0.0000      6.2500   12.00 
H      A                    11.1959      3.0000   12.00 
H      B                     7.5483      2.5000   12.00 
G      G                     0.0000     10.0000   12.00 
G      A                     0.0000      6.7500   12.00 
G      B                     0.0000      6.2500   12.00 
A      A                    16.6062      3.5000   12.00 
A      B                    11.1959      3.0000   12.00 
B      B                     7.5483      2.5000   12.00 

NonBonded parameters:
Type1  Type2             Epsilon(K)    Sigma(A)       N 
D      D                    33.2125      3.5000   12.00 
D      C                    70.8093      3.4500   12.00 
D      E                    22.3919      3.0000   12.00 
D      I                    33.2125      3.5000   12.00 
D      F                    53.3033      3.3100   12.00 
D      H                    22.3919      3.0000   12.00 
D      G                     0.0000      6.7500   12.00 
D      A                    33.2125      3.5000   12.00 
D      B                    22.3919      3.0000   12.00 
C      C                   150.9659      3.4000   12.00 
C      E                    47.7396      2.9500   12.00 
C      I                    70.8093      3.4500   12.00 
C      F                   113.6430      3.2600   12.00 
C      H                    47.7396      2.9500   12.00 
C      G                     0.0000      6.7000   12.00 
C      A                    70.8093      3.4500   12.00 
C      B                    47.7396      2.9500   12.00 
E      E                    15.0966      2.5000   12.00 
E      I                    22.3919      3.0000   12.00 
E      F                    35.9371      2.8100   12.00 
E      H                    15.0966      2.5000   12.00 
E      G                     0.0000      6.2500   12.00 
E      A                    22.3919      3.0000   12.00 
E      B                    15.0966      2.5000   12.00 
I      I                    33.2125      3.5000   12.00 
I      F                    53.3033      3.3100   12.00 
I      H                    22.3919      3.0000   12.00 
I      G                     0.0000      6.7500   12.00 
I      A                    33.2125      3.5000   12.00 
I      B                    22.3919      3.0000   12.00 
F      F                    85.5473      3.1200   12.00 
F      H                    35.9371      2.8100   12.00 
F      G                     0.0000      6.5600   12.00 
F      A                    53.3033      3.3100   12.00 
F      B                    35.9371      2.8100   12.00 
H      H                    15.0966      2.5000   12.00 
H      G                     0.0000      6.2500   12.00 
H      A                    22.3919      3.0000   12.00 
H      B                    15.0966      2.5000   12.00 
G      G                     0.0000     10.0000   12.00 
G      A                     0.0000      6.7500   12.00 
G      B                     0.0000      6.2500   12.00 
A      A                    33.2125      3.5000   12.00 
A      B                    22.3919      3.0000   12.00 
B      B                    15.0966      2.5000   12.00 

Info: Box  0:  Periodic Cell Basis 1     45.000   0.000   0.000 
Info: Box  0:  Periodic Cell Basis 2      0.000  45.000   0.000 
Info: Box  0:  Periodic Cell Basis 3      0.000   0.000  45.000 

Minimum coordinates in box 0: x =    1.949, y =    1.958, z =    1.905
Maximum coordinates in box 0: x =   43.056, y =   43.021, z =   43.029
Wrapping molecules inside the simulation box 0:
Box: 0, RecipVectors:   9402, kmax: 17

################################################################################
########################## INITIAL SIMULATION ENERGY ###########################

ETITLE:     STEP           TOTAL        INTRA(B)       INTRA(NB)       INTER(LJ)             LRC     TOTAL_ELECT            REAL           RECIP            SELF            CORR

ENER_0:        0      1.1813e+08      8.1489e+05      0.0000e+00      1.1337e+08     -2.0512e+05      4.1493e+06      8.5090e+05      7.0764e+06     -1.3902e+07      1.0124e+07

STITLE:     STEP          VOLUME        PRESSURE     TOT_DENSITY

STAT_0:        0      9.1125e+04      1.0132e+06      1.5258e+03

################################################################################
############################# STARTING SIMULATION ##############################

MTITLE:     STEP          DISTRY       DISACCEPT      DISACCEPT%          DISMAX          ROTATE       ROTACCEPT      ROTACCEPT%          ROTMAX       INTRASWAP       INTACCEPT      INTACCEPT%        REGROWTH    REGROWACCEPT   REGROWACCEPT%      CRANKSHAFT  CRKSHAFTACCEPT CRKSHAFTACCEPT%          VOLUME       VOLACCEPT      VOLACCEPT%          VOLMAX

ETITLE:     STEP           TOTAL        INTRA(B)       INTRA(NB)       INTER(LJ)             LRC     TOTAL_ELECT            REAL           RECIP            SELF            CORR

STITLE:     STEP          VOLUME        PRESSURE     TOT_DENSITY

Printed combined psf to file Output_data_merged.psf
MOVE_0:     2500             397              35      8.8161e+00      1.0085e+00             381             129      3.3858e+01      1.8694e-01             698             230      3.2951e+01             757             212      2.8005e+01             232              66      2.8448e+01              35              19      5.4286e+01      7.3333e+02

ENER_0:     2500      6.2480e+07      1.1094e+06      0.0000e+00      6.2044e+07     -1.9589e+05     -4.7797e+05      4.2756e+05      2.8598e+06     -1.3902e+07      1.0136e+07

STAT_0:     2500      9.5420e+04      5.3439e+05      1.4571e+03

PRES_0:     2500      5.2581e+05      5.5881e+05      5.1863e+05

Checkpoint saved to checkpoint.dat
Steps/sec:  20.011, Simulation ends in:   0 d:   0 h:  19 m 

MOVE_0:     5000             814             224      2.7518e+01      9.9294e-02             737             308      4.1791e+01      2.2637e-01            1393             315      2.2613e+01            1515             401      2.6469e+01             482             148      3.0705e+01              59              30      5.0847e+01      4.0293e+02

ENER_0:     5000      4.4347e+07      1.2499e+06      0.0000e+00      4.4513e+07     -1.9057e+05     -1.2255e+06      2.6040e+05      2.2732e+06     -1.3902e+07      1.0142e+07

STAT_0:     5000      9.8082e+04      3.8217e+05      1.4176e+03

PRES_0:     5000      3.7714e+05      3.9760e+05      3.7182e+05

Checkpoint saved to checkpoint.dat
Steps/sec:  26.322, Simulation ends in:   0 d:   0 h:  15 m 

MOVE_0:     7500            1235             415      3.3603e+01      8.3017e-02            1118             505      4.5170e+01      2.5016e-01            2104             371      1.7633e+01            2226             576      2.5876e+01             739             229      3.0988e+01              78              40      5.1282e+01      5.3724e+02

ENER_0:     7500      3.3032e+07      1.3201e+06      0.0000e+00      3.3680e+07     -1.8704e+05     -1.7815e+06      7.9504e+04      1.8926e+06     -1.3902e+07      1.0148e+07

STAT_0:     7500      9.9936e+04      2.9340e+05      1.3913e+03

PRES_0:     7500      2.8658e+05      3.0667e+05      2.8695e+05

Checkpoint saved to checkpoint.dat
Steps/sec:  30.796, Simulation ends in:   0 d:   0 h:  12 m 

MOVE_0:    10000            1634             622      3.8066e+01      8.6860e-02            1508             697      4.6220e+01      2.2504e-01            2818             408      1.4478e+01            2947             772      2.6196e+01             994             303      3.0483e+01              99              51      5.1515e+01      3.2746e+02

ENER_0:    10000      2.6963e+07      1.3982e+06      0.0000e+00      2.7794e+07     -1.8491e+05     -2.0446e+06      5.5069e+03      1.6999e+06     -1.3902e+07      1.0152e+07

STAT_0:    10000      1.0108e+05      2.4466e+05      1.3755e+03

PRES_0:    10000      2.3245e+05      2.5785e+05      2.4367e+05

Checkpoint saved to checkpoint.dat
Steps/sec:  28.154, Simulation ends in:   0 d:   0 h:  10 m 

MOVE_0:    12500            2014             823      4.0864e+01      9.5781e-02            1899             897      4.7235e+01      2.5005e-01            3563             430      1.2068e+01            3678             937      2.5476e+01            1227             380      3.0970e+01             119              62      5.2101e+01      4.4654e+02

ENER_0:    12500      2.1161e+07      1.4382e+06      0.0000e+00      2.2132e+07     -1.8185e+05     -2.2275e+06     -4.6102e+04      1.5660e+06     -1.3902e+07      1.0154e+07

STAT_0:    12500      1.0278e+05      1.9753e+05      1.3527e+03

PRES_0:    12500      1.8943e+05      2.0738e+05      1.9575e+05

Checkpoint saved to checkpoint.dat
Steps/sec:  28.870, Simulation ends in:   0 d:   0 h:   8 m 

MOVE_0:    15000            2389            1018      4.2612e+01      1.0068e-01            2265            1081      4.7726e+01      2.1978e-01            4291             440      1.0254e+01            4441            1095      2.4657e+01            1472             463      3.1454e+01             142              74      5.2113e+01      5.6381e+02

ENER_0:    15000      1.5089e+07      1.4460e+06      0.0000e+00      1.6204e+07     -1.7689e+05     -2.3846e+06     -1.2406e+05      1.4841e+06     -1.3902e+07      1.0157e+07

STAT_0:    15000      1.0567e+05      1.4823e+05      1.3158e+03

PRES_0:    15000      1.3781e+05      1.5656e+05      1.5024e+05

Checkpoint saved to checkpoint.dat
Steps/sec:  25.446, Simulation ends in:   0 d:   0 h:   7 m 

MOVE_0:    17500            2742            1195      4.3581e+01      9.5804e-02            2659            1297      4.8778e+01      2.6707e-01            5017             452      9.0094e+00            5227            1243      2.3780e+01            1692             539      3.1856e+01             163              85      5.2147e+01      8.4572e+02

ENER_0:    17500      1.0450e+07      1.4717e+06      0.0000e+00      1.1655e+07     -1.7177e+05     -2.5048e+06     -1.5250e+05      1.3910e+06     -1.3902e+07      1.0158e+07

STAT_0:    17500      1.0882e+05      1.1092e+05      1.2777e+03

PRES_0:    17500      1.0410e+05      1.1789e+05      1.1065e+05

Checkpoint saved to checkpoint.dat
Steps/sec:  26.677, Simulation ends in:   0 d:   0 h:   5 m 

MOVE_0:    20000            3139            1419      4.5205e+01      1.2832e-01            3004            1479      4.9234e+01      3.1745e-01            5726             465      8.1209e+00            5986            1383      2.3104e+01            1946             622      3.1963e+01             199             103      5.1759e+01      6.8226e+02

ENER_0:    20000      5.5430e+06      1.4764e+06      0.0000e+00      6.8446e+06     -1.6350e+05     -2.6145e+06     -2.0691e+05      1.3333e+06     -1.3902e+07      1.0161e+07

STAT_0:    20000      1.1432e+05      7.0665e+04      1.2162e+03

PRES_0:    20000      6.5628e+04      7.5362e+04      7.0842e+04

Checkpoint saved to checkpoint.dat
Steps/sec:  17.063, Simulation ends in:   0 d:   0 h:   4 m 

MOVE_0:    22500            3502            1617      4.6174e+01      1.7430e-01            3398            1677      4.9353e+01      3.4541e-01            6425             474      7.3774e+00            6742            1538      2.2812e+01            2202             711      3.2289e+01             231             115      4.9784e+01      2.2742e+02

ENER_0:    22500      3.0815e+06      1.4926e+06      0.0000e+00      4.4692e+06     -1.5837e+05     -2.7219e+06     -2.2933e+05      1.2472e+06     -1.3902e+07      1.0162e+07

STAT_0:    22500      1.1803e+05      5.1547e+04      1.1780e+03

PRES_0:    22500      4.9073e+04      5.2608e+04      5.2765e+04

Checkpoint saved to checkpoint.dat
Steps/sec:  18.375, Simulation ends in:   0 d:   0 h:   2 m 

MOVE_0:    25000            3891            1811      4.6543e+01      1.5760e-01            3769            1871      4.9642e+01      3.5650e-01            7156             483      6.7496e+00            7475            1670      2.2341e+01            2451             797      3.2517e+01             258             126      4.8837e+01      1.0496e+02

ENER_0:    25000      1.7834e+06      1.4979e+06      0.0000e+00      3.3024e+06     -1.5667e+05     -2.8603e+06     -2.6686e+05      1.1448e+06     -1.3902e+07      1.0163e+07

STAT_0:    25000      1.1930e+05      4.3655e+04      1.1654e+03

PRES_0:    25000      4.1385e+04      4.4944e+04      4.4432e+04

Checkpoint saved to checkpoint.dat
Simulation Time (total): 1.0752e+03 sec.

Move Type                Mol. Kind      BOX_0      
% Accepted Displacement        CClH    45.43379 
% Accepted Displacement        COH     45.74868 
% Accepted Displacement        CH3     48.55769 
% Accepted Rotation            CClH    47.83635 
% Accepted Rotation            COH     49.92151 
% Accepted Rotation            CH3     51.22549 
% Accepted Volume-Transfer             48.83721 
% Accepted Intra-Swap          CClH     4.17376 
% Accepted Intra-Swap          COH      8.14095 
% Accepted Intra-Swap          CH3      7.86661 
% Accepted Regrowth            CClH    11.06541 
% Accepted Regrowth            COH     32.69155 
% Accepted Regrowth            CH3     22.76911 
% Accepted Crank-Shaft         CClH    12.84289 
% Accepted Crank-Shaft         COH     63.32518 
% Accepted Crank-Shaft         CH3     21.17930 

Displacement:                           16.5764    sec.
Rotation:                               16.6168    sec.
MultiParticle:                           0.0000    sec.
Intra-Swap:                             86.9309    sec.
Regrowth:                               77.4979    sec.
Intra-MEMC:                              0.0000    sec.
Crank-Shaft:                            24.1485    sec.
Vol-Transfer:                          822.3936    sec.

Info: GOMC Version 2.70
Info: Completed at: Sun Aug  8 22:03:01 2021
Info: On hostname: anushabhattacharyya-VirtualBox
