Info: GOMC Version 2.70
Info: Start Time: Mon Aug  9 03:27:52 2021
Info: Host Name: anushabhattacharyya-VirtualBox
CPU information:
Info: Total number of CPUs: 1
Info: Total number of CPUs available: 1
Info: Model name: AMD Ryzen 7 5800X 8-Core Processor
Info: System name: Linux
Info: Release: 5.11.0-25-generic
Info: Version: #27~20.04.1-Ubuntu SMP Tue Jul 13 17:41:23 UTC 2021
Info: Kernel Architecture: x86_64
Info: Total Ram: 23627.8MB
Info: Used Ram: 11621.4MB
Info: Working in the current directory: /home/anushabhattacharyya/Cl Alcohols-NPT/27-CClH2CH2CH2CH2CH2OH
Info: GOMC COMPILED TO RUN ISOBARIC-ISOTHERMAL ENSEMBLE.
Info: Number of threads                  1 
Info: Compiled with OpenMP Version       4.5

Reading Input File:                      in_NPT.conf
Info: Random seed                        Active 
Info: PARAMETER file                     CHARMM format! 
Info: Input Temperature                  298.0000 K
Info: Input Pressure                     410.0000 bar
Info: Volume change using constant ratio.
Info: Non-truncated potential            Active 
Info: Long Range Correction              Active 
Info: Cutoff                             10.0000 A
Info: Short Range Cutoff                 1.0000 A
Info: Exclude                            ONE-FOUR 
Info: Ewald Summation                    Active 
Info: Cache Ewald Fourier                Inactive 
Info: Ewald Summation Tolerance          1.000E-05 
Info: Pressure calculation frequency     2500 
Info: Total number of steps              25000 
Info: Number of equilibration steps      2500 
Info: Move adjustment frequency          1000 
Info: Displacement move frequency        0.1500 
Info: Rotation move frequency            0.1500 
Info: Intra-Swap move frequency          0.2900 
Warning: Unknown input SwapFreq!
Info: Regrowth move frequency            0.3000 
Info: Crank-Shaft move frequency         0.1000 
Info: Volume move frequency              0.0100 
Info: Multi-Particle move frequency      0.0000 
Info: IntraMEMC-1 move frequency         0.0000 
Warning: Unknown input MEMC-1Freq!
Info: IntraMEMC-2 move frequency         0.0000 
Warning: Unknown input MEMC-2Freq!
Info: IntraMEMC-3 move frequency         0.0000 
Warning: Unknown input MEMC-3Freq!
Info: CBMC First atom trials             12   
Info: CBMC Secondary atom trials         10   
Info: CBMC Angle trials                  50   
Info: CBMC Dihedral trials               50   
Info: Output name                        Output_data 
Info: Restart frequency                  2500 
Info: Checkpoint frequency               2500 
Info: Coordinate frequency               2500 
Info: Console output frequency           2500 
Info: Average output frequency           2500 
Warning: Unknown input HistogramFreq!
Warning: Unknown input DistName!
Warning: Unknown input HistName!
Warning: Unknown input RunNumber!
Warning: Unknown input RunLetter!
Warning: Unknown input SampleFreq!
Warning: Unknown input OutMolNumber!
Default: Box  0  CutoffCoulomb           10.0000 A
Finished Reading Input File:             in_NPT.conf

Reading from CHARMM-Style parameter file:  	NPT_CClH2CH2CH2CH2CH2OH_file.inp
Reading BONDS parameters.
Reading ANGLES parameters.
Reading DIHEDRALS parameters.
Reading NONBONDED parameters.
Reading from system PDB coordinate file:  	NPT_CClH2CH2CH2CH2CH2OH.pdb
Finished reading:                       	NPT_CClH2CH2CH2CH2CH2OH.pdb
Random number seed: 2817609436
Warning: Dihedral is missing for CClH !
Warning: Dihedral is missing for CH3 !

Molecules in PSF:
Molecule Kind: CClH
Idx	name	type	charge	mass
0	C1	D	-0.0060	12.0108
1	Cl1	C	-0.2000	35.4532
2	H1	E	0.1030	1.0079
3	H2	E	0.1030	1.0079
4	H3	E	0.1030	1.0079

Bonds:
[0 1] [2 0] [3 0] [4 0] 

Angles:
[1 0 2] [1 0 3] [1 0 4] [2 0 3] [2 0 4] [3 0 4] 

Dihedrals:

Molecule Kind: CH3
Idx	name	type	charge	mass
0	C1	A	-0.2400	12.0108
1	H1	B	0.0600	1.0079
2	H2	B	0.0600	1.0079
3	H3	B	0.0600	1.0079
4	H4	B	0.0600	1.0079

Bonds:
[0 1] [2 0] [3 0] [4 0] 

Angles:
[1 0 2] [1 0 3] [1 0 4] [2 0 3] [2 0 4] [3 0 4] 

Dihedrals:

Molecule Kind: COH
Idx	name	type	charge	mass
0	C1	I	0.1450	12.0108
1	O1	F	-0.6830	15.9994
2	H1	H	0.0400	1.0079
3	H2	H	0.0400	1.0079
4	H3	H	0.0400	1.0079
5	H4	G	0.4180	1.0079

Bonds:
[0 1] [2 0] [3 0] [4 0] [5 1] 

Angles:
[0 1 5] [1 0 2] [1 0 3] [1 0 4] [2 0 3] [2 0 4] [3 0 4] 

Dihedrals:
[2 0 1 5] [3 0 1 5] [4 0 1 5] 

Bonds parameter:
Atom Types                             Kb(K)           b0(A) 
D	C	                 123288.8018           1.7810 
E	D	                 171094.6637           1.0900 

A	B	                 171094.6637           1.0900 
B	A	                 171094.6637           1.0900 

I	F	                 161030.2717           1.4100 
H	I	                 171094.6637           1.0900 
G	F	                 278280.4382           0.9450 

Angles parameter:
Atom Types                         Ktheta(K)         theta0(degree) 
C	D	E	          25664.1995         107.6000 
E	D	E	          16606.2468         107.8000 

B	A	B	          16606.2468         107.8000 

I	F	G	          27677.0779         108.5000 
F	I	H	          17612.6860         109.5000 
H	I	H	          16606.2468         107.8000 

Dihedrals parameter:
Atom Types                           Kchi(K)    n    delta(degree) 
H	I	F	G	    226.4488    0     90.0000 
H	I	F	G	      0.0000    1    180.0000 
H	I	F	G	      0.0000    2      0.0000 
H	I	F	G	   -113.2244    3    180.0000 
H	I	F	G	      0.0000    4      0.0000 
H	I	F	G	      0.0000    5    180.0000 

================================================

Warning: Sum of the charge in the system is: 51.5000

================================================
NonBonded 1-4 parameters:
Type1  Type2             Epsilon(K)    Sigma(A)       N 
D      D                    16.6062      3.5000   12.00 
D      C                    35.4046      3.4500   12.00 
D      E                    11.1959      3.0000   12.00 
D      I                    16.6062      3.5000   12.00 
D      F                    26.6516      3.3100   12.00 
D      H                    11.1959      3.0000   12.00 
D      G                     0.0000      6.7500   12.00 
D      A                    16.6062      3.5000   12.00 
D      B                    11.1959      3.0000   12.00 
C      C                    75.4829      3.4000   12.00 
C      E                    23.8698      2.9500   12.00 
C      I                    35.4046      3.4500   12.00 
C      F                    56.8215      3.2600   12.00 
C      H                    23.8698      2.9500   12.00 
C      G                     0.0000      6.7000   12.00 
C      A                    35.4046      3.4500   12.00 
C      B                    23.8698      2.9500   12.00 
E      E                     7.5483      2.5000   12.00 
E      I                    11.1959      3.0000   12.00 
E      F                    17.9685      2.8100   12.00 
E      H                     7.5483      2.5000   12.00 
E      G                     0.0000      6.2500   12.00 
E      A                    11.1959      3.0000   12.00 
E      B                     7.5483      2.5000   12.00 
I      I                    16.6062      3.5000   12.00 
I      F                    26.6516      3.3100   12.00 
I      H                    11.1959      3.0000   12.00 
I      G                     0.0000      6.7500   12.00 
I      A                    16.6062      3.5000   12.00 
I      B                    11.1959      3.0000   12.00 
F      F                    42.7737      3.1200   12.00 
F      H                    17.9685      2.8100   12.00 
F      G                     0.0000      6.5600   12.00 
F      A                    26.6516      3.3100   12.00 
F      B                    17.9685      2.8100   12.00 
H      H                     7.5483      2.5000   12.00 
H      G                     0.0000      6.2500   12.00 
H      A                    11.1959      3.0000   12.00 
H      B                     7.5483      2.5000   12.00 
G      G                     0.0000     10.0000   12.00 
G      A                     0.0000      6.7500   12.00 
G      B                     0.0000      6.2500   12.00 
A      A                    16.6062      3.5000   12.00 
A      B                    11.1959      3.0000   12.00 
B      B                     7.5483      2.5000   12.00 

NonBonded parameters:
Type1  Type2             Epsilon(K)    Sigma(A)       N 
D      D                    33.2125      3.5000   12.00 
D      C                    70.8093      3.4500   12.00 
D      E                    22.3919      3.0000   12.00 
D      I                    33.2125      3.5000   12.00 
D      F                    53.3033      3.3100   12.00 
D      H                    22.3919      3.0000   12.00 
D      G                     0.0000      6.7500   12.00 
D      A                    33.2125      3.5000   12.00 
D      B                    22.3919      3.0000   12.00 
C      C                   150.9659      3.4000   12.00 
C      E                    47.7396      2.9500   12.00 
C      I                    70.8093      3.4500   12.00 
C      F                   113.6430      3.2600   12.00 
C      H                    47.7396      2.9500   12.00 
C      G                     0.0000      6.7000   12.00 
C      A                    70.8093      3.4500   12.00 
C      B                    47.7396      2.9500   12.00 
E      E                    15.0966      2.5000   12.00 
E      I                    22.3919      3.0000   12.00 
E      F                    35.9371      2.8100   12.00 
E      H                    15.0966      2.5000   12.00 
E      G                     0.0000      6.2500   12.00 
E      A                    22.3919      3.0000   12.00 
E      B                    15.0966      2.5000   12.00 
I      I                    33.2125      3.5000   12.00 
I      F                    53.3033      3.3100   12.00 
I      H                    22.3919      3.0000   12.00 
I      G                     0.0000      6.7500   12.00 
I      A                    33.2125      3.5000   12.00 
I      B                    22.3919      3.0000   12.00 
F      F                    85.5473      3.1200   12.00 
F      H                    35.9371      2.8100   12.00 
F      G                     0.0000      6.5600   12.00 
F      A                    53.3033      3.3100   12.00 
F      B                    35.9371      2.8100   12.00 
H      H                    15.0966      2.5000   12.00 
H      G                     0.0000      6.2500   12.00 
H      A                    22.3919      3.0000   12.00 
H      B                    15.0966      2.5000   12.00 
G      G                     0.0000     10.0000   12.00 
G      A                     0.0000      6.7500   12.00 
G      B                     0.0000      6.2500   12.00 
A      A                    33.2125      3.5000   12.00 
A      B                    22.3919      3.0000   12.00 
B      B                    15.0966      2.5000   12.00 

Info: Box  0:  Periodic Cell Basis 1     45.000   0.000   0.000 
Info: Box  0:  Periodic Cell Basis 2      0.000  45.000   0.000 
Info: Box  0:  Periodic Cell Basis 3      0.000   0.000  45.000 

Minimum coordinates in box 0: x =    1.929, y =    1.949, z =    1.900
Maximum coordinates in box 0: x =   43.097, y =   43.090, z =   43.061
Wrapping molecules inside the simulation box 0:
Box: 0, RecipVectors:   9402, kmax: 17

################################################################################
########################## INITIAL SIMULATION ENERGY ###########################

ETITLE:     STEP           TOTAL        INTRA(B)       INTRA(NB)       INTER(LJ)             LRC     TOTAL_ELECT            REAL           RECIP            SELF            CORR

ENER_0:        0      2.7088e+07      8.1006e+05      0.0000e+00      2.6237e+07     -1.0575e+05      1.4673e+05      3.4023e+04      8.6102e+05     -1.2962e+07      1.2214e+07

STITLE:     STEP          VOLUME        PRESSURE     TOT_DENSITY

STAT_0:        0      9.1125e+04      2.5498e+05      8.9812e+02

################################################################################
############################# STARTING SIMULATION ##############################

MTITLE:     STEP          DISTRY       DISACCEPT      DISACCEPT%          DISMAX          ROTATE       ROTACCEPT      ROTACCEPT%          ROTMAX       INTRASWAP       INTACCEPT      INTACCEPT%        REGROWTH    REGROWACCEPT   REGROWACCEPT%      CRANKSHAFT  CRKSHAFTACCEPT CRKSHAFTACCEPT%          VOLUME       VOLACCEPT      VOLACCEPT%          VOLMAX

ETITLE:     STEP           TOTAL        INTRA(B)       INTRA(NB)       INTER(LJ)             LRC     TOTAL_ELECT            REAL           RECIP            SELF            CORR

STITLE:     STEP          VOLUME        PRESSURE     TOT_DENSITY

Printed combined psf to file Output_data_merged.psf
MOVE_0:     2500             352              41      1.1648e+01      2.6675e-01             407             152      3.7346e+01      3.1485e-01             739             276      3.7348e+01             728             205      2.8159e+01             251             103      4.1036e+01              23              10      4.3478e+01      4.0816e+02

ENER_0:     2500      1.2082e+07      1.1151e+06      0.0000e+00      1.1254e+07     -1.0380e+05     -1.8363e+05     -6.5466e+04      6.2139e+05     -1.2962e+07      1.2222e+07

STAT_0:     2500      9.2832e+04      1.1982e+05      8.8161e+02

PRES_0:     2500      1.2332e+05      1.1299e+05      1.2243e+05

Checkpoint saved to checkpoint.dat
Steps/sec:  26.436, Simulation ends in:   0 d:   0 h:  15 m 

MOVE_0:     5000             707             202      2.8571e+01      1.7876e-01             808             361      4.4678e+01      3.1064e-01            1434             351      2.4477e+01            1467             404      2.7539e+01             531             204      3.8418e+01              53              24      4.5283e+01      3.4251e+02

ENER_0:     5000      6.9035e+06      1.2139e+06      0.0000e+00      6.0567e+06     -1.0180e+05     -2.6530e+05     -1.1703e+05      5.8625e+05     -1.2962e+07      1.2227e+07

STAT_0:     5000      9.4653e+04      7.4531e+04      8.6465e+02

PRES_0:     5000      7.3696e+04      7.3680e+04      7.5479e+04

Checkpoint saved to checkpoint.dat
Steps/sec:  21.032, Simulation ends in:   0 d:   0 h:  15 m 

MOVE_0:     7500            1074             384      3.5754e+01      1.5475e-01            1186             550      4.6374e+01      3.1195e-01            2162             390      1.8039e+01            2230             604      2.7085e+01             772             310      4.0155e+01              76              35      4.6053e+01      3.5130e+02

ENER_0:     7500      3.8428e+06      1.2945e+06      0.0000e+00      3.0067e+06     -9.9700e+04     -3.5870e+05     -1.5740e+05      5.3064e+05     -1.2962e+07      1.2230e+07

STAT_0:     7500      9.6651e+04      4.7494e+04      8.4677e+02

PRES_0:     7500      4.7241e+04      4.5433e+04      4.9069e+04

Checkpoint saved to checkpoint.dat
Steps/sec:  26.988, Simulation ends in:   0 d:   0 h:  12 m 

MOVE_0:    10000            1442             559      3.8766e+01      1.4580e-01            1570             751      4.7834e+01      3.2695e-01            2902             416      1.4335e+01            2978             791      2.6561e+01            1006             391      3.8867e+01             102              53      5.1961e+01      7.6647e+02

ENER_0:    10000      1.9537e+06      1.3198e+06      0.0000e+00      1.1517e+06     -9.5932e+04     -4.2189e+05     -1.9009e+05      4.9727e+05     -1.2962e+07      1.2233e+07

STAT_0:    10000      1.0045e+05      2.9335e+04      8.1477e+02

PRES_0:    10000      2.9518e+04      2.7605e+04      3.0138e+04

Checkpoint saved to checkpoint.dat
Steps/sec:  24.333, Simulation ends in:   0 d:   0 h:  11 m 

MOVE_0:    12500            1815             752      4.1433e+01      1.5872e-01            1930             951      4.9275e+01      3.8337e-01            3612             437      1.2099e+01            3755             978      2.6045e+01            1256             486      3.8694e+01             132              65      4.9242e+01      6.0811e+02

ENER_0:    12500      7.4710e+05      1.3279e+06      0.0000e+00     -4.0164e+03     -9.2086e+04     -4.8471e+05     -2.1996e+05      4.6341e+05     -1.2962e+07      1.2234e+07

STAT_0:    12500      1.0464e+05      1.7815e+04      7.8210e+02

PRES_0:    12500      1.7546e+04      1.7084e+04      1.8072e+04

Checkpoint saved to checkpoint.dat
Steps/sec:  21.070, Simulation ends in:   0 d:   0 h:   9 m 

MOVE_0:    15000            2188             963      4.4013e+01      2.0462e-01            2320            1158      4.9914e+01      4.5267e-01            4289             451      1.0515e+01            4518            1155      2.5564e+01            1521             585      3.8462e+01             164              82      5.0000e+01      5.1731e+02

ENER_0:    15000     -5.8527e+04      1.3187e+06      0.0000e+00     -7.6593e+05     -8.7510e+04     -5.2383e+05     -2.3517e+05      4.3745e+05     -1.2962e+07      1.2236e+07

STAT_0:    15000      1.1011e+05      9.7329e+03      7.4324e+02

PRES_0:    15000      9.7539e+03      8.8956e+03      9.8080e+03

Checkpoint saved to checkpoint.dat
Steps/sec:  19.501, Simulation ends in:   0 d:   0 h:   8 m 

MOVE_0:    17500            2596            1189      4.5801e+01      2.5100e-01            2688            1356      5.0446e+01      4.8507e-01            5055             463      9.1592e+00            5236            1309      2.5000e+01            1733             667      3.8488e+01             192              97      5.0521e+01      6.1901e+02

ENER_0:    17500     -4.2616e+05      1.3044e+06      0.0000e+00     -1.0890e+06     -8.4648e+04     -5.5694e+05     -2.5330e+05      4.2132e+05     -1.2962e+07      1.2237e+07

STAT_0:    17500      1.1384e+05      6.1637e+03      7.1893e+02

PRES_0:    17500      5.8401e+03      5.7684e+03      6.1450e+03

Checkpoint saved to checkpoint.dat
Steps/sec:  20.952, Simulation ends in:   0 d:   0 h:   6 m 

MOVE_0:    20000            3004            1383      4.6039e+01      2.1864e-01            3037            1542      5.0774e+01      6.0909e-01            5794             471      8.1291e+00            5996            1474      2.4583e+01            1952             744      3.8115e+01             217             107      4.9309e+01      1.8191e+02

ENER_0:    20000     -6.0381e+05      1.2788e+06      0.0000e+00     -1.2024e+06     -8.3533e+04     -5.9668e+05     -2.7725e+05      4.0606e+05     -1.2962e+07      1.2237e+07

STAT_0:    20000      1.1536e+05      4.9094e+03      7.0946e+02

PRES_0:    20000      4.4802e+03      4.6228e+03      4.8892e+03

Checkpoint saved to checkpoint.dat
Steps/sec:  22.256, Simulation ends in:   0 d:   0 h:   4 m 

MOVE_0:    22500            3359            1570      4.6740e+01      2.3367e-01            3424            1737      5.0730e+01      5.4472e-01            6542             482      7.3678e+00            6754            1628      2.4104e+01            2173             839      3.8610e+01             248             123      4.9597e+01      2.0790e+02

ENER_0:    22500     -7.1007e+05      1.2778e+06      0.0000e+00     -1.2644e+06     -8.2726e+04     -6.4075e+05     -2.9732e+05      3.8196e+05     -1.2962e+07      1.2237e+07

STAT_0:    22500      1.1648e+05      4.1217e+03      7.0261e+02

PRES_0:    22500      3.7665e+03      3.9049e+03      3.9591e+03

Checkpoint saved to checkpoint.dat
Steps/sec:  18.467, Simulation ends in:   0 d:   0 h:   2 m 

MOVE_0:    25000            3731            1762      4.7226e+01      2.4376e-01            3819            1953      5.1139e+01      7.3940e-01            7241             490      6.7670e+00            7503            1782      2.3750e+01            2428             940      3.8715e+01             278             140      5.0360e+01      2.9386e+02

ENER_0:    25000     -8.5311e+05      1.2473e+06      0.0000e+00     -1.3420e+06     -8.1458e+04     -6.7695e+05     -3.1345e+05      3.6211e+05     -1.2962e+07      1.2236e+07

STAT_0:    25000      1.1830e+05      3.1270e+03      6.9184e+02

PRES_0:    25000      2.7825e+03      2.8992e+03      2.9671e+03

Checkpoint saved to checkpoint.dat
Simulation Time (total): 1.1531e+03 sec.

Move Type                Mol. Kind      BOX_0      
% Accepted Displacement        CClH    47.23926 
% Accepted Displacement        COH     46.75431 
% Accepted Displacement        CH3     47.68595 
% Accepted Rotation            CClH    50.07496 
% Accepted Rotation            COH     51.57480 
% Accepted Rotation            CH3     51.85185 
% Accepted Volume-Transfer             50.35971 
% Accepted Intra-Swap          CClH     6.91643 
% Accepted Intra-Swap          COH      5.95089 
% Accepted Intra-Swap          CH3      7.43047 
% Accepted Regrowth            CClH    18.43153 
% Accepted Regrowth            COH     29.54279 
% Accepted Regrowth            CH3     23.14967 
% Accepted Crank-Shaft         CClH    20.69825 
% Accepted Crank-Shaft         COH     72.98637 
% Accepted Crank-Shaft         CH3     22.58852 

Displacement:                           16.1588    sec.
Rotation:                               17.0325    sec.
MultiParticle:                           0.0000    sec.
Intra-Swap:                             96.6609    sec.
Regrowth:                               80.7965    sec.
Intra-MEMC:                              0.0000    sec.
Crank-Shaft:                            24.9570    sec.
Vol-Transfer:                          886.2222    sec.

Info: GOMC Version 2.70
Info: Completed at: Mon Aug  9 03:47:18 2021
Info: On hostname: anushabhattacharyya-VirtualBox
