Info: GOMC Version 2.70
Info: Start Time: Sun Aug  8 11:55:08 2021
Info: Host Name: anushabhattacharyya-VirtualBox
CPU information:
Info: Total number of CPUs: 1
Info: Total number of CPUs available: 1
Info: Model name: AMD Ryzen 7 5800X 8-Core Processor
Info: System name: Linux
Info: Release: 5.11.0-25-generic
Info: Version: #27~20.04.1-Ubuntu SMP Tue Jul 13 17:41:23 UTC 2021
Info: Kernel Architecture: x86_64
Info: Total Ram: 23627.8MB
Info: Used Ram: 10656.5MB
Info: Working in the current directory: /home/anushabhattacharyya/Cl Alcohols-NPT/27-CClH2CH2CH2CH2CH2OH
Info: GOMC COMPILED TO RUN ISOBARIC-ISOTHERMAL ENSEMBLE.
Info: Number of threads                  1 
Info: Compiled with OpenMP Version       4.5

Reading Input File:                      in_NPT.conf
Info: Random seed                        Active 
Info: PARAMETER file                     CHARMM format! 
Info: Input Temperature                  248.0000 K
Info: Input Pressure                     410.0000 bar
Info: Volume change using constant ratio.
Info: Non-truncated potential            Active 
Info: Long Range Correction              Active 
Info: Cutoff                             10.0000 A
Info: Short Range Cutoff                 1.0000 A
Info: Exclude                            ONE-FOUR 
Info: Ewald Summation                    Active 
Info: Cache Ewald Fourier                Inactive 
Info: Ewald Summation Tolerance          1.000E-05 
Info: Pressure calculation frequency     1000 
Info: Total number of steps              10000 
Info: Number of equilibration steps      1000 
Info: Move adjustment frequency          1000 
Info: Displacement move frequency        0.1500 
Info: Rotation move frequency            0.1500 
Info: Intra-Swap move frequency          0.2900 
Warning: Unknown input SwapFreq!
Info: Regrowth move frequency            0.3000 
Info: Crank-Shaft move frequency         0.1000 
Info: Volume move frequency              0.0100 
Info: Multi-Particle move frequency      0.0000 
Info: IntraMEMC-1 move frequency         0.0000 
Warning: Unknown input MEMC-1Freq!
Info: IntraMEMC-2 move frequency         0.0000 
Warning: Unknown input MEMC-2Freq!
Info: IntraMEMC-3 move frequency         0.0000 
Warning: Unknown input MEMC-3Freq!
Info: CBMC First atom trials             12   
Info: CBMC Secondary atom trials         10   
Info: CBMC Angle trials                  50   
Info: CBMC Dihedral trials               50   
Info: Output name                        Output_data 
Info: Restart frequency                  1000 
Info: Checkpoint frequency               1000 
Info: Coordinate frequency               1000 
Info: Console output frequency           1000 
Info: Average output frequency           1000 
Warning: Unknown input HistogramFreq!
Warning: Unknown input DistName!
Warning: Unknown input HistName!
Warning: Unknown input RunNumber!
Warning: Unknown input RunLetter!
Warning: Unknown input SampleFreq!
Warning: Unknown input OutMolNumber!
Default: Box  0  CutoffCoulomb           10.0000 A
Finished Reading Input File:             in_NPT.conf

Reading from CHARMM-Style parameter file:  	NPT_CClH2CH2CH2CH2CH2OH_file.inp
Reading BONDS parameters.
Reading ANGLES parameters.
Reading DIHEDRALS parameters.
Reading NONBONDED parameters.
Reading from system PDB coordinate file:  	NPT_CClH2CH2CH2CH2CH2OH.pdb
Finished reading:                       	NPT_CClH2CH2CH2CH2CH2OH.pdb
Random number seed: 3326393526
Warning: Dihedral is missing for CClH !
Warning: Dihedral is missing for CH3 !

Molecules in PSF:
Molecule Kind: CClH
Idx	name	type	charge	mass
0	C1	D	-0.0060	12.0108
1	Cl1	C	-0.2000	35.4532
2	H1	E	0.1030	1.0079
3	H2	E	0.1030	1.0079
4	H3	E	0.1030	1.0079

Bonds:
[0 1] [2 0] [3 0] [4 0] 

Angles:
[1 0 2] [1 0 3] [1 0 4] [2 0 3] [2 0 4] [3 0 4] 

Dihedrals:

Molecule Kind: CH3
Idx	name	type	charge	mass
0	C1	A	-0.2400	12.0108
1	H1	B	0.0600	1.0079
2	H2	B	0.0600	1.0079
3	H3	B	0.0600	1.0079
4	H4	B	0.0600	1.0079

Bonds:
[0 1] [2 0] [3 0] [4 0] 

Angles:
[1 0 2] [1 0 3] [1 0 4] [2 0 3] [2 0 4] [3 0 4] 

Dihedrals:

Molecule Kind: COH
Idx	name	type	charge	mass
0	C1	I	0.1450	12.0108
1	O1	F	-0.6830	15.9994
2	H1	H	0.0400	1.0079
3	H2	H	0.0400	1.0079
4	H3	H	0.0400	1.0079
5	H4	G	0.4180	1.0079

Bonds:
[0 1] [2 0] [3 0] [4 0] [5 1] 

Angles:
[0 1 5] [1 0 2] [1 0 3] [1 0 4] [2 0 3] [2 0 4] [3 0 4] 

Dihedrals:
[2 0 1 5] [3 0 1 5] [4 0 1 5] 

Bonds parameter:
Atom Types                             Kb(K)           b0(A) 
D	C	                 123288.8018           1.7810 
E	D	                 171094.6637           1.0900 

A	B	                 171094.6637           1.0900 
B	A	                 171094.6637           1.0900 

I	F	                 161030.2717           1.4100 
H	I	                 171094.6637           1.0900 
G	F	                 278280.4382           0.9450 

Angles parameter:
Atom Types                         Ktheta(K)         theta0(degree) 
C	D	E	          25664.1995         107.6000 
E	D	E	          16606.2468         107.8000 

B	A	B	          16606.2468         107.8000 

I	F	G	          27677.0779         108.5000 
F	I	H	          17612.6860         109.5000 
H	I	H	          16606.2468         107.8000 

Dihedrals parameter:
Atom Types                           Kchi(K)    n    delta(degree) 
H	I	F	G	    226.4488    0     90.0000 
H	I	F	G	      0.0000    1    180.0000 
H	I	F	G	      0.0000    2      0.0000 
H	I	F	G	   -113.2244    3    180.0000 
H	I	F	G	      0.0000    4      0.0000 
H	I	F	G	      0.0000    5    180.0000 

================================================

Warning: Sum of the charge in the system is: 51.5000

================================================
NonBonded 1-4 parameters:
Type1  Type2             Epsilon(K)    Sigma(A)       N 
D      D                    16.6062      3.5000   12.00 
D      C                    35.4046      3.4500   12.00 
D      E                    11.1959      3.0000   12.00 
D      I                    16.6062      3.5000   12.00 
D      F                    26.6516      3.3100   12.00 
D      H                    11.1959      3.0000   12.00 
D      G                     0.0000      6.7500   12.00 
D      A                    16.6062      3.5000   12.00 
D      B                    11.1959      3.0000   12.00 
C      C                    75.4829      3.4000   12.00 
C      E                    23.8698      2.9500   12.00 
C      I                    35.4046      3.4500   12.00 
C      F                    56.8215      3.2600   12.00 
C      H                    23.8698      2.9500   12.00 
C      G                     0.0000      6.7000   12.00 
C      A                    35.4046      3.4500   12.00 
C      B                    23.8698      2.9500   12.00 
E      E                     7.5483      2.5000   12.00 
E      I                    11.1959      3.0000   12.00 
E      F                    17.9685      2.8100   12.00 
E      H                     7.5483      2.5000   12.00 
E      G                     0.0000      6.2500   12.00 
E      A                    11.1959      3.0000   12.00 
E      B                     7.5483      2.5000   12.00 
I      I                    16.6062      3.5000   12.00 
I      F                    26.6516      3.3100   12.00 
I      H                    11.1959      3.0000   12.00 
I      G                     0.0000      6.7500   12.00 
I      A                    16.6062      3.5000   12.00 
I      B                    11.1959      3.0000   12.00 
F      F                    42.7737      3.1200   12.00 
F      H                    17.9685      2.8100   12.00 
F      G                     0.0000      6.5600   12.00 
F      A                    26.6516      3.3100   12.00 
F      B                    17.9685      2.8100   12.00 
H      H                     7.5483      2.5000   12.00 
H      G                     0.0000      6.2500   12.00 
H      A                    11.1959      3.0000   12.00 
H      B                     7.5483      2.5000   12.00 
G      G                     0.0000     10.0000   12.00 
G      A                     0.0000      6.7500   12.00 
G      B                     0.0000      6.2500   12.00 
A      A                    16.6062      3.5000   12.00 
A      B                    11.1959      3.0000   12.00 
B      B                     7.5483      2.5000   12.00 

NonBonded parameters:
Type1  Type2             Epsilon(K)    Sigma(A)       N 
D      D                    33.2125      3.5000   12.00 
D      C                    70.8093      3.4500   12.00 
D      E                    22.3919      3.0000   12.00 
D      I                    33.2125      3.5000   12.00 
D      F                    53.3033      3.3100   12.00 
D      H                    22.3919      3.0000   12.00 
D      G                     0.0000      6.7500   12.00 
D      A                    33.2125      3.5000   12.00 
D      B                    22.3919      3.0000   12.00 
C      C                   150.9659      3.4000   12.00 
C      E                    47.7396      2.9500   12.00 
C      I                    70.8093      3.4500   12.00 
C      F                   113.6430      3.2600   12.00 
C      H                    47.7396      2.9500   12.00 
C      G                     0.0000      6.7000   12.00 
C      A                    70.8093      3.4500   12.00 
C      B                    47.7396      2.9500   12.00 
E      E                    15.0966      2.5000   12.00 
E      I                    22.3919      3.0000   12.00 
E      F                    35.9371      2.8100   12.00 
E      H                    15.0966      2.5000   12.00 
E      G                     0.0000      6.2500   12.00 
E      A                    22.3919      3.0000   12.00 
E      B                    15.0966      2.5000   12.00 
I      I                    33.2125      3.5000   12.00 
I      F                    53.3033      3.3100   12.00 
I      H                    22.3919      3.0000   12.00 
I      G                     0.0000      6.7500   12.00 
I      A                    33.2125      3.5000   12.00 
I      B                    22.3919      3.0000   12.00 
F      F                    85.5473      3.1200   12.00 
F      H                    35.9371      2.8100   12.00 
F      G                     0.0000      6.5600   12.00 
F      A                    53.3033      3.3100   12.00 
F      B                    35.9371      2.8100   12.00 
H      H                    15.0966      2.5000   12.00 
H      G                     0.0000      6.2500   12.00 
H      A                    22.3919      3.0000   12.00 
H      B                    15.0966      2.5000   12.00 
G      G                     0.0000     10.0000   12.00 
G      A                     0.0000      6.7500   12.00 
G      B                     0.0000      6.2500   12.00 
A      A                    33.2125      3.5000   12.00 
A      B                    22.3919      3.0000   12.00 
B      B                    15.0966      2.5000   12.00 

Info: Box  0:  Periodic Cell Basis 1     45.000   0.000   0.000 
Info: Box  0:  Periodic Cell Basis 2      0.000  45.000   0.000 
Info: Box  0:  Periodic Cell Basis 3      0.000   0.000  45.000 

Minimum coordinates in box 0: x =    1.929, y =    1.949, z =    1.900
Maximum coordinates in box 0: x =   43.097, y =   43.090, z =   43.061
Wrapping molecules inside the simulation box 0:
Box: 0, RecipVectors:   9402, kmax: 17

################################################################################
########################## INITIAL SIMULATION ENERGY ###########################

ETITLE:     STEP           TOTAL        INTRA(B)       INTRA(NB)       INTER(LJ)             LRC     TOTAL_ELECT            REAL           RECIP            SELF            CORR

ENER_0:        0      2.7088e+07      8.1006e+05      0.0000e+00      2.6237e+07     -1.0575e+05      1.4673e+05      3.4023e+04      8.6102e+05     -1.2962e+07      1.2214e+07

STITLE:     STEP          VOLUME        PRESSURE     TOT_DENSITY

STAT_0:        0      9.1125e+04      2.5498e+05      8.9812e+02

################################################################################
############################# STARTING SIMULATION ##############################

MTITLE:     STEP          DISTRY       DISACCEPT      DISACCEPT%          DISMAX          ROTATE       ROTACCEPT      ROTACCEPT%          ROTMAX       INTRASWAP       INTACCEPT      INTACCEPT%        REGROWTH    REGROWACCEPT   REGROWACCEPT%      CRANKSHAFT  CRKSHAFTACCEPT CRKSHAFTACCEPT%          VOLUME       VOLACCEPT      VOLACCEPT%          VOLMAX

ETITLE:     STEP           TOTAL        INTRA(B)       INTRA(NB)       INTER(LJ)             LRC     TOTAL_ELECT            REAL           RECIP            SELF            CORR

STITLE:     STEP          VOLUME        PRESSURE     TOT_DENSITY

Printed combined psf to file Output_data_merged.psf
MOVE_0:     1000             137              10      7.2993e+00      1.6714e+00             139              42      3.0216e+01      4.8736e-01             295             145      4.9153e+01             302             105      3.4768e+01             120              54      4.5000e+01               7               6      8.5714e+01      8.5714e+02

ENER_0:     1000      1.7272e+07      9.8987e+05      0.0000e+00      1.6465e+07     -1.0404e+05     -7.8271e+04     -2.8883e+04      6.9309e+05     -1.2962e+07      1.2220e+07

STAT_0:     1000      9.2619e+04      1.6687e+05      8.8363e+02

PRES_0:     1000      1.6038e+05      1.7018e+05      1.6931e+05

Checkpoint saved to checkpoint.dat
Steps/sec:  30.046, Simulation ends in:   0 d:   0 h:   5 m 

MOVE_0:     2000             275              19      6.9091e+00      1.2447e-01             287             115      4.0070e+01      4.7640e-01             585             220      3.7607e+01             615             198      3.2195e+01             222              93      4.1892e+01              16              13      8.1250e+01      1.3333e+03

ENER_0:     2000      1.0654e+07      1.0846e+06      0.0000e+00      9.8655e+06     -1.0011e+05     -1.9603e+05     -7.0062e+04      6.1338e+05     -1.2962e+07      1.2223e+07

STAT_0:     2000      9.6253e+04      1.0349e+05      8.5027e+02

PRES_0:     2000      1.0036e+05      1.0535e+05      1.0403e+05

Checkpoint saved to checkpoint.dat
Steps/sec:  25.271, Simulation ends in:   0 d:   0 h:   5 m 

MOVE_0:     3000             440             109      2.4773e+01      1.3632e-01             433             185      4.2725e+01      4.5501e-01             860             254      2.9535e+01             898             276      3.0735e+01             332             143      4.3072e+01              37              22      5.9459e+01      1.1429e+03

ENER_0:     3000      5.8219e+06      1.1353e+06      0.0000e+00      5.0786e+06     -9.4790e+04     -2.9721e+05     -1.1247e+05      5.5210e+05     -1.2962e+07      1.2225e+07

STAT_0:     3000      1.0166e+05      5.9190e+04      8.0507e+02

PRES_0:     3000      5.5126e+04      6.1754e+04      5.9945e+04

Checkpoint saved to checkpoint.dat
Steps/sec:  12.657, Simulation ends in:   0 d:   0 h:   6 m 

MOVE_0:     4000             583             187      3.2075e+01      1.5406e-01             579             251      4.3351e+01      4.1277e-01            1143             293      2.5634e+01            1192             359      3.0117e+01             453             184      4.0618e+01              50              25      5.0000e+01      5.2747e+02

ENER_0:     4000      4.3296e+06      1.1613e+06      0.0000e+00      3.5829e+06     -9.3528e+04     -3.2109e+05     -1.2561e+05      5.3989e+05     -1.2962e+07      1.2227e+07

STAT_0:     4000      1.0303e+05      4.6530e+04      7.9435e+02

PRES_0:     4000      4.3798e+04      4.8311e+04      4.6738e+04

Checkpoint saved to checkpoint.dat
Steps/sec:  17.970, Simulation ends in:   0 d:   0 h:   6 m 

MOVE_0:     5000             738             276      3.7398e+01      1.7910e-01             741             339      4.5749e+01      4.3833e-01            1442             323      2.2399e+01            1460             448      3.0685e+01             557             217      3.8959e+01              62              29      4.6774e+01      3.5165e+02

ENER_0:     5000      3.4274e+06      1.1801e+06      0.0000e+00      2.7150e+06     -9.2625e+04     -3.7510e+05     -1.5800e+05      5.1646e+05     -1.2962e+07      1.2228e+07

STAT_0:     5000      1.0403e+05      3.9020e+04      7.8669e+02

PRES_0:     5000      3.6726e+04      3.9783e+04      3.9806e+04

Checkpoint saved to checkpoint.dat
Steps/sec:  19.300, Simulation ends in:   0 d:   0 h:   5 m 

MOVE_0:     6000             896             349      3.8951e+01      1.5927e-01             877             412      4.6978e+01      4.5863e-01            1714             339      1.9778e+01            1771             527      2.9757e+01             665             260      3.9098e+01              77              35      4.5455e+01      2.8132e+02

ENER_0:     6000      2.5735e+06      1.2016e+06      0.0000e+00      1.8798e+06     -9.1573e+04     -4.1638e+05     -1.8007e+05      4.9606e+05     -1.2962e+07      1.2230e+07

STAT_0:     6000      1.0523e+05      3.2150e+04      7.7775e+02

PRES_0:     6000      3.1616e+04      3.1927e+04      3.2163e+04

Checkpoint saved to checkpoint.dat
Steps/sec:  15.994, Simulation ends in:   0 d:   0 h:   4 m 

MOVE_0:     7000            1038             429      4.1329e+01      1.7609e-01            1020             486      4.7647e+01      4.7296e-01            2007             357      1.7788e+01            2096             603      2.8769e+01             750             292      3.8933e+01              89              38      4.2697e+01      1.4066e+02

ENER_0:     7000      2.0939e+06      1.2329e+06      0.0000e+00      1.3817e+06     -9.1216e+04     -4.2942e+05     -1.8009e+05      4.8190e+05     -1.2962e+07      1.2231e+07

STAT_0:     7000      1.0564e+05      2.8613e+04      7.7472e+02

PRES_0:     7000      2.8271e+04      2.8173e+04      2.8651e+04

Checkpoint saved to checkpoint.dat
Steps/sec:  18.441, Simulation ends in:   0 d:   0 h:   3 m 

MOVE_0:     8000            1181             495      4.1914e+01      1.6636e-01            1193             584      4.8952e+01      5.3253e-01            2285             371      1.6236e+01            2402             681      2.8351e+01             841             326      3.8763e+01              98              43      4.3878e+01      1.5629e+02

ENER_0:     8000      1.7074e+06      1.2564e+06      0.0000e+00      1.0133e+06     -9.0920e+04     -4.7149e+05     -2.0214e+05      4.6046e+05     -1.2962e+07      1.2232e+07

STAT_0:     8000      1.0598e+05      2.5509e+04      7.7220e+02

PRES_0:     8000      2.5794e+04      2.4982e+04      2.5008e+04

Checkpoint saved to checkpoint.dat
Steps/sec:  22.969, Simulation ends in:   0 d:   0 h:   2 m 

MOVE_0:     9000            1325             564      4.2566e+01      1.5642e-01            1345             658      4.8922e+01      5.0709e-01            2588             380      1.4683e+01            2713             762      2.8087e+01             914             355      3.8840e+01             115              53      4.6087e+01      1.8387e+02

ENER_0:     9000      1.2615e+06      1.2693e+06      0.0000e+00      5.6184e+05     -9.0089e+04     -4.7959e+05     -2.0802e+05      4.5809e+05     -1.2962e+07      1.2232e+07

STAT_0:     9000      1.0696e+05      2.1478e+04      7.6514e+02

PRES_0:     9000      2.1849e+04      2.0573e+04      2.1269e+04

Checkpoint saved to checkpoint.dat
Steps/sec:  14.429, Simulation ends in:   0 d:   0 h:   1 m 

MOVE_0:    10000            1458             645      4.4239e+01      1.9011e-01            1499             732      4.8833e+01      4.9179e-01            2891             388      1.3421e+01            3017             842      2.7909e+01            1009             394      3.9049e+01             126              61      4.8413e+01      2.6744e+02

ENER_0:    10000      8.9116e+05      1.2752e+06      0.0000e+00      2.1731e+05     -8.9497e+04     -5.1186e+05     -2.2733e+05      4.4463e+05     -1.2962e+07      1.2233e+07

STAT_0:    10000      1.0767e+05      1.8411e+04      7.6012e+02

PRES_0:    10000      1.8482e+04      1.8220e+04      1.7788e+04

Checkpoint saved to checkpoint.dat
Simulation Time (total): 5.4161e+02 sec.

Move Type                Mol. Kind      BOX_0      
% Accepted Displacement        CClH    44.01623 
% Accepted Displacement        COH     42.48366 
% Accepted Displacement        CH3     46.04743 
% Accepted Rotation            CClH    49.17695 
% Accepted Rotation            COH     48.18763 
% Accepted Rotation            CH3     49.08088 
% Accepted Volume-Transfer             48.41270 
% Accepted Intra-Swap          CClH    14.24180 
% Accepted Intra-Swap          COH     11.97917 
% Accepted Intra-Swap          CH3     14.03141 
% Accepted Regrowth            CClH    25.83497 
% Accepted Regrowth            COH     36.75565 
% Accepted Regrowth            CH3     21.56098 
% Accepted Crank-Shaft         CClH    25.60976 
% Accepted Crank-Shaft         COH     68.87052 
% Accepted Crank-Shaft         CH3     18.86792 

Displacement:                            6.2271    sec.
Rotation:                                6.9437    sec.
MultiParticle:                           0.0000    sec.
Intra-Swap:                             41.1117    sec.
Regrowth:                               34.0183    sec.
Intra-MEMC:                              0.0000    sec.
Crank-Shaft:                            10.7518    sec.
Vol-Transfer:                          409.1982    sec.

Info: GOMC Version 2.70
Info: Completed at: Sun Aug  8 12:04:22 2021
Info: On hostname: anushabhattacharyya-VirtualBox
