Info: GOMC Version 2.70
Info: Start Time: Sun Aug  8 22:28:21 2021
Info: Host Name: anushabhattacharyya-VirtualBox
CPU information:
Info: Total number of CPUs: 1
Info: Total number of CPUs available: 1
Info: Model name: AMD Ryzen 7 5800X 8-Core Processor
Info: System name: Linux
Info: Release: 5.11.0-25-generic
Info: Version: #27~20.04.1-Ubuntu SMP Tue Jul 13 17:41:23 UTC 2021
Info: Kernel Architecture: x86_64
Info: Total Ram: 23627.8MB
Info: Used Ram: 11747.6MB
Info: Working in the current directory: /home/anushabhattacharyya/Cl Alcohols-NPT/13-CCl3CCl2COHCH3
Info: GOMC COMPILED TO RUN ISOBARIC-ISOTHERMAL ENSEMBLE.
Info: Number of threads                  1 
Info: Compiled with OpenMP Version       4.5

Reading Input File:                      in_NPT.conf
Info: Random seed                        Active 
Info: PARAMETER file                     CHARMM format! 
Info: Input Temperature                  298.0000 K
Info: Input Pressure                     410.0000 bar
Info: Volume change using constant ratio.
Info: Non-truncated potential            Active 
Info: Long Range Correction              Active 
Info: Cutoff                             10.0000 A
Info: Short Range Cutoff                 1.0000 A
Info: Exclude                            ONE-FOUR 
Info: Ewald Summation                    Active 
Info: Cache Ewald Fourier                Inactive 
Info: Ewald Summation Tolerance          1.000E-05 
Info: Pressure calculation frequency     2500 
Info: Total number of steps              25000 
Info: Number of equilibration steps      2500 
Info: Move adjustment frequency          1000 
Info: Displacement move frequency        0.1500 
Info: Rotation move frequency            0.1500 
Info: Intra-Swap move frequency          0.2900 
Warning: Unknown input SwapFreq!
Info: Regrowth move frequency            0.3000 
Info: Crank-Shaft move frequency         0.1000 
Info: Volume move frequency              0.0100 
Info: Multi-Particle move frequency      0.0000 
Info: IntraMEMC-1 move frequency         0.0000 
Warning: Unknown input MEMC-1Freq!
Info: IntraMEMC-2 move frequency         0.0000 
Warning: Unknown input MEMC-2Freq!
Info: IntraMEMC-3 move frequency         0.0000 
Warning: Unknown input MEMC-3Freq!
Info: CBMC First atom trials             12   
Info: CBMC Secondary atom trials         10   
Info: CBMC Angle trials                  50   
Info: CBMC Dihedral trials               50   
Info: Output name                        Output_data 
Info: Restart frequency                  2500 
Info: Checkpoint frequency               2500 
Info: Coordinate frequency               2500 
Info: Console output frequency           2500 
Info: Average output frequency           2500 
Warning: Unknown input HistogramFreq!
Warning: Unknown input DistName!
Warning: Unknown input HistName!
Warning: Unknown input RunNumber!
Warning: Unknown input RunLetter!
Warning: Unknown input SampleFreq!
Warning: Unknown input OutMolNumber!
Default: Box  0  CutoffCoulomb           10.0000 A
Finished Reading Input File:             in_NPT.conf

Reading from CHARMM-Style parameter file:  	NPT_CCl3CH2COHCH3_file.inp
Reading BONDS parameters.
Reading ANGLES parameters.
Reading DIHEDRALS parameters.
Reading NONBONDED parameters.
Reading from system PDB coordinate file:  	NPT_CCl3CH2COHCH3.pdb
Finished reading:                       	NPT_CCl3CH2COHCH3.pdb
Random number seed: 3096960296
Warning: Dihedral is missing for CClH !
Warning: Dihedral is missing for CH3 !

Molecules in PSF:
Molecule Kind: CClH
Idx	name	type	charge	mass
0	C1	D	-0.0060	12.0108
1	Cl1	C	-0.2000	35.4532
2	Cl2	C	-0.2000	35.4532
3	Cl3	C	-0.2000	35.4532
4	H1	E	0.1030	1.0079

Bonds:
[0 1] [2 0] [3 0] [4 0] 

Angles:
[1 0 2] [1 0 3] [1 0 4] [2 0 3] [2 0 4] [3 0 4] 

Dihedrals:

Molecule Kind: CH3
Idx	name	type	charge	mass
0	C1	A	-0.2400	12.0108
1	H1	B	0.0600	1.0079
2	H2	B	0.0600	1.0079
3	H3	B	0.0600	1.0079
4	H4	B	0.0600	1.0079

Bonds:
[0 1] [2 0] [3 0] [4 0] 

Angles:
[1 0 2] [1 0 3] [1 0 4] [2 0 3] [2 0 4] [3 0 4] 

Dihedrals:

Molecule Kind: COH
Idx	name	type	charge	mass
0	C1	I	0.1450	12.0108
1	O1	F	-0.6830	15.9994
2	H1	H	0.0400	1.0079
3	H2	H	0.0400	1.0079
4	H3	H	0.0400	1.0079
5	H4	G	0.4180	1.0079

Bonds:
[0 1] [2 0] [3 0] [4 0] [5 1] 

Angles:
[0 1 5] [1 0 2] [1 0 3] [1 0 4] [2 0 3] [2 0 4] [3 0 4] 

Dihedrals:
[2 0 1 5] [3 0 1 5] [4 0 1 5] 

Bonds parameter:
Atom Types                             Kb(K)           b0(A) 
D	C	                 123288.8018           1.7810 
C	D	                 123288.8018           1.7810 
E	D	                 171094.6637           1.0900 

A	B	                 171094.6637           1.0900 
B	A	                 171094.6637           1.0900 

I	F	                 161030.2717           1.4100 
H	I	                 171094.6637           1.0900 
G	F	                 278280.4382           0.9450 

Angles parameter:
Atom Types                         Ktheta(K)         theta0(degree) 
C	D	C	          39251.1287         111.7000 
C	D	E	          25664.1995         107.6000 

B	A	B	          16606.2468         107.8000 

I	F	G	          27677.0779         108.5000 
F	I	H	          17612.6860         109.5000 
H	I	H	          16606.2468         107.8000 

Dihedrals parameter:
Atom Types                           Kchi(K)    n    delta(degree) 
H	I	F	G	    226.4488    0     90.0000 
H	I	F	G	      0.0000    1    180.0000 
H	I	F	G	      0.0000    2      0.0000 
H	I	F	G	   -113.2244    3    180.0000 
H	I	F	G	      0.0000    4      0.0000 
H	I	F	G	      0.0000    5    180.0000 

================================================

Warning: Sum of the charge in the system is: -251.5000

================================================
NonBonded 1-4 parameters:
Type1  Type2             Epsilon(K)    Sigma(A)       N 
D      D                    16.6062      3.5000   12.00 
D      C                    35.4046      3.4500   12.00 
D      E                    11.1959      3.0000   12.00 
D      I                    16.6062      3.5000   12.00 
D      F                    26.6516      3.3100   12.00 
D      H                    11.1959      3.0000   12.00 
D      G                     0.0000      6.7500   12.00 
D      A                    16.6062      3.5000   12.00 
D      B                    11.1959      3.0000   12.00 
C      C                    75.4829      3.4000   12.00 
C      E                    23.8698      2.9500   12.00 
C      I                    35.4046      3.4500   12.00 
C      F                    56.8215      3.2600   12.00 
C      H                    23.8698      2.9500   12.00 
C      G                     0.0000      6.7000   12.00 
C      A                    35.4046      3.4500   12.00 
C      B                    23.8698      2.9500   12.00 
E      E                     7.5483      2.5000   12.00 
E      I                    11.1959      3.0000   12.00 
E      F                    17.9685      2.8100   12.00 
E      H                     7.5483      2.5000   12.00 
E      G                     0.0000      6.2500   12.00 
E      A                    11.1959      3.0000   12.00 
E      B                     7.5483      2.5000   12.00 
I      I                    16.6062      3.5000   12.00 
I      F                    26.6516      3.3100   12.00 
I      H                    11.1959      3.0000   12.00 
I      G                     0.0000      6.7500   12.00 
I      A                    16.6062      3.5000   12.00 
I      B                    11.1959      3.0000   12.00 
F      F                    42.7737      3.1200   12.00 
F      H                    17.9685      2.8100   12.00 
F      G                     0.0000      6.5600   12.00 
F      A                    26.6516      3.3100   12.00 
F      B                    17.9685      2.8100   12.00 
H      H                     7.5483      2.5000   12.00 
H      G                     0.0000      6.2500   12.00 
H      A                    11.1959      3.0000   12.00 
H      B                     7.5483      2.5000   12.00 
G      G                     0.0000     10.0000   12.00 
G      A                     0.0000      6.7500   12.00 
G      B                     0.0000      6.2500   12.00 
A      A                    16.6062      3.5000   12.00 
A      B                    11.1959      3.0000   12.00 
B      B                     7.5483      2.5000   12.00 

NonBonded parameters:
Type1  Type2             Epsilon(K)    Sigma(A)       N 
D      D                    33.2125      3.5000   12.00 
D      C                    70.8093      3.4500   12.00 
D      E                    22.3919      3.0000   12.00 
D      I                    33.2125      3.5000   12.00 
D      F                    53.3033      3.3100   12.00 
D      H                    22.3919      3.0000   12.00 
D      G                     0.0000      6.7500   12.00 
D      A                    33.2125      3.5000   12.00 
D      B                    22.3919      3.0000   12.00 
C      C                   150.9659      3.4000   12.00 
C      E                    47.7396      2.9500   12.00 
C      I                    70.8093      3.4500   12.00 
C      F                   113.6430      3.2600   12.00 
C      H                    47.7396      2.9500   12.00 
C      G                     0.0000      6.7000   12.00 
C      A                    70.8093      3.4500   12.00 
C      B                    47.7396      2.9500   12.00 
E      E                    15.0966      2.5000   12.00 
E      I                    22.3919      3.0000   12.00 
E      F                    35.9371      2.8100   12.00 
E      H                    15.0966      2.5000   12.00 
E      G                     0.0000      6.2500   12.00 
E      A                    22.3919      3.0000   12.00 
E      B                    15.0966      2.5000   12.00 
I      I                    33.2125      3.5000   12.00 
I      F                    53.3033      3.3100   12.00 
I      H                    22.3919      3.0000   12.00 
I      G                     0.0000      6.7500   12.00 
I      A                    33.2125      3.5000   12.00 
I      B                    22.3919      3.0000   12.00 
F      F                    85.5473      3.1200   12.00 
F      H                    35.9371      2.8100   12.00 
F      G                     0.0000      6.5600   12.00 
F      A                    53.3033      3.3100   12.00 
F      B                    35.9371      2.8100   12.00 
H      H                    15.0966      2.5000   12.00 
H      G                     0.0000      6.2500   12.00 
H      A                    22.3919      3.0000   12.00 
H      B                    15.0966      2.5000   12.00 
G      G                     0.0000     10.0000   12.00 
G      A                     0.0000      6.7500   12.00 
G      B                     0.0000      6.2500   12.00 
A      A                    33.2125      3.5000   12.00 
A      B                    22.3919      3.0000   12.00 
B      B                    15.0966      2.5000   12.00 

Info: Box  0:  Periodic Cell Basis 1     45.000   0.000   0.000 
Info: Box  0:  Periodic Cell Basis 2      0.000  45.000   0.000 
Info: Box  0:  Periodic Cell Basis 3      0.000   0.000  45.000 

Minimum coordinates in box 0: x =    1.949, y =    1.958, z =    1.905
Maximum coordinates in box 0: x =   43.056, y =   43.021, z =   43.029
Wrapping molecules inside the simulation box 0:
Box: 0, RecipVectors:   9402, kmax: 17

################################################################################
########################## INITIAL SIMULATION ENERGY ###########################

ETITLE:     STEP           TOTAL        INTRA(B)       INTRA(NB)       INTER(LJ)             LRC     TOTAL_ELECT            REAL           RECIP            SELF            CORR

ENER_0:        0      1.1813e+08      8.1489e+05      0.0000e+00      1.1337e+08     -2.0512e+05      4.1493e+06      8.5090e+05      7.0764e+06     -1.3902e+07      1.0124e+07

STITLE:     STEP          VOLUME        PRESSURE     TOT_DENSITY

STAT_0:        0      9.1125e+04      1.0132e+06      1.5258e+03

################################################################################
############################# STARTING SIMULATION ##############################

MTITLE:     STEP          DISTRY       DISACCEPT      DISACCEPT%          DISMAX          ROTATE       ROTACCEPT      ROTACCEPT%          ROTMAX       INTRASWAP       INTACCEPT      INTACCEPT%        REGROWTH    REGROWACCEPT   REGROWACCEPT%      CRANKSHAFT  CRKSHAFTACCEPT CRKSHAFTACCEPT%          VOLUME       VOLACCEPT      VOLACCEPT%          VOLMAX

ETITLE:     STEP           TOTAL        INTRA(B)       INTRA(NB)       INTER(LJ)             LRC     TOTAL_ELECT            REAL           RECIP            SELF            CORR

STITLE:     STEP          VOLUME        PRESSURE     TOT_DENSITY

Printed combined psf to file Output_data_merged.psf
MOVE_0:     2500             383              46      1.2010e+01      1.0875e+00             369             132      3.5772e+01      2.1420e-01             719             231      3.2128e+01             755             195      2.5828e+01             249              71      2.8514e+01              25              10      4.0000e+01      2.4000e+02

ENER_0:     2500      7.6986e+07      1.0965e+06      0.0000e+00      7.6040e+07     -2.0156e+05      5.0844e+04      4.3129e+05      3.3859e+06     -1.3902e+07      1.0135e+07

STAT_0:     2500      9.2737e+04      6.7812e+05      1.4993e+03

PRES_0:     2500      6.6412e+05      7.0128e+05      6.6910e+05

Checkpoint saved to checkpoint.dat
Steps/sec:  25.932, Simulation ends in:   0 d:   0 h:  15 m 

MOVE_0:     5000             763             205      2.6868e+01      1.0697e-01             749             321      4.2857e+01      2.0433e-01            1410             304      2.1560e+01            1508             387      2.5663e+01             520             142      2.7308e+01              50              24      4.8000e+01      3.6571e+02

ENER_0:     5000      5.6998e+07      1.2222e+06      0.0000e+00      5.6835e+07     -1.9718e+05     -8.6153e+05      2.2635e+05      2.6724e+06     -1.3902e+07      1.0141e+07

STAT_0:     5000      9.4796e+04      5.0240e+05      1.4667e+03

PRES_0:     5000      4.9750e+05      5.1192e+05      4.9789e+05

Checkpoint saved to checkpoint.dat
Steps/sec:  25.881, Simulation ends in:   0 d:   0 h:  13 m 

MOVE_0:     7500            1142             374      3.2750e+01      8.3160e-02            1111             492      4.4284e+01      1.3874e-01            2108             346      1.6414e+01            2301             575      2.4989e+01             763             223      2.9227e+01              75              38      5.0667e+01      4.3886e+02

ENER_0:     7500      4.1104e+07      1.2823e+06      0.0000e+00      4.1221e+07     -1.9016e+05     -1.2085e+06      1.3986e+05      2.4075e+06     -1.3902e+07      1.0146e+07

STAT_0:     7500      9.8292e+04      3.5728e+05      1.4146e+03

PRES_0:     7500      3.5158e+05      3.6223e+05      3.5806e+05

Checkpoint saved to checkpoint.dat
Steps/sec:  25.442, Simulation ends in:   0 d:   0 h:  12 m 

MOVE_0:    10000            1518             557      3.6693e+01      7.2718e-02            1511             698      4.6195e+01      1.8552e-01            2830             401      1.4170e+01            3035             754      2.4843e+01            1007             295      2.9295e+01              99              46      4.6465e+01      1.7022e+02

ENER_0:    10000      3.0993e+07      1.3322e+06      0.0000e+00      3.1513e+07     -1.8651e+05     -1.6650e+06      4.6767e+04      2.0385e+06     -1.3902e+07      1.0151e+07

STAT_0:    10000      1.0022e+05      2.7619e+05      1.3873e+03

PRES_0:    10000      2.6868e+05      2.8275e+05      2.7712e+05

Checkpoint saved to checkpoint.dat
Steps/sec:  25.388, Simulation ends in:   0 d:   0 h:  10 m 

MOVE_0:    12500            1909             769      4.0283e+01      8.8046e-02            1907             911      4.7771e+01      2.3768e-01            3595             434      1.2072e+01            3733             912      2.4431e+01            1228             382      3.1107e+01             128              60      4.6875e+01      1.3755e+02

ENER_0:    12500      2.5109e+07      1.4003e+06      0.0000e+00      2.5853e+07     -1.8414e+05     -1.9599e+06     -2.6655e+04      1.8131e+06     -1.3902e+07      1.0155e+07

STAT_0:    12500      1.0151e+05      2.2949e+05      1.3698e+03

PRES_0:    12500      2.2848e+05      2.2551e+05      2.3447e+05

Checkpoint saved to checkpoint.dat
Steps/sec:  22.008, Simulation ends in:   0 d:   0 h:   9 m 

MOVE_0:    15000            2266             953      4.2056e+01      9.0464e-02            2322            1124      4.8407e+01      2.5444e-01            4315             459      1.0637e+01            4477            1076      2.4034e+01            1467             454      3.0948e+01             153              71      4.6405e+01      1.0913e+02

ENER_0:    15000      2.1414e+07      1.4223e+06      0.0000e+00      2.2323e+07     -1.8279e+05     -2.1487e+06     -7.8159e+04      1.6722e+06     -1.3902e+07      1.0159e+07

STAT_0:    15000      1.0226e+05      1.9982e+05      1.3597e+03

PRES_0:    15000      2.0337e+05      1.9611e+05      1.9996e+05

Checkpoint saved to checkpoint.dat
Steps/sec:  24.546, Simulation ends in:   0 d:   0 h:   7 m 

MOVE_0:    17500            2672            1155      4.3226e+01      9.1621e-02            2687            1321      4.9163e+01      2.2253e-01            5023             473      9.4167e+00            5232            1210      2.3127e+01            1709             524      3.0661e+01             177              81      4.5763e+01      8.3150e+01

ENER_0:    17500      1.8270e+07      1.4415e+06      0.0000e+00      1.9243e+07     -1.8204e+05     -2.2323e+06     -1.1723e+05      1.6253e+06     -1.3902e+07      1.0161e+07

STAT_0:    17500      1.0268e+05      1.7766e+05      1.3541e+03

PRES_0:    17500      1.8269e+05      1.7639e+05      1.7388e+05

Checkpoint saved to checkpoint.dat
Steps/sec:  25.256, Simulation ends in:   0 d:   0 h:   6 m 

MOVE_0:    20000            3054            1358      4.4466e+01      1.0606e-01            3053            1523      4.9885e+01      3.0871e-01            5734             491      8.5630e+00            5987            1363      2.2766e+01            1971             598      3.0340e+01             201              96      4.7761e+01      1.0975e+02

ENER_0:    20000      1.5420e+07      1.4580e+06      0.0000e+00      1.6516e+07     -1.8072e+05     -2.3734e+06     -1.6257e+05      1.5278e+06     -1.3902e+07      1.0163e+07

STAT_0:    20000      1.0343e+05      1.5538e+05      1.3443e+03

PRES_0:    20000      1.6061e+05      1.5468e+05      1.5082e+05

Checkpoint saved to checkpoint.dat
Steps/sec:  24.962, Simulation ends in:   0 d:   0 h:   4 m 

MOVE_0:    22500            3425            1547      4.5168e+01      1.1889e-01            3456            1727      4.9971e+01      2.9188e-01            6436             497      7.7222e+00            6749            1503      2.2270e+01            2216             682      3.0776e+01             218             106      4.8624e+01      2.3413e+02

ENER_0:    22500      1.2807e+07      1.4842e+06      0.0000e+00      1.3954e+07     -1.7883e+05     -2.4523e+06     -1.8370e+05      1.4693e+06     -1.3902e+07      1.0164e+07

STAT_0:    22500      1.0452e+05      1.3410e+05      1.3302e+03

PRES_0:    22500      1.3763e+05      1.3242e+05      1.3219e+05

Checkpoint saved to checkpoint.dat
Steps/sec:  32.084, Simulation ends in:   0 d:   0 h:   2 m 

MOVE_0:    25000            3801            1730      4.5514e+01      1.0365e-01            3855            1916      4.9702e+01      2.7671e-01            7138             509      7.1308e+00            7526            1654      2.1977e+01            2440             747      3.0615e+01             240             118      4.9167e+01      2.1284e+02

ENER_0:    25000      9.7962e+06      1.4876e+06      0.0000e+00      1.1061e+07     -1.7595e+05     -2.5761e+06     -2.1728e+05      1.3782e+06     -1.3902e+07      1.0165e+07

STAT_0:    25000      1.0623e+05      1.1170e+05      1.3088e+03

PRES_0:    25000      1.1402e+05      1.1079e+05      1.1022e+05

Checkpoint saved to checkpoint.dat
Simulation Time (total): 9.7766e+02 sec.

Move Type                Mol. Kind      BOX_0      
% Accepted Displacement        CClH    42.69294 
% Accepted Displacement        COH     47.93698 
% Accepted Displacement        CH3     45.68000 
% Accepted Rotation            CClH    49.21260 
% Accepted Rotation            COH     50.58185 
% Accepted Rotation            CH3     49.30556 
% Accepted Volume-Transfer             49.16667 
% Accepted Intra-Swap          CClH     4.13361 
% Accepted Intra-Swap          COH      8.18786 
% Accepted Intra-Swap          CH3      9.11425 
% Accepted Regrowth            CClH    10.07782 
% Accepted Regrowth            COH     33.74536 
% Accepted Regrowth            CH3     22.77580 
% Accepted Crank-Shaft         CClH    10.15719 
% Accepted Crank-Shaft         COH     58.22168 
% Accepted Crank-Shaft         CH3     23.35859 

Displacement:                           15.6142    sec.
Rotation:                               16.3585    sec.
MultiParticle:                           0.0000    sec.
Intra-Swap:                             85.5687    sec.
Regrowth:                               76.1033    sec.
Intra-MEMC:                              0.0000    sec.
Crank-Shaft:                            23.6434    sec.
Vol-Transfer:                          730.8235    sec.

Info: GOMC Version 2.70
Info: Completed at: Sun Aug  8 22:44:50 2021
Info: On hostname: anushabhattacharyya-VirtualBox
