Info: GOMC Version 2.70
Info: Start Time: Sun Aug  8 23:38:14 2021
Info: Host Name: anushabhattacharyya-VirtualBox
CPU information:
Info: Total number of CPUs: 1
Info: Total number of CPUs available: 1
Info: Model name: AMD Ryzen 7 5800X 8-Core Processor
Info: System name: Linux
Info: Release: 5.11.0-25-generic
Info: Version: #27~20.04.1-Ubuntu SMP Tue Jul 13 17:41:23 UTC 2021
Info: Kernel Architecture: x86_64
Info: Total Ram: 23627.8MB
Info: Used Ram: 11857.4MB
Info: Working in the current directory: /home/anushabhattacharyya/Cl Alcohols-NPT/16-CCl3CCl2CCl2COH2
Info: GOMC COMPILED TO RUN ISOBARIC-ISOTHERMAL ENSEMBLE.
Info: Number of threads                  1 
Info: Compiled with OpenMP Version       4.5

Reading Input File:                      in_NPT.conf
Info: Random seed                        Active 
Info: PARAMETER file                     CHARMM format! 
Info: Input Temperature                  298.0000 K
Info: Input Pressure                     410.0000 bar
Info: Volume change using constant ratio.
Info: Non-truncated potential            Active 
Info: Long Range Correction              Active 
Info: Cutoff                             10.0000 A
Info: Short Range Cutoff                 1.0000 A
Info: Exclude                            ONE-FOUR 
Info: Ewald Summation                    Active 
Info: Cache Ewald Fourier                Inactive 
Info: Ewald Summation Tolerance          1.000E-05 
Info: Pressure calculation frequency     2500 
Info: Total number of steps              25000 
Info: Number of equilibration steps      2500 
Info: Move adjustment frequency          1000 
Info: Displacement move frequency        0.1500 
Info: Rotation move frequency            0.1500 
Info: Intra-Swap move frequency          0.2900 
Warning: Unknown input SwapFreq!
Info: Regrowth move frequency            0.3000 
Info: Crank-Shaft move frequency         0.1000 
Info: Volume move frequency              0.0100 
Info: Multi-Particle move frequency      0.0000 
Info: IntraMEMC-1 move frequency         0.0000 
Warning: Unknown input MEMC-1Freq!
Info: IntraMEMC-2 move frequency         0.0000 
Warning: Unknown input MEMC-2Freq!
Info: IntraMEMC-3 move frequency         0.0000 
Warning: Unknown input MEMC-3Freq!
Info: CBMC First atom trials             12   
Info: CBMC Secondary atom trials         10   
Info: CBMC Angle trials                  50   
Info: CBMC Dihedral trials               50   
Info: Output name                        Output_data 
Info: Restart frequency                  2500 
Info: Checkpoint frequency               2500 
Info: Coordinate frequency               2500 
Info: Console output frequency           2500 
Info: Average output frequency           2500 
Warning: Unknown input HistogramFreq!
Warning: Unknown input DistName!
Warning: Unknown input HistName!
Warning: Unknown input RunNumber!
Warning: Unknown input RunLetter!
Warning: Unknown input SampleFreq!
Warning: Unknown input OutMolNumber!
Default: Box  0  CutoffCoulomb           10.0000 A
Finished Reading Input File:             in_NPT.conf

Reading from CHARMM-Style parameter file:  	NPT_CCl3CCl2CCl2COH2_file.inp
Reading BONDS parameters.
Reading ANGLES parameters.
Reading DIHEDRALS parameters.
Reading NONBONDED parameters.
Reading from system PDB coordinate file:  	NPT_CCl3CCl2CCl2COH2.pdb
Finished reading:                       	NPT_CCl3CCl2CCl2COH2.pdb
Random number seed: 1403658293
Warning: Dihedral is missing for CClH !

Molecules in PSF:
Molecule Kind: CClH
Idx	name	type	charge	mass
0	C1	B	-0.0060	12.0108
1	Cl1	A	-0.2000	35.4532
2	Cl2	A	-0.2000	35.4532
3	Cl3	A	-0.2000	35.4532
4	H1	C	0.1030	1.0079

Bonds:
[0 1] [2 0] [3 0] [4 0] 

Angles:
[1 0 2] [1 0 3] [1 0 4] [2 0 3] [2 0 4] [3 0 4] 

Dihedrals:

Molecule Kind: COH
Idx	name	type	charge	mass
0	C1	G	0.1450	12.0108
1	O1	D	-0.6830	15.9994
2	H1	F	0.0400	1.0079
3	H2	F	0.0400	1.0079
4	H3	F	0.0400	1.0079
5	H4	E	0.4180	1.0079

Bonds:
[0 1] [2 0] [3 0] [4 0] [5 1] 

Angles:
[0 1 5] [1 0 2] [1 0 3] [1 0 4] [2 0 3] [2 0 4] [3 0 4] 

Dihedrals:
[2 0 1 5] [3 0 1 5] [4 0 1 5] 

Bonds parameter:
Atom Types                             Kb(K)           b0(A) 
B	A	                 123288.8018           1.7810 
A	B	                 123288.8018           1.7810 
C	B	                 171094.6637           1.0900 

G	D	                 161030.2717           1.4100 
F	G	                 171094.6637           1.0900 
E	D	                 278280.4382           0.9450 

Angles parameter:
Atom Types                         Ktheta(K)         theta0(degree) 
A	B	A	          39251.1287         111.7000 
A	B	C	          25664.1995         107.6000 

G	D	E	          27677.0779         108.5000 
D	G	F	          17612.6860         109.5000 
F	G	F	          16606.2468         107.8000 

Dihedrals parameter:
Atom Types                           Kchi(K)    n    delta(degree) 
F	G	D	E	    226.4488    0     90.0000 
F	G	D	E	      0.0000    1    180.0000 
F	G	D	E	      0.0000    2      0.0000 
F	G	D	E	   -113.2244    3    180.0000 
F	G	D	E	      0.0000    4      0.0000 
F	G	D	E	      0.0000    5    180.0000 

================================================

Warning: Sum of the charge in the system is: -251.5000

================================================
NonBonded 1-4 parameters:
Type1  Type2             Epsilon(K)    Sigma(A)       N 
B      B                    16.6062      3.5000   12.00 
B      A                    35.4046      3.4500   12.00 
B      C                    11.1959      3.0000   12.00 
B      G                    16.6062      3.5000   12.00 
B      D                    26.6516      3.3100   12.00 
B      F                    11.1959      3.0000   12.00 
B      E                     0.0000      6.7500   12.00 
A      A                    75.4829      3.4000   12.00 
A      C                    23.8698      2.9500   12.00 
A      G                    35.4046      3.4500   12.00 
A      D                    56.8215      3.2600   12.00 
A      F                    23.8698      2.9500   12.00 
A      E                     0.0000      6.7000   12.00 
C      C                     7.5483      2.5000   12.00 
C      G                    11.1959      3.0000   12.00 
C      D                    17.9685      2.8100   12.00 
C      F                     7.5483      2.5000   12.00 
C      E                     0.0000      6.2500   12.00 
G      G                    16.6062      3.5000   12.00 
G      D                    26.6516      3.3100   12.00 
G      F                    11.1959      3.0000   12.00 
G      E                     0.0000      6.7500   12.00 
D      D                    42.7737      3.1200   12.00 
D      F                    17.9685      2.8100   12.00 
D      E                     0.0000      6.5600   12.00 
F      F                     7.5483      2.5000   12.00 
F      E                     0.0000      6.2500   12.00 
E      E                     0.0000     10.0000   12.00 

NonBonded parameters:
Type1  Type2             Epsilon(K)    Sigma(A)       N 
B      B                    33.2125      3.5000   12.00 
B      A                    70.8093      3.4500   12.00 
B      C                    22.3919      3.0000   12.00 
B      G                    33.2125      3.5000   12.00 
B      D                    53.3033      3.3100   12.00 
B      F                    22.3919      3.0000   12.00 
B      E                     0.0000      6.7500   12.00 
A      A                   150.9659      3.4000   12.00 
A      C                    47.7396      2.9500   12.00 
A      G                    70.8093      3.4500   12.00 
A      D                   113.6430      3.2600   12.00 
A      F                    47.7396      2.9500   12.00 
A      E                     0.0000      6.7000   12.00 
C      C                    15.0966      2.5000   12.00 
C      G                    22.3919      3.0000   12.00 
C      D                    35.9371      2.8100   12.00 
C      F                    15.0966      2.5000   12.00 
C      E                     0.0000      6.2500   12.00 
G      G                    33.2125      3.5000   12.00 
G      D                    53.3033      3.3100   12.00 
G      F                    22.3919      3.0000   12.00 
G      E                     0.0000      6.7500   12.00 
D      D                    85.5473      3.1200   12.00 
D      F                    35.9371      2.8100   12.00 
D      E                     0.0000      6.5600   12.00 
F      F                    15.0966      2.5000   12.00 
F      E                     0.0000      6.2500   12.00 
E      E                     0.0000     10.0000   12.00 

Info: Box  0:  Periodic Cell Basis 1     45.000   0.000   0.000 
Info: Box  0:  Periodic Cell Basis 2      0.000  45.000   0.000 
Info: Box  0:  Periodic Cell Basis 3      0.000   0.000  45.000 

Minimum coordinates in box 0: x =    1.951, y =    1.916, z =    1.912
Maximum coordinates in box 0: x =   43.054, y =   43.083, z =   43.064
Wrapping molecules inside the simulation box 0:
Box: 0, RecipVectors:   9402, kmax: 17

################################################################################
########################## INITIAL SIMULATION ENERGY ###########################

ETITLE:     STEP           TOTAL        INTRA(B)       INTRA(NB)       INTER(LJ)             LRC     TOTAL_ELECT            REAL           RECIP            SELF            CORR

ENER_0:        0      7.8611e+07      6.4386e+05      0.0000e+00      7.3474e+07     -1.4176e+05      4.6344e+06      8.6293e+05      7.5440e+06     -1.2751e+07      8.9782e+06

STITLE:     STEP          VOLUME        PRESSURE     TOT_DENSITY

STAT_0:        0      9.1125e+04      6.7631e+05      1.3796e+03

################################################################################
############################# STARTING SIMULATION ##############################

MTITLE:     STEP          DISTRY       DISACCEPT      DISACCEPT%          DISMAX          ROTATE       ROTACCEPT      ROTACCEPT%          ROTMAX       INTRASWAP       INTACCEPT      INTACCEPT%        REGROWTH    REGROWACCEPT   REGROWACCEPT%      CRANKSHAFT  CRKSHAFTACCEPT CRKSHAFTACCEPT%          VOLUME       VOLACCEPT      VOLACCEPT%          VOLMAX

ETITLE:     STEP           TOTAL        INTRA(B)       INTRA(NB)       INTER(LJ)             LRC     TOTAL_ELECT            REAL           RECIP            SELF            CORR

STITLE:     STEP          VOLUME        PRESSURE     TOT_DENSITY

Printed combined psf to file Output_data_merged.psf
MOVE_0:     2500             337              48      1.4243e+01      4.0883e-01             340             123      3.6176e+01      3.6567e-01             754             263      3.4881e+01             777             275      3.5393e+01             267             105      3.9326e+01              25              17      6.8000e+01      9.6970e+02

ENER_0:     2500      1.8057e+07      9.4881e+05      0.0000e+00      1.9515e+07     -1.3280e+05     -2.2744e+06      1.8035e+05      1.2927e+06     -1.2751e+07      9.0033e+06

STAT_0:     2500      9.7273e+04      1.8503e+05      1.2924e+03

PRES_0:     2500      1.8840e+05      1.8353e+05      1.8323e+05

Checkpoint saved to checkpoint.dat
Steps/sec:  34.443, Simulation ends in:   0 d:   0 h:  11 m 

MOVE_0:     5000             717             217      3.0265e+01      2.5644e-01             697             290      4.1607e+01      2.8646e-01            1442             336      2.3301e+01            1562             471      3.0154e+01             536             229      4.2724e+01              46              28      6.0870e+01      1.2121e+03

ENER_0:     5000      4.2633e+06      1.0422e+06      0.0000e+00      6.1548e+06     -1.2432e+05     -2.8094e+06     -1.6253e+04      9.4436e+05     -1.2751e+07      9.0132e+06

STAT_0:     5000      1.0391e+05      6.8807e+04      1.2099e+03

PRES_0:     5000      6.9239e+04      6.6301e+04      7.0884e+04

Checkpoint saved to checkpoint.dat
Steps/sec:  38.389, Simulation ends in:   0 d:   0 h:  10 m 

MOVE_0:     7500            1115             408      3.6592e+01      2.0748e-01            1038             472      4.5472e+01      3.6848e-01            2138             374      1.7493e+01            2339             682      2.9158e+01             792             332      4.1919e+01              78              45      5.7692e+01      1.3821e+03

ENER_0:     7500     -1.0236e+06      1.0609e+06      0.0000e+00      1.1624e+06     -1.1404e+05     -3.1328e+06     -1.6012e+05      7.6053e+05     -1.2751e+07      9.0175e+06

STAT_0:     7500      1.1327e+05      2.4208e+04      1.1099e+03

PRES_0:     7500      2.4843e+04      2.4420e+04      2.3288e+04

Checkpoint saved to checkpoint.dat
Steps/sec:  26.975, Simulation ends in:   0 d:   0 h:   9 m 

MOVE_0:    10000            1495             594      3.9732e+01      2.0163e-01            1426             677      4.7475e+01      3.7290e-01            2861             410      1.4331e+01            3059             847      2.7689e+01            1053             429      4.0741e+01             106              61      5.7547e+01      1.6083e+03

ENER_0:    10000     -3.0182e+06      1.0601e+06      0.0000e+00     -6.9068e+05     -1.0478e+05     -3.2828e+06     -2.3911e+05      6.8618e+05     -1.2751e+07      9.0208e+06

STAT_0:    10000      1.2328e+05      7.3910e+03      1.0197e+03

PRES_0:    10000      7.7532e+03      6.8313e+03      7.4591e+03

Checkpoint saved to checkpoint.dat
Steps/sec:  28.432, Simulation ends in:   0 d:   0 h:   8 m 

MOVE_0:    12500            1881             818      4.3488e+01      2.8260e-01            1779             873      4.9073e+01      4.3706e-01            3611             426      1.1797e+01            3808            1020      2.6786e+01            1295             552      4.2625e+01             126              73      5.7937e+01      1.2867e+03

ENER_0:    12500     -3.6693e+06      1.0363e+06      0.0000e+00     -1.2383e+06     -9.6637e+04     -3.3706e+06     -2.6997e+05      6.2667e+05     -1.2751e+07      9.0234e+06

STAT_0:    12500      1.3367e+05      1.5344e+03      9.4050e+02

PRES_0:    12500      1.8426e+03      1.1689e+03      1.4219e+03

Checkpoint saved to checkpoint.dat
Steps/sec:  36.014, Simulation ends in:   0 d:   0 h:   7 m 

MOVE_0:    15000            2260            1013      4.4823e+01      2.9498e-01            2138            1061      4.9626e+01      5.2905e-01            4360             440      1.0092e+01            4557            1174      2.5763e+01            1540             675      4.3831e+01             145              82      5.6552e+01      1.6212e+03

ENER_0:    15000     -3.8987e+06      9.8247e+05      0.0000e+00     -1.3305e+06     -9.3909e+04     -3.4567e+06     -3.0770e+05      5.7738e+05     -1.2751e+07      9.0243e+06

STAT_0:    15000      1.3756e+05      3.3621e+02      9.1395e+02

PRES_0:    15000      3.4931e+02      2.6424e+02      2.1360e+02

Checkpoint saved to checkpoint.dat
Steps/sec:  33.958, Simulation ends in:   0 d:   0 h:   6 m 

MOVE_0:    17500            2599            1185      4.5594e+01      2.6339e-01            2513            1268      5.0458e+01      6.1848e-01            5106             459      8.9894e+00            5306            1320      2.4877e+01            1805             787      4.3601e+01             171              93      5.4386e+01      3.2424e+02

ENER_0:    17500     -4.0316e+06      9.5679e+05      0.0000e+00     -1.3533e+06     -9.4661e+04     -3.5405e+06     -3.5169e+05      5.3847e+05     -1.2751e+07      9.0235e+06

STAT_0:    17500      1.3646e+05      3.2564e+02      9.2127e+02

PRES_0:    17500      2.4490e+02      3.3605e+02      2.1762e+02

Checkpoint saved to checkpoint.dat
Steps/sec:  27.074, Simulation ends in:   0 d:   0 h:   4 m 

MOVE_0:    20000            2981            1391      4.6662e+01      3.5195e-01            2863            1434      5.0087e+01      5.7497e-01            5823             479      8.2260e+00            6068            1445      2.3813e+01            2065             911      4.4116e+01             200             113      5.6500e+01      8.6463e+02

ENER_0:    20000     -4.1367e+06      9.4482e+05      0.0000e+00     -1.3739e+06     -9.5567e+04     -3.6120e+06     -3.8743e+05      5.0168e+05     -1.2751e+07      9.0245e+06

STAT_0:    20000      1.3517e+05      3.4054e+02      9.3009e+02

PRES_0:    20000      2.9479e+02      2.8923e+02      2.6310e+02

Checkpoint saved to checkpoint.dat
Steps/sec:  24.997, Simulation ends in:   0 d:   0 h:   3 m 

MOVE_0:    22500            3358            1570      4.6754e+01      3.5330e-01            3231            1626      5.0325e+01      6.1540e-01            6530             490      7.5038e+00            6795            1581      2.3267e+01            2350            1043      4.4383e+01             236             134      5.6780e+01      8.6463e+02

ENER_0:    22500     -4.2263e+06      9.4390e+05      0.0000e+00     -1.4039e+06     -9.6699e+04     -3.6696e+06     -4.1998e+05      4.7591e+05     -1.2751e+07      9.0252e+06

STAT_0:    22500      1.3359e+05      3.0653e+02      9.4111e+02

PRES_0:    22500      3.0216e+02      2.6632e+02      1.8154e+02

Checkpoint saved to checkpoint.dat
Steps/sec:  21.759, Simulation ends in:   0 d:   0 h:   2 m 

MOVE_0:    25000            3757            1761      4.6873e+01      2.6814e-01            3567            1787      5.0098e+01      5.6787e-01            7253             497      6.8523e+00            7556            1719      2.2750e+01            2603            1150      4.4180e+01             264             151      5.7197e+01      1.3652e+03

ENER_0:    25000     -4.3088e+06      9.2711e+05      0.0000e+00     -1.4253e+06     -9.7678e+04     -3.7130e+06     -4.4102e+05      4.5399e+05     -1.2751e+07      9.0248e+06

STAT_0:    25000      1.3225e+05      3.2359e+02      9.5063e+02

PRES_0:    25000      2.8457e+02      3.6914e+02      1.5190e+02

Checkpoint saved to checkpoint.dat
Simulation Time (total): 8.6046e+02 sec.

Move Type                Mol. Kind      BOX_0      
% Accepted Displacement        CClH    46.96653 
% Accepted Displacement        COH     46.77507 
% Accepted Rotation            CClH    49.80458 
% Accepted Rotation            COH     50.39414 
% Accepted Volume-Transfer             57.19697 
% Accepted Intra-Swap          CClH     5.36639 
% Accepted Intra-Swap          COH      8.37521 
% Accepted Regrowth            CClH    14.51570 
% Accepted Regrowth            COH     31.03265 
% Accepted Crank-Shaft         CClH    16.76647 
% Accepted Crank-Shaft         COH     73.08603 

Displacement:                           17.8901    sec.
Rotation:                               17.1983    sec.
MultiParticle:                           0.0000    sec.
Intra-Swap:                             70.1402    sec.
Regrowth:                               61.8830    sec.
Intra-MEMC:                              0.0000    sec.
Crank-Shaft:                            20.3421    sec.
Vol-Transfer:                          649.7012    sec.

Info: GOMC Version 2.70
Info: Completed at: Sun Aug  8 23:52:43 2021
Info: On hostname: anushabhattacharyya-VirtualBox
