Info: GOMC Version 2.70
Info: Start Time: Sun Aug  8 09:50:48 2021
Info: Host Name: anushabhattacharyya-VirtualBox
CPU information:
Info: Total number of CPUs: 1
Info: Total number of CPUs available: 1
Info: Model name: AMD Ryzen 7 5800X 8-Core Processor
Info: System name: Linux
Info: Release: 5.11.0-25-generic
Info: Version: #27~20.04.1-Ubuntu SMP Tue Jul 13 17:41:23 UTC 2021
Info: Kernel Architecture: x86_64
Info: Total Ram: 23627.8MB
Info: Used Ram: 10144.4MB
Info: Working in the current directory: /home/anushabhattacharyya/Cl Alcohols-NPT/17-CCl3CCl2CH2COH
Info: GOMC COMPILED TO RUN ISOBARIC-ISOTHERMAL ENSEMBLE.
Info: Number of threads                  1 
Info: Compiled with OpenMP Version       4.5

Reading Input File:                      in_NPT.conf
Info: Random seed                        Active 
Info: PARAMETER file                     CHARMM format! 
Info: Input Temperature                  248.0000 K
Info: Input Pressure                     410.0000 bar
Info: Volume change using constant ratio.
Info: Non-truncated potential            Active 
Info: Long Range Correction              Active 
Info: Cutoff                             10.0000 A
Info: Short Range Cutoff                 1.0000 A
Info: Exclude                            ONE-FOUR 
Info: Ewald Summation                    Active 
Info: Cache Ewald Fourier                Inactive 
Info: Ewald Summation Tolerance          1.000E-05 
Info: Pressure calculation frequency     1000 
Info: Total number of steps              10000 
Info: Number of equilibration steps      1000 
Info: Move adjustment frequency          1000 
Info: Displacement move frequency        0.1500 
Info: Rotation move frequency            0.1500 
Info: Intra-Swap move frequency          0.2900 
Warning: Unknown input SwapFreq!
Info: Regrowth move frequency            0.3000 
Info: Crank-Shaft move frequency         0.1000 
Info: Volume move frequency              0.0100 
Info: Multi-Particle move frequency      0.0000 
Info: IntraMEMC-1 move frequency         0.0000 
Warning: Unknown input MEMC-1Freq!
Info: IntraMEMC-2 move frequency         0.0000 
Warning: Unknown input MEMC-2Freq!
Info: IntraMEMC-3 move frequency         0.0000 
Warning: Unknown input MEMC-3Freq!
Info: CBMC First atom trials             12   
Info: CBMC Secondary atom trials         10   
Info: CBMC Angle trials                  50   
Info: CBMC Dihedral trials               50   
Info: Output name                        Output_data 
Info: Restart frequency                  1000 
Info: Checkpoint frequency               1000 
Info: Coordinate frequency               1000 
Info: Console output frequency           1000 
Info: Average output frequency           1000 
Warning: Unknown input HistogramFreq!
Warning: Unknown input DistName!
Warning: Unknown input HistName!
Warning: Unknown input RunNumber!
Warning: Unknown input RunLetter!
Warning: Unknown input SampleFreq!
Warning: Unknown input OutMolNumber!
Default: Box  0  CutoffCoulomb           10.0000 A
Finished Reading Input File:             in_NPT.conf

Reading from CHARMM-Style parameter file:  	NPT_CCl3CCl2CH2COH_file.inp
Reading BONDS parameters.
Reading ANGLES parameters.
Reading DIHEDRALS parameters.
Reading NONBONDED parameters.
Reading from system PDB coordinate file:  	NPT_CCl3CCl2CH2COH.pdb
Finished reading:                       	NPT_CCl3CCl2CH2COH.pdb
Random number seed: 3378361183
Warning: Dihedral is missing for CClH !
Warning: Dihedral is missing for CH3 !

Molecules in PSF:
Molecule Kind: CClH
Idx	name	type	charge	mass
0	C1	D	-0.0060	12.0108
1	Cl1	C	-0.2000	35.4532
2	Cl2	C	-0.2000	35.4532
3	Cl3	C	-0.2000	35.4532
4	H1	E	0.1030	1.0079

Bonds:
[0 1] [2 0] [3 0] [4 0] 

Angles:
[1 0 2] [1 0 3] [1 0 4] [2 0 3] [2 0 4] [3 0 4] 

Dihedrals:

Molecule Kind: CH3
Idx	name	type	charge	mass
0	C1	A	-0.2400	12.0108
1	H1	B	0.0600	1.0079
2	H2	B	0.0600	1.0079
3	H3	B	0.0600	1.0079
4	H4	B	0.0600	1.0079

Bonds:
[0 1] [2 0] [3 0] [4 0] 

Angles:
[1 0 2] [1 0 3] [1 0 4] [2 0 3] [2 0 4] [3 0 4] 

Dihedrals:

Molecule Kind: COH
Idx	name	type	charge	mass
0	C1	I	0.1450	12.0108
1	O1	F	-0.6830	15.9994
2	H1	H	0.0400	1.0079
3	H2	H	0.0400	1.0079
4	H3	H	0.0400	1.0079
5	H4	G	0.4180	1.0079

Bonds:
[0 1] [2 0] [3 0] [4 0] [5 1] 

Angles:
[0 1 5] [1 0 2] [1 0 3] [1 0 4] [2 0 3] [2 0 4] [3 0 4] 

Dihedrals:
[2 0 1 5] [3 0 1 5] [4 0 1 5] 

Bonds parameter:
Atom Types                             Kb(K)           b0(A) 
D	C	                 123288.8018           1.7810 
C	D	                 123288.8018           1.7810 
E	D	                 171094.6637           1.0900 

A	B	                 171094.6637           1.0900 
B	A	                 171094.6637           1.0900 

I	F	                 161030.2717           1.4100 
H	I	                 171094.6637           1.0900 
G	F	                 278280.4382           0.9450 

Angles parameter:
Atom Types                         Ktheta(K)         theta0(degree) 
C	D	C	          39251.1287         111.7000 
C	D	E	          25664.1995         107.6000 

B	A	B	          16606.2468         107.8000 

I	F	G	          27677.0779         108.5000 
F	I	H	          17612.6860         109.5000 
H	I	H	          16606.2468         107.8000 

Dihedrals parameter:
Atom Types                           Kchi(K)    n    delta(degree) 
H	I	F	G	    226.4488    0     90.0000 
H	I	F	G	      0.0000    1    180.0000 
H	I	F	G	      0.0000    2      0.0000 
H	I	F	G	   -113.2244    3    180.0000 
H	I	F	G	      0.0000    4      0.0000 
H	I	F	G	      0.0000    5    180.0000 

================================================

Warning: Sum of the charge in the system is: -251.5000

================================================
NonBonded 1-4 parameters:
Type1  Type2             Epsilon(K)    Sigma(A)       N 
D      D                    16.6062      3.5000   12.00 
D      C                    35.4046      3.4500   12.00 
D      E                    11.1959      3.0000   12.00 
D      I                    16.6062      3.5000   12.00 
D      F                    26.6516      3.3100   12.00 
D      H                    11.1959      3.0000   12.00 
D      G                     0.0000      6.7500   12.00 
D      A                    16.6062      3.5000   12.00 
D      B                    11.1959      3.0000   12.00 
C      C                    75.4829      3.4000   12.00 
C      E                    23.8698      2.9500   12.00 
C      I                    35.4046      3.4500   12.00 
C      F                    56.8215      3.2600   12.00 
C      H                    23.8698      2.9500   12.00 
C      G                     0.0000      6.7000   12.00 
C      A                    35.4046      3.4500   12.00 
C      B                    23.8698      2.9500   12.00 
E      E                     7.5483      2.5000   12.00 
E      I                    11.1959      3.0000   12.00 
E      F                    17.9685      2.8100   12.00 
E      H                     7.5483      2.5000   12.00 
E      G                     0.0000      6.2500   12.00 
E      A                    11.1959      3.0000   12.00 
E      B                     7.5483      2.5000   12.00 
I      I                    16.6062      3.5000   12.00 
I      F                    26.6516      3.3100   12.00 
I      H                    11.1959      3.0000   12.00 
I      G                     0.0000      6.7500   12.00 
I      A                    16.6062      3.5000   12.00 
I      B                    11.1959      3.0000   12.00 
F      F                    42.7737      3.1200   12.00 
F      H                    17.9685      2.8100   12.00 
F      G                     0.0000      6.5600   12.00 
F      A                    26.6516      3.3100   12.00 
F      B                    17.9685      2.8100   12.00 
H      H                     7.5483      2.5000   12.00 
H      G                     0.0000      6.2500   12.00 
H      A                    11.1959      3.0000   12.00 
H      B                     7.5483      2.5000   12.00 
G      G                     0.0000     10.0000   12.00 
G      A                     0.0000      6.7500   12.00 
G      B                     0.0000      6.2500   12.00 
A      A                    16.6062      3.5000   12.00 
A      B                    11.1959      3.0000   12.00 
B      B                     7.5483      2.5000   12.00 

NonBonded parameters:
Type1  Type2             Epsilon(K)    Sigma(A)       N 
D      D                    33.2125      3.5000   12.00 
D      C                    70.8093      3.4500   12.00 
D      E                    22.3919      3.0000   12.00 
D      I                    33.2125      3.5000   12.00 
D      F                    53.3033      3.3100   12.00 
D      H                    22.3919      3.0000   12.00 
D      G                     0.0000      6.7500   12.00 
D      A                    33.2125      3.5000   12.00 
D      B                    22.3919      3.0000   12.00 
C      C                   150.9659      3.4000   12.00 
C      E                    47.7396      2.9500   12.00 
C      I                    70.8093      3.4500   12.00 
C      F                   113.6430      3.2600   12.00 
C      H                    47.7396      2.9500   12.00 
C      G                     0.0000      6.7000   12.00 
C      A                    70.8093      3.4500   12.00 
C      B                    47.7396      2.9500   12.00 
E      E                    15.0966      2.5000   12.00 
E      I                    22.3919      3.0000   12.00 
E      F                    35.9371      2.8100   12.00 
E      H                    15.0966      2.5000   12.00 
E      G                     0.0000      6.2500   12.00 
E      A                    22.3919      3.0000   12.00 
E      B                    15.0966      2.5000   12.00 
I      I                    33.2125      3.5000   12.00 
I      F                    53.3033      3.3100   12.00 
I      H                    22.3919      3.0000   12.00 
I      G                     0.0000      6.7500   12.00 
I      A                    33.2125      3.5000   12.00 
I      B                    22.3919      3.0000   12.00 
F      F                    85.5473      3.1200   12.00 
F      H                    35.9371      2.8100   12.00 
F      G                     0.0000      6.5600   12.00 
F      A                    53.3033      3.3100   12.00 
F      B                    35.9371      2.8100   12.00 
H      H                    15.0966      2.5000   12.00 
H      G                     0.0000      6.2500   12.00 
H      A                    22.3919      3.0000   12.00 
H      B                    15.0966      2.5000   12.00 
G      G                     0.0000     10.0000   12.00 
G      A                     0.0000      6.7500   12.00 
G      B                     0.0000      6.2500   12.00 
A      A                    33.2125      3.5000   12.00 
A      B                    22.3919      3.0000   12.00 
B      B                    15.0966      2.5000   12.00 

Info: Box  0:  Periodic Cell Basis 1     45.000   0.000   0.000 
Info: Box  0:  Periodic Cell Basis 2      0.000  45.000   0.000 
Info: Box  0:  Periodic Cell Basis 3      0.000   0.000  45.000 

Minimum coordinates in box 0: x =    1.949, y =    1.958, z =    1.905
Maximum coordinates in box 0: x =   43.056, y =   43.021, z =   43.029
Wrapping molecules inside the simulation box 0:
Box: 0, RecipVectors:   9402, kmax: 17

################################################################################
########################## INITIAL SIMULATION ENERGY ###########################

ETITLE:     STEP           TOTAL        INTRA(B)       INTRA(NB)       INTER(LJ)             LRC     TOTAL_ELECT            REAL           RECIP            SELF            CORR

ENER_0:        0      1.1813e+08      8.1489e+05      0.0000e+00      1.1337e+08     -2.0512e+05      4.1493e+06      8.5090e+05      7.0764e+06     -1.3902e+07      1.0124e+07

STITLE:     STEP          VOLUME        PRESSURE     TOT_DENSITY

STAT_0:        0      9.1125e+04      1.0132e+06      1.5258e+03

################################################################################
############################# STARTING SIMULATION ##############################

MTITLE:     STEP          DISTRY       DISACCEPT      DISACCEPT%          DISMAX          ROTATE       ROTACCEPT      ROTACCEPT%          ROTMAX       INTRASWAP       INTACCEPT      INTACCEPT%        REGROWTH    REGROWACCEPT   REGROWACCEPT%      CRANKSHAFT  CRKSHAFTACCEPT CRKSHAFTACCEPT%          VOLUME       VOLACCEPT      VOLACCEPT%          VOLMAX

ETITLE:     STEP           TOTAL        INTRA(B)       INTRA(NB)       INTER(LJ)             LRC     TOTAL_ELECT            REAL           RECIP            SELF            CORR

STITLE:     STEP          VOLUME        PRESSURE     TOT_DENSITY

Printed combined psf to file Output_data_merged.psf
MOVE_0:     1000             157               2      1.2739e+00      2.1895e+00             148              38      2.5676e+01      3.9837e-01             301             136      4.5183e+01             286              66      2.3077e+01              94              22      2.3404e+01              14               9      6.4286e+01      6.4286e+02

ENER_0:     1000      8.3689e+07      9.5845e+05      0.0000e+00      8.2362e+07     -2.0130e+05      5.7020e+05      5.7911e+05      3.7615e+06     -1.3902e+07      1.0131e+07

STAT_0:     1000      9.2856e+04      7.2864e+05      1.4974e+03

PRES_0:     1000      7.1786e+05      7.5862e+05      7.0958e+05

Checkpoint saved to checkpoint.dat
Steps/sec:   9.237, Simulation ends in:   0 d:   0 h:  17 m 

MOVE_0:     2000             293              23      7.8498e+00      1.0883e+00             319              90      2.8213e+01      2.6633e-01             573             203      3.5428e+01             598             142      2.3746e+01             198              57      2.8788e+01              19              10      5.2632e+01      2.5714e+02

ENER_0:     2000      7.2208e+07      1.0138e+06      0.0000e+00      7.1686e+07     -2.0052e+05     -2.9160e+05      3.9607e+05      3.0783e+06     -1.3902e+07      1.0136e+07

STAT_0:     2000      9.3215e+04      6.3794e+05      1.4916e+03

PRES_0:     2000      6.2353e+05      6.7397e+05      6.1645e+05

Checkpoint saved to checkpoint.dat
Steps/sec:  35.788, Simulation ends in:   0 d:   0 h:  10 m 

MOVE_0:     3000             434              65      1.4977e+01      2.3667e-01             484             162      3.3471e+01      2.2678e-01             871             242      2.7784e+01             892             223      2.5000e+01             289              89      3.0796e+01              30              16      5.3333e+01      2.8052e+02

ENER_0:     3000      6.3910e+07      1.0668e+06      0.0000e+00      6.3640e+07     -1.9888e+05     -5.9782e+05      3.1001e+05      2.8551e+06     -1.3902e+07      1.0139e+07

STAT_0:     3000      9.3984e+04      5.6502e+05      1.4794e+03

PRES_0:     3000      5.4905e+05      5.9656e+05      5.4957e+05

Checkpoint saved to checkpoint.dat
Steps/sec:  11.547, Simulation ends in:   0 d:   0 h:   9 m 

MOVE_0:     4000             579             115      1.9862e+01      1.5536e-01             621             221      3.5588e+01      2.0283e-01            1175             283      2.4085e+01            1189             298      2.5063e+01             393             120      3.0534e+01              43              24      5.5814e+01      3.4525e+02

ENER_0:     4000      5.4375e+07      1.1178e+06      0.0000e+00      5.4409e+07     -1.9605e+05     -9.5657e+05      2.2902e+05      2.5746e+06     -1.3902e+07      1.0141e+07

STAT_0:     4000      9.5340e+04      4.7863e+05      1.4583e+03

PRES_0:     4000      4.5731e+05      5.1262e+05      4.6604e+05

Checkpoint saved to checkpoint.dat
Steps/sec:  10.090, Simulation ends in:   0 d:   0 h:   9 m 

MOVE_0:     5000             729             186      2.5514e+01      1.4754e-01             772             289      3.7435e+01      1.8546e-01            1478             313      2.1177e+01            1473             364      2.4711e+01             493             155      3.1440e+01              55              32      5.8182e+01      4.6034e+02

ENER_0:     5000      4.7812e+07      1.1472e+06      0.0000e+00      4.8118e+07     -1.9435e+05     -1.2582e+06      1.5056e+05      2.3488e+06     -1.3902e+07      1.0144e+07

STAT_0:     5000      9.6174e+04      4.2267e+05      1.4457e+03

PRES_0:     5000      4.0162e+05      4.5846e+05      4.0801e+05

Checkpoint saved to checkpoint.dat
Steps/sec:  10.723, Simulation ends in:   0 d:   0 h:   7 m 

MOVE_0:     6000             882             251      2.8458e+01      1.2939e-01             931             378      4.0602e+01      1.9570e-01            1750             336      1.9200e+01            1771             428      2.4167e+01             607             194      3.1960e+01              59              33      5.5932e+01      2.3017e+02

ENER_0:     6000      4.4656e+07      1.1898e+06      0.0000e+00      4.5036e+07     -1.9381e+05     -1.3766e+06      1.1054e+05      2.2686e+06     -1.3902e+07      1.0146e+07

STAT_0:     6000      9.6443e+04      3.9669e+05      1.4417e+03

PRES_0:     6000      3.7526e+05      4.3384e+05      3.8104e+05

Checkpoint saved to checkpoint.dat
Steps/sec:  20.224, Simulation ends in:   0 d:   0 h:   6 m 

MOVE_0:     7000            1042             328      3.1478e+01      1.2296e-01            1072             456      4.2537e+01      2.1110e-01            2045             350      1.7115e+01            2064             498      2.4128e+01             708             224      3.1638e+01              69              39      5.6522e+01      2.7620e+02

ENER_0:     7000      4.0859e+07      1.2211e+06      0.0000e+00      4.1305e+07     -1.9257e+05     -1.4750e+06      6.6372e+04      2.2118e+06     -1.3902e+07      1.0148e+07

STAT_0:     7000      9.7065e+04      3.6380e+05      1.4324e+03

PRES_0:     7000      3.4408e+05      3.9392e+05      3.5347e+05

Checkpoint saved to checkpoint.dat
Steps/sec:  12.020, Simulation ends in:   0 d:   0 h:   4 m 

MOVE_0:     8000            1200             402      3.3500e+01      1.1178e-01            1237             540      4.3654e+01      2.0085e-01            2317             368      1.5883e+01            2359             566      2.3993e+01             809             268      3.3127e+01              78              42      5.3846e+01      1.8414e+02

ENER_0:     8000      3.7787e+07      1.2504e+06      0.0000e+00      3.8346e+07     -1.9189e+05     -1.6175e+06      4.0350e+04      2.0938e+06     -1.3902e+07      1.0150e+07

STAT_0:     8000      9.7406e+04      3.3802e+05      1.4274e+03

PRES_0:     8000      3.2183e+05      3.6156e+05      3.3070e+05

Checkpoint saved to checkpoint.dat
Steps/sec:  13.271, Simulation ends in:   0 d:   0 h:   3 m 

MOVE_0:     9000            1341             477      3.5570e+01      1.1995e-01            1378             618      4.4848e+01      2.2831e-01            2620             384      1.4656e+01            2667             634      2.3772e+01             909             301      3.3113e+01              85              45      5.2941e+01      1.5783e+02

ENER_0:     9000      3.5663e+07      1.2891e+06      0.0000e+00      3.6342e+07     -1.9182e+05     -1.7761e+06      1.9463e+04      1.9547e+06     -1.3902e+07      1.0151e+07

STAT_0:     9000      9.7445e+04      3.2609e+05      1.4268e+03

PRES_0:     9000      3.1388e+05      3.4674e+05      3.1771e+05

Checkpoint saved to checkpoint.dat
Steps/sec:  29.727, Simulation ends in:   0 d:   0 h:   2 m 

MOVE_0:    10000            1479             533      3.6038e+01      9.5278e-02            1513             687      4.5406e+01      2.3074e-01            2923             402      1.3753e+01            2986             697      2.3342e+01            1005             326      3.2438e+01              94              49      5.2128e+01      1.4029e+02

ENER_0:    10000      3.2816e+07      1.3033e+06      0.0000e+00      3.3550e+07     -1.9077e+05     -1.8471e+06     -2.0886e+03      1.9040e+06     -1.3902e+07      1.0153e+07

STAT_0:    10000      9.7979e+04      3.0390e+05      1.4191e+03

PRES_0:    10000      3.0442e+05      3.1333e+05      2.9399e+05

Checkpoint saved to checkpoint.dat
Simulation Time (total): 6.9535e+02 sec.

Move Type                Mol. Kind      BOX_0      
% Accepted Displacement        CClH    38.07615 
% Accepted Displacement        COH     30.83004 
% Accepted Displacement        CH3     39.45148 
% Accepted Rotation            CClH    43.75000 
% Accepted Rotation            COH     44.54343 
% Accepted Rotation            CH3     47.76119 
% Accepted Volume-Transfer             52.12766 
% Accepted Intra-Swap          CClH     8.28157 
% Accepted Intra-Swap          COH     16.42371 
% Accepted Intra-Swap          CH3     16.48707 
% Accepted Regrowth            CClH    11.53846 
% Accepted Regrowth            COH     37.30000 
% Accepted Regrowth            CH3     21.29630 
% Accepted Crank-Shaft         CClH    11.35647 
% Accepted Crank-Shaft         COH     60.73620 
% Accepted Crank-Shaft         CH3     25.41436 

Displacement:                            9.9153    sec.
Rotation:                               11.0017    sec.
MultiParticle:                           0.0000    sec.
Intra-Swap:                             63.3015    sec.
Regrowth:                               52.5685    sec.
Intra-MEMC:                              0.0000    sec.
Crank-Shaft:                            17.0687    sec.
Vol-Transfer:                          494.6561    sec.

Info: GOMC Version 2.70
Info: Completed at: Sun Aug  8 10:02:40 2021
Info: On hostname: anushabhattacharyya-VirtualBox
