Info: GOMC Version 2.70
Info: Start Time: Sun Aug  8 04:52:46 2021
Info: Host Name: anushabhattacharyya-VirtualBox
CPU information:
Info: Total number of CPUs: 1
Info: Total number of CPUs available: 1
Info: Model name: AMD Ryzen 7 5800X 8-Core Processor
Info: System name: Linux
Info: Release: 5.11.0-25-generic
Info: Version: #27~20.04.1-Ubuntu SMP Tue Jul 13 17:41:23 UTC 2021
Info: Kernel Architecture: x86_64
Info: Total Ram: 23627.8MB
Info: Used Ram: 9859.8MB
Info: Working in the current directory: /home/anushabhattacharyya/Cl Alcohols-NPT/4-CCl3COHCCl3
Info: GOMC COMPILED TO RUN ISOBARIC-ISOTHERMAL ENSEMBLE.
Info: Number of threads                  1 
Info: Compiled with OpenMP Version       4.5

Reading Input File:                      in_NPT.conf
Info: Random seed                        Active 
Info: PARAMETER file                     CHARMM format! 
Info: Input Temperature                  248.0000 K
Info: Input Pressure                     410.0000 bar
Info: Volume change using constant ratio.
Info: Non-truncated potential            Active 
Info: Long Range Correction              Active 
Info: Cutoff                             10.0000 A
Info: Short Range Cutoff                 1.0000 A
Info: Exclude                            ONE-FOUR 
Info: Ewald Summation                    Active 
Info: Cache Ewald Fourier                Inactive 
Info: Ewald Summation Tolerance          1.000E-05 
Info: Pressure calculation frequency     1000 
Info: Total number of steps              10000 
Info: Number of equilibration steps      1000 
Info: Move adjustment frequency          1000 
Info: Displacement move frequency        0.1500 
Info: Rotation move frequency            0.1500 
Info: Intra-Swap move frequency          0.2900 
Warning: Unknown input SwapFreq!
Info: Regrowth move frequency            0.3000 
Info: Crank-Shaft move frequency         0.1000 
Info: Volume move frequency              0.0100 
Info: Multi-Particle move frequency      0.0000 
Info: IntraMEMC-1 move frequency         0.0000 
Warning: Unknown input MEMC-1Freq!
Info: IntraMEMC-2 move frequency         0.0000 
Warning: Unknown input MEMC-2Freq!
Info: IntraMEMC-3 move frequency         0.0000 
Warning: Unknown input MEMC-3Freq!
Info: CBMC First atom trials             12   
Info: CBMC Secondary atom trials         10   
Info: CBMC Angle trials                  50   
Info: CBMC Dihedral trials               50   
Info: Output name                        Output_data 
Info: Restart frequency                  1000 
Info: Checkpoint frequency               1000 
Info: Coordinate frequency               1000 
Info: Console output frequency           1000 
Info: Average output frequency           1000 
Warning: Unknown input HistogramFreq!
Warning: Unknown input DistName!
Warning: Unknown input HistName!
Warning: Unknown input RunNumber!
Warning: Unknown input RunLetter!
Warning: Unknown input SampleFreq!
Warning: Unknown input OutMolNumber!
Default: Box  0  CutoffCoulomb           10.0000 A
Finished Reading Input File:             in_NPT.conf

Reading from CHARMM-Style parameter file:  	NPT_CCl3COHCCl3_file.inp
Reading BONDS parameters.
Reading ANGLES parameters.
Reading DIHEDRALS parameters.
Reading NONBONDED parameters.
Reading from system PDB coordinate file:  	NPT_CCl3COHCCl3.pdb
Finished reading:                       	NPT_CCl3COHCCl3.pdb
Random number seed: 2447537544
Warning: Dihedral is missing for CClH !

Molecules in PSF:
Molecule Kind: CClH
Idx	name	type	charge	mass
0	C1	B	-0.0060	12.0108
1	Cl1	A	-0.2000	35.4532
2	Cl2	A	-0.2000	35.4532
3	Cl3	A	-0.2000	35.4532
4	H1	C	0.1030	1.0079

Bonds:
[0 1] [2 0] [3 0] [4 0] 

Angles:
[1 0 2] [1 0 3] [1 0 4] [2 0 3] [2 0 4] [3 0 4] 

Dihedrals:

Molecule Kind: COH
Idx	name	type	charge	mass
0	C1	G	0.1450	12.0108
1	O1	D	-0.6830	15.9994
2	H1	F	0.0400	1.0079
3	H2	F	0.0400	1.0079
4	H3	F	0.0400	1.0079
5	H4	E	0.4180	1.0079

Bonds:
[0 1] [2 0] [3 0] [4 0] [5 1] 

Angles:
[0 1 5] [1 0 2] [1 0 3] [1 0 4] [2 0 3] [2 0 4] [3 0 4] 

Dihedrals:
[2 0 1 5] [3 0 1 5] [4 0 1 5] 

Bonds parameter:
Atom Types                             Kb(K)           b0(A) 
B	A	                 123288.8018           1.7810 
A	B	                 123288.8018           1.7810 
C	B	                 171094.6637           1.0900 

G	D	                 161030.2717           1.4100 
F	G	                 171094.6637           1.0900 
E	D	                 278280.4382           0.9450 

Angles parameter:
Atom Types                         Ktheta(K)         theta0(degree) 
A	B	A	          39251.1287         111.7000 
A	B	C	          25664.1995         107.6000 

G	D	E	          27677.0779         108.5000 
D	G	F	          17612.6860         109.5000 
F	G	F	          16606.2468         107.8000 

Dihedrals parameter:
Atom Types                           Kchi(K)    n    delta(degree) 
F	G	D	E	    226.4488    0     90.0000 
F	G	D	E	      0.0000    1    180.0000 
F	G	D	E	      0.0000    2      0.0000 
F	G	D	E	   -113.2244    3    180.0000 
F	G	D	E	      0.0000    4      0.0000 
F	G	D	E	      0.0000    5    180.0000 

================================================

Warning: Sum of the charge in the system is: -251.5000

================================================
NonBonded 1-4 parameters:
Type1  Type2             Epsilon(K)    Sigma(A)       N 
B      B                    16.6062      3.5000   12.00 
B      A                    35.4046      3.4500   12.00 
B      C                    11.1959      3.0000   12.00 
B      G                    16.6062      3.5000   12.00 
B      D                    26.6516      3.3100   12.00 
B      F                    11.1959      3.0000   12.00 
B      E                     0.0000      6.7500   12.00 
A      A                    75.4829      3.4000   12.00 
A      C                    23.8698      2.9500   12.00 
A      G                    35.4046      3.4500   12.00 
A      D                    56.8215      3.2600   12.00 
A      F                    23.8698      2.9500   12.00 
A      E                     0.0000      6.7000   12.00 
C      C                     7.5483      2.5000   12.00 
C      G                    11.1959      3.0000   12.00 
C      D                    17.9685      2.8100   12.00 
C      F                     7.5483      2.5000   12.00 
C      E                     0.0000      6.2500   12.00 
G      G                    16.6062      3.5000   12.00 
G      D                    26.6516      3.3100   12.00 
G      F                    11.1959      3.0000   12.00 
G      E                     0.0000      6.7500   12.00 
D      D                    42.7737      3.1200   12.00 
D      F                    17.9685      2.8100   12.00 
D      E                     0.0000      6.5600   12.00 
F      F                     7.5483      2.5000   12.00 
F      E                     0.0000      6.2500   12.00 
E      E                     0.0000     10.0000   12.00 

NonBonded parameters:
Type1  Type2             Epsilon(K)    Sigma(A)       N 
B      B                    33.2125      3.5000   12.00 
B      A                    70.8093      3.4500   12.00 
B      C                    22.3919      3.0000   12.00 
B      G                    33.2125      3.5000   12.00 
B      D                    53.3033      3.3100   12.00 
B      F                    22.3919      3.0000   12.00 
B      E                     0.0000      6.7500   12.00 
A      A                   150.9659      3.4000   12.00 
A      C                    47.7396      2.9500   12.00 
A      G                    70.8093      3.4500   12.00 
A      D                   113.6430      3.2600   12.00 
A      F                    47.7396      2.9500   12.00 
A      E                     0.0000      6.7000   12.00 
C      C                    15.0966      2.5000   12.00 
C      G                    22.3919      3.0000   12.00 
C      D                    35.9371      2.8100   12.00 
C      F                    15.0966      2.5000   12.00 
C      E                     0.0000      6.2500   12.00 
G      G                    33.2125      3.5000   12.00 
G      D                    53.3033      3.3100   12.00 
G      F                    22.3919      3.0000   12.00 
G      E                     0.0000      6.7500   12.00 
D      D                    85.5473      3.1200   12.00 
D      F                    35.9371      2.8100   12.00 
D      E                     0.0000      6.5600   12.00 
F      F                    15.0966      2.5000   12.00 
F      E                     0.0000      6.2500   12.00 
E      E                     0.0000     10.0000   12.00 

Info: Box  0:  Periodic Cell Basis 1     45.000   0.000   0.000 
Info: Box  0:  Periodic Cell Basis 2      0.000  45.000   0.000 
Info: Box  0:  Periodic Cell Basis 3      0.000   0.000  45.000 

Minimum coordinates in box 0: x =    1.951, y =    1.916, z =    1.912
Maximum coordinates in box 0: x =   43.054, y =   43.083, z =   43.064
Wrapping molecules inside the simulation box 0:
Box: 0, RecipVectors:   9402, kmax: 17

################################################################################
########################## INITIAL SIMULATION ENERGY ###########################

ETITLE:     STEP           TOTAL        INTRA(B)       INTRA(NB)       INTER(LJ)             LRC     TOTAL_ELECT            REAL           RECIP            SELF            CORR

ENER_0:        0      7.8611e+07      6.4386e+05      0.0000e+00      7.3474e+07     -1.4176e+05      4.6344e+06      8.6293e+05      7.5440e+06     -1.2751e+07      8.9782e+06

STITLE:     STEP          VOLUME        PRESSURE     TOT_DENSITY

STAT_0:        0      9.1125e+04      6.7631e+05      1.3796e+03

################################################################################
############################# STARTING SIMULATION ##############################

MTITLE:     STEP          DISTRY       DISACCEPT      DISACCEPT%          DISMAX          ROTATE       ROTACCEPT      ROTACCEPT%          ROTMAX       INTRASWAP       INTACCEPT      INTACCEPT%        REGROWTH    REGROWACCEPT   REGROWACCEPT%      CRANKSHAFT  CRKSHAFTACCEPT CRKSHAFTACCEPT%          VOLUME       VOLACCEPT      VOLACCEPT%          VOLMAX

ETITLE:     STEP           TOTAL        INTRA(B)       INTRA(NB)       INTER(LJ)             LRC     TOTAL_ELECT            REAL           RECIP            SELF            CORR

STITLE:     STEP          VOLUME        PRESSURE     TOT_DENSITY

Printed combined psf to file Output_data_merged.psf
MOVE_0:     1000             165               8      4.8485e+00      1.0811e+00             158              59      3.7342e+01      5.8476e-01             259             159      6.1390e+01             299             107      3.5786e+01             110              53      4.8182e+01               9               3      3.3333e+01      3.3333e+02

ENER_0:     1000      4.3322e+07      8.1559e+05      0.0000e+00      4.3550e+07     -1.4026e+05     -9.0278e+05      4.1645e+05      2.4399e+06     -1.2751e+07      8.9916e+06

STAT_0:     1000      9.2098e+04      4.0288e+05      1.3651e+03

PRES_0:     1000      3.8636e+05      4.0287e+05      4.1954e+05

Checkpoint saved to checkpoint.dat
Steps/sec:  33.611, Simulation ends in:   0 d:   0 h:   5 m 

MOVE_0:     2000             317              30      9.4637e+00      3.0831e-01             302             114      3.7748e+01      4.5597e-01             574             256      4.4599e+01             572             206      3.6014e+01             220             101      4.5909e+01              15               7      4.6667e+01      4.4444e+02

ENER_0:     2000      2.6991e+07      9.0624e+05      0.0000e+00      2.8567e+07     -1.3949e+05     -2.3431e+06      1.7792e+05      1.2281e+06     -1.2751e+07      9.0016e+06

STAT_0:     2000      9.2610e+04      2.7516e+05      1.3575e+03

PRES_0:     2000      2.6141e+05      2.7692e+05      2.8729e+05

Checkpoint saved to checkpoint.dat
Steps/sec:  43.213, Simulation ends in:   0 d:   0 h:   4 m 

MOVE_0:     3000             472              84      1.7797e+01      2.1167e-01             442             165      3.7330e+01      3.3604e-01             867             308      3.5525e+01             863             293      3.3951e+01             332             158      4.7590e+01              24              11      4.5833e+01      3.9506e+02

ENER_0:     3000      1.8613e+07      9.7341e+05      0.0000e+00      2.0379e+07     -1.3845e+05     -2.6006e+06      7.7276e+04      1.0664e+06     -1.2751e+07      9.0065e+06

STAT_0:     3000      9.3301e+04      2.0400e+05      1.3475e+03

PRES_0:     3000      1.9412e+05      2.0796e+05      2.1005e+05

Checkpoint saved to checkpoint.dat
Steps/sec:  34.098, Simulation ends in:   0 d:   0 h:   4 m 

MOVE_0:     4000             608             137      2.2533e+01      1.6251e-01             597             236      3.9531e+01      3.1285e-01            1151             341      2.9626e+01            1159             380      3.2787e+01             448             209      4.6652e+01              37              18      4.8649e+01      4.2545e+02

ENER_0:     4000      1.2296e+07      1.0098e+06      0.0000e+00      1.4212e+07     -1.3654e+05     -2.7889e+06     -1.9793e+04      9.7175e+05     -1.2751e+07      9.0099e+06

STAT_0:     4000      9.4606e+04      1.4803e+05      1.3289e+03

PRES_0:     4000      1.3963e+05      1.5004e+05      1.5452e+05

Checkpoint saved to checkpoint.dat
Steps/sec:  28.158, Simulation ends in:   0 d:   0 h:   3 m 

MOVE_0:     5000             763             211      2.7654e+01      1.5363e-01             740             305      4.1216e+01      3.1097e-01            1454             372      2.5585e+01            1455             464      3.1890e+01             543             246      4.5304e+01              45              21      4.6667e+01      3.1909e+02

ENER_0:     5000      8.2653e+06      1.0397e+06      0.0000e+00      1.0306e+07     -1.3577e+05     -2.9442e+06     -6.8402e+04      8.6159e+05     -1.2751e+07      9.0134e+06

STAT_0:     5000      9.5141e+04      1.1353e+05      1.3214e+03

PRES_0:     5000      1.0501e+05      1.1947e+05      1.1620e+05

Checkpoint saved to checkpoint.dat
Steps/sec:  24.967, Simulation ends in:   0 d:   0 h:   3 m 

MOVE_0:     6000             919             298      3.2427e+01      1.7178e-01             882             370      4.1950e+01      2.8478e-01            1774             393      2.2153e+01            1728             537      3.1076e+01             648             288      4.4444e+01              49              24      4.8980e+01      4.7863e+02

ENER_0:     6000      6.2469e+06      1.0598e+06      0.0000e+00      8.3396e+06     -1.3537e+05     -3.0171e+06     -9.9427e+04      8.1773e+05     -1.2751e+07      9.0153e+06

STAT_0:     6000      9.5424e+04      9.6257e+04      1.3175e+03

PRES_0:     6000      8.8392e+04      9.9703e+04      1.0077e+05

Checkpoint saved to checkpoint.dat
Steps/sec:  29.174, Simulation ends in:   0 d:   0 h:   3 m 

MOVE_0:     7000            1064             367      3.4492e+01      1.6357e-01            1042             451      4.3282e+01      2.8404e-01            2067             408      1.9739e+01            2026             611      3.0158e+01             738             328      4.4444e+01              63              32      5.0794e+01      5.4701e+02

ENER_0:     7000      3.9153e+06      1.0827e+06      0.0000e+00      6.0153e+06     -1.3287e+05     -3.0498e+06     -1.1710e+05      7.9975e+05     -1.2751e+07      9.0183e+06

STAT_0:     7000      9.7219e+04      7.3520e+04      1.2932e+03

PRES_0:     7000      6.6021e+04      7.6743e+04      7.7872e+04

Checkpoint saved to checkpoint.dat
Steps/sec:  13.628, Simulation ends in:   0 d:   0 h:   2 m 

MOVE_0:     8000            1216             437      3.5938e+01      1.5043e-01            1179             533      4.5208e+01      3.5600e-01            2368             420      1.7736e+01            2330             694      2.9785e+01             835             373      4.4671e+01              72              38      5.2778e+01      7.2934e+02

ENER_0:     8000      2.1850e+06      1.1056e+06      0.0000e+00      4.3304e+06     -1.3125e+05     -3.1198e+06     -1.5759e+05      7.6780e+05     -1.2751e+07      9.0207e+06

STAT_0:     8000      9.8420e+04      5.8466e+04      1.2774e+03

PRES_0:     8000      5.4846e+04      6.1332e+04      5.9280e+04

Checkpoint saved to checkpoint.dat
Steps/sec:  18.440, Simulation ends in:   0 d:   0 h:   2 m 

MOVE_0:     9000            1374             500      3.6390e+01      1.1913e-01            1318             600      4.5524e+01      3.4846e-01            2661             435      1.6347e+01            2622             760      2.8986e+01             944             422      4.4703e+01              81              42      5.1852e+01      6.4831e+02

ENER_0:     9000      8.7745e+05      1.1053e+06      0.0000e+00      3.0762e+06     -1.3009e+05     -3.1740e+06     -1.8205e+05      7.3715e+05     -1.2751e+07      9.0217e+06

STAT_0:     9000      9.9296e+04      4.7732e+04      1.2661e+03

PRES_0:     9000      4.6079e+04      4.8374e+04      4.8794e+04

Checkpoint saved to checkpoint.dat
Steps/sec:  18.399, Simulation ends in:   0 d:   0 h:   1 m 

MOVE_0:    10000            1520             573      3.7697e+01      1.1736e-01            1460             666      4.5616e+01      3.2804e-01            2950             439      1.4881e+01            2925             826      2.8239e+01            1052             462      4.3916e+01              93              46      4.9462e+01      4.3220e+02

ENER_0:    10000     -6.9235e+03      1.1028e+06      0.0000e+00      2.2485e+06     -1.2880e+05     -3.2294e+06     -2.0350e+05      7.0096e+05     -1.2751e+07      9.0239e+06

STAT_0:    10000      1.0029e+05      3.9843e+04      1.2535e+03

PRES_0:    10000      3.8523e+04      4.0130e+04      4.0913e+04

Checkpoint saved to checkpoint.dat
Simulation Time (total): 4.4072e+02 sec.

Move Type                Mol. Kind      BOX_0      
% Accepted Displacement        CClH    38.03922 
% Accepted Displacement        COH     37.35099 
% Accepted Rotation            CClH    43.57977 
% Accepted Rotation            COH     47.89550 
% Accepted Volume-Transfer             49.46237 
% Accepted Intra-Swap          CClH    12.68358 
% Accepted Intra-Swap          COH     17.14876 
% Accepted Regrowth            CClH    20.34018 
% Accepted Regrowth            COH     35.60106 
% Accepted Crank-Shaft         CClH    23.44045 
% Accepted Crank-Shaft         COH     64.62715 

Displacement:                            9.2164    sec.
Rotation:                                9.3812    sec.
MultiParticle:                           0.0000    sec.
Intra-Swap:                             46.6362    sec.
Regrowth:                               38.7497    sec.
Intra-MEMC:                              0.0000    sec.
Crank-Shaft:                            13.2227    sec.
Vol-Transfer:                          291.7959    sec.

Info: GOMC Version 2.70
Info: Completed at: Sun Aug  8 05:00:18 2021
Info: On hostname: anushabhattacharyya-VirtualBox
