Info: GOMC Version 2.70
Info: Start Time: Sun Aug  8 05:17:57 2021
Info: Host Name: anushabhattacharyya-VirtualBox
CPU information:
Info: Total number of CPUs: 1
Info: Total number of CPUs available: 1
Info: Model name: AMD Ryzen 7 5800X 8-Core Processor
Info: System name: Linux
Info: Release: 5.11.0-25-generic
Info: Version: #27~20.04.1-Ubuntu SMP Tue Jul 13 17:41:23 UTC 2021
Info: Kernel Architecture: x86_64
Info: Total Ram: 23627.8MB
Info: Used Ram: 10071.7MB
Info: Working in the current directory: /home/anushabhattacharyya/Cl Alcohols-NVT/15-CClH2CH2COHCH3
Info: GOMC COMPILED TO RUN CANONICAL (NVT) ENSEMBLE.
Info: Number of threads                  1 
Info: Compiled with OpenMP Version       4.5

Reading Input File:                      in_NVT.conf
Info: Random seed                        Active 
Info: PARAMETER file                     CHARMM format! 
Info: Input Temperature                  298.0000 K
Info: Non-truncated potential            Active 
Info: Long Range Correction              Active 
Info: Cutoff                             10.0000 A
Info: Short Range Cutoff                 1.0000 A
Info: Exclude                            ONE-THREE 
Info: Cache Ewald Fourier                Inactive 
Info: Ewald Summation Tolerance          1.000E-05 
Info: Pressure calculation frequency     500000 
Info: Total number of steps              50000000 
Info: Number of equilibration steps      500000 
Info: Move adjustment frequency          1000
Info: Displacement move frequency        0.1500 
Info: Rotation move frequency            0.1500 
Info: Intra-Swap move frequency          0.3000 
Warning: Unknown input SwapFreq!
Info: Regrowth move frequency            0.3000 
Info: Crank-Shaft move frequency         0.1000 
Warning: Unknown input VolFreq!
Info: Multi-Particle move frequency      0.0000 
Info: IntraMEMC-1 move frequency         0.0000 
Warning: Unknown input MEMC-1Freq!
Info: IntraMEMC-2 move frequency         0.0000 
Warning: Unknown input MEMC-2Freq!
Info: IntraMEMC-3 move frequency         0.0000 
Warning: Unknown input MEMC-3Freq!
Info: CBMC First atom trials             12   
Info: CBMC Secondary atom trials         10   
Info: CBMC Angle trials                  50   
Info: CBMC Dihedral trials               50   
Info: Output name                        Output_data 
Info: Restart frequency                  500000
Info: Checkpoint frequency               500000
Info: Coordinate frequency               500000 
Info: Console output frequency           500000 
Info: Average output frequency           500000 
Warning: Unknown input HistogramFreq!
Warning: Unknown input DistName!
Warning: Unknown input HistName!
Warning: Unknown input RunNumber!
Warning: Unknown input RunLetter!
Warning: Unknown input SampleFreq!
Warning: Unknown input OutMolNumber!
Warning: Unknown input OutVolume!
Warning: 1-4 Electrostatic scaling set, but will be ignored.
Finished Reading Input File:             in_NVT.conf

Reading from CHARMM-Style parameter file:  	NVT_CClH2CH2COHCH3.inp
Reading BONDS parameters.
Reading ANGLES parameters.
Reading DIHEDRALS parameters.
Reading NONBONDED parameters.
Reading from system PDB coordinate file:  	NVT_CClH2CH2COHCH3.pdb
Finished reading:                       	NVT_CClH2CH2COHCH3.pdb
Random number seed: 1369609272
Warning: Dihedral is missing for CCl3 !
Warning: Dihedral is missing for CH3 !

Molecules in PSF:
Molecule Kind: CCl3
Idx	name	type	charge	mass
0	C1	D	-0.0060	12.0108
1	Cl1	C	-0.2000	35.4532
2	H1	E	0.1030	1.0079
3	H2	E	0.1030	1.0079
4	H3	E	0.1030	1.0079

Bonds:
[0 1] [2 0] [3 0] [4 0] 

Angles:
[1 0 2] [1 0 3] [1 0 4] [2 0 3] [2 0 4] [3 0 4] 

Dihedrals:

Molecule Kind: CH3
Idx	name	type	charge	mass
0	C1	A	-0.2400	12.0108
1	H1	B	0.0600	1.0079
2	H2	B	0.0600	1.0079
3	H3	B	0.0600	1.0079
4	H4	B	0.0600	1.0079

Bonds:
[0 1] [2 0] [3 0] [4 0] 

Angles:
[1 0 2] [1 0 3] [1 0 4] [2 0 3] [2 0 4] [3 0 4] 

Dihedrals:

Molecule Kind: COH
Idx	name	type	charge	mass
0	C1	I	0.1450	12.0108
1	O1	F	-0.6830	15.9994
2	H1	H	0.0400	1.0079
3	H2	H	0.0400	1.0079
4	H3	H	0.0400	1.0079
5	H4	G	0.4180	1.0079

Bonds:
[0 1] [2 0] [3 0] [4 0] [5 1] 

Angles:
[0 1 5] [1 0 2] [1 0 3] [1 0 4] [2 0 3] [2 0 4] [3 0 4] 

Dihedrals:
[2 0 1 5] [3 0 1 5] [4 0 1 5] 

Bonds parameter:
Atom Types                             Kb(K)           b0(A) 
D	C	                 123288.8018           1.7810 
E	D	                 171094.6637           1.0900 

A	B	                 171094.6637           1.0900 
B	A	                 171094.6637           1.0900 

I	F	                 161030.2717           1.4100 
H	I	                 171094.6637           1.0900 
G	F	                 278280.4382           0.9450 

Angles parameter:
Atom Types                         Ktheta(K)         theta0(degree) 
C	D	E	          25664.1995         107.6000 
E	D	E	          16606.2468         107.8000 

B	A	B	          16606.2468         107.8000 

I	F	G	          27677.0779         108.5000 
F	I	H	          17612.6860         109.5000 
H	I	H	          16606.2468         107.8000 

Dihedrals parameter:
Atom Types                           Kchi(K)    n    delta(degree) 
H	I	F	G	    226.4488    0     90.0000 
H	I	F	G	      0.0000    1    180.0000 
H	I	F	G	      0.0000    2      0.0000 
H	I	F	G	   -113.2244    3    180.0000 
H	I	F	G	      0.0000    4      0.0000 
H	I	F	G	      0.0000    5    180.0000 

Warning: Charge detected in CCl3 but Ewald Summaion method is disabled!

Warning: Charge detected in COH but Ewald Summaion method is disabled!

Warning: Charge detected in CH3 but Ewald Summaion method is disabled!

================================================

Warning: Sum of the charge in the system is: 22.8660

================================================
NonBonded 1-4 parameters:
Type1  Type2             Epsilon(K)    Sigma(A)       N 
D      D                    16.6062      3.5000   12.00 
D      C                    35.4046      3.4500   12.00 
D      E                    11.1959      3.0000   12.00 
D      I                    16.6062      3.5000   12.00 
D      F                    26.6516      3.3100   12.00 
D      H                    11.1959      3.0000   12.00 
D      G                     0.0000      6.7500   12.00 
D      A                    16.6062      3.5000   12.00 
D      B                    11.1959      3.0000   12.00 
C      C                    75.4829      3.4000   12.00 
C      E                    23.8698      2.9500   12.00 
C      I                    35.4046      3.4500   12.00 
C      F                    56.8215      3.2600   12.00 
C      H                    23.8698      2.9500   12.00 
C      G                     0.0000      6.7000   12.00 
C      A                    35.4046      3.4500   12.00 
C      B                    23.8698      2.9500   12.00 
E      E                     7.5483      2.5000   12.00 
E      I                    11.1959      3.0000   12.00 
E      F                    17.9685      2.8100   12.00 
E      H                     7.5483      2.5000   12.00 
E      G                     0.0000      6.2500   12.00 
E      A                    11.1959      3.0000   12.00 
E      B                     7.5483      2.5000   12.00 
I      I                    16.6062      3.5000   12.00 
I      F                    26.6516      3.3100   12.00 
I      H                    11.1959      3.0000   12.00 
I      G                     0.0000      6.7500   12.00 
I      A                    16.6062      3.5000   12.00 
I      B                    11.1959      3.0000   12.00 
F      F                    42.7737      3.1200   12.00 
F      H                    17.9685      2.8100   12.00 
F      G                     0.0000      6.5600   12.00 
F      A                    26.6516      3.3100   12.00 
F      B                    17.9685      2.8100   12.00 
H      H                     7.5483      2.5000   12.00 
H      G                     0.0000      6.2500   12.00 
H      A                    11.1959      3.0000   12.00 
H      B                     7.5483      2.5000   12.00 
G      G                     0.0000     10.0000   12.00 
G      A                     0.0000      6.7500   12.00 
G      B                     0.0000      6.2500   12.00 
A      A                    16.6062      3.5000   12.00 
A      B                    11.1959      3.0000   12.00 
B      B                     7.5483      2.5000   12.00 

NonBonded parameters:
Type1  Type2             Epsilon(K)    Sigma(A)       N 
D      D                    33.2125      3.5000   12.00 
D      C                    70.8093      3.4500   12.00 
D      E                    22.3919      3.0000   12.00 
D      I                    33.2125      3.5000   12.00 
D      F                    53.3033      3.3100   12.00 
D      H                    22.3919      3.0000   12.00 
D      G                     0.0000      6.7500   12.00 
D      A                    33.2125      3.5000   12.00 
D      B                    22.3919      3.0000   12.00 
C      C                   150.9659      3.4000   12.00 
C      E                    47.7396      2.9500   12.00 
C      I                    70.8093      3.4500   12.00 
C      F                   113.6430      3.2600   12.00 
C      H                    47.7396      2.9500   12.00 
C      G                     0.0000      6.7000   12.00 
C      A                    70.8093      3.4500   12.00 
C      B                    47.7396      2.9500   12.00 
E      E                    15.0966      2.5000   12.00 
E      I                    22.3919      3.0000   12.00 
E      F                    35.9371      2.8100   12.00 
E      H                    15.0966      2.5000   12.00 
E      G                     0.0000      6.2500   12.00 
E      A                    22.3919      3.0000   12.00 
E      B                    15.0966      2.5000   12.00 
I      I                    33.2125      3.5000   12.00 
I      F                    53.3033      3.3100   12.00 
I      H                    22.3919      3.0000   12.00 
I      G                     0.0000      6.7500   12.00 
I      A                    33.2125      3.5000   12.00 
I      B                    22.3919      3.0000   12.00 
F      F                    85.5473      3.1200   12.00 
F      H                    35.9371      2.8100   12.00 
F      G                     0.0000      6.5600   12.00 
F      A                    53.3033      3.3100   12.00 
F      B                    35.9371      2.8100   12.00 
H      H                    15.0966      2.5000   12.00 
H      G                     0.0000      6.2500   12.00 
H      A                    22.3919      3.0000   12.00 
H      B                    15.0966      2.5000   12.00 
G      G                     0.0000     10.0000   12.00 
G      A                     0.0000      6.7500   12.00 
G      B                     0.0000      6.2500   12.00 
A      A                    33.2125      3.5000   12.00 
A      B                    22.3919      3.0000   12.00 
B      B                    15.0966      2.5000   12.00 

Info: Box  0:  Periodic Cell Basis 1     45.000   0.000   0.000 
Info: Box  0:  Periodic Cell Basis 2      0.000  45.000   0.000 
Info: Box  0:  Periodic Cell Basis 3      0.000   0.000  45.000 

Minimum coordinates in box 0: x =    2.000, y =    1.980, z =    2.000
Maximum coordinates in box 0: x =   42.999, y =   42.999, z =   43.009
Wrapping molecules inside the simulation box 0:

################################################################################
########################## INITIAL SIMULATION ENERGY ###########################

ETITLE:     STEP           TOTAL        INTRA(B)       INTRA(NB)       INTER(LJ)             LRC     TOTAL_ELECT            REAL           RECIP            SELF            CORR

ENER_0:        0      2.2277e+06      3.5993e+05      0.0000e+00      1.8887e+06     -2.0846e+04      0.0000e+00      0.0000e+00      0.0000e+00      0.0000e+00      0.0000e+00

STITLE:     STEP        PRESSURE     TOT_DENSITY

STAT_0:        0      2.3868e+04      3.9877e+02

################################################################################
############################# STARTING SIMULATION ##############################

MTITLE:     STEP          DISTRY       DISACCEPT      DISACCEPT%          DISMAX          ROTATE       ROTACCEPT      ROTACCEPT%          ROTMAX       INTRASWAP       INTACCEPT      INTACCEPT%        REGROWTH    REGROWACCEPT   REGROWACCEPT%      CRANKSHAFT  CRKSHAFTACCEPT CRKSHAFTACCEPT%

ETITLE:     STEP           TOTAL        INTRA(B)       INTRA(NB)       INTER(LJ)             LRC     TOTAL_ELECT            REAL           RECIP            SELF            CORR

STITLE:     STEP        PRESSURE     TOT_DENSITY

Printed combined psf to file Output_data_merged.psf
MOVE_0:    500000           1496             659      4.4051e+01      7.9187e-01            1467             927      6.3190e+01      2.7212e+00            3037             575      1.8933e+01            3002             884      2.9447e+01             998             442      4.4289e+01

ENER_0:    500000     1.5864e+05      5.9721e+05      0.0000e+00     -4.1773e+05     -2.0846e+04      0.0000e+00      0.0000e+00      0.0000e+00      0.0000e+00      0.0000e+00

STAT_0:    500000     2.4320e+02      3.9877e+02

PRES_0:    500000     7.2590e+01     -6.9891e+01      8.1732e+00

Checkpoint saved to checkpoint.dat
Steps/sec: 206.791, Simulation ends in:   0 d:   2 h:   18 m 

MOVE_0:    1000000          3008            1415      4.7041e+01      6.0905e-01            2881            1808      6.2756e+01      2.6319e+00            6049             991      1.6383e+01            6051            1784      2.9483e+01            2011             936      4.6544e+01

ENER_0:    1000000    1.5668e+05      6.1136e+05      0.0000e+00     -4.3384e+05     -2.0846e+04      0.0000e+00      0.0000e+00      0.0000e+00      0.0000e+00      0.0000e+00

STAT_0:    1000000    1.3384e+02      3.9877e+02

PRES_0:    1000000   -1.4018e+02     -1.5116e+02     -2.5875e+01

Checkpoint saved to checkpoint.dat
Steps/sec: 236.635, Simulation ends in:   0 d:   2 h:   7 m 

MOVE_0:    1500000          4531            2200      4.8554e+01      7.1445e-01            4365            2710      6.2085e+01      2.8274e+00            9112            1466      1.6089e+01            8947            2676      2.9909e+01            3045            1430      4.6962e+01

ENER_0:    1500000    1.7749e+05      6.2294e+05      0.0000e+00     -4.2460e+05     -2.0846e+04      0.0000e+00      0.0000e+00      0.0000e+00      0.0000e+00      0.0000e+00

STAT_0:    1500000    1.4242e+02      3.9877e+02

PRES_0:    1500000   -9.7970e+01     -1.9395e+02      4.5171e-01

Checkpoint saved to checkpoint.dat
Steps/sec: 206.485, Simulation ends in:   0 d:   1 h:   56 m 

MOVE_0:    2000000          6087            2995      4.9203e+01      7.5599e-01            5859            3656      6.2400e+01      2.8573e+00           12116            1926      1.5896e+01           11921            3612      3.0299e+01            4017            1882      4.6851e+01

ENER_0:    2000000    1.8910e+05      6.3243e+05      0.0000e+00     -4.2248e+05     -2.0846e+04      0.0000e+00      0.0000e+00      0.0000e+00      0.0000e+00      0.0000e+00

STAT_0:    2000000    1.8613e+02      3.9877e+02

PRES_0:    2000000   -1.2692e+02     -8.5686e+01      5.2292e+01

Checkpoint saved to checkpoint.dat
Steps/sec: 208.579, Simulation ends in:   0 d:   1 h:   45 m 

MOVE_0:    2500000          7606            3767      4.9527e+01      7.4129e-01            7399            4608      6.2279e+01      2.8291e+00           15119            2360      1.5609e+01           14909            4513      3.0270e+01            4967            2333      4.6970e+01

ENER_0:    2500000    1.7518e+05      6.1371e+05      0.0000e+00     -4.1769e+05     -2.0846e+04      0.0000e+00      0.0000e+00      0.0000e+00      0.0000e+00      0.0000e+00

STAT_0:    2500000    1.1365e+02      3.9877e+02

PRES_0:    2500000   -1.9705e+02     -8.2042e+01     -9.8663e+01

Checkpoint saved to checkpoint.dat
Steps/sec: 215.745, Simulation ends in:   0 d:   1 h:   34 m 

MOVE_0:    3000000          9079            4516      4.9741e+01      6.4534e-01            8904            5527      6.2073e+01      2.6546e+00           18207            2803      1.5395e+01           17889            5466      3.0555e+01            5921            2792      4.7154e+01

ENER_0:    3000000    1.8196e+05      6.3281e+05      0.0000e+00     -4.3000e+05     -2.0846e+04      0.0000e+00      0.0000e+00      0.0000e+00      0.0000e+00      0.0000e+00

STAT_0:    3000000    1.6393e+02      3.9877e+02

PRES_0:    3000000   -9.1254e+01     -1.0368e+02     -3.1990e+01

Checkpoint saved to checkpoint.dat
Steps/sec: 208.567, Simulation ends in:   0 d:   1 h:   14 m 

MOVE_0:    3500000         10583            5291      4.9995e+01      7.3757e-01           10454            6498      6.2158e+01      2.7281e+00           21158            3226      1.5247e+01           20900            6459      3.0904e+01            6905            3221      4.6647e+01

ENER_0:    3500000    1.7963e+05      6.3267e+05      0.0000e+00     -4.3219e+05     -2.0846e+04      0.0000e+00      0.0000e+00      0.0000e+00      0.0000e+00      0.0000e+00

STAT_0:    3500000    1.9912e+02      3.9877e+02

PRES_0:    3500000   -7.5210e+01      8.1689e+00     -5.4333e+01

Checkpoint saved to checkpoint.dat
Steps/sec: 211.828, Simulation ends in:   0 d:   1 h:   3 m 

MOVE_0:    4000000         12158            6089      5.0082e+01      7.1350e-01           11909            7406      6.2188e+01      2.7658e+00           24108            3696      1.5331e+01           23919            7438      3.1097e+01            7906            3702      4.6825e+01

ENER_0:    4000000    1.8580e+05      6.4355e+05      0.0000e+00     -4.3690e+05     -2.0846e+04      0.0000e+00      0.0000e+00      0.0000e+00      0.0000e+00      0.0000e+00

STAT_0:    4000000    2.5398e+01      3.9877e+02

PRES_0:    4000000   -2.9101e+02     -1.9957e+02     -1.5195e+02

Checkpoint saved to checkpoint.dat
Steps/sec: 210.702, Simulation ends in:   0 d:   0 h:   42 m 

MOVE_0:    4500000         13671            6865      5.0216e+01      7.6487e-01           13456            8358      6.2114e+01      2.8526e+00           27087            4125      1.5229e+01           26884            8400      3.1245e+01            8902            4177      4.6922e+01

ENER_0:    4500000    1.8494e+05      6.3999e+05      0.0000e+00     -4.3421e+05     -2.0846e+04      0.0000e+00      0.0000e+00      0.0000e+00      0.0000e+00      0.0000e+00

STAT_0:    4500000    4.5219e+01      3.9877e+02

PRES_0:    4500000   -2.3033e+02     -2.3483e+02     -1.1791e+02

Checkpoint saved to checkpoint.dat
Steps/sec: 208.091, Simulation ends in:   0 d:   0 h:   21 m 

MOVE_0:   50000000         15126            7593      5.0198e+01      7.1212e-01           14936            9291      6.2205e+01      2.7544e+00           30087            4595      1.5272e+01           29925            9425      3.1495e+01            9926            4646      4.6806e+01

ENER_0:   50000000    1.7253e+05      6.2428e+05      0.0000e+00     -4.3090e+05     -2.0846e+04      0.0000e+00      0.0000e+00      0.0000e+00      0.0000e+00      0.0000e+00

STAT_0:   50000000    8.7078e+01      3.9877e+02

PRES_0:   50000000   -2.1710e+02     -1.2407e+02     -1.1631e+02

Checkpoint saved to checkpoint.dat
Simulation Time (total): 8.2155e+03 sec.

Move Type                Mol. Kind      BOX_0      
% Accepted Displacement        CCl3    50.28079 
% Accepted Displacement        COH     50.36670 
% Accepted Displacement        CH3     49.95093 
% Accepted Rotation            CCl3    51.40358 
% Accepted Rotation            COH     59.51028 
% Accepted Rotation            CH3     75.80875 
% Accepted Intra-Swap          CCl3    13.05099 
% Accepted Intra-Swap          COH     15.41197 
% Accepted Intra-Swap          CH3     17.29420 
% Accepted Regrowth            CCl3    25.04309 
% Accepted Regrowth            COH     39.73497 
% Accepted Regrowth            CH3     29.51759 
% Accepted Crank-Shaft         CCl3    24.43632 
% Accepted Crank-Shaft         COH     86.93406 
% Accepted Crank-Shaft         CH3     29.31703 

Displacement:                           10.7090    sec.
Rotation:                               10.5392    sec.
MultiParticle:                           0.0000    sec.
Intra-Swap:                            232.1911    sec.
Regrowth:                              165.3529    sec.
Intra-MEMC:                              0.0000    sec.
Crank-Shaft:                            50.6594    sec.

Info: GOMC Version 2.70
Info: Completed at: Sun Aug  8 05:25:49 2021
Info: On hostname: anushabhattacharyya-VirtualBox
