Info: GOMC Version 2.70
Info: Start Time: Sun Aug  8 11:28:44 2021
Info: Host Name: anushabhattacharyya-VirtualBox
CPU information:
Info: Total number of CPUs: 1
Info: Total number of CPUs available: 1
Info: Model name: AMD Ryzen 7 5800X 8-Core Processor
Info: System name: Linux
Info: Release: 5.11.0-25-generic
Info: Version: #27~20.04.1-Ubuntu SMP Tue Jul 13 17:41:23 UTC 2021
Info: Kernel Architecture: x86_64
Info: Total Ram: 23627.8MB
Info: Used Ram: 10615.2MB
Info: Working in the current directory: /home/anushabhattacharyya/Cl Alcohols-NPT/24-CH3CClHCH2CHOHCH3
Info: GOMC COMPILED TO RUN ISOBARIC-ISOTHERMAL ENSEMBLE.
Info: Number of threads                  1 
Info: Compiled with OpenMP Version       4.5

Reading Input File:                      in_NPT.conf
Info: Random seed                        Active 
Info: PARAMETER file                     CHARMM format! 
Info: Input Temperature                  248.0000 K
Info: Input Pressure                     410.0000 bar
Info: Volume change using constant ratio.
Info: Non-truncated potential            Active 
Info: Long Range Correction              Active 
Info: Cutoff                             10.0000 A
Info: Short Range Cutoff                 1.0000 A
Info: Exclude                            ONE-FOUR 
Info: Ewald Summation                    Active 
Info: Cache Ewald Fourier                Inactive 
Info: Ewald Summation Tolerance          1.000E-05 
Info: Pressure calculation frequency     1000 
Info: Total number of steps              10000 
Info: Number of equilibration steps      1000 
Info: Move adjustment frequency          1000 
Info: Displacement move frequency        0.1500 
Info: Rotation move frequency            0.1500 
Info: Intra-Swap move frequency          0.2900 
Warning: Unknown input SwapFreq!
Info: Regrowth move frequency            0.3000 
Info: Crank-Shaft move frequency         0.1000 
Info: Volume move frequency              0.0100 
Info: Multi-Particle move frequency      0.0000 
Info: IntraMEMC-1 move frequency         0.0000 
Warning: Unknown input MEMC-1Freq!
Info: IntraMEMC-2 move frequency         0.0000 
Warning: Unknown input MEMC-2Freq!
Info: IntraMEMC-3 move frequency         0.0000 
Warning: Unknown input MEMC-3Freq!
Info: CBMC First atom trials             12   
Info: CBMC Secondary atom trials         10   
Info: CBMC Angle trials                  50   
Info: CBMC Dihedral trials               50   
Info: Output name                        Output_data 
Info: Restart frequency                  1000 
Info: Checkpoint frequency               1000 
Info: Coordinate frequency               1000 
Info: Console output frequency           1000 
Info: Average output frequency           1000 
Warning: Unknown input HistogramFreq!
Warning: Unknown input DistName!
Warning: Unknown input HistName!
Warning: Unknown input RunNumber!
Warning: Unknown input RunLetter!
Warning: Unknown input SampleFreq!
Warning: Unknown input OutMolNumber!
Default: Box  0  CutoffCoulomb           10.0000 A
Finished Reading Input File:             in_NPT.conf

Reading from CHARMM-Style parameter file:  	NPT_CH3CClHCH2CHOHCH3_file.inp
Reading BONDS parameters.
Reading ANGLES parameters.
Reading DIHEDRALS parameters.
Reading NONBONDED parameters.
Reading from system PDB coordinate file:  	NPT_CH3CClHCH2CHOHCH3.pdb
Finished reading:                       	NPT_CH3CClHCH2CHOHCH3.pdb
Random number seed: 1830707701
Warning: Dihedral is missing for CClH !
Warning: Dihedral is missing for CH3 !

Molecules in PSF:
Molecule Kind: CClH
Idx	name	type	charge	mass
0	C1	D	-0.0060	12.0108
1	Cl1	C	-0.2000	35.4532
2	H1	E	0.1030	1.0079
3	H2	E	0.1030	1.0079
4	H3	E	0.1030	1.0079

Bonds:
[0 1] [2 0] [3 0] [4 0] 

Angles:
[1 0 2] [1 0 3] [1 0 4] [2 0 3] [2 0 4] [3 0 4] 

Dihedrals:

Molecule Kind: CH3
Idx	name	type	charge	mass
0	C1	A	-0.2400	12.0108
1	H1	B	0.0600	1.0079
2	H2	B	0.0600	1.0079
3	H3	B	0.0600	1.0079
4	H4	B	0.0600	1.0079

Bonds:
[0 1] [2 0] [3 0] [4 0] 

Angles:
[1 0 2] [1 0 3] [1 0 4] [2 0 3] [2 0 4] [3 0 4] 

Dihedrals:

Molecule Kind: COH
Idx	name	type	charge	mass
0	C1	I	0.1450	12.0108
1	O1	F	-0.6830	15.9994
2	H1	H	0.0400	1.0079
3	H2	H	0.0400	1.0079
4	H3	H	0.0400	1.0079
5	H4	G	0.4180	1.0079

Bonds:
[0 1] [2 0] [3 0] [4 0] [5 1] 

Angles:
[0 1 5] [1 0 2] [1 0 3] [1 0 4] [2 0 3] [2 0 4] [3 0 4] 

Dihedrals:
[2 0 1 5] [3 0 1 5] [4 0 1 5] 

Bonds parameter:
Atom Types                             Kb(K)           b0(A) 
D	C	                 123288.8018           1.7810 
E	D	                 171094.6637           1.0900 

A	B	                 171094.6637           1.0900 
B	A	                 171094.6637           1.0900 

I	F	                 161030.2717           1.4100 
H	I	                 171094.6637           1.0900 
G	F	                 278280.4382           0.9450 

Angles parameter:
Atom Types                         Ktheta(K)         theta0(degree) 
C	D	E	          25664.1995         107.6000 
E	D	E	          16606.2468         107.8000 

B	A	B	          16606.2468         107.8000 

I	F	G	          27677.0779         108.5000 
F	I	H	          17612.6860         109.5000 
H	I	H	          16606.2468         107.8000 

Dihedrals parameter:
Atom Types                           Kchi(K)    n    delta(degree) 
H	I	F	G	    226.4488    0     90.0000 
H	I	F	G	      0.0000    1    180.0000 
H	I	F	G	      0.0000    2      0.0000 
H	I	F	G	   -113.2244    3    180.0000 
H	I	F	G	      0.0000    4      0.0000 
H	I	F	G	      0.0000    5    180.0000 

================================================

Warning: Sum of the charge in the system is: 51.5000

================================================
NonBonded 1-4 parameters:
Type1  Type2             Epsilon(K)    Sigma(A)       N 
D      D                    16.6062      3.5000   12.00 
D      C                    35.4046      3.4500   12.00 
D      E                    11.1959      3.0000   12.00 
D      I                    16.6062      3.5000   12.00 
D      F                    26.6516      3.3100   12.00 
D      H                    11.1959      3.0000   12.00 
D      G                     0.0000      6.7500   12.00 
D      A                    16.6062      3.5000   12.00 
D      B                    11.1959      3.0000   12.00 
C      C                    75.4829      3.4000   12.00 
C      E                    23.8698      2.9500   12.00 
C      I                    35.4046      3.4500   12.00 
C      F                    56.8215      3.2600   12.00 
C      H                    23.8698      2.9500   12.00 
C      G                     0.0000      6.7000   12.00 
C      A                    35.4046      3.4500   12.00 
C      B                    23.8698      2.9500   12.00 
E      E                     7.5483      2.5000   12.00 
E      I                    11.1959      3.0000   12.00 
E      F                    17.9685      2.8100   12.00 
E      H                     7.5483      2.5000   12.00 
E      G                     0.0000      6.2500   12.00 
E      A                    11.1959      3.0000   12.00 
E      B                     7.5483      2.5000   12.00 
I      I                    16.6062      3.5000   12.00 
I      F                    26.6516      3.3100   12.00 
I      H                    11.1959      3.0000   12.00 
I      G                     0.0000      6.7500   12.00 
I      A                    16.6062      3.5000   12.00 
I      B                    11.1959      3.0000   12.00 
F      F                    42.7737      3.1200   12.00 
F      H                    17.9685      2.8100   12.00 
F      G                     0.0000      6.5600   12.00 
F      A                    26.6516      3.3100   12.00 
F      B                    17.9685      2.8100   12.00 
H      H                     7.5483      2.5000   12.00 
H      G                     0.0000      6.2500   12.00 
H      A                    11.1959      3.0000   12.00 
H      B                     7.5483      2.5000   12.00 
G      G                     0.0000     10.0000   12.00 
G      A                     0.0000      6.7500   12.00 
G      B                     0.0000      6.2500   12.00 
A      A                    16.6062      3.5000   12.00 
A      B                    11.1959      3.0000   12.00 
B      B                     7.5483      2.5000   12.00 

NonBonded parameters:
Type1  Type2             Epsilon(K)    Sigma(A)       N 
D      D                    33.2125      3.5000   12.00 
D      C                    70.8093      3.4500   12.00 
D      E                    22.3919      3.0000   12.00 
D      I                    33.2125      3.5000   12.00 
D      F                    53.3033      3.3100   12.00 
D      H                    22.3919      3.0000   12.00 
D      G                     0.0000      6.7500   12.00 
D      A                    33.2125      3.5000   12.00 
D      B                    22.3919      3.0000   12.00 
C      C                   150.9659      3.4000   12.00 
C      E                    47.7396      2.9500   12.00 
C      I                    70.8093      3.4500   12.00 
C      F                   113.6430      3.2600   12.00 
C      H                    47.7396      2.9500   12.00 
C      G                     0.0000      6.7000   12.00 
C      A                    70.8093      3.4500   12.00 
C      B                    47.7396      2.9500   12.00 
E      E                    15.0966      2.5000   12.00 
E      I                    22.3919      3.0000   12.00 
E      F                    35.9371      2.8100   12.00 
E      H                    15.0966      2.5000   12.00 
E      G                     0.0000      6.2500   12.00 
E      A                    22.3919      3.0000   12.00 
E      B                    15.0966      2.5000   12.00 
I      I                    33.2125      3.5000   12.00 
I      F                    53.3033      3.3100   12.00 
I      H                    22.3919      3.0000   12.00 
I      G                     0.0000      6.7500   12.00 
I      A                    33.2125      3.5000   12.00 
I      B                    22.3919      3.0000   12.00 
F      F                    85.5473      3.1200   12.00 
F      H                    35.9371      2.8100   12.00 
F      G                     0.0000      6.5600   12.00 
F      A                    53.3033      3.3100   12.00 
F      B                    35.9371      2.8100   12.00 
H      H                    15.0966      2.5000   12.00 
H      G                     0.0000      6.2500   12.00 
H      A                    22.3919      3.0000   12.00 
H      B                    15.0966      2.5000   12.00 
G      G                     0.0000     10.0000   12.00 
G      A                     0.0000      6.7500   12.00 
G      B                     0.0000      6.2500   12.00 
A      A                    33.2125      3.5000   12.00 
A      B                    22.3919      3.0000   12.00 
B      B                    15.0966      2.5000   12.00 

Info: Box  0:  Periodic Cell Basis 1     45.000   0.000   0.000 
Info: Box  0:  Periodic Cell Basis 2      0.000  45.000   0.000 
Info: Box  0:  Periodic Cell Basis 3      0.000   0.000  45.000 

Minimum coordinates in box 0: x =    1.929, y =    1.949, z =    1.900
Maximum coordinates in box 0: x =   43.097, y =   43.090, z =   43.061
Wrapping molecules inside the simulation box 0:
Box: 0, RecipVectors:   9402, kmax: 17

################################################################################
########################## INITIAL SIMULATION ENERGY ###########################

ETITLE:     STEP           TOTAL        INTRA(B)       INTRA(NB)       INTER(LJ)             LRC     TOTAL_ELECT            REAL           RECIP            SELF            CORR

ENER_0:        0      2.7088e+07      8.1006e+05      0.0000e+00      2.6237e+07     -1.0575e+05      1.4673e+05      3.4023e+04      8.6102e+05     -1.2962e+07      1.2214e+07

STITLE:     STEP          VOLUME        PRESSURE     TOT_DENSITY

STAT_0:        0      9.1125e+04      2.5498e+05      8.9812e+02

################################################################################
############################# STARTING SIMULATION ##############################

MTITLE:     STEP          DISTRY       DISACCEPT      DISACCEPT%          DISMAX          ROTATE       ROTACCEPT      ROTACCEPT%          ROTMAX       INTRASWAP       INTACCEPT      INTACCEPT%        REGROWTH    REGROWACCEPT   REGROWACCEPT%      CRANKSHAFT  CRKSHAFTACCEPT CRKSHAFTACCEPT%          VOLUME       VOLACCEPT      VOLACCEPT%          VOLMAX

ETITLE:     STEP           TOTAL        INTRA(B)       INTRA(NB)       INTER(LJ)             LRC     TOTAL_ELECT            REAL           RECIP            SELF            CORR

STITLE:     STEP          VOLUME        PRESSURE     TOT_DENSITY

Printed combined psf to file Output_data_merged.psf
MOVE_0:     1000             150               8      5.3333e+00      1.2390e+00             148              45      3.0405e+01      4.8217e-01             269             143      5.3160e+01             311              87      2.7974e+01             113              35      3.0973e+01               9               5      5.5556e+01      5.5556e+02

ENER_0:     1000      1.8737e+07      1.0009e+06      0.0000e+00      1.7896e+07     -1.0467e+05     -5.4808e+04     -4.4061e+04      7.3305e+05     -1.2962e+07      1.2218e+07

STAT_0:     1000      9.2065e+04      1.7894e+05      8.8895e+02

PRES_0:     1000      1.7513e+05      1.8355e+05      1.7743e+05

Checkpoint saved to checkpoint.dat
Steps/sec:  25.759, Simulation ends in:   0 d:   0 h:   6 m 

MOVE_0:     2000             302              22      7.2848e+00      1.9196e-01             309             106      3.4304e+01      3.5880e-01             547             225      4.1133e+01             601             172      2.8619e+01             217              67      3.0876e+01              24               8      3.3333e+01      2.2222e+02

ENER_0:     2000      1.3989e+07      1.1116e+06      0.0000e+00      1.3132e+07     -1.0370e+05     -1.5151e+05     -6.0695e+04      6.4967e+05     -1.2962e+07      1.2222e+07

STAT_0:     2000      9.2923e+04      1.3755e+05      8.8075e+02

PRES_0:     2000      1.3066e+05      1.3735e+05      1.4391e+05

Checkpoint saved to checkpoint.dat
Steps/sec:  17.453, Simulation ends in:   0 d:   0 h:   7 m 

MOVE_0:     3000             444              89      2.0045e+01      1.7714e-01             458             181      3.9520e+01      3.4817e-01             836             273      3.2656e+01             892             265      2.9709e+01             328             107      3.2622e+01              42              18      4.2857e+01      2.4691e+02

ENER_0:     3000      1.0151e+07      1.1971e+06      0.0000e+00      9.3339e+06     -1.0247e+05     -2.7734e+05     -1.2794e+05      5.8796e+05     -1.2962e+07      1.2225e+07

STAT_0:     3000      9.4040e+04      1.0297e+05      8.7028e+02

PRES_0:     3000      9.7424e+04      1.0565e+05      1.0508e+05

Checkpoint saved to checkpoint.dat
Steps/sec:  15.272, Simulation ends in:   0 d:   0 h:   7 m 

MOVE_0:     4000             611             162      2.6514e+01      1.5267e-01             612             247      4.0359e+01      2.9258e-01            1115             312      2.7982e+01            1194             353      2.9564e+01             420             137      3.2619e+01              48              21      4.3750e+01      2.4691e+02

ENER_0:     4000      8.6951e+06      1.2418e+06      0.0000e+00      7.8789e+06     -1.0211e+05     -3.2348e+05     -1.5849e+05      5.7077e+05     -1.2962e+07      1.2226e+07

STAT_0:     4000      9.4369e+04      9.0419e+04      8.6725e+02

PRES_0:     4000      8.3738e+04      9.2626e+04      9.4154e+04

Checkpoint saved to checkpoint.dat
Steps/sec:  28.488, Simulation ends in:   0 d:   0 h:   5 m 

MOVE_0:     5000             767             233      3.0378e+01      1.3533e-01             773             332      4.2950e+01      3.0769e-01            1392             334      2.3994e+01            1500             436      2.9067e+01             512             174      3.3984e+01              56              23      4.1071e+01      1.2346e+02

ENER_0:     5000      7.5568e+06      1.2789e+06      0.0000e+00      6.7717e+06     -1.0191e+05     -3.9180e+05     -1.9382e+05      5.3674e+05     -1.2962e+07      1.2227e+07

STAT_0:     5000      9.4551e+04      8.1012e+04      8.6558e+02

PRES_0:     5000      7.6285e+04      8.3148e+04      8.2865e+04

Checkpoint saved to checkpoint.dat
Steps/sec:  29.563, Simulation ends in:   0 d:   0 h:   4 m 

MOVE_0:     6000             928             311      3.3513e+01      1.2734e-01             915             406      4.4372e+01      3.1749e-01            1672             358      2.1411e+01            1808             532      2.9425e+01             611             212      3.4697e+01              66              26      3.9394e+01      7.4074e+01

ENER_0:     6000      6.3959e+06      1.3028e+06      0.0000e+00      5.6159e+06     -1.0178e+05     -4.2102e+05     -2.0630e+05      5.1873e+05     -1.2962e+07      1.2229e+07

STAT_0:     6000      9.4677e+04      7.0779e+04      8.6443e+02

PRES_0:     6000      6.6858e+04      7.4310e+04      7.0430e+04

Checkpoint saved to checkpoint.dat
Steps/sec:  23.530, Simulation ends in:   0 d:   0 h:   4 m 

MOVE_0:     7000            1077             387      3.5933e+01      1.1073e-01            1083             490      4.5245e+01      3.1838e-01            1927             381      1.9772e+01            2115             614      2.9031e+01             723             257      3.5546e+01              75              28      3.7333e+01      3.2922e+01

ENER_0:     7000      5.5599e+06      1.3304e+06      0.0000e+00      4.7689e+06     -1.0174e+05     -4.3767e+05     -2.1534e+05      5.1022e+05     -1.2962e+07      1.2229e+07

STAT_0:     7000      9.4716e+04      6.3352e+04      8.6407e+02

PRES_0:     7000      6.0417e+04      6.6481e+04      6.2421e+04

Checkpoint saved to checkpoint.dat
Steps/sec:  25.188, Simulation ends in:   0 d:   0 h:   3 m 

MOVE_0:     8000            1210             461      3.8099e+01      1.1961e-01            1226             565      4.6085e+01      3.3458e-01            2214             394      1.7796e+01            2425             682      2.8124e+01             839             292      3.4803e+01              86              35      4.0698e+01      4.1900e+01

ENER_0:     8000      4.9977e+06      1.3451e+06      0.0000e+00      4.2174e+06     -1.0159e+05     -4.6326e+05     -2.2533e+05      4.9319e+05     -1.2962e+07      1.2231e+07

STAT_0:     8000      9.4852e+04      5.8787e+04      8.6283e+02

PRES_0:     8000      5.6007e+04      6.2132e+04      5.7483e+04

Checkpoint saved to checkpoint.dat
Steps/sec:  22.006, Simulation ends in:   0 d:   0 h:   2 m 

MOVE_0:     9000            1351             531      3.9304e+01      1.2042e-01            1408             652      4.6307e+01      3.1277e-01            2473             406      1.6417e+01            2735             759      2.7751e+01             935             331      3.5401e+01              98              42      4.2857e+01      4.8884e+01

ENER_0:     9000      4.3798e+06      1.3611e+06      0.0000e+00      3.5925e+06     -1.0145e+05     -4.7233e+05     -2.2560e+05      4.8352e+05     -1.2962e+07      1.2232e+07

STAT_0:     9000      9.4986e+04      5.3144e+04      8.6162e+02

PRES_0:     9000      5.2000e+04      5.4439e+04      5.2256e+04

Checkpoint saved to checkpoint.dat
Steps/sec:  20.100, Simulation ends in:   0 d:   0 h:   1 m 

MOVE_0:    10000            1513             623      4.1176e+01      1.2658e-01            1562             745      4.7695e+01      3.5164e-01            2749             417      1.5169e+01            3056             852      2.7880e+01            1016             362      3.5630e+01             104              47      4.5192e+01      8.1473e+01

ENER_0:    10000      3.8411e+06      1.3592e+06      0.0000e+00      3.0967e+06     -1.0128e+05     -5.1358e+05     -2.4747e+05      4.6320e+05     -1.2962e+07      1.2233e+07

STAT_0:    10000      9.5146e+04      4.8927e+04      8.6017e+02

PRES_0:    10000      4.9169e+04      4.8812e+04      4.8062e+04

Checkpoint saved to checkpoint.dat
Simulation Time (total): 4.3936e+02 sec.

Move Type                Mol. Kind      BOX_0      
% Accepted Displacement        CClH    41.03053 
% Accepted Displacement        COH     42.10526 
% Accepted Displacement        CH3     40.40404 
% Accepted Rotation            CClH    46.59300 
% Accepted Rotation            COH     47.83465 
% Accepted Rotation            CH3     48.72798 
% Accepted Volume-Transfer             45.19231 
% Accepted Intra-Swap          CClH    15.32525 
% Accepted Intra-Swap          COH     14.83097 
% Accepted Intra-Swap          CH3     15.35135 
% Accepted Regrowth            CClH    23.92894 
% Accepted Regrowth            COH     37.29309 
% Accepted Regrowth            CH3     22.38806 
% Accepted Crank-Shaft         CClH    23.22946 
% Accepted Crank-Shaft         COH     64.06250 
% Accepted Crank-Shaft         CH3     21.86589 

Displacement:                            6.1394    sec.
Rotation:                                6.7843    sec.
MultiParticle:                           0.0000    sec.
Intra-Swap:                             38.1610    sec.
Regrowth:                               34.2904    sec.
Intra-MEMC:                              0.0000    sec.
Crank-Shaft:                            10.7429    sec.
Vol-Transfer:                          313.9058    sec.

Info: GOMC Version 2.70
Info: Completed at: Sun Aug  8 11:36:15 2021
Info: On hostname: anushabhattacharyya-VirtualBox
