Info: GOMC Version 2.70
Info: Start Time: Sun Aug  8 06:10:25 2021
Info: Host Name: anushabhattacharyya-VirtualBox
CPU information:
Info: Total number of CPUs: 1
Info: Total number of CPUs available: 1
Info: Model name: AMD Ryzen 7 5800X 8-Core Processor
Info: System name: Linux
Info: Release: 5.11.0-25-generic
Info: Version: #27~20.04.1-Ubuntu SMP Tue Jul 13 17:41:23 UTC 2021
Info: Kernel Architecture: x86_64
Info: Total Ram: 23627.8MB
Info: Used Ram: 10122.2MB
Info: Working in the current directory: /home/anushabhattacharyya/Cl Alcohols-NPT/11-CCl3CCl2COHCH3
Info: GOMC COMPILED TO RUN ISOBARIC-ISOTHERMAL ENSEMBLE.
Info: Number of threads                  1 
Info: Compiled with OpenMP Version       4.5

Reading Input File:                      in_NPT.conf
Info: Random seed                        Active 
Info: PARAMETER file                     CHARMM format! 
Info: Input Temperature                  248.0000 K
Info: Input Pressure                     410.0000 bar
Info: Volume change using constant ratio.
Info: Non-truncated potential            Active 
Info: Long Range Correction              Active 
Info: Cutoff                             10.0000 A
Info: Short Range Cutoff                 1.0000 A
Info: Exclude                            ONE-FOUR 
Info: Ewald Summation                    Active 
Info: Cache Ewald Fourier                Inactive 
Info: Ewald Summation Tolerance          1.000E-05 
Info: Pressure calculation frequency     1000 
Info: Total number of steps              10000 
Info: Number of equilibration steps      1000 
Info: Move adjustment frequency          1000 
Info: Displacement move frequency        0.1500 
Info: Rotation move frequency            0.1500 
Info: Intra-Swap move frequency          0.2900 
Warning: Unknown input SwapFreq!
Info: Regrowth move frequency            0.3000 
Info: Crank-Shaft move frequency         0.1000 
Info: Volume move frequency              0.0100 
Info: Multi-Particle move frequency      0.0000 
Info: IntraMEMC-1 move frequency         0.0000 
Warning: Unknown input MEMC-1Freq!
Info: IntraMEMC-2 move frequency         0.0000 
Warning: Unknown input MEMC-2Freq!
Info: IntraMEMC-3 move frequency         0.0000 
Warning: Unknown input MEMC-3Freq!
Info: CBMC First atom trials             12   
Info: CBMC Secondary atom trials         10   
Info: CBMC Angle trials                  50   
Info: CBMC Dihedral trials               50   
Info: Output name                        Output_data 
Info: Restart frequency                  1000 
Info: Checkpoint frequency               1000 
Info: Coordinate frequency               1000 
Info: Console output frequency           1000 
Info: Average output frequency           1000 
Warning: Unknown input HistogramFreq!
Warning: Unknown input DistName!
Warning: Unknown input HistName!
Warning: Unknown input RunNumber!
Warning: Unknown input RunLetter!
Warning: Unknown input SampleFreq!
Warning: Unknown input OutMolNumber!
Default: Box  0  CutoffCoulomb           10.0000 A
Finished Reading Input File:             in_NPT.conf

Reading from CHARMM-Style parameter file:  	NPT_CCl3CCl2COHCH3_file.inp
Reading BONDS parameters.
Reading ANGLES parameters.
Reading DIHEDRALS parameters.
Reading NONBONDED parameters.
Reading from system PDB coordinate file:  	NPT_CCl3CCl2COHCH3.pdb
Finished reading:                       	NPT_CCl3CCl2COHCH3.pdb
Random number seed: 1278501699
Warning: Dihedral is missing for CClH !
Warning: Dihedral is missing for CH3 !

Molecules in PSF:
Molecule Kind: CClH
Idx	name	type	charge	mass
0	C1	D	-0.0060	12.0108
1	Cl1	C	-0.2000	35.4532
2	Cl2	C	-0.2000	35.4532
3	Cl3	C	-0.2000	35.4532
4	H1	E	0.1030	1.0079

Bonds:
[0 1] [2 0] [3 0] [4 0] 

Angles:
[1 0 2] [1 0 3] [1 0 4] [2 0 3] [2 0 4] [3 0 4] 

Dihedrals:

Molecule Kind: CH3
Idx	name	type	charge	mass
0	C1	A	-0.2400	12.0108
1	H1	B	0.0600	1.0079
2	H2	B	0.0600	1.0079
3	H3	B	0.0600	1.0079
4	H4	B	0.0600	1.0079

Bonds:
[0 1] [2 0] [3 0] [4 0] 

Angles:
[1 0 2] [1 0 3] [1 0 4] [2 0 3] [2 0 4] [3 0 4] 

Dihedrals:

Molecule Kind: COH
Idx	name	type	charge	mass
0	C1	I	0.1450	12.0108
1	O1	F	-0.6830	15.9994
2	H1	H	0.0400	1.0079
3	H2	H	0.0400	1.0079
4	H3	H	0.0400	1.0079
5	H4	G	0.4180	1.0079

Bonds:
[0 1] [2 0] [3 0] [4 0] [5 1] 

Angles:
[0 1 5] [1 0 2] [1 0 3] [1 0 4] [2 0 3] [2 0 4] [3 0 4] 

Dihedrals:
[2 0 1 5] [3 0 1 5] [4 0 1 5] 

Bonds parameter:
Atom Types                             Kb(K)           b0(A) 
D	C	                 123288.8018           1.7810 
C	D	                 123288.8018           1.7810 
E	D	                 171094.6637           1.0900 

A	B	                 171094.6637           1.0900 
B	A	                 171094.6637           1.0900 

I	F	                 161030.2717           1.4100 
H	I	                 171094.6637           1.0900 
G	F	                 278280.4382           0.9450 

Angles parameter:
Atom Types                         Ktheta(K)         theta0(degree) 
C	D	C	          39251.1287         111.7000 
C	D	E	          25664.1995         107.6000 

B	A	B	          16606.2468         107.8000 

I	F	G	          27677.0779         108.5000 
F	I	H	          17612.6860         109.5000 
H	I	H	          16606.2468         107.8000 

Dihedrals parameter:
Atom Types                           Kchi(K)    n    delta(degree) 
H	I	F	G	    226.4488    0     90.0000 
H	I	F	G	      0.0000    1    180.0000 
H	I	F	G	      0.0000    2      0.0000 
H	I	F	G	   -113.2244    3    180.0000 
H	I	F	G	      0.0000    4      0.0000 
H	I	F	G	      0.0000    5    180.0000 

================================================

Warning: Sum of the charge in the system is: -251.5000

================================================
NonBonded 1-4 parameters:
Type1  Type2             Epsilon(K)    Sigma(A)       N 
D      D                    16.6062      3.5000   12.00 
D      C                    35.4046      3.4500   12.00 
D      E                    11.1959      3.0000   12.00 
D      I                    16.6062      3.5000   12.00 
D      F                    26.6516      3.3100   12.00 
D      H                    11.1959      3.0000   12.00 
D      G                     0.0000      6.7500   12.00 
D      A                    16.6062      3.5000   12.00 
D      B                    11.1959      3.0000   12.00 
C      C                    75.4829      3.4000   12.00 
C      E                    23.8698      2.9500   12.00 
C      I                    35.4046      3.4500   12.00 
C      F                    56.8215      3.2600   12.00 
C      H                    23.8698      2.9500   12.00 
C      G                     0.0000      6.7000   12.00 
C      A                    35.4046      3.4500   12.00 
C      B                    23.8698      2.9500   12.00 
E      E                     7.5483      2.5000   12.00 
E      I                    11.1959      3.0000   12.00 
E      F                    17.9685      2.8100   12.00 
E      H                     7.5483      2.5000   12.00 
E      G                     0.0000      6.2500   12.00 
E      A                    11.1959      3.0000   12.00 
E      B                     7.5483      2.5000   12.00 
I      I                    16.6062      3.5000   12.00 
I      F                    26.6516      3.3100   12.00 
I      H                    11.1959      3.0000   12.00 
I      G                     0.0000      6.7500   12.00 
I      A                    16.6062      3.5000   12.00 
I      B                    11.1959      3.0000   12.00 
F      F                    42.7737      3.1200   12.00 
F      H                    17.9685      2.8100   12.00 
F      G                     0.0000      6.5600   12.00 
F      A                    26.6516      3.3100   12.00 
F      B                    17.9685      2.8100   12.00 
H      H                     7.5483      2.5000   12.00 
H      G                     0.0000      6.2500   12.00 
H      A                    11.1959      3.0000   12.00 
H      B                     7.5483      2.5000   12.00 
G      G                     0.0000     10.0000   12.00 
G      A                     0.0000      6.7500   12.00 
G      B                     0.0000      6.2500   12.00 
A      A                    16.6062      3.5000   12.00 
A      B                    11.1959      3.0000   12.00 
B      B                     7.5483      2.5000   12.00 

NonBonded parameters:
Type1  Type2             Epsilon(K)    Sigma(A)       N 
D      D                    33.2125      3.5000   12.00 
D      C                    70.8093      3.4500   12.00 
D      E                    22.3919      3.0000   12.00 
D      I                    33.2125      3.5000   12.00 
D      F                    53.3033      3.3100   12.00 
D      H                    22.3919      3.0000   12.00 
D      G                     0.0000      6.7500   12.00 
D      A                    33.2125      3.5000   12.00 
D      B                    22.3919      3.0000   12.00 
C      C                   150.9659      3.4000   12.00 
C      E                    47.7396      2.9500   12.00 
C      I                    70.8093      3.4500   12.00 
C      F                   113.6430      3.2600   12.00 
C      H                    47.7396      2.9500   12.00 
C      G                     0.0000      6.7000   12.00 
C      A                    70.8093      3.4500   12.00 
C      B                    47.7396      2.9500   12.00 
E      E                    15.0966      2.5000   12.00 
E      I                    22.3919      3.0000   12.00 
E      F                    35.9371      2.8100   12.00 
E      H                    15.0966      2.5000   12.00 
E      G                     0.0000      6.2500   12.00 
E      A                    22.3919      3.0000   12.00 
E      B                    15.0966      2.5000   12.00 
I      I                    33.2125      3.5000   12.00 
I      F                    53.3033      3.3100   12.00 
I      H                    22.3919      3.0000   12.00 
I      G                     0.0000      6.7500   12.00 
I      A                    33.2125      3.5000   12.00 
I      B                    22.3919      3.0000   12.00 
F      F                    85.5473      3.1200   12.00 
F      H                    35.9371      2.8100   12.00 
F      G                     0.0000      6.5600   12.00 
F      A                    53.3033      3.3100   12.00 
F      B                    35.9371      2.8100   12.00 
H      H                    15.0966      2.5000   12.00 
H      G                     0.0000      6.2500   12.00 
H      A                    22.3919      3.0000   12.00 
H      B                    15.0966      2.5000   12.00 
G      G                     0.0000     10.0000   12.00 
G      A                     0.0000      6.7500   12.00 
G      B                     0.0000      6.2500   12.00 
A      A                    33.2125      3.5000   12.00 
A      B                    22.3919      3.0000   12.00 
B      B                    15.0966      2.5000   12.00 

Info: Box  0:  Periodic Cell Basis 1     45.000   0.000   0.000 
Info: Box  0:  Periodic Cell Basis 2      0.000  45.000   0.000 
Info: Box  0:  Periodic Cell Basis 3      0.000   0.000  45.000 

Minimum coordinates in box 0: x =    1.949, y =    1.958, z =    1.905
Maximum coordinates in box 0: x =   43.056, y =   43.021, z =   43.029
Wrapping molecules inside the simulation box 0:
Box: 0, RecipVectors:   9402, kmax: 17

################################################################################
########################## INITIAL SIMULATION ENERGY ###########################

ETITLE:     STEP           TOTAL        INTRA(B)       INTRA(NB)       INTER(LJ)             LRC     TOTAL_ELECT            REAL           RECIP            SELF            CORR

ENER_0:        0      1.1813e+08      8.1489e+05      0.0000e+00      1.1337e+08     -2.0512e+05      4.1493e+06      8.5090e+05      7.0764e+06     -1.3902e+07      1.0124e+07

STITLE:     STEP          VOLUME        PRESSURE     TOT_DENSITY

STAT_0:        0      9.1125e+04      1.0132e+06      1.5258e+03

################################################################################
############################# STARTING SIMULATION ##############################

MTITLE:     STEP          DISTRY       DISACCEPT      DISACCEPT%          DISMAX          ROTATE       ROTACCEPT      ROTACCEPT%          ROTMAX       INTRASWAP       INTACCEPT      INTACCEPT%        REGROWTH    REGROWACCEPT   REGROWACCEPT%      CRANKSHAFT  CRKSHAFTACCEPT CRKSHAFTACCEPT%          VOLUME       VOLACCEPT      VOLACCEPT%          VOLMAX

ETITLE:     STEP           TOTAL        INTRA(B)       INTRA(NB)       INTER(LJ)             LRC     TOTAL_ELECT            REAL           RECIP            SELF            CORR

STITLE:     STEP          VOLUME        PRESSURE     TOT_DENSITY

Printed combined psf to file Output_data_merged.psf
MOVE_0:     1000             155               8      5.1613e+00      1.1622e+00             144              27      1.8750e+01      3.0686e-01             297             143      4.8148e+01             283              70      2.4735e+01             115              21      1.8261e+01               6               2      3.3333e+01      3.3333e+02

ENER_0:     1000      9.2627e+07      9.6296e+05      0.0000e+00      9.1131e+07     -2.0404e+05      7.3697e+05      6.3401e+05      3.8734e+06     -1.3902e+07      1.0131e+07

STAT_0:     1000      9.1607e+04      8.1166e+05      1.5178e+03

PRES_0:     1000      8.1847e+05      8.3538e+05      7.8129e+05

Checkpoint saved to checkpoint.dat
Steps/sec:  10.925, Simulation ends in:   0 d:   0 h:  14 m 

MOVE_0:     2000             292              18      6.1644e+00      1.3404e-01             296              80      2.7027e+01      1.9716e-01             600             214      3.5667e+01             577             142      2.4610e+01             216              51      2.3611e+01              19              10      5.2632e+01      4.1026e+02

ENER_0:     2000      7.5844e+07      1.0655e+06      0.0000e+00      7.5208e+07     -2.0074e+05     -2.2872e+05      5.5014e+05      2.9866e+06     -1.3902e+07      1.0136e+07

STAT_0:     2000      9.3112e+04      6.6254e+05      1.4932e+03

PRES_0:     2000      6.6532e+05      6.7710e+05      6.4532e+05

Checkpoint saved to checkpoint.dat
Steps/sec:   9.556, Simulation ends in:   0 d:   0 h:  14 m 

MOVE_0:     3000             445              78      1.7528e+01      9.7426e-02             438             152      3.4703e+01      1.9478e-01             886             259      2.9233e+01             880             220      2.5000e+01             318              83      2.6101e+01              33              16      4.8485e+01      3.5165e+02

ENER_0:     3000      6.5555e+07      1.1288e+06      0.0000e+00      6.5224e+07     -1.9844e+05     -5.9936e+05      4.6629e+05      2.6976e+06     -1.3902e+07      1.0138e+07

STAT_0:     3000      9.4193e+04      5.7194e+05      1.4761e+03

PRES_0:     3000      5.7991e+05      5.7090e+05      5.6513e+05

Checkpoint saved to checkpoint.dat
Steps/sec:   4.422, Simulation ends in:   0 d:   0 h:  17 m 

MOVE_0:     4000             594             155      2.6094e+01      9.5807e-02             598             225      3.7625e+01      1.7448e-01            1172             294      2.5085e+01            1164             295      2.5344e+01             426             110      2.5822e+01              46              22      4.7826e+01      3.2460e+02

ENER_0:     4000      5.5820e+07      1.1705e+06      0.0000e+00      5.5848e+07     -1.9566e+05     -1.0033e+06      3.9121e+05      2.3662e+06     -1.3902e+07      1.0141e+07

STAT_0:     4000      9.5531e+04      4.8676e+05      1.4554e+03

PRES_0:     4000      4.8376e+05      4.9090e+05      4.8571e+05

Checkpoint saved to checkpoint.dat
Steps/sec:   4.761, Simulation ends in:   0 d:   0 h:  16 m 

MOVE_0:     5000             730             224      3.0685e+01      9.7375e-02             739             288      3.8972e+01      1.5619e-01            1464             316      2.1585e+01            1488             374      2.5134e+01             524             144      2.7481e+01              55              27      4.9091e+01      3.6066e+02

ENER_0:     5000      4.9566e+07      1.2054e+06      0.0000e+00      4.9754e+07     -1.9353e+05     -1.2002e+06      3.3524e+05      2.2227e+06     -1.3902e+07      1.0143e+07

STAT_0:     5000      9.6580e+04      4.3232e+05      1.4396e+03

PRES_0:     5000      4.3072e+05      4.3325e+05      4.3306e+05

Checkpoint saved to checkpoint.dat
Steps/sec:  12.437, Simulation ends in:   0 d:   0 h:  12 m 

MOVE_0:     6000             905             316      3.4917e+01      9.7221e-02             885             364      4.1130e+01      1.6984e-01            1745             342      1.9599e+01            1785             453      2.5378e+01             617             174      2.8201e+01              63              32      5.0794e+01      4.5083e+02

ENER_0:     6000      4.4173e+07      1.2429e+06      0.0000e+00      4.4607e+07     -1.9162e+05     -1.4855e+06      2.4540e+05      2.0253e+06     -1.3902e+07      1.0145e+07

STAT_0:     6000      9.7545e+04      3.8616e+05      1.4254e+03

PRES_0:     6000      3.8454e+05      3.8561e+05      3.8837e+05

Checkpoint saved to checkpoint.dat
Steps/sec:   4.651, Simulation ends in:   0 d:   0 h:  11 m 

MOVE_0:     7000            1052             389      3.6977e+01      9.5704e-02            1038             441      4.2486e+01      1.7128e-01            2027             369      1.8204e+01            2095             521      2.4869e+01             712             210      2.9494e+01              76              38      5.0000e+01      4.1615e+02

ENER_0:     7000      3.6771e+07      1.2742e+06      0.0000e+00      3.7349e+07     -1.8814e+05     -1.6635e+06      1.9567e+05      1.8937e+06     -1.3902e+07      1.0149e+07

STAT_0:     7000      9.9347e+04      3.2245e+05      1.3995e+03

PRES_0:     7000      3.2156e+05      3.1965e+05      3.2617e+05

Checkpoint saved to checkpoint.dat
Steps/sec:   2.642, Simulation ends in:   0 d:   0 h:  10 m 

MOVE_0:     8000            1189             453      3.8099e+01      9.1362e-02            1201             528      4.3963e+01      1.9204e-01            2322             386      1.6624e+01            2389             583      2.4404e+01             813             235      2.8905e+01              86              43      5.0000e+01      4.1615e+02

ENER_0:     8000      3.1741e+07      1.3024e+06      0.0000e+00      3.2461e+07     -1.8591e+05     -1.8373e+06      1.4115e+05      1.7731e+06     -1.3902e+07      1.0150e+07

STAT_0:     8000      1.0054e+05      2.8081e+05      1.3829e+03

PRES_0:     8000      2.7912e+05      2.7560e+05      2.8772e+05

Checkpoint saved to checkpoint.dat
Steps/sec:   3.052, Simulation ends in:   0 d:   0 h:   7 m 

MOVE_0:     9000            1347             529      3.9272e+01      8.8780e-02            1343             604      4.4974e+01      2.0396e-01            2601             394      1.5148e+01            2678             664      2.4795e+01             929             281      3.0248e+01             102              48      4.7059e+01      2.6009e+02

ENER_0:     9000      2.8642e+07      1.3244e+06      0.0000e+00      2.9464e+07     -1.8465e+05     -1.9622e+06      8.3920e+04      1.7040e+06     -1.3902e+07      1.0151e+07

STAT_0:     9000      1.0123e+05      2.5526e+05      1.3735e+03

PRES_0:     9000      2.5123e+05      2.5181e+05      2.6274e+05

Checkpoint saved to checkpoint.dat
Steps/sec:   2.141, Simulation ends in:   0 d:   0 h:   4 m 

MOVE_0:    10000            1498             608      4.0587e+01      9.4204e-02            1495             676      4.5217e+01      1.9538e-01            2866             406      1.4166e+01            2997             749      2.4992e+01            1034             324      3.1335e+01             110              55      5.0000e+01      4.5517e+02

ENER_0:    10000      2.5316e+07      1.3459e+06      0.0000e+00      2.6209e+07     -1.8320e+05     -2.0566e+06      3.2773e+04      1.6601e+06     -1.3902e+07      1.0152e+07

STAT_0:    10000      1.0203e+05      2.3000e+05      1.3627e+03

PRES_0:    10000      2.2617e+05      2.2905e+05      2.3475e+05

Checkpoint saved to checkpoint.dat
Simulation Time (total): 2.5092e+03 sec.

Move Type                Mol. Kind      BOX_0      
% Accepted Displacement        CClH    39.23541 
% Accepted Displacement        COH     43.65079 
% Accepted Displacement        CH3     38.83300 
% Accepted Rotation            CClH    42.11503 
% Accepted Rotation            COH     46.49682 
% Accepted Rotation            CH3     47.42268 
% Accepted Volume-Transfer             50.00000 
% Accepted Intra-Swap          CClH    10.49318 
% Accepted Intra-Swap          COH     15.66772 
% Accepted Intra-Swap          CH3     16.32017 
% Accepted Regrowth            CClH    12.11499 
% Accepted Regrowth            COH     39.72056 
% Accepted Regrowth            CH3     22.82076 
% Accepted Crank-Shaft         CClH    12.39193 
% Accepted Crank-Shaft         COH     58.63095 
% Accepted Crank-Shaft         CH3     23.93162 

Displacement:                           33.2443    sec.
Rotation:                               35.3567    sec.
MultiParticle:                           0.0000    sec.
Intra-Swap:                            191.0536    sec.
Regrowth:                              168.1212    sec.
Intra-MEMC:                              0.0000    sec.
Crank-Shaft:                            54.9505    sec.
Vol-Transfer:                         1838.1035    sec.

Info: GOMC Version 2.70
Info: Completed at: Sun Aug  8 06:53:51 2021
Info: On hostname: anushabhattacharyya-VirtualBox
