Info: GOMC Version 2.70
Info: Start Time: Sun Aug  8 16:31:18 2021
Info: Host Name: anushabhattacharyya-VirtualBox
CPU information:
Info: Total number of CPUs: 1
Info: Total number of CPUs available: 1
Info: Model name: AMD Ryzen 7 5800X 8-Core Processor
Info: System name: Linux
Info: Release: 5.11.0-25-generic
Info: Version: #27~20.04.1-Ubuntu SMP Tue Jul 13 17:41:23 UTC 2021
Info: Kernel Architecture: x86_64
Info: Total Ram: 23627.8MB
Info: Used Ram: 10889.0MB
Info: Working in the current directory: /home/anushabhattacharyya/Cl Alcohols-NPT/3-CClH2COH
Info: GOMC COMPILED TO RUN ISOBARIC-ISOTHERMAL ENSEMBLE.
Info: Number of threads                  1 
Info: Compiled with OpenMP Version       4.5

Reading Input File:                      in_NPT.conf
Info: Random seed                        Active 
Info: PARAMETER file                     CHARMM format! 
Info: Input Temperature                  248.0000 K
Info: Input Pressure                     410.0000 bar
Info: Volume change using constant ratio.
Info: Non-truncated potential            Active 
Info: Long Range Correction              Active 
Info: Cutoff                             10.0000 A
Info: Short Range Cutoff                 1.0000 A
Info: Exclude                            ONE-FOUR 
Info: Ewald Summation                    Active 
Info: Cache Ewald Fourier                Inactive 
Info: Ewald Summation Tolerance          1.000E-05 
Info: Pressure calculation frequency     1000 
Info: Total number of steps              10000 
Info: Number of equilibration steps      1000 
Info: Move adjustment frequency          1000 
Info: Displacement move frequency        0.1500 
Info: Rotation move frequency            0.1500 
Info: Intra-Swap move frequency          0.2900 
Warning: Unknown input SwapFreq!
Info: Regrowth move frequency            0.3000 
Info: Crank-Shaft move frequency         0.1000 
Info: Volume move frequency              0.0100 
Info: Multi-Particle move frequency      0.0000 
Info: IntraMEMC-1 move frequency         0.0000 
Warning: Unknown input MEMC-1Freq!
Info: IntraMEMC-2 move frequency         0.0000 
Warning: Unknown input MEMC-2Freq!
Info: IntraMEMC-3 move frequency         0.0000 
Warning: Unknown input MEMC-3Freq!
Info: CBMC First atom trials             12   
Info: CBMC Secondary atom trials         10   
Info: CBMC Angle trials                  50   
Info: CBMC Dihedral trials               50   
Info: Output name                        Output_data 
Info: Restart frequency                  1000 
Info: Checkpoint frequency               1000 
Info: Coordinate frequency               1000 
Info: Console output frequency           1000 
Info: Average output frequency           1000 
Warning: Unknown input HistogramFreq!
Warning: Unknown input DistName!
Warning: Unknown input HistName!
Warning: Unknown input RunNumber!
Warning: Unknown input RunLetter!
Warning: Unknown input SampleFreq!
Warning: Unknown input OutMolNumber!
Default: Box  0  CutoffCoulomb           10.0000 A
Finished Reading Input File:             in_NPT.conf

Reading from CHARMM-Style parameter file:  	NPT_CClH2COH_file.inp
Reading BONDS parameters.
Reading ANGLES parameters.
Reading DIHEDRALS parameters.
Reading NONBONDED parameters.
Reading from system PDB coordinate file:  	NPT_CClH2COH.pdb
Finished reading:                       	NPT_CClH2COH.pdb
Random number seed: 767847493
Warning: Dihedral is missing for CClH !

Molecules in PSF:
Molecule Kind: CClH
Idx	name	type	charge	mass
0	C1	A	-0.2400	12.0108
1	H1	B	0.0600	1.0079
2	H2	B	0.0600	1.0079
3	H3	B	0.0600	1.0079
4	H4	B	0.0600	1.0079

Bonds:
[0 1] [2 0] [3 0] [4 0] 

Angles:
[1 0 2] [1 0 3] [1 0 4] [2 0 3] [2 0 4] [3 0 4] 

Dihedrals:

Molecule Kind: COH
Idx	name	type	charge	mass
0	C1	F	0.1450	12.0108
1	O1	C	-0.6830	15.9994
2	H1	E	0.0400	1.0079
3	H2	E	0.0400	1.0079
4	H3	E	0.0400	1.0079
5	H4	D	0.4180	1.0079

Bonds:
[0 1] [2 0] [3 0] [4 0] [5 1] 

Angles:
[0 1 5] [1 0 2] [1 0 3] [1 0 4] [2 0 3] [2 0 4] [3 0 4] 

Dihedrals:
[2 0 1 5] [3 0 1 5] [4 0 1 5] 

Bonds parameter:
Atom Types                             Kb(K)           b0(A) 
A	B	                 171094.6637           1.0900 
B	A	                 171094.6637           1.0900 

F	C	                 161030.2717           1.4100 
E	F	                 171094.6637           1.0900 
D	C	                 278280.4382           0.9450 

Angles parameter:
Atom Types                         Ktheta(K)         theta0(degree) 
B	A	B	          16606.2468         107.8000 

F	C	D	          27677.0779         108.5000 
C	F	E	          17612.6860         109.5000 
E	F	E	          16606.2468         107.8000 

Dihedrals parameter:
Atom Types                           Kchi(K)    n    delta(degree) 
E	F	C	D	    226.4488    0     90.0000 
E	F	C	D	      0.0000    1    180.0000 
E	F	C	D	      0.0000    2      0.0000 
E	F	C	D	   -113.2244    3    180.0000 
E	F	C	D	      0.0000    4      0.0000 
E	F	C	D	      0.0000    5    180.0000 

NonBonded 1-4 parameters:
Type1  Type2             Epsilon(K)    Sigma(A)       N 
A      A                    16.6062      3.5000   12.00 
A      B                    11.1959      3.0000   12.00 
A      F                    16.6062      3.5000   12.00 
A      C                    26.6516      3.3100   12.00 
A      E                    11.1959      3.0000   12.00 
A      D                     0.0000      6.7500   12.00 
B      B                     7.5483      2.5000   12.00 
B      F                    11.1959      3.0000   12.00 
B      C                    17.9685      2.8100   12.00 
B      E                     7.5483      2.5000   12.00 
B      D                     0.0000      6.2500   12.00 
F      F                    16.6062      3.5000   12.00 
F      C                    26.6516      3.3100   12.00 
F      E                    11.1959      3.0000   12.00 
F      D                     0.0000      6.7500   12.00 
C      C                    42.7737      3.1200   12.00 
C      E                    17.9685      2.8100   12.00 
C      D                     0.0000      6.5600   12.00 
E      E                     7.5483      2.5000   12.00 
E      D                     0.0000      6.2500   12.00 
D      D                     0.0000     10.0000   12.00 

NonBonded parameters:
Type1  Type2             Epsilon(K)    Sigma(A)       N 
A      A                    33.2125      3.5000   12.00 
A      B                    22.3919      3.0000   12.00 
A      F                    33.2125      3.5000   12.00 
A      C                    53.3033      3.3100   12.00 
A      E                    22.3919      3.0000   12.00 
A      D                     0.0000      6.7500   12.00 
B      B                    15.0966      2.5000   12.00 
B      F                    22.3919      3.0000   12.00 
B      C                    35.9371      2.8100   12.00 
B      E                    15.0966      2.5000   12.00 
B      D                     0.0000      6.2500   12.00 
F      F                    33.2125      3.5000   12.00 
F      C                    53.3033      3.3100   12.00 
F      E                    22.3919      3.0000   12.00 
F      D                     0.0000      6.7500   12.00 
C      C                    85.5473      3.1200   12.00 
C      E                    35.9371      2.8100   12.00 
C      D                     0.0000      6.5600   12.00 
E      E                    15.0966      2.5000   12.00 
E      D                     0.0000      6.2500   12.00 
D      D                     0.0000     10.0000   12.00 

Info: Box  0:  Periodic Cell Basis 1     45.000   0.000   0.000 
Info: Box  0:  Periodic Cell Basis 2      0.000  45.000   0.000 
Info: Box  0:  Periodic Cell Basis 3      0.000   0.000  45.000 

Minimum coordinates in box 0: x =    1.971, y =    1.970, z =    1.922
Maximum coordinates in box 0: x =   43.032, y =   43.021, z =   43.018
Wrapping molecules inside the simulation box 0:
Box: 0, RecipVectors:   9402, kmax: 17

################################################################################
########################## INITIAL SIMULATION ENERGY ###########################

ETITLE:     STEP           TOTAL        INTRA(B)       INTRA(NB)       INTER(LJ)             LRC     TOTAL_ELECT            REAL           RECIP            SELF            CORR

ENER_0:        0      1.9560e+06      6.5134e+05      0.0000e+00      1.3446e+06     -3.4209e+04     -5.6652e+03      1.2130e+04      3.1807e+05     -1.1813e+07      1.1477e+07

STITLE:     STEP          VOLUME        PRESSURE     TOT_DENSITY

STAT_0:        0      9.1125e+04      2.3209e+04      4.3811e+02

################################################################################
############################# STARTING SIMULATION ##############################

MTITLE:     STEP          DISTRY       DISACCEPT      DISACCEPT%          DISMAX          ROTATE       ROTACCEPT      ROTACCEPT%          ROTMAX       INTRASWAP       INTACCEPT      INTACCEPT%        REGROWTH    REGROWACCEPT   REGROWACCEPT%      CRANKSHAFT  CRKSHAFTACCEPT CRKSHAFTACCEPT%          VOLUME       VOLACCEPT      VOLACCEPT%          VOLMAX

ETITLE:     STEP           TOTAL        INTRA(B)       INTRA(NB)       INTER(LJ)             LRC     TOTAL_ELECT            REAL           RECIP            SELF            CORR

STITLE:     STEP          VOLUME        PRESSURE     TOT_DENSITY

Printed combined psf to file Output_data_merged.psf
MOVE_0:     1000             141              13      9.2199e+00      2.0712e+00             142              60      4.2254e+01      6.4980e-01             304              97      3.1908e+01             307              98      3.1922e+01              95              49      5.1579e+01              11               9      8.1818e+01      8.1818e+02

ENER_0:     1000      1.1165e+06      7.1416e+05      0.0000e+00      5.5854e+05     -3.3559e+04     -1.2259e+05     -7.7545e+04      2.8568e+05     -1.1813e+07      1.1483e+07

STAT_0:     1000      9.2890e+04      1.3907e+04      4.2979e+02

PRES_0:     1000      1.2697e+04      1.4519e+04      1.3699e+04

Checkpoint saved to checkpoint.dat
Steps/sec:  32.127, Simulation ends in:   0 d:   0 h:   5 m 

MOVE_0:     2000             287              25      8.7108e+00      3.2157e-01             290             142      4.8966e+01      7.0456e-01             608             167      2.7467e+01             597             162      2.7136e+01             200             102      5.1000e+01              18              11      6.1111e+01      4.6753e+02

ENER_0:     2000      7.3394e+05      7.4119e+05      0.0000e+00      2.1348e+05     -3.3228e+04     -1.8750e+05     -1.2090e+05      2.6049e+05     -1.1813e+07      1.1486e+07

STAT_0:     2000      9.3816e+04      9.9420e+03      4.2554e+02

PRES_0:     2000      8.7451e+03      1.0187e+04      1.0092e+04

Checkpoint saved to checkpoint.dat
Steps/sec:  43.846, Simulation ends in:   0 d:   0 h:   4 m 

MOVE_0:     3000             440              92      2.0909e+01      2.8895e-01             450             227      5.0444e+01      7.5785e-01             885             224      2.5311e+01             892             232      2.6009e+01             302             149      4.9338e+01              31              15      4.8387e+01      2.8771e+02

ENER_0:     3000      4.4414e+05      7.6106e+05      0.0000e+00     -3.9870e+04     -3.2975e+04     -2.4407e+05     -1.6346e+05      2.4426e+05     -1.1813e+07      1.1488e+07

STAT_0:     3000      9.4535e+04      7.0753e+03      4.2231e+02

PRES_0:     3000      6.3085e+03      7.3126e+03      6.8069e+03

Checkpoint saved to checkpoint.dat
Steps/sec:  29.298, Simulation ends in:   0 d:   0 h:   4 m 

MOVE_0:     4000             580             165      2.8448e+01      3.0017e-01             604             314      5.1987e+01      8.7477e-01            1174             263      2.2402e+01            1182             305      2.5804e+01             416             210      5.0481e+01              44              20      4.5455e+01      2.2132e+02

ENER_0:     4000      3.1850e+05      7.9085e+05      0.0000e+00     -1.6656e+05     -3.2763e+04     -2.7302e+05     -1.8741e+05      2.3811e+05     -1.1813e+07      1.1490e+07

STAT_0:     4000      9.5147e+04      5.6287e+03      4.1959e+02

PRES_0:     4000      5.0321e+03      5.4784e+03      5.5812e+03

Checkpoint saved to checkpoint.dat
Steps/sec:  29.052, Simulation ends in:   0 d:   0 h:   4 m 

MOVE_0:     5000             746             263      3.5255e+01      3.4940e-01             723             382      5.2835e+01      1.0035e+00            1487             295      1.9839e+01            1470             379      2.5782e+01             520             261      5.0192e+01              54              26      4.8148e+01      2.6558e+02

ENER_0:     5000      1.7326e+05      7.9731e+05      0.0000e+00     -2.8649e+05     -3.2511e+04     -3.0506e+05     -2.1607e+05      2.3279e+05     -1.1813e+07      1.1492e+07

STAT_0:     5000      9.5885e+04      4.2797e+03      4.1636e+02

PRES_0:     5000      3.8383e+03      3.8257e+03      4.3848e+03

Checkpoint saved to checkpoint.dat
Steps/sec:  34.370, Simulation ends in:   0 d:   0 h:   3 m 

MOVE_0:     6000             882             338      3.8322e+01      3.8833e-01             883             466      5.2775e+01      1.0116e+00            1766             323      1.8290e+01            1767             462      2.6146e+01             637             328      5.1491e+01              65              30      4.6154e+01      1.9315e+02

ENER_0:     6000      2.4615e+04      8.0517e+05      0.0000e+00     -3.8637e+05     -3.2413e+04     -3.6177e+05     -2.5874e+05      2.1648e+05     -1.1813e+07      1.1494e+07

STAT_0:     6000      9.6175e+04      3.2250e+03      4.1510e+02

PRES_0:     6000      2.8071e+03      2.9492e+03      3.1296e+03

Checkpoint saved to checkpoint.dat
Steps/sec:  31.625, Simulation ends in:   0 d:   0 h:   3 m 

MOVE_0:     7000            1043             425      4.0748e+01      4.1903e-01            1025             546      5.3268e+01      1.1621e+00            2065             350      1.6949e+01            2050             532      2.5951e+01             746             387      5.1877e+01              71              33      4.6479e+01      1.9315e+02

ENER_0:     7000     -8.2493e+03      8.1220e+05      0.0000e+00     -4.1741e+05     -3.2337e+04     -3.7071e+05     -2.6511e+05      2.1303e+05     -1.1813e+07      1.1495e+07

STAT_0:     7000      9.6402e+04      2.8656e+03      4.1413e+02

PRES_0:     7000      2.4334e+03      2.5728e+03      2.8028e+03

Checkpoint saved to checkpoint.dat
Steps/sec:  46.264, Simulation ends in:   0 d:   0 h:   2 m 

MOVE_0:     8000            1198             513      4.2821e+01      4.6914e-01            1159             631      5.4443e+01      1.4391e+00            2351             379      1.6121e+01            2358             624      2.6463e+01             852             445      5.2230e+01              82              40      4.8780e+01      2.4583e+02

ENER_0:     8000     -1.2793e+05      8.1016e+05      0.0000e+00     -5.0840e+05     -3.2146e+04     -3.9755e+05     -2.8394e+05      2.0435e+05     -1.1813e+07      1.1495e+07

STAT_0:     8000      9.6974e+04      1.9374e+03      4.1169e+02

PRES_0:     8000      1.4337e+03      1.6806e+03      1.9131e+03

Checkpoint saved to checkpoint.dat
Steps/sec:  31.829, Simulation ends in:   0 d:   0 h:   1 m 

MOVE_0:     9000            1339             568      4.2420e+01      3.6269e-01            1296             695      5.3627e+01      1.3894e+00            2676             402      1.5022e+01            2662             689      2.5883e+01             931             495      5.3169e+01              96              45      4.6875e+01      1.7559e+02

ENER_0:     9000     -1.7413e+05      8.0592e+05      0.0000e+00     -5.3422e+05     -3.2017e+04     -4.1381e+05     -2.9370e+05      1.9759e+05     -1.1813e+07      1.1496e+07

STAT_0:     9000      9.7363e+04      1.6035e+03      4.1004e+02

PRES_0:     9000      1.0818e+03      1.4203e+03      1.5256e+03

Checkpoint saved to checkpoint.dat
Steps/sec:  26.501, Simulation ends in:   0 d:   0 h:   1 m 

MOVE_0:    10000            1484             644      4.3396e+01      3.8571e-01            1450             771      5.3172e+01      1.4389e+00            2968             424      1.4286e+01            2963             759      2.5616e+01            1028             544      5.2918e+01             107              52      4.8598e+01      2.2348e+02

ENER_0:    10000     -2.2220e+05      8.0933e+05      0.0000e+00     -5.6332e+05     -3.1906e+04     -4.3631e+05     -3.1096e+05      1.9183e+05     -1.1813e+07      1.1496e+07

STAT_0:    10000      9.7703e+04      1.2563e+03      4.0862e+02

PRES_0:    10000      8.0416e+02      1.0278e+03      1.1561e+03

Checkpoint saved to checkpoint.dat
Simulation Time (total): 3.0533e+02 sec.

Move Type                Mol. Kind      BOX_0      
% Accepted Displacement        CClH    43.80165 
% Accepted Displacement        COH     43.00792 
% Accepted Rotation            CClH    55.69444 
% Accepted Rotation            COH     50.68493 
% Accepted Volume-Transfer             48.59813 
% Accepted Intra-Swap          CClH    16.18230 
% Accepted Intra-Swap          COH     12.31087 
% Accepted Regrowth            CClH    21.54696 
% Accepted Regrowth            COH     29.50495 
% Accepted Crank-Shaft         CClH    23.65805 
% Accepted Crank-Shaft         COH     80.95238 

Displacement:                            5.6368    sec.
Rotation:                                5.7945    sec.
MultiParticle:                           0.0000    sec.
Intra-Swap:                             32.7991    sec.
Regrowth:                               24.9036    sec.
Intra-MEMC:                              0.0000    sec.
Crank-Shaft:                             8.1589    sec.
Vol-Transfer:                          208.3754    sec.

Info: GOMC Version 2.70
Info: Completed at: Sun Aug  8 16:36:31 2021
Info: On hostname: anushabhattacharyya-VirtualBox
