Info: GOMC Version 2.70
Info: Start Time: Sun Aug  8 21:04:03 2021
Info: Host Name: anushabhattacharyya-VirtualBox
CPU information:
Info: Total number of CPUs: 1
Info: Total number of CPUs available: 1
Info: Model name: AMD Ryzen 7 5800X 8-Core Processor
Info: System name: Linux
Info: Release: 5.11.0-25-generic
Info: Version: #27~20.04.1-Ubuntu SMP Tue Jul 13 17:41:23 UTC 2021
Info: Kernel Architecture: x86_64
Info: Total Ram: 23627.8MB
Info: Used Ram: 11707.4MB
Info: Working in the current directory: /home/anushabhattacharyya/Cl Alcohols-NPT/8-CCl3COHCH3CCl3
Info: GOMC COMPILED TO RUN ISOBARIC-ISOTHERMAL ENSEMBLE.
Info: Number of threads                  1 
Info: Compiled with OpenMP Version       4.5

Reading Input File:                      in_NPT.conf
Info: Random seed                        Active 
Info: PARAMETER file                     CHARMM format! 
Info: Input Temperature                  298.0000 K
Info: Input Pressure                     410.0000 bar
Info: Volume change using constant ratio.
Info: Non-truncated potential            Active 
Info: Long Range Correction              Active 
Info: Cutoff                             10.0000 A
Info: Short Range Cutoff                 1.0000 A
Info: Exclude                            ONE-FOUR 
Info: Ewald Summation                    Active 
Info: Cache Ewald Fourier                Inactive 
Info: Ewald Summation Tolerance          1.000E-05 
Info: Pressure calculation frequency     2500 
Info: Total number of steps              25000 
Info: Number of equilibration steps      2500 
Info: Move adjustment frequency          1000 
Info: Displacement move frequency        0.1500 
Info: Rotation move frequency            0.1500 
Info: Intra-Swap move frequency          0.2900 
Warning: Unknown input SwapFreq!
Info: Regrowth move frequency            0.3000 
Info: Crank-Shaft move frequency         0.1000 
Info: Volume move frequency              0.0100 
Info: Multi-Particle move frequency      0.0000 
Info: IntraMEMC-1 move frequency         0.0000 
Warning: Unknown input MEMC-1Freq!
Info: IntraMEMC-2 move frequency         0.0000 
Warning: Unknown input MEMC-2Freq!
Info: IntraMEMC-3 move frequency         0.0000 
Warning: Unknown input MEMC-3Freq!
Info: CBMC First atom trials             12   
Info: CBMC Secondary atom trials         10   
Info: CBMC Angle trials                  50   
Info: CBMC Dihedral trials               50   
Info: Output name                        Output_data 
Info: Restart frequency                  2500 
Info: Checkpoint frequency               2500 
Info: Coordinate frequency               2500 
Info: Console output frequency           2500 
Info: Average output frequency           2500 
Warning: Unknown input HistogramFreq!
Warning: Unknown input DistName!
Warning: Unknown input HistName!
Warning: Unknown input RunNumber!
Warning: Unknown input RunLetter!
Warning: Unknown input SampleFreq!
Warning: Unknown input OutMolNumber!
Default: Box  0  CutoffCoulomb           10.0000 A
Finished Reading Input File:             in_NPT.conf

Reading from CHARMM-Style parameter file:  	NPT_CCl3COHCH3CCl3_file.inp
Reading BONDS parameters.
Reading ANGLES parameters.
Reading DIHEDRALS parameters.
Reading NONBONDED parameters.
Reading from system PDB coordinate file:  	NPT_CCl3COHCH3CCl3.pdb
Finished reading:                       	NPT_CCl3COHCH3CCl3.pdb
Random number seed: 103522424
Warning: Dihedral is missing for CClH !

Molecules in PSF:
Molecule Kind: CClH
Idx	name	type	charge	mass
0	C1	D	-0.0060	12.0108
1	Cl1	C	-0.2000	35.4532
2	Cl2	C	-0.2000	35.4532
3	Cl3	C	-0.2000	35.4532
4	H1	E	0.1030	1.0079

Bonds:
[0 1] [2 0] [3 0] [4 0] 

Angles:
[1 0 2] [1 0 3] [1 0 4] [2 0 3] [2 0 4] [3 0 4] 

Dihedrals:

Molecule Kind: COH
Idx	name	type	charge	mass
0	C1	A	-0.1800	12.0108
1	C2	H	0.1450	12.0108
2	O1	F	-0.6830	15.9994
3	H1	B	0.0600	1.0079
4	H2	B	0.0600	1.0079
5	H3	B	0.0600	1.0079
6	H4	B	0.0600	1.0079
7	H5	B	0.0600	1.0079
8	H6	G	0.4180	1.0079

Bonds:
[0 1] [2 1] [3 0] [4 0] [5 0] [6 1] [7 1] [8 2] 

Angles:
[0 1 2] [0 1 6] [0 1 7] [1 0 3] [1 0 4] [1 0 5] [1 2 8] 
[2 1 6] [2 1 7] [3 0 4] [3 0 5] [4 0 5] [6 1 7] 

Dihedrals:
[0 1 2 8] [2 1 0 3] [2 1 0 4] [2 1 0 5] [3 0 1 6] 
[3 0 1 7] [4 0 1 6] [4 0 1 7] [5 0 1 6] [5 0 1 7] 
[6 1 2 8] [7 1 2 8] 

Bonds parameter:
Atom Types                             Kb(K)           b0(A) 
D	C	                 123288.8018           1.7810 
C	D	                 123288.8018           1.7810 
E	D	                 171094.6637           1.0900 

A	H	                 134862.8525           1.5290 
F	H	                 161030.2717           1.4100 
B	A	                 171094.6637           1.0900 
B	H	                 171094.6637           1.0900 
G	F	                 278280.4382           0.9450 

Angles parameter:
Atom Types                         Ktheta(K)         theta0(degree) 
C	D	C	          39251.1287         111.7000 
C	D	E	          25664.1995         107.6000 

A	H	F	          25160.9799         109.5000 
A	H	B	          18870.7350         110.7000 
H	A	B	          18870.7350         110.7000 
H	F	G	          27677.0779         108.5000 
F	H	B	          17612.6860         109.5000 
B	A	B	          16606.2468         107.8000 
B	H	B	          16606.2468         107.8000 

Dihedrals parameter:
Atom Types                           Kchi(K)    n    delta(degree) 
A	H	F	G	    -19.1234    0     90.0000 
A	H	F	G	     89.5746    1    180.0000 
A	H	F	G	     43.7796    2      0.0000 
A	H	F	G	   -123.7920    3    180.0000 
A	H	F	G	      0.0000    4      0.0000 
A	H	F	G	      0.0000    5    180.0000 
F	H	A	B	    235.5068    0     90.0000 
F	H	A	B	     -0.0005    1    180.0000 
F	H	A	B	      0.0000    2      0.0000 
F	H	A	B	   -117.7534    3    180.0000 
F	H	A	B	      0.0000    4      0.0000 
F	H	A	B	      0.0000    5    180.0000 
B	A	H	B	    150.9659    0     90.0000 
B	A	H	B	      0.0000    1    180.0000 
B	A	H	B	      0.0000    2      0.0000 
B	A	H	B	    -75.4829    3    180.0000 
B	A	H	B	      0.0000    4      0.0000 
B	A	H	B	      0.0000    5    180.0000 
B	H	F	G	    226.4488    0     90.0000 
B	H	F	G	      0.0000    1    180.0000 
B	H	F	G	      0.0000    2      0.0000 
B	H	F	G	   -113.2244    3    180.0000 
B	H	F	G	      0.0000    4      0.0000 
B	H	F	G	      0.0000    5    180.0000 

================================================

Warning: Sum of the charge in the system is: -251.5000

================================================
NonBonded 1-4 parameters:
Type1  Type2             Epsilon(K)    Sigma(A)       N 
D      D                    16.6062      3.5000   12.00 
D      C                    35.4046      3.4500   12.00 
D      E                    11.1959      3.0000   12.00 
D      A                    16.6062      3.5000   12.00 
D      H                    16.6062      3.5000   12.00 
D      F                    26.6516      3.3100   12.00 
D      B                    11.1959      3.0000   12.00 
D      G                     0.0000      6.7500   12.00 
C      C                    75.4829      3.4000   12.00 
C      E                    23.8698      2.9500   12.00 
C      A                    35.4046      3.4500   12.00 
C      H                    35.4046      3.4500   12.00 
C      F                    56.8215      3.2600   12.00 
C      B                    23.8698      2.9500   12.00 
C      G                     0.0000      6.7000   12.00 
E      E                     7.5483      2.5000   12.00 
E      A                    11.1959      3.0000   12.00 
E      H                    11.1959      3.0000   12.00 
E      F                    17.9685      2.8100   12.00 
E      B                     7.5483      2.5000   12.00 
E      G                     0.0000      6.2500   12.00 
A      A                    16.6062      3.5000   12.00 
A      H                    16.6062      3.5000   12.00 
A      F                    26.6516      3.3100   12.00 
A      B                    11.1959      3.0000   12.00 
A      G                     0.0000      6.7500   12.00 
H      H                    16.6062      3.5000   12.00 
H      F                    26.6516      3.3100   12.00 
H      B                    11.1959      3.0000   12.00 
H      G                     0.0000      6.7500   12.00 
F      F                    42.7737      3.1200   12.00 
F      B                    17.9685      2.8100   12.00 
F      G                     0.0000      6.5600   12.00 
B      B                     7.5483      2.5000   12.00 
B      G                     0.0000      6.2500   12.00 
G      G                     0.0000     10.0000   12.00 

NonBonded parameters:
Type1  Type2             Epsilon(K)    Sigma(A)       N 
D      D                    33.2125      3.5000   12.00 
D      C                    70.8093      3.4500   12.00 
D      E                    22.3919      3.0000   12.00 
D      A                    33.2125      3.5000   12.00 
D      H                    33.2125      3.5000   12.00 
D      F                    53.3033      3.3100   12.00 
D      B                    22.3919      3.0000   12.00 
D      G                     0.0000      6.7500   12.00 
C      C                   150.9659      3.4000   12.00 
C      E                    47.7396      2.9500   12.00 
C      A                    70.8093      3.4500   12.00 
C      H                    70.8093      3.4500   12.00 
C      F                   113.6430      3.2600   12.00 
C      B                    47.7396      2.9500   12.00 
C      G                     0.0000      6.7000   12.00 
E      E                    15.0966      2.5000   12.00 
E      A                    22.3919      3.0000   12.00 
E      H                    22.3919      3.0000   12.00 
E      F                    35.9371      2.8100   12.00 
E      B                    15.0966      2.5000   12.00 
E      G                     0.0000      6.2500   12.00 
A      A                    33.2125      3.5000   12.00 
A      H                    33.2125      3.5000   12.00 
A      F                    53.3033      3.3100   12.00 
A      B                    22.3919      3.0000   12.00 
A      G                     0.0000      6.7500   12.00 
H      H                    33.2125      3.5000   12.00 
H      F                    53.3033      3.3100   12.00 
H      B                    22.3919      3.0000   12.00 
H      G                     0.0000      6.7500   12.00 
F      F                    85.5473      3.1200   12.00 
F      B                    35.9371      2.8100   12.00 
F      G                     0.0000      6.5600   12.00 
B      B                    15.0966      2.5000   12.00 
B      G                     0.0000      6.2500   12.00 
G      G                     0.0000     10.0000   12.00 

Info: Box  0:  Periodic Cell Basis 1     45.000   0.000   0.000 
Info: Box  0:  Periodic Cell Basis 2      0.000  45.000   0.000 
Info: Box  0:  Periodic Cell Basis 3      0.000   0.000  45.000 

Minimum coordinates in box 0: x =    1.939, y =    1.992, z =    1.940
Maximum coordinates in box 0: x =   43.028, y =   43.099, z =   43.019
Wrapping molecules inside the simulation box 0:
Box: 0, RecipVectors:   9402, kmax: 17

################################################################################
########################## INITIAL SIMULATION ENERGY ###########################

ETITLE:     STEP           TOTAL        INTRA(B)       INTRA(NB)       INTER(LJ)             LRC     TOTAL_ELECT            REAL           RECIP            SELF            CORR

ENER_0:        0      9.8276e+07      6.9329e+05      2.0586e+06      9.2460e+07     -1.8795e+05      3.2523e+06      6.8519e+05      6.3546e+06     -1.3480e+07      9.6921e+06

STITLE:     STEP          VOLUME        PRESSURE     TOT_DENSITY

STAT_0:        0      9.1125e+04      8.6313e+05      1.5074e+03

################################################################################
############################# STARTING SIMULATION ##############################

MTITLE:     STEP          DISTRY       DISACCEPT      DISACCEPT%          DISMAX          ROTATE       ROTACCEPT      ROTACCEPT%          ROTMAX       INTRASWAP       INTACCEPT      INTACCEPT%        REGROWTH    REGROWACCEPT   REGROWACCEPT%      CRANKSHAFT  CRKSHAFTACCEPT CRKSHAFTACCEPT%          VOLUME       VOLACCEPT      VOLACCEPT%          VOLMAX

ETITLE:     STEP           TOTAL        INTRA(B)       INTRA(NB)       INTER(LJ)             LRC     TOTAL_ELECT            REAL           RECIP            SELF            CORR

STITLE:     STEP          VOLUME        PRESSURE     TOT_DENSITY

Printed combined psf to file Output_data_merged.psf
MOVE_0:     2500             389              28      7.1979e+00      1.5395e+00             377             112      2.9708e+01      1.8505e-01             706             194      2.7479e+01             757             189      2.4967e+01             247             114      4.6154e+01              24              12      5.0000e+01      5.5556e+02

ENER_0:     2500      4.1385e+07      1.0728e+06      2.0340e+06      4.0033e+07     -1.8140e+05     -1.5737e+06      2.0752e+05      1.9925e+06     -1.3480e+07      9.7059e+06

STAT_0:     2500      9.4411e+04      3.7981e+05      1.4550e+03

PRES_0:     2500      3.6703e+05      3.8831e+05      3.8459e+05

Checkpoint saved to checkpoint.dat
Steps/sec:  27.377, Simulation ends in:   0 d:   0 h:  14 m 

MOVE_0:     5000             760             131      1.7237e+01      1.3448e-01             750             267      3.5600e+01      1.1773e-01            1418             244      1.7207e+01            1537             378      2.4593e+01             488             213      4.3648e+01              47              21      4.4681e+01      2.4420e+02

ENER_0:     5000      2.5882e+07      1.2532e+06      2.0247e+06      2.5058e+07     -1.7716e+05     -2.2774e+06      5.2486e+04      1.4363e+06     -1.3480e+07      9.7135e+06

STAT_0:     5000      9.6675e+04      2.4406e+05      1.4209e+03

PRES_0:     5000      2.4121e+05      2.4522e+05      2.4619e+05

Checkpoint saved to checkpoint.dat
Steps/sec:  27.576, Simulation ends in:   0 d:   0 h:  13 m 

MOVE_0:     7500            1110             305      2.7477e+01      1.1283e-01            1106             434      3.9241e+01      9.9015e-02            2153             273      1.2680e+01            2301             544      2.3642e+01             761             324      4.2576e+01              69              29      4.2029e+01      7.6114e+01

ENER_0:     7500      1.8171e+07      1.3754e+06      2.0118e+06      1.7483e+07     -1.7600e+05     -2.5228e+06     -5.4242e+04      1.2936e+06     -1.3480e+07      9.7175e+06

STAT_0:     7500      9.7311e+04      1.7922e+05      1.4116e+03

PRES_0:     7500      1.7846e+05      1.7962e+05      1.8003e+05

Checkpoint saved to checkpoint.dat
Steps/sec:  28.325, Simulation ends in:   0 d:   0 h:  11 m 

MOVE_0:    10000            1490             478      3.2081e+01      9.5826e-02            1486             655      4.4078e+01      1.3554e-01            2876             281      9.7705e+00            3031             684      2.2567e+01            1022             433      4.2368e+01              95              42      4.4211e+01      9.1077e+01

ENER_0:    10000      1.4398e+07      1.4226e+06      2.0031e+06      1.3836e+07     -1.7492e+05     -2.6889e+06     -1.3087e+05      1.2009e+06     -1.3480e+07      9.7206e+06

STAT_0:    10000      9.7909e+04      1.4746e+05      1.4030e+03

PRES_0:    10000      1.4791e+05      1.4380e+05      1.5108e+05

Checkpoint saved to checkpoint.dat
Steps/sec:  25.091, Simulation ends in:   0 d:   0 h:  10 m 

MOVE_0:    12500            1841             654      3.5524e+01      8.8914e-02            1892             848      4.4820e+01      1.2753e-01            3614             294      8.1350e+00            3761             829      2.2042e+01            1280             526      4.1094e+01             112              49      4.3750e+01      4.5539e+01

ENER_0:    12500      1.1208e+07      1.4556e+06      1.9934e+06      1.0769e+07     -1.7428e+05     -2.8359e+06     -1.8903e+05      1.1094e+06     -1.3480e+07      9.7234e+06

STAT_0:    12500      9.8270e+04      1.2095e+05      1.3978e+03

PRES_0:    12500      1.2069e+05      1.1655e+05      1.2604e+05

Checkpoint saved to checkpoint.dat
Steps/sec:  33.143, Simulation ends in:   0 d:   0 h:   8 m 

MOVE_0:    15000            2234             853      3.8183e+01      9.3219e-02            2292            1063      4.6379e+01      1.4282e-01            4308             302      7.0102e+00            4477             966      2.1577e+01            1548             616      3.9793e+01             141              67      4.7518e+01      8.4487e+01

ENER_0:    15000      8.4411e+06      1.5075e+06      1.9858e+06      8.1892e+06     -1.7355e+05     -3.0678e+06     -2.4899e+05      9.3465e+05     -1.3480e+07      9.7261e+06

STAT_0:    15000      9.8684e+04      9.9919e+04      1.3920e+03

PRES_0:    15000      9.7095e+04      1.0065e+05      1.0243e+05

Checkpoint saved to checkpoint.dat
Steps/sec:  21.876, Simulation ends in:   0 d:   0 h:   7 m 

MOVE_0:    17500            2606            1041      3.9946e+01      9.0841e-02            2655            1243      4.6817e+01      1.4154e-01            5030             306      6.0835e+00            5232            1094      2.0910e+01            1808             707      3.9104e+01             169              75      4.4379e+01      2.4578e+01

ENER_0:    17500      6.8840e+06      1.5176e+06      1.9788e+06      6.7122e+06     -1.7324e+05     -3.1514e+06     -2.8630e+05      8.8836e+05     -1.3480e+07      9.7262e+06

STAT_0:    17500      9.8860e+04      8.5833e+04      1.3895e+03

PRES_0:    17500      8.3335e+04      8.6646e+04      8.7929e+04

Checkpoint saved to checkpoint.dat
Steps/sec:  23.007, Simulation ends in:   0 d:   0 h:   5 m 

MOVE_0:    20000            2967            1220      4.1119e+01      8.9005e-02            3027            1440      4.7572e+01      1.5775e-01            5702             310      5.4367e+00            6058            1221      2.0155e+01            2058             805      3.9116e+01             188              85      4.5213e+01      1.8057e+01

ENER_0:    20000      5.5106e+06      1.5572e+06      1.9660e+06      5.3588e+06     -1.7303e+05     -3.1984e+06     -2.9003e+05      8.4485e+05     -1.3480e+07      9.7264e+06

STAT_0:    20000      9.8978e+04      7.4984e+04      1.3878e+03

PRES_0:    20000      7.1745e+04      7.4003e+04      7.9613e+04

Checkpoint saved to checkpoint.dat
Steps/sec:  30.555, Simulation ends in:   0 d:   0 h:   4 m 

MOVE_0:    22500            3323            1400      4.2131e+01      8.9460e-02            3392            1635      4.8202e+01      1.7410e-01            6459             311      4.8150e+00            6822            1320      1.9349e+01            2294             901      3.9276e+01             210              97      4.6190e+01      3.2503e+01

ENER_0:    22500      4.5474e+06      1.5588e+06      1.9646e+06      4.4697e+06     -1.7269e+05     -3.2730e+06     -3.1963e+05      7.9925e+05     -1.3480e+07      9.7270e+06

STAT_0:    22500      9.9172e+04      6.7073e+04      1.3851e+03

PRES_0:    22500      6.4680e+04      6.6682e+04      7.0263e+04

Checkpoint saved to checkpoint.dat
Steps/sec:  27.912, Simulation ends in:   0 d:   0 h:   2 m 

MOVE_0:    25000            3697            1592      4.3062e+01      9.0741e-02            3761            1829      4.8631e+01      2.0213e-01            7204             314      4.3587e+00            7578            1431      1.8884e+01            2527             987      3.9058e+01             233             110      4.7210e+01      3.6115e+01

ENER_0:    25000      3.6002e+06      1.5497e+06      1.9632e+06      3.5997e+06     -1.7239e+05     -3.3399e+06     -3.4708e+05      7.5914e+05     -1.3480e+07      9.7276e+06

STAT_0:    25000      9.9350e+04      5.9803e+04      1.3826e+03

PRES_0:    25000      5.7074e+04      5.9108e+04      6.3628e+04

Checkpoint saved to checkpoint.dat
Simulation Time (total): 9.3393e+02 sec.

Move Type                Mol. Kind      BOX_0      
% Accepted Displacement        CClH    44.61709 
% Accepted Displacement        COH     41.58311 
% Accepted Rotation            CClH    48.86481 
% Accepted Rotation            COH     48.38179 
% Accepted Volume-Transfer             47.21030 
% Accepted Intra-Swap          CClH     4.03613 
% Accepted Intra-Swap          COH      4.67085 
% Accepted Regrowth            CClH    11.17348 
% Accepted Regrowth            COH     26.40083 
% Accepted Crank-Shaft         CClH     9.80392 
% Accepted Crank-Shaft         COH     66.53876 

Displacement:                           19.0845    sec.
Rotation:                               20.1592    sec.
MultiParticle:                           0.0000    sec.
Intra-Swap:                            101.6133    sec.
Regrowth:                               94.0143    sec.
Intra-MEMC:                              0.0000    sec.
Crank-Shaft:                            29.8440    sec.
Vol-Transfer:                          644.0170    sec.

Info: GOMC Version 2.70
Info: Completed at: Sun Aug  8 21:19:47 2021
Info: On hostname: anushabhattacharyya-VirtualBox
