Info: GOMC Version 2.70
Info: Start Time: Mon Aug  9 04:30:23 2021
Info: Host Name: anushabhattacharyya-VirtualBox
CPU information:
Info: Total number of CPUs: 1
Info: Total number of CPUs available: 1
Info: Model name: AMD Ryzen 7 5800X 8-Core Processor
Info: System name: Linux
Info: Release: 5.11.0-25-generic
Info: Version: #27~20.04.1-Ubuntu SMP Tue Jul 13 17:41:23 UTC 2021
Info: Kernel Architecture: x86_64
Info: Total Ram: 23627.8MB
Info: Used Ram: 11707.8MB
Info: Working in the current directory: /home/anushabhattacharyya/Cl Alcohols-NPT/29-CH3CH2CClHCH2CHOHCH2CH3
Info: GOMC COMPILED TO RUN ISOBARIC-ISOTHERMAL ENSEMBLE.
Info: Number of threads                  1 
Info: Compiled with OpenMP Version       4.5

Reading Input File:                      in_NPT.conf
Info: Random seed                        Active 
Info: PARAMETER file                     CHARMM format! 
Info: Input Temperature                  298.0000 K
Info: Input Pressure                     410.0000 bar
Info: Volume change using constant ratio.
Info: Non-truncated potential            Active 
Info: Long Range Correction              Active 
Info: Cutoff                             10.0000 A
Info: Short Range Cutoff                 1.0000 A
Info: Exclude                            ONE-FOUR 
Info: Ewald Summation                    Active 
Info: Cache Ewald Fourier                Inactive 
Info: Ewald Summation Tolerance          1.000E-05 
Info: Pressure calculation frequency     2500 
Info: Total number of steps              25000 
Info: Number of equilibration steps      2500 
Info: Move adjustment frequency          1000 
Info: Displacement move frequency        0.1500 
Info: Rotation move frequency            0.1500 
Info: Intra-Swap move frequency          0.2900 
Warning: Unknown input SwapFreq!
Info: Regrowth move frequency            0.3000 
Info: Crank-Shaft move frequency         0.1000 
Info: Volume move frequency              0.0100 
Info: Multi-Particle move frequency      0.0000 
Info: IntraMEMC-1 move frequency         0.0000 
Warning: Unknown input MEMC-1Freq!
Info: IntraMEMC-2 move frequency         0.0000 
Warning: Unknown input MEMC-2Freq!
Info: IntraMEMC-3 move frequency         0.0000 
Warning: Unknown input MEMC-3Freq!
Info: CBMC First atom trials             12   
Info: CBMC Secondary atom trials         10   
Info: CBMC Angle trials                  50   
Info: CBMC Dihedral trials               50   
Info: Output name                        Output_data 
Info: Restart frequency                  2500 
Info: Checkpoint frequency               2500 
Info: Coordinate frequency               2500 
Info: Console output frequency           2500 
Info: Average output frequency           2500 
Warning: Unknown input HistogramFreq!
Warning: Unknown input DistName!
Warning: Unknown input HistName!
Warning: Unknown input RunNumber!
Warning: Unknown input RunLetter!
Warning: Unknown input SampleFreq!
Warning: Unknown input OutMolNumber!
Default: Box  0  CutoffCoulomb           10.0000 A
Finished Reading Input File:             in_NPT.conf

Reading from CHARMM-Style parameter file:  	NPT_CH3CH2CClHCH2CHOHCH2CH3_file.inp
Reading BONDS parameters.
Reading ANGLES parameters.
Reading DIHEDRALS parameters.
Reading NONBONDED parameters.
Reading from system PDB coordinate file:  	NPT_CH3CH2CClHCH2CHOHCH2CH3.pdb
Finished reading:                       	NPT_CH3CH2CClHCH2CHOHCH2CH3.pdb
Random number seed: 3911656196
Warning: Dihedral is missing for CClH !
Warning: Dihedral is missing for CH3 !

Molecules in PSF:
Molecule Kind: CClH
Idx	name	type	charge	mass
0	C1	D	-0.0060	12.0108
1	Cl1	C	-0.2000	35.4532
2	H1	E	0.1030	1.0079
3	H2	E	0.1030	1.0079
4	H3	E	0.1030	1.0079

Bonds:
[0 1] [2 0] [3 0] [4 0] 

Angles:
[1 0 2] [1 0 3] [1 0 4] [2 0 3] [2 0 4] [3 0 4] 

Dihedrals:

Molecule Kind: CH3
Idx	name	type	charge	mass
0	C1	A	-0.2400	12.0108
1	H1	B	0.0600	1.0079
2	H2	B	0.0600	1.0079
3	H3	B	0.0600	1.0079
4	H4	B	0.0600	1.0079

Bonds:
[0 1] [2 0] [3 0] [4 0] 

Angles:
[1 0 2] [1 0 3] [1 0 4] [2 0 3] [2 0 4] [3 0 4] 

Dihedrals:

Molecule Kind: COH
Idx	name	type	charge	mass
0	C1	I	0.1450	12.0108
1	O1	F	-0.6830	15.9994
2	H1	H	0.0400	1.0079
3	H2	H	0.0400	1.0079
4	H3	H	0.0400	1.0079
5	H4	G	0.4180	1.0079

Bonds:
[0 1] [2 0] [3 0] [4 0] [5 1] 

Angles:
[0 1 5] [1 0 2] [1 0 3] [1 0 4] [2 0 3] [2 0 4] [3 0 4] 

Dihedrals:
[2 0 1 5] [3 0 1 5] [4 0 1 5] 

Bonds parameter:
Atom Types                             Kb(K)           b0(A) 
D	C	                 123288.8018           1.7810 
E	D	                 171094.6637           1.0900 

A	B	                 171094.6637           1.0900 
B	A	                 171094.6637           1.0900 

I	F	                 161030.2717           1.4100 
H	I	                 171094.6637           1.0900 
G	F	                 278280.4382           0.9450 

Angles parameter:
Atom Types                         Ktheta(K)         theta0(degree) 
C	D	E	          25664.1995         107.6000 
E	D	E	          16606.2468         107.8000 

B	A	B	          16606.2468         107.8000 

I	F	G	          27677.0779         108.5000 
F	I	H	          17612.6860         109.5000 
H	I	H	          16606.2468         107.8000 

Dihedrals parameter:
Atom Types                           Kchi(K)    n    delta(degree) 
H	I	F	G	    226.4488    0     90.0000 
H	I	F	G	      0.0000    1    180.0000 
H	I	F	G	      0.0000    2      0.0000 
H	I	F	G	   -113.2244    3    180.0000 
H	I	F	G	      0.0000    4      0.0000 
H	I	F	G	      0.0000    5    180.0000 

================================================

Warning: Sum of the charge in the system is: 51.5000

================================================
NonBonded 1-4 parameters:
Type1  Type2             Epsilon(K)    Sigma(A)       N 
D      D                    16.6062      3.5000   12.00 
D      C                    35.4046      3.4500   12.00 
D      E                    11.1959      3.0000   12.00 
D      I                    16.6062      3.5000   12.00 
D      F                    26.6516      3.3100   12.00 
D      H                    11.1959      3.0000   12.00 
D      G                     0.0000      6.7500   12.00 
D      A                    16.6062      3.5000   12.00 
D      B                    11.1959      3.0000   12.00 
C      C                    75.4829      3.4000   12.00 
C      E                    23.8698      2.9500   12.00 
C      I                    35.4046      3.4500   12.00 
C      F                    56.8215      3.2600   12.00 
C      H                    23.8698      2.9500   12.00 
C      G                     0.0000      6.7000   12.00 
C      A                    35.4046      3.4500   12.00 
C      B                    23.8698      2.9500   12.00 
E      E                     7.5483      2.5000   12.00 
E      I                    11.1959      3.0000   12.00 
E      F                    17.9685      2.8100   12.00 
E      H                     7.5483      2.5000   12.00 
E      G                     0.0000      6.2500   12.00 
E      A                    11.1959      3.0000   12.00 
E      B                     7.5483      2.5000   12.00 
I      I                    16.6062      3.5000   12.00 
I      F                    26.6516      3.3100   12.00 
I      H                    11.1959      3.0000   12.00 
I      G                     0.0000      6.7500   12.00 
I      A                    16.6062      3.5000   12.00 
I      B                    11.1959      3.0000   12.00 
F      F                    42.7737      3.1200   12.00 
F      H                    17.9685      2.8100   12.00 
F      G                     0.0000      6.5600   12.00 
F      A                    26.6516      3.3100   12.00 
F      B                    17.9685      2.8100   12.00 
H      H                     7.5483      2.5000   12.00 
H      G                     0.0000      6.2500   12.00 
H      A                    11.1959      3.0000   12.00 
H      B                     7.5483      2.5000   12.00 
G      G                     0.0000     10.0000   12.00 
G      A                     0.0000      6.7500   12.00 
G      B                     0.0000      6.2500   12.00 
A      A                    16.6062      3.5000   12.00 
A      B                    11.1959      3.0000   12.00 
B      B                     7.5483      2.5000   12.00 

NonBonded parameters:
Type1  Type2             Epsilon(K)    Sigma(A)       N 
D      D                    33.2125      3.5000   12.00 
D      C                    70.8093      3.4500   12.00 
D      E                    22.3919      3.0000   12.00 
D      I                    33.2125      3.5000   12.00 
D      F                    53.3033      3.3100   12.00 
D      H                    22.3919      3.0000   12.00 
D      G                     0.0000      6.7500   12.00 
D      A                    33.2125      3.5000   12.00 
D      B                    22.3919      3.0000   12.00 
C      C                   150.9659      3.4000   12.00 
C      E                    47.7396      2.9500   12.00 
C      I                    70.8093      3.4500   12.00 
C      F                   113.6430      3.2600   12.00 
C      H                    47.7396      2.9500   12.00 
C      G                     0.0000      6.7000   12.00 
C      A                    70.8093      3.4500   12.00 
C      B                    47.7396      2.9500   12.00 
E      E                    15.0966      2.5000   12.00 
E      I                    22.3919      3.0000   12.00 
E      F                    35.9371      2.8100   12.00 
E      H                    15.0966      2.5000   12.00 
E      G                     0.0000      6.2500   12.00 
E      A                    22.3919      3.0000   12.00 
E      B                    15.0966      2.5000   12.00 
I      I                    33.2125      3.5000   12.00 
I      F                    53.3033      3.3100   12.00 
I      H                    22.3919      3.0000   12.00 
I      G                     0.0000      6.7500   12.00 
I      A                    33.2125      3.5000   12.00 
I      B                    22.3919      3.0000   12.00 
F      F                    85.5473      3.1200   12.00 
F      H                    35.9371      2.8100   12.00 
F      G                     0.0000      6.5600   12.00 
F      A                    53.3033      3.3100   12.00 
F      B                    35.9371      2.8100   12.00 
H      H                    15.0966      2.5000   12.00 
H      G                     0.0000      6.2500   12.00 
H      A                    22.3919      3.0000   12.00 
H      B                    15.0966      2.5000   12.00 
G      G                     0.0000     10.0000   12.00 
G      A                     0.0000      6.7500   12.00 
G      B                     0.0000      6.2500   12.00 
A      A                    33.2125      3.5000   12.00 
A      B                    22.3919      3.0000   12.00 
B      B                    15.0966      2.5000   12.00 

Info: Box  0:  Periodic Cell Basis 1     45.000   0.000   0.000 
Info: Box  0:  Periodic Cell Basis 2      0.000  45.000   0.000 
Info: Box  0:  Periodic Cell Basis 3      0.000   0.000  45.000 

Minimum coordinates in box 0: x =    1.929, y =    1.949, z =    1.900
Maximum coordinates in box 0: x =   43.097, y =   43.090, z =   43.061
Wrapping molecules inside the simulation box 0:
Box: 0, RecipVectors:   9402, kmax: 17

################################################################################
########################## INITIAL SIMULATION ENERGY ###########################

ETITLE:     STEP           TOTAL        INTRA(B)       INTRA(NB)       INTER(LJ)             LRC     TOTAL_ELECT            REAL           RECIP            SELF            CORR

ENER_0:        0      2.7088e+07      8.1006e+05      0.0000e+00      2.6237e+07     -1.0575e+05      1.4673e+05      3.4023e+04      8.6102e+05     -1.2962e+07      1.2214e+07

STITLE:     STEP          VOLUME        PRESSURE     TOT_DENSITY

STAT_0:        0      9.1125e+04      2.5498e+05      8.9812e+02

################################################################################
############################# STARTING SIMULATION ##############################

MTITLE:     STEP          DISTRY       DISACCEPT      DISACCEPT%          DISMAX          ROTATE       ROTACCEPT      ROTACCEPT%          ROTMAX       INTRASWAP       INTACCEPT      INTACCEPT%        REGROWTH    REGROWACCEPT   REGROWACCEPT%      CRANKSHAFT  CRKSHAFTACCEPT CRKSHAFTACCEPT%          VOLUME       VOLACCEPT      VOLACCEPT%          VOLMAX

ETITLE:     STEP           TOTAL        INTRA(B)       INTRA(NB)       INTER(LJ)             LRC     TOTAL_ELECT            REAL           RECIP            SELF            CORR

STITLE:     STEP          VOLUME        PRESSURE     TOT_DENSITY

Printed combined psf to file Output_data_merged.psf
MOVE_0:     2500             363              29      7.9890e+00      1.0460e+00             352             143      4.0625e+01      4.2997e-01             749             265      3.5381e+01             752             215      2.8590e+01             265             108      4.0755e+01              19               8      4.2105e+01      3.8095e+02

ENER_0:     2500      1.1767e+07      1.0834e+06      0.0000e+00      1.1008e+07     -1.0357e+05     -2.2077e+05     -1.2151e+05      6.3743e+05     -1.2962e+07      1.2225e+07

STAT_0:     2500      9.3036e+04      1.1986e+05      8.7967e+02

PRES_0:     2500      1.2314e+05      1.1720e+05      1.1850e+05

Checkpoint saved to checkpoint.dat
Steps/sec:  29.445, Simulation ends in:   0 d:   0 h:  13 m 

MOVE_0:     5000             746             215      2.8820e+01      1.2924e-01             738             325      4.4038e+01      3.5104e-01            1521             344      2.2617e+01            1470             418      2.8435e+01             484             203      4.1942e+01              41              17      4.1463e+01      1.8470e+02

ENER_0:     5000      7.3167e+06      1.2269e+06      0.0000e+00      6.5373e+06     -1.0230e+05     -3.4509e+05     -1.6892e+05      5.5605e+05     -1.2962e+07      1.2230e+07

STAT_0:     5000      9.4194e+04      7.9514e+04      8.6886e+02

PRES_0:     5000      8.0703e+04      7.6543e+04      8.0558e+04

Checkpoint saved to checkpoint.dat
Steps/sec:  27.923, Simulation ends in:   0 d:   0 h:  12 m 

MOVE_0:     7500            1152             424      3.6806e+01      1.3822e-01            1123             525      4.6750e+01      3.4987e-01            2243             378      1.6852e+01            2214             611      2.7597e+01             696             293      4.2098e+01              72              34      4.7222e+01      2.5140e+02

ENER_0:     7500      4.0315e+06      1.3137e+06      0.0000e+00      3.2292e+06     -9.9949e+04     -4.1145e+05     -1.9689e+05      5.1458e+05     -1.2962e+07      1.2233e+07

STAT_0:     7500      9.6410e+04      4.9357e+04      8.4889e+02

PRES_0:     7500      4.7395e+04      5.0718e+04      4.9217e+04

Checkpoint saved to checkpoint.dat
Steps/sec:  21.057, Simulation ends in:   0 d:   0 h:  12 m 

MOVE_0:    10000            1540             631      4.0974e+01      1.5772e-01            1514             725      4.7886e+01      3.9042e-01            2935             408      1.3901e+01            2971             791      2.6624e+01             951             377      3.9642e+01              89              44      4.9438e+01      2.0569e+02

ENER_0:    10000      2.5894e+06      1.3136e+06      0.0000e+00      1.8457e+06     -9.8199e+04     -4.7164e+05     -2.1666e+05      4.7254e+05     -1.2962e+07      1.2234e+07

STAT_0:    10000      9.8129e+04      3.6352e+04      8.3402e+02

PRES_0:    10000      3.5142e+04      3.8195e+04      3.4977e+04

Checkpoint saved to checkpoint.dat
Steps/sec:  32.738, Simulation ends in:   0 d:   0 h:  10 m 

MOVE_0:    12500            1905             816      4.2835e+01      1.6769e-01            1890             913      4.8307e+01      3.7777e-01            3657             427      1.1676e+01            3732             942      2.5241e+01            1202             482      4.0100e+01             114              55      4.8246e+01      1.3713e+02

ENER_0:    12500      1.7451e+06      1.3427e+06      0.0000e+00      1.0155e+06     -9.7168e+04     -5.1595e+05     -2.3504e+05      4.4494e+05     -1.2962e+07      1.2236e+07

STAT_0:    12500      9.9169e+04      2.8536e+04      8.2527e+02

PRES_0:    12500      2.6777e+04      3.0296e+04      2.7794e+04

Checkpoint saved to checkpoint.dat
Steps/sec:  24.768, Simulation ends in:   0 d:   0 h:   8 m 

MOVE_0:    15000            2281            1001      4.3884e+01      1.5415e-01            2267            1105      4.8743e+01      3.8453e-01            4431             447      1.0088e+01            4447            1110      2.4961e+01            1439             560      3.8916e+01             135              65      4.8148e+01      9.9730e+01

ENER_0:    15000      1.2024e+06      1.3642e+06      0.0000e+00      4.8888e+05     -9.6701e+04     -5.5394e+05     -2.5570e+05      4.2718e+05     -1.2962e+07      1.2237e+07

STAT_0:    15000      9.9649e+04      2.3976e+04      8.2130e+02

PRES_0:    15000      2.2479e+04      2.4940e+04      2.3768e+04

Checkpoint saved to checkpoint.dat
Steps/sec:  28.083, Simulation ends in:   0 d:   0 h:   7 m 

MOVE_0:    17500            2653            1194      4.5006e+01      1.7504e-01            2643            1305      4.9376e+01      4.6336e-01            5163             456      8.8321e+00            5190            1267      2.4412e+01            1690             657      3.8876e+01             161              80      4.9689e+01      1.5830e+02

ENER_0:    17500      7.4788e+05      1.3536e+06      0.0000e+00      7.5632e+04     -9.5780e+04     -5.8556e+05     -2.7514e+05      4.1467e+05     -1.2962e+07      1.2237e+07

STAT_0:    17500      1.0061e+05      2.0068e+04      8.1348e+02

PRES_0:    17500      1.8725e+04      2.1061e+04      1.9676e+04

Checkpoint saved to checkpoint.dat
Steps/sec:  23.899, Simulation ends in:   0 d:   0 h:   5 m 

MOVE_0:    20000            3008            1388      4.6144e+01      1.9792e-01            2990            1482      4.9565e+01      4.2660e-01            5938             467      7.8646e+00            5960            1440      2.4161e+01            1920             740      3.8542e+01             184              90      4.8913e+01      6.2797e+01

ENER_0:    20000      3.5199e+05      1.3641e+06      0.0000e+00     -2.9626e+05     -9.5422e+04     -6.2048e+05     -2.9238e+05      3.9611e+05     -1.2962e+07      1.2238e+07

STAT_0:    20000      1.0098e+05      1.6845e+04      8.1044e+02

PRES_0:    20000      1.5944e+04      1.7289e+04      1.6558e+04

Checkpoint saved to checkpoint.dat
Steps/sec:  25.879, Simulation ends in:   0 d:   0 h:   4 m 

MOVE_0:    22500            3374            1564      4.6354e+01      1.8684e-01            3374            1670      4.9496e+01      3.7286e-01            6668             473      7.0936e+00            6720            1588      2.3631e+01            2163             825      3.8141e+01             201              97      4.8259e+01      1.7942e+01

ENER_0:    22500      1.4714e+05      1.3592e+06      0.0000e+00     -4.4797e+05     -9.5313e+04     -6.6882e+05     -3.1898e+05      3.7493e+05     -1.2962e+07      1.2237e+07

STAT_0:    22500      1.0110e+05      1.5441e+04      8.0951e+02

PRES_0:    22500      1.4455e+04      1.5748e+04      1.5377e+04

Checkpoint saved to checkpoint.dat
Steps/sec:  31.804, Simulation ends in:   0 d:   0 h:   2 m 

MOVE_0:    25000            3758            1759      4.6807e+01      1.7238e-01            3735            1862      4.9853e+01      4.2931e-01            7374             480      6.5094e+00            7503            1726      2.3004e+01            2410             911      3.7801e+01             220             106      4.8182e+01      2.0252e+01

ENER_0:    25000     -3.3798e+04      1.3507e+06      0.0000e+00     -5.8165e+05     -9.5235e+04     -7.0759e+05     -3.4016e+05      3.5785e+05     -1.2962e+07      1.2237e+07

STAT_0:    25000      1.0118e+05      1.4266e+04      8.0885e+02

PRES_0:    25000      1.3439e+04      1.4485e+04      1.4130e+04

Checkpoint saved to checkpoint.dat
Simulation Time (total): 9.2373e+02 sec.

Move Type                Mol. Kind      BOX_0      
% Accepted Displacement        CClH    47.84314 
% Accepted Displacement        COH     45.78696 
% Accepted Displacement        CH3     46.77551 
% Accepted Rotation            CClH    49.83526 
% Accepted Rotation            COH     49.48454 
% Accepted Rotation            CH3     50.23810 
% Accepted Volume-Transfer             48.18182 
% Accepted Intra-Swap          CClH     6.46623 
% Accepted Intra-Swap          COH      6.61795 
% Accepted Intra-Swap          CH3      6.44382 
% Accepted Regrowth            CClH    18.10207 
% Accepted Regrowth            COH     29.55354 
% Accepted Regrowth            CH3     21.26623 
% Accepted Crank-Shaft         CClH    19.89861 
% Accepted Crank-Shaft         COH     71.53285 
% Accepted Crank-Shaft         CH3     20.77597 

Displacement:                           15.6638    sec.
Rotation:                               16.2022    sec.
MultiParticle:                           0.0000    sec.
Intra-Swap:                             98.0058    sec.
Regrowth:                               81.6889    sec.
Intra-MEMC:                              0.0000    sec.
Crank-Shaft:                            24.7781    sec.
Vol-Transfer:                          658.2120    sec.

Info: GOMC Version 2.70
Info: Completed at: Mon Aug  9 04:45:58 2021
Info: On hostname: anushabhattacharyya-VirtualBox
