Info: GOMC Version 2.70
Info: Start Time: Sun Aug  8 09:27:58 2021
Info: Host Name: anushabhattacharyya-VirtualBox
CPU information:
Info: Total number of CPUs: 1
Info: Total number of CPUs available: 1
Info: Model name: AMD Ryzen 7 5800X 8-Core Processor
Info: System name: Linux
Info: Release: 5.11.0-25-generic
Info: Version: #27~20.04.1-Ubuntu SMP Tue Jul 13 17:41:23 UTC 2021
Info: Kernel Architecture: x86_64
Info: Total Ram: 23627.8MB
Info: Used Ram: 10110.6MB
Info: Working in the current directory: /home/anushabhattacharyya/Cl Alcohols-NPT/15-CClH2CH2COHCH3
Info: GOMC COMPILED TO RUN ISOBARIC-ISOTHERMAL ENSEMBLE.
Info: Number of threads                  1 
Info: Compiled with OpenMP Version       4.5

Reading Input File:                      in_NPT.conf
Info: Random seed                        Active 
Info: PARAMETER file                     CHARMM format! 
Info: Input Temperature                  248.0000 K
Info: Input Pressure                     410.0000 bar
Info: Volume change using constant ratio.
Info: Non-truncated potential            Active 
Info: Long Range Correction              Active 
Info: Cutoff                             10.0000 A
Info: Short Range Cutoff                 1.0000 A
Info: Exclude                            ONE-FOUR 
Info: Ewald Summation                    Active 
Info: Cache Ewald Fourier                Inactive 
Info: Ewald Summation Tolerance          1.000E-05 
Info: Pressure calculation frequency     1000 
Info: Total number of steps              10000 
Info: Number of equilibration steps      1000 
Info: Move adjustment frequency          1000 
Info: Displacement move frequency        0.1500 
Info: Rotation move frequency            0.1500 
Info: Intra-Swap move frequency          0.2900 
Warning: Unknown input SwapFreq!
Info: Regrowth move frequency            0.3000 
Info: Crank-Shaft move frequency         0.1000 
Info: Volume move frequency              0.0100 
Info: Multi-Particle move frequency      0.0000 
Info: IntraMEMC-1 move frequency         0.0000 
Warning: Unknown input MEMC-1Freq!
Info: IntraMEMC-2 move frequency         0.0000 
Warning: Unknown input MEMC-2Freq!
Info: IntraMEMC-3 move frequency         0.0000 
Warning: Unknown input MEMC-3Freq!
Info: CBMC First atom trials             12   
Info: CBMC Secondary atom trials         10   
Info: CBMC Angle trials                  50   
Info: CBMC Dihedral trials               50   
Info: Output name                        Output_data 
Info: Restart frequency                  1000 
Info: Checkpoint frequency               1000 
Info: Coordinate frequency               1000 
Info: Console output frequency           1000 
Info: Average output frequency           1000 
Warning: Unknown input HistogramFreq!
Warning: Unknown input DistName!
Warning: Unknown input HistName!
Warning: Unknown input RunNumber!
Warning: Unknown input RunLetter!
Warning: Unknown input SampleFreq!
Warning: Unknown input OutMolNumber!
Default: Box  0  CutoffCoulomb           10.0000 A
Finished Reading Input File:             in_NPT.conf

Reading from CHARMM-Style parameter file:  	NPT_CClH2CH2COHCH3_file.inp
Reading BONDS parameters.
Reading ANGLES parameters.
Reading DIHEDRALS parameters.
Reading NONBONDED parameters.
Reading from system PDB coordinate file:  	NPT_CClH2CH2COHCH3.pdb
Finished reading:                       	NPT_CClH2CH2COHCH3.pdb
Random number seed: 1873080160
Warning: Dihedral is missing for CClH !
Warning: Dihedral is missing for CH3 !

Molecules in PSF:
Molecule Kind: CClH
Idx	name	type	charge	mass
0	C1	D	-0.0060	12.0108
1	Cl1	C	-0.2000	35.4532
2	H1	E	0.1030	1.0079
3	H2	E	0.1030	1.0079
4	H3	E	0.1030	1.0079

Bonds:
[0 1] [2 0] [3 0] [4 0] 

Angles:
[1 0 2] [1 0 3] [1 0 4] [2 0 3] [2 0 4] [3 0 4] 

Dihedrals:

Molecule Kind: CH3
Idx	name	type	charge	mass
0	C1	A	-0.2400	12.0108
1	H1	B	0.0600	1.0079
2	H2	B	0.0600	1.0079
3	H3	B	0.0600	1.0079
4	H4	B	0.0600	1.0079

Bonds:
[0 1] [2 0] [3 0] [4 0] 

Angles:
[1 0 2] [1 0 3] [1 0 4] [2 0 3] [2 0 4] [3 0 4] 

Dihedrals:

Molecule Kind: COH
Idx	name	type	charge	mass
0	C1	I	0.1450	12.0108
1	O1	F	-0.6830	15.9994
2	H1	H	0.0400	1.0079
3	H2	H	0.0400	1.0079
4	H3	H	0.0400	1.0079
5	H4	G	0.4180	1.0079

Bonds:
[0 1] [2 0] [3 0] [4 0] [5 1] 

Angles:
[0 1 5] [1 0 2] [1 0 3] [1 0 4] [2 0 3] [2 0 4] [3 0 4] 

Dihedrals:
[2 0 1 5] [3 0 1 5] [4 0 1 5] 

Bonds parameter:
Atom Types                             Kb(K)           b0(A) 
D	C	                 123288.8018           1.7810 
E	D	                 171094.6637           1.0900 

A	B	                 171094.6637           1.0900 
B	A	                 171094.6637           1.0900 

I	F	                 161030.2717           1.4100 
H	I	                 171094.6637           1.0900 
G	F	                 278280.4382           0.9450 

Angles parameter:
Atom Types                         Ktheta(K)         theta0(degree) 
C	D	E	          25664.1995         107.6000 
E	D	E	          16606.2468         107.8000 

B	A	B	          16606.2468         107.8000 

I	F	G	          27677.0779         108.5000 
F	I	H	          17612.6860         109.5000 
H	I	H	          16606.2468         107.8000 

Dihedrals parameter:
Atom Types                           Kchi(K)    n    delta(degree) 
H	I	F	G	    226.4488    0     90.0000 
H	I	F	G	      0.0000    1    180.0000 
H	I	F	G	      0.0000    2      0.0000 
H	I	F	G	   -113.2244    3    180.0000 
H	I	F	G	      0.0000    4      0.0000 
H	I	F	G	      0.0000    5    180.0000 

================================================

Warning: Sum of the charge in the system is: 51.5000

================================================
NonBonded 1-4 parameters:
Type1  Type2             Epsilon(K)    Sigma(A)       N 
D      D                    16.6062      3.5000   12.00 
D      C                    35.4046      3.4500   12.00 
D      E                    11.1959      3.0000   12.00 
D      I                    16.6062      3.5000   12.00 
D      F                    26.6516      3.3100   12.00 
D      H                    11.1959      3.0000   12.00 
D      G                     0.0000      6.7500   12.00 
D      A                    16.6062      3.5000   12.00 
D      B                    11.1959      3.0000   12.00 
C      C                    75.4829      3.4000   12.00 
C      E                    23.8698      2.9500   12.00 
C      I                    35.4046      3.4500   12.00 
C      F                    56.8215      3.2600   12.00 
C      H                    23.8698      2.9500   12.00 
C      G                     0.0000      6.7000   12.00 
C      A                    35.4046      3.4500   12.00 
C      B                    23.8698      2.9500   12.00 
E      E                     7.5483      2.5000   12.00 
E      I                    11.1959      3.0000   12.00 
E      F                    17.9685      2.8100   12.00 
E      H                     7.5483      2.5000   12.00 
E      G                     0.0000      6.2500   12.00 
E      A                    11.1959      3.0000   12.00 
E      B                     7.5483      2.5000   12.00 
I      I                    16.6062      3.5000   12.00 
I      F                    26.6516      3.3100   12.00 
I      H                    11.1959      3.0000   12.00 
I      G                     0.0000      6.7500   12.00 
I      A                    16.6062      3.5000   12.00 
I      B                    11.1959      3.0000   12.00 
F      F                    42.7737      3.1200   12.00 
F      H                    17.9685      2.8100   12.00 
F      G                     0.0000      6.5600   12.00 
F      A                    26.6516      3.3100   12.00 
F      B                    17.9685      2.8100   12.00 
H      H                     7.5483      2.5000   12.00 
H      G                     0.0000      6.2500   12.00 
H      A                    11.1959      3.0000   12.00 
H      B                     7.5483      2.5000   12.00 
G      G                     0.0000     10.0000   12.00 
G      A                     0.0000      6.7500   12.00 
G      B                     0.0000      6.2500   12.00 
A      A                    16.6062      3.5000   12.00 
A      B                    11.1959      3.0000   12.00 
B      B                     7.5483      2.5000   12.00 

NonBonded parameters:
Type1  Type2             Epsilon(K)    Sigma(A)       N 
D      D                    33.2125      3.5000   12.00 
D      C                    70.8093      3.4500   12.00 
D      E                    22.3919      3.0000   12.00 
D      I                    33.2125      3.5000   12.00 
D      F                    53.3033      3.3100   12.00 
D      H                    22.3919      3.0000   12.00 
D      G                     0.0000      6.7500   12.00 
D      A                    33.2125      3.5000   12.00 
D      B                    22.3919      3.0000   12.00 
C      C                   150.9659      3.4000   12.00 
C      E                    47.7396      2.9500   12.00 
C      I                    70.8093      3.4500   12.00 
C      F                   113.6430      3.2600   12.00 
C      H                    47.7396      2.9500   12.00 
C      G                     0.0000      6.7000   12.00 
C      A                    70.8093      3.4500   12.00 
C      B                    47.7396      2.9500   12.00 
E      E                    15.0966      2.5000   12.00 
E      I                    22.3919      3.0000   12.00 
E      F                    35.9371      2.8100   12.00 
E      H                    15.0966      2.5000   12.00 
E      G                     0.0000      6.2500   12.00 
E      A                    22.3919      3.0000   12.00 
E      B                    15.0966      2.5000   12.00 
I      I                    33.2125      3.5000   12.00 
I      F                    53.3033      3.3100   12.00 
I      H                    22.3919      3.0000   12.00 
I      G                     0.0000      6.7500   12.00 
I      A                    33.2125      3.5000   12.00 
I      B                    22.3919      3.0000   12.00 
F      F                    85.5473      3.1200   12.00 
F      H                    35.9371      2.8100   12.00 
F      G                     0.0000      6.5600   12.00 
F      A                    53.3033      3.3100   12.00 
F      B                    35.9371      2.8100   12.00 
H      H                    15.0966      2.5000   12.00 
H      G                     0.0000      6.2500   12.00 
H      A                    22.3919      3.0000   12.00 
H      B                    15.0966      2.5000   12.00 
G      G                     0.0000     10.0000   12.00 
G      A                     0.0000      6.7500   12.00 
G      B                     0.0000      6.2500   12.00 
A      A                    33.2125      3.5000   12.00 
A      B                    22.3919      3.0000   12.00 
B      B                    15.0966      2.5000   12.00 

Info: Box  0:  Periodic Cell Basis 1     45.000   0.000   0.000 
Info: Box  0:  Periodic Cell Basis 2      0.000  45.000   0.000 
Info: Box  0:  Periodic Cell Basis 3      0.000   0.000  45.000 

Minimum coordinates in box 0: x =    1.929, y =    1.949, z =    1.900
Maximum coordinates in box 0: x =   43.097, y =   43.090, z =   43.061
Wrapping molecules inside the simulation box 0:
Box: 0, RecipVectors:   9402, kmax: 17

################################################################################
########################## INITIAL SIMULATION ENERGY ###########################

ETITLE:     STEP           TOTAL        INTRA(B)       INTRA(NB)       INTER(LJ)             LRC     TOTAL_ELECT            REAL           RECIP            SELF            CORR

ENER_0:        0      2.7088e+07      8.1006e+05      0.0000e+00      2.6237e+07     -1.0575e+05      1.4673e+05      3.4023e+04      8.6102e+05     -1.2962e+07      1.2214e+07

STITLE:     STEP          VOLUME        PRESSURE     TOT_DENSITY

STAT_0:        0      9.1125e+04      2.5498e+05      8.9812e+02

################################################################################
############################# STARTING SIMULATION ##############################

MTITLE:     STEP          DISTRY       DISACCEPT      DISACCEPT%          DISMAX          ROTATE       ROTACCEPT      ROTACCEPT%          ROTMAX       INTRASWAP       INTACCEPT      INTACCEPT%        REGROWTH    REGROWACCEPT   REGROWACCEPT%      CRANKSHAFT  CRKSHAFTACCEPT CRKSHAFTACCEPT%          VOLUME       VOLACCEPT      VOLACCEPT%          VOLMAX

ETITLE:     STEP           TOTAL        INTRA(B)       INTRA(NB)       INTER(LJ)             LRC     TOTAL_ELECT            REAL           RECIP            SELF            CORR

STITLE:     STEP          VOLUME        PRESSURE     TOT_DENSITY

Printed combined psf to file Output_data_merged.psf
MOVE_0:     1000             141               7      4.9645e+00      1.0829e+00             164              53      3.2317e+01      5.1807e-01             278             137      4.9281e+01             287              73      2.5436e+01             121              45      3.7190e+01               9               5      5.5556e+01      5.5556e+02

ENER_0:     1000      1.8623e+07      9.7642e+05      0.0000e+00      1.7826e+07     -1.0431e+05     -7.5573e+04     -3.8889e+04      7.0696e+05     -1.2962e+07      1.2218e+07

STAT_0:     1000      9.2378e+04      1.7763e+05      8.8594e+02

PRES_0:     1000      1.7193e+05      1.8197e+05      1.7825e+05

Checkpoint saved to checkpoint.dat
Steps/sec:  13.448, Simulation ends in:   0 d:   0 h:  12 m 

MOVE_0:     2000             280              31      1.1071e+01      5.7225e-01             317             117      3.6909e+01      4.2240e-01             592             226      3.8176e+01             587             161      2.7428e+01             208              85      4.0865e+01              16               8      5.0000e+01      4.7619e+02

ENER_0:     2000      1.3757e+07      1.0657e+06      0.0000e+00      1.3001e+07     -1.0353e+05     -2.0563e+05     -8.3820e+04      6.1820e+05     -1.2962e+07      1.2222e+07

STAT_0:     2000      9.3074e+04      1.3666e+05      8.7931e+02

PRES_0:     2000      1.3789e+05      1.3662e+05      1.3473e+05

Checkpoint saved to checkpoint.dat
Steps/sec:  15.432, Simulation ends in:   0 d:   0 h:  10 m 

MOVE_0:     3000             425              66      1.5529e+01      2.0635e-01             463             168      3.6285e+01      2.9557e-01             894             271      3.0313e+01             897             252      2.8094e+01             295             122      4.1356e+01              26              13      5.0000e+01      4.7619e+02

ENER_0:     3000      1.0350e+07      1.1156e+06      0.0000e+00      9.6238e+06     -1.0231e+05     -2.8715e+05     -1.3371e+05      5.8433e+05     -1.2962e+07      1.2224e+07

STAT_0:     3000      9.4190e+04      1.0640e+05      8.6890e+02

PRES_0:     3000      1.0970e+05      1.0858e+05      1.0019e+05

Checkpoint saved to checkpoint.dat
Steps/sec:  12.239, Simulation ends in:   0 d:   0 h:   9 m 

MOVE_0:     4000             572             129      2.2552e+01      1.5819e-01             617             248      4.0194e+01      3.0833e-01            1194             308      2.5796e+01            1192             329      2.7601e+01             392             163      4.1582e+01              33              16      4.8485e+01      4.0816e+02

ENER_0:     4000      8.1245e+06      1.1597e+06      0.0000e+00      7.3832e+06     -1.0170e+05     -3.1675e+05     -1.3569e+05      5.5427e+05     -1.2962e+07      1.2227e+07

STAT_0:     4000      9.4749e+04      8.6512e+04      8.6377e+02

PRES_0:     4000      9.0142e+04      8.7804e+04      8.0852e+04

Checkpoint saved to checkpoint.dat
Steps/sec:  15.323, Simulation ends in:   0 d:   0 h:   8 m 

MOVE_0:     5000             722             198      2.7424e+01      1.4534e-01             770             329      4.2727e+01      3.0962e-01            1499             334      2.2282e+01            1487             408      2.7438e+01             475             193      4.0632e+01              47              22      4.6809e+01      3.4985e+02

ENER_0:     5000      6.4698e+06      1.2088e+06      0.0000e+00      5.6837e+06     -1.0027e+05     -3.2241e+05     -1.3761e+05      5.4918e+05     -1.2962e+07      1.2228e+07

STAT_0:     5000      9.6100e+04      7.0510e+04      8.5162e+02

PRES_0:     5000      7.0591e+04      7.2646e+04      6.7554e+04

Checkpoint saved to checkpoint.dat
Steps/sec:  12.605, Simulation ends in:   0 d:   0 h:   7 m 

MOVE_0:     6000             860             261      3.0349e+01      1.3307e-01             930             403      4.3333e+01      2.8989e-01            1791             350      1.9542e+01            1791             496      2.7694e+01             569             227      3.9895e+01              59              29      4.9153e+01      4.0816e+02

ENER_0:     6000      4.9099e+06      1.2546e+06      0.0000e+00      4.1411e+06     -9.8834e+04     -3.8694e+05     -1.8222e+05      5.2765e+05     -1.2962e+07      1.2230e+07

STAT_0:     6000      9.7498e+04      5.5752e+04      8.3941e+02

PRES_0:     6000      5.5424e+04      5.7535e+04      5.3557e+04

Checkpoint saved to checkpoint.dat
Steps/sec:  10.467, Simulation ends in:   0 d:   0 h:   6 m 

MOVE_0:     7000            1005             335      3.3333e+01      1.3717e-01            1093             497      4.5471e+01      3.3388e-01            2069             359      1.7351e+01            2109             580      2.7501e+01             657             253      3.8508e+01              67              35      5.2239e+01      6.1224e+02

ENER_0:     7000      3.6791e+06      1.2851e+06      0.0000e+00      2.9125e+06     -9.7342e+04     -4.2121e+05     -1.9911e+05      5.0956e+05     -1.2962e+07      1.2230e+07

STAT_0:     7000      9.8992e+04      4.4148e+04      8.2674e+02

PRES_0:     7000      4.4787e+04      4.4854e+04      4.2061e+04

Checkpoint saved to checkpoint.dat
Steps/sec:  13.900, Simulation ends in:   0 d:   0 h:   4 m 

MOVE_0:     8000            1152             410      3.5590e+01      1.3939e-01            1230             570      4.6341e+01      3.5961e-01            2355             372      1.5796e+01            2431             655      2.6944e+01             759             296      3.8999e+01              73              36      4.9315e+01      2.0408e+02

ENER_0:     8000      3.0394e+06      1.3054e+06      0.0000e+00      2.2711e+06     -9.6898e+04     -4.4010e+05     -2.1360e+05      5.0443e+05     -1.2962e+07      1.2231e+07

STAT_0:     8000      9.9446e+04      3.8911e+04      8.2297e+02

PRES_0:     8000      3.9220e+04      3.9536e+04      3.7235e+04

Checkpoint saved to checkpoint.dat
Steps/sec:  16.629, Simulation ends in:   0 d:   0 h:   3 m 

MOVE_0:     9000            1301             486      3.7356e+01      1.4214e-01            1386             632      4.5599e+01      2.8429e-01            2650             390      1.4717e+01            2723             733      2.6919e+01             855             328      3.8363e+01              85              40      4.7059e+01      1.3605e+02

ENER_0:     9000      2.5786e+06      1.3217e+06      0.0000e+00      1.8074e+06     -9.6496e+04     -4.5399e+05     -2.2226e+05      4.9807e+05     -1.2962e+07      1.2232e+07

STAT_0:     9000      9.9860e+04      3.5066e+04      8.1956e+02

PRES_0:     9000      3.5057e+04      3.5411e+04      3.3987e+04

Checkpoint saved to checkpoint.dat
Steps/sec:  11.613, Simulation ends in:   0 d:   0 h:   2 m 

MOVE_0:    10000            1452             575      3.9601e+01      1.6377e-01            1536             717      4.6680e+01      3.2385e-01            2917             404      1.3850e+01            3033             802      2.6442e+01             970             368      3.7938e+01              92              45      4.8913e+01      1.9436e+02

ENER_0:    10000      2.1782e+06      1.3410e+06      0.0000e+00      1.4128e+06     -9.6045e+04     -4.7960e+05     -2.2930e+05      4.7866e+05     -1.2962e+07      1.2233e+07

STAT_0:    10000      1.0033e+05      3.1549e+04      8.1573e+02

PRES_0:    10000      3.1100e+04      3.2134e+04      3.0671e+04

Checkpoint saved to checkpoint.dat
Simulation Time (total): 7.2432e+02 sec.

Move Type                Mol. Kind      BOX_0      
% Accepted Displacement        CClH    33.95062 
% Accepted Displacement        COH     42.96875 
% Accepted Displacement        CH3     41.85022 
% Accepted Rotation            CClH    45.85742 
% Accepted Rotation            COH     45.41667 
% Accepted Rotation            CH3     48.60335 
% Accepted Volume-Transfer             48.91304 
% Accepted Intra-Swap          CClH    12.95117 
% Accepted Intra-Swap          COH     14.96461 
% Accepted Intra-Swap          CH3     13.59026 
% Accepted Regrowth            CClH    22.82927 
% Accepted Regrowth            COH     35.72874 
% Accepted Regrowth            CH3     21.07843 
% Accepted Crank-Shaft         CClH    23.64217 
% Accepted Crank-Shaft         COH     66.87307 
% Accepted Crank-Shaft         CH3     23.35329 

Displacement:                           10.8301    sec.
Rotation:                               12.0138    sec.
MultiParticle:                           0.0000    sec.
Intra-Swap:                             73.1211    sec.
Regrowth:                               59.9453    sec.
Intra-MEMC:                              0.0000    sec.
Crank-Shaft:                            18.4879    sec.
Vol-Transfer:                          493.5666    sec.

Info: GOMC Version 2.70
Info: Completed at: Sun Aug  8 09:40:27 2021
Info: On hostname: anushabhattacharyya-VirtualBox
