Info: GOMC Version 2.70
Info: Start Time: Sun Aug  8 14:41:51 2021
Info: Host Name: anushabhattacharyya-VirtualBox
CPU information:
Info: Total number of CPUs: 1
Info: Total number of CPUs available: 1
Info: Model name: AMD Ryzen 7 5800X 8-Core Processor
Info: System name: Linux
Info: Release: 5.11.0-25-generic
Info: Version: #27~20.04.1-Ubuntu SMP Tue Jul 13 17:41:23 UTC 2021
Info: Kernel Architecture: x86_64
Info: Total Ram: 23627.8MB
Info: Used Ram: 10933.7MB
Info: Working in the current directory: /home/anushabhattacharyya/Cl Alcohols-NPT
Info: GOMC COMPILED TO RUN ISOBARIC-ISOTHERMAL ENSEMBLE.
Info: Number of threads                  1 
Info: Compiled with OpenMP Version       4.5

Reading Input File:                      in_NPT.conf
Info: Random seed                        Active 
Info: PARAMETER file                     CHARMM format! 
Info: Input Temperature                  248.0000 K
Info: Input Pressure                     410.0000 bar
Info: Volume change using constant ratio.
Info: Non-truncated potential            Active 
Info: Long Range Correction              Active 
Info: Cutoff                             10.0000 A
Info: Short Range Cutoff                 1.0000 A
Info: Exclude                            ONE-FOUR 
Info: Ewald Summation                    Active 
Info: Cache Ewald Fourier                Inactive 
Info: Ewald Summation Tolerance          1.000E-05 
Info: Pressure calculation frequency     3000 
Info: Total number of steps              30000 
Info: Number of equilibration steps      3000 
Info: Move adjustment frequency          1000 
Info: Displacement move frequency        0.1500 
Info: Rotation move frequency            0.1500 
Info: Intra-Swap move frequency          0.2900 
Warning: Unknown input SwapFreq!
Info: Regrowth move frequency            0.3000 
Info: Crank-Shaft move frequency         0.1000 
Info: Volume move frequency              0.0100 
Info: Multi-Particle move frequency      0.0000 
Info: IntraMEMC-1 move frequency         0.0000 
Warning: Unknown input MEMC-1Freq!
Info: IntraMEMC-2 move frequency         0.0000 
Warning: Unknown input MEMC-2Freq!
Info: IntraMEMC-3 move frequency         0.0000 
Warning: Unknown input MEMC-3Freq!
Info: CBMC First atom trials             12   
Info: CBMC Secondary atom trials         10   
Info: CBMC Angle trials                  50   
Info: CBMC Dihedral trials               50   
Info: Output name                        Output_data 
Info: Restart frequency                  3000 
Info: Checkpoint frequency               3000 
Info: Coordinate frequency               3000 
Info: Console output frequency           3000 
Info: Average output frequency           3000 
Warning: Unknown input HistogramFreq!
Warning: Unknown input DistName!
Warning: Unknown input HistName!
Warning: Unknown input RunNumber!
Warning: Unknown input RunLetter!
Warning: Unknown input SampleFreq!
Warning: Unknown input OutMolNumber!
Default: Box  0  CutoffCoulomb           10.0000 A
Finished Reading Input File:             in_NPT.conf

Reading from CHARMM-Style parameter file:  	NPT_butane_file.inp
Reading BONDS parameters.
Reading ANGLES parameters.
Reading DIHEDRALS parameters.
Reading NONBONDED parameters.
Reading from system PDB coordinate file:  	NPT_butane.pdb
Finished reading:                       	NPT_butane.pdb
Random number seed: 1271487366
Warning: Dihedral is missing for CCl3 !

Molecules in PSF:
Molecule Kind: CCl3
Idx	name	type	charge	mass
0	C1	B	-0.0060	12.0108
1	Cl1	A	-0.2000	35.4532
2	Cl2	A	-0.2000	35.4532
3	Cl3	A	-0.2000	35.4532
4	H1	C	0.1030	1.0079

Bonds:
[0 1] [2 0] [3 0] [4 0] 

Angles:
[1 0 2] [1 0 3] [1 0 4] [2 0 3] [2 0 4] [3 0 4] 

Dihedrals:

Molecule Kind: COH
Idx	name	type	charge	mass
0	C1	G	0.1450	12.0108
1	O1	D	-0.6830	15.9994
2	H1	F	0.0400	1.0079
3	H2	F	0.0400	1.0079
4	H3	F	0.0400	1.0079
5	H4	E	0.4180	1.0079

Bonds:
[0 1] [2 0] [3 0] [4 0] [5 1] 

Angles:
[0 1 5] [1 0 2] [1 0 3] [1 0 4] [2 0 3] [2 0 4] [3 0 4] 

Dihedrals:
[2 0 1 5] [3 0 1 5] [4 0 1 5] 

Bonds parameter:
Atom Types                             Kb(K)           b0(A) 
B	A	                 123288.8018           1.7810 
A	B	                 123288.8018           1.7810 
C	B	                 171094.6637           1.0900 

G	D	                 161030.2717           1.4100 
F	G	                 171094.6637           1.0900 
E	D	                 278280.4382           0.9450 

Angles parameter:
Atom Types                         Ktheta(K)         theta0(degree) 
A	B	A	          39251.1287         111.7000 
A	B	C	          25664.1995         107.6000 

G	D	E	          27677.0779         108.5000 
D	G	F	          17612.6860         109.5000 
F	G	F	          16606.2468         107.8000 

Dihedrals parameter:
Atom Types                           Kchi(K)    n    delta(degree) 
F	G	D	E	    226.4488    0     90.0000 
F	G	D	E	      0.0000    1    180.0000 
F	G	D	E	      0.0000    2      0.0000 
F	G	D	E	   -113.2244    3    180.0000 
F	G	D	E	      0.0000    4      0.0000 
F	G	D	E	      0.0000    5    180.0000 

================================================

Warning: Sum of the charge in the system is: -251.5000

================================================
NonBonded 1-4 parameters:
Type1  Type2             Epsilon(K)    Sigma(A)       N 
B      B                    16.6062      3.5000   12.00 
B      A                    35.4046      3.4500   12.00 
B      C                    11.1959      3.0000   12.00 
B      G                    16.6062      3.5000   12.00 
B      D                    26.6516      3.3100   12.00 
B      F                    11.1959      3.0000   12.00 
B      E                     0.0000      6.7500   12.00 
A      A                    75.4829      3.4000   12.00 
A      C                    23.8698      2.9500   12.00 
A      G                    35.4046      3.4500   12.00 
A      D                    56.8215      3.2600   12.00 
A      F                    23.8698      2.9500   12.00 
A      E                     0.0000      6.7000   12.00 
C      C                     7.5483      2.5000   12.00 
C      G                    11.1959      3.0000   12.00 
C      D                    17.9685      2.8100   12.00 
C      F                     7.5483      2.5000   12.00 
C      E                     0.0000      6.2500   12.00 
G      G                    16.6062      3.5000   12.00 
G      D                    26.6516      3.3100   12.00 
G      F                    11.1959      3.0000   12.00 
G      E                     0.0000      6.7500   12.00 
D      D                    42.7737      3.1200   12.00 
D      F                    17.9685      2.8100   12.00 
D      E                     0.0000      6.5600   12.00 
F      F                     7.5483      2.5000   12.00 
F      E                     0.0000      6.2500   12.00 
E      E                     0.0000     10.0000   12.00 

NonBonded parameters:
Type1  Type2             Epsilon(K)    Sigma(A)       N 
B      B                    33.2125      3.5000   12.00 
B      A                    70.8093      3.4500   12.00 
B      C                    22.3919      3.0000   12.00 
B      G                    33.2125      3.5000   12.00 
B      D                    53.3033      3.3100   12.00 
B      F                    22.3919      3.0000   12.00 
B      E                     0.0000      6.7500   12.00 
A      A                   150.9659      3.4000   12.00 
A      C                    47.7396      2.9500   12.00 
A      G                    70.8093      3.4500   12.00 
A      D                   113.6430      3.2600   12.00 
A      F                    47.7396      2.9500   12.00 
A      E                     0.0000      6.7000   12.00 
C      C                    15.0966      2.5000   12.00 
C      G                    22.3919      3.0000   12.00 
C      D                    35.9371      2.8100   12.00 
C      F                    15.0966      2.5000   12.00 
C      E                     0.0000      6.2500   12.00 
G      G                    33.2125      3.5000   12.00 
G      D                    53.3033      3.3100   12.00 
G      F                    22.3919      3.0000   12.00 
G      E                     0.0000      6.7500   12.00 
D      D                    85.5473      3.1200   12.00 
D      F                    35.9371      2.8100   12.00 
D      E                     0.0000      6.5600   12.00 
F      F                    15.0966      2.5000   12.00 
F      E                     0.0000      6.2500   12.00 
E      E                     0.0000     10.0000   12.00 

Info: Box  0:  Periodic Cell Basis 1     45.000   0.000   0.000 
Info: Box  0:  Periodic Cell Basis 2      0.000  45.000   0.000 
Info: Box  0:  Periodic Cell Basis 3      0.000   0.000  45.000 

Minimum coordinates in box 0: x =    1.951, y =    1.916, z =    1.912
Maximum coordinates in box 0: x =   43.054, y =   43.083, z =   43.064
Wrapping molecules inside the simulation box 0:
Box: 0, RecipVectors:   9402, kmax: 17

################################################################################
########################## INITIAL SIMULATION ENERGY ###########################

ETITLE:     STEP           TOTAL        INTRA(B)       INTRA(NB)       INTER(LJ)             LRC     TOTAL_ELECT            REAL           RECIP            SELF            CORR

ENER_0:        0      7.8611e+07      6.4386e+05      0.0000e+00      7.3474e+07     -1.4176e+05      4.6344e+06      8.6293e+05      7.5440e+06     -1.2751e+07      8.9782e+06

STITLE:     STEP          VOLUME        PRESSURE     TOT_DENSITY

STAT_0:        0      9.1125e+04      6.7631e+05      1.3796e+03

################################################################################
############################# STARTING SIMULATION ##############################

MTITLE:     STEP          DISTRY       DISACCEPT      DISACCEPT%          DISMAX          ROTATE       ROTACCEPT      ROTACCEPT%          ROTMAX       INTRASWAP       INTACCEPT      INTACCEPT%        REGROWTH    REGROWACCEPT   REGROWACCEPT%      CRANKSHAFT  CRKSHAFTACCEPT CRKSHAFTACCEPT%          VOLUME       VOLACCEPT      VOLACCEPT%          VOLMAX

ETITLE:     STEP           TOTAL        INTRA(B)       INTRA(NB)       INTER(LJ)             LRC     TOTAL_ELECT            REAL           RECIP            SELF            CORR

STITLE:     STEP          VOLUME        PRESSURE     TOT_DENSITY

Printed combined psf to file Output_data_merged.psf
MOVE_0:     3000             465              90      1.9355e+01      2.4377e-01             418             164      3.9234e+01      3.8567e-01             892             319      3.5762e+01             897             305      3.4002e+01             307             129      4.2020e+01              21               7      3.3333e+01      1.9753e+02

ENER_0:     3000      2.2384e+07      9.6726e+05      0.0000e+00      2.3838e+07     -1.3926e+05     -2.2821e+06      1.3336e+05      1.3264e+06     -1.2751e+07      9.0088e+06

STAT_0:     3000      9.2761e+04      2.3521e+05      1.3553e+03

PRES_0:     3000      2.3005e+05      2.4231e+05      2.3342e+05

Checkpoint saved to checkpoint.dat
Steps/sec:  42.398, Simulation ends in:   0 d:   0 h:  11 m 

MOVE_0:     6000             922             286      3.1020e+01      1.5509e-01             822             362      4.4039e+01      3.2778e-01            1794             398      2.2185e+01            1807             583      3.2263e+01             600             252      4.2000e+01              55              28      5.0909e+01      2.8985e+02

ENER_0:     6000      8.9236e+06      1.0414e+06      0.0000e+00      1.0828e+07     -1.3591e+05     -2.8101e+06     -6.7873e+04      9.9008e+05     -1.2751e+07      9.0184e+06

STAT_0:     6000      9.5046e+04      1.1871e+05      1.3227e+03

PRES_0:     6000      1.2271e+05      1.2280e+05      1.1073e+05

Checkpoint saved to checkpoint.dat
Steps/sec:  31.414, Simulation ends in:   0 d:   0 h:  12 m 

MOVE_0:     9000            1365             512      3.7509e+01      1.5997e-01            1272             575      4.5204e+01      2.8864e-01            2680             450      1.6791e+01            2704             814      3.0104e+01             895             379      4.2346e+01              84              46      5.4762e+01      4.4283e+02

ENER_0:     9000      2.0216e+06      1.0580e+06      0.0000e+00      4.1695e+06     -1.3246e+05     -3.0734e+06     -1.5106e+05      8.0530e+05     -1.2751e+07      9.0231e+06

STAT_0:     9000      9.7524e+04      5.8205e+04      1.2891e+03

PRES_0:     9000      5.7939e+04      5.9768e+04      5.6978e+04

Checkpoint saved to checkpoint.dat
Steps/sec:  35.008, Simulation ends in:   0 d:   0 h:  10 m 

MOVE_0:    12000            1825             743      4.0712e+01      1.5062e-01            1703             797      4.6800e+01      3.0578e-01            3539             465      1.3139e+01            3587            1028      2.8659e+01            1221             521      4.2670e+01             125              60      4.8000e+01      9.7824e+01

ENER_0:    12000     -2.3464e+05      1.0744e+06      0.0000e+00      2.0429e+06     -1.3113e+05     -3.2208e+06     -2.0635e+05      7.1085e+05     -1.2751e+07      9.0254e+06

STAT_0:    12000      9.8510e+04      3.9466e+04      1.2762e+03

PRES_0:    12000      3.6736e+04      4.2296e+04      3.9426e+04

Checkpoint saved to checkpoint.dat
Steps/sec:  26.432, Simulation ends in:   0 d:   0 h:  10 m 

MOVE_0:    15000            2238             948      4.2359e+01      1.4411e-01            2142            1022      4.7712e+01      3.1882e-01            4488             482      1.0740e+01            4465            1201      2.6898e+01            1518             652      4.2951e+01             149              72      4.8322e+01      8.3849e+01

ENER_0:    15000     -1.3380e+06      1.0696e+06      0.0000e+00      1.0649e+06     -1.3048e+05     -3.3420e+06     -2.5831e+05      6.3901e+05     -1.2751e+07      9.0280e+06

STAT_0:    15000      9.9003e+04      3.0290e+04      1.2699e+03

PRES_0:    15000      2.8390e+04      3.1142e+04      3.1392e+04

Checkpoint saved to checkpoint.dat
Steps/sec:  36.852, Simulation ends in:   0 d:   0 h:   8 m 

MOVE_0:    18000            2674            1173      4.3867e+01      1.5313e-01            2640            1289      4.8826e+01      3.7337e-01            5375             497      9.2465e+00            5328            1348      2.5300e+01            1803             762      4.2263e+01             180              86      4.7778e+01      4.3118e+01

ENER_0:    18000     -2.0874e+06      1.0531e+06      0.0000e+00      4.1700e+05     -1.2974e+05     -3.4278e+06     -2.9835e+05      5.9282e+05     -1.2751e+07      9.0285e+06

STAT_0:    18000      9.9564e+04      2.4845e+04      1.2627e+03

PRES_0:    18000      2.3330e+04      2.6523e+04      2.4731e+04

Checkpoint saved to checkpoint.dat
Steps/sec:  32.719, Simulation ends in:   0 d:   0 h:   6 m 

MOVE_0:    21000            3126            1418      4.5361e+01      1.8288e-01            3072            1488      4.8438e+01      2.8597e-01            6214             506      8.1429e+00            6267            1531      2.4430e+01            2103             865      4.1132e+01             218             106      4.8624e+01      5.0190e+01

ENER_0:    21000     -2.7799e+06      1.0553e+06      0.0000e+00     -2.0579e+05     -1.2915e+05     -3.5002e+06     -3.3865e+05      5.6080e+05     -1.2751e+07      9.0284e+06

STAT_0:    21000      1.0002e+05      1.9163e+04      1.2569e+03

PRES_0:    21000      1.8375e+04      1.8450e+04      2.0706e+04

Checkpoint saved to checkpoint.dat
Steps/sec:  27.993, Simulation ends in:   0 d:   0 h:   5 m 

MOVE_0:    24000            3571            1636      4.5813e+01      1.7292e-01            3519            1726      4.9048e+01      3.3763e-01            7104             513      7.2213e+00            7141            1676      2.3470e+01            2418             992      4.1026e+01             247             120      4.8583e+01      4.0558e+01

ENER_0:    24000     -3.2061e+06      1.0450e+06      0.0000e+00     -5.5673e+05     -1.2884e+05     -3.5655e+06     -3.6301e+05      5.2010e+05     -1.2751e+07      9.0281e+06

STAT_0:    24000      1.0026e+05      1.5862e+04      1.2539e+03

PRES_0:    24000      1.5003e+04      1.5822e+04      1.6800e+04

Checkpoint saved to checkpoint.dat
Steps/sec:  34.354, Simulation ends in:   0 d:   0 h:   4 m 

MOVE_0:    27000            4036            1868      4.6283e+01      1.6872e-01            3940            1946      4.9391e+01      3.8140e-01            7931             517      6.5187e+00            8027            1819      2.2661e+01            2784            1131      4.0625e+01             282             137      4.8582e+01      3.3122e+01

ENER_0:    27000     -3.5259e+06      1.0401e+06      0.0000e+00     -8.0694e+05     -1.2862e+05     -3.6305e+06     -3.9485e+05      4.8813e+05     -1.2751e+07      9.0270e+06

STAT_0:    27000      1.0043e+05      1.3686e+04      1.2518e+03

PRES_0:    27000      1.3748e+04      1.3411e+04      1.3939e+04

Checkpoint saved to checkpoint.dat
Steps/sec:  29.552, Simulation ends in:   0 d:   0 h:   2 m 

MOVE_0:    30000            4499            2102      4.6721e+01      1.7537e-01            4362            2159      4.9496e+01      3.7552e-01            8806             518      5.8824e+00            8940            1944      2.1745e+01            3080            1238      4.0195e+01             313             156      4.9840e+01      5.7178e+01

ENER_0:    30000     -3.7853e+06      1.0243e+06      0.0000e+00     -1.0022e+06     -1.2823e+05     -3.6791e+06     -4.1724e+05      4.6206e+05     -1.2751e+07      9.0268e+06

STAT_0:    30000      1.0074e+05      1.1758e+04      1.2480e+03

PRES_0:    30000      1.1228e+04      1.1642e+04      1.2438e+04

Checkpoint saved to checkpoint.dat
Simulation Time (total): 9.2917e+02 sec.

Move Type                Mol. Kind      BOX_0      
% Accepted Displacement        CCl3    46.81878 
% Accepted Displacement        COH     46.62162 
% Accepted Rotation            CCl3    49.51546 
% Accepted Rotation            COH     49.47608 
% Accepted Volume-Transfer             49.84026 
% Accepted Intra-Swap          CCl3     4.48602 
% Accepted Intra-Swap          COH      7.29977 
% Accepted Regrowth            CCl3    12.47764 
% Accepted Regrowth            COH     31.02059 
% Accepted Crank-Shaft         CCl3    12.87636 
% Accepted Crank-Shaft         COH     68.26860 

Displacement:                           17.9137    sec.
Rotation:                               17.6253    sec.
MultiParticle:                           0.0000    sec.
Intra-Swap:                             84.8596    sec.
Regrowth:                               74.5537    sec.
Intra-MEMC:                              0.0000    sec.
Crank-Shaft:                            24.1416    sec.
Vol-Transfer:                          690.6479    sec.

Info: GOMC Version 2.70
Info: Completed at: Sun Aug  8 14:57:28 2021
Info: On hostname: anushabhattacharyya-VirtualBox
