Info: GOMC Version 2.70
Info: Start Time: Sun Aug  8 06:50:41 2021
Info: Host Name: anushabhattacharyya-VirtualBox
CPU information:
Info: Total number of CPUs: 1
Info: Total number of CPUs available: 1
Info: Model name: AMD Ryzen 7 5800X 8-Core Processor
Info: System name: Linux
Info: Release: 5.11.0-25-generic
Info: Version: #27~20.04.1-Ubuntu SMP Tue Jul 13 17:41:23 UTC 2021
Info: Kernel Architecture: x86_64
Info: Total Ram: 23627.8MB
Info: Used Ram: 10129.7MB
Info: Working in the current directory: /home/anushabhattacharyya/Cl Alcohols-NVT/22-CH3CCl2CH2CHOHCH3
Info: GOMC COMPILED TO RUN CANONICAL (NVT) ENSEMBLE.
Info: Number of threads                  1 
Info: Compiled with OpenMP Version       4.5

Reading Input File:                      in_NVT.conf
Info: Random seed                        Active 
Info: PARAMETER file                     CHARMM format! 
Info: Input Temperature                  298.0000 K
Info: Non-truncated potential            Active 
Info: Long Range Correction              Active 
Info: Cutoff                             10.0000 A
Info: Short Range Cutoff                 1.0000 A
Info: Exclude                            ONE-THREE 
Info: Cache Ewald Fourier                Inactive 
Info: Ewald Summation Tolerance          1.000E-05 
Info: Pressure calculation frequency     500000 
Info: Total number of steps              50000000 
Info: Number of equilibration steps      500000 
Info: Move adjustment frequency          1000
Info: Displacement move frequency        0.1500 
Info: Rotation move frequency            0.1500 
Info: Intra-Swap move frequency          0.3000 
Warning: Unknown input SwapFreq!
Info: Regrowth move frequency            0.3000 
Info: Crank-Shaft move frequency         0.1000 
Warning: Unknown input VolFreq!
Info: Multi-Particle move frequency      0.0000 
Info: IntraMEMC-1 move frequency         0.0000 
Warning: Unknown input MEMC-1Freq!
Info: IntraMEMC-2 move frequency         0.0000 
Warning: Unknown input MEMC-2Freq!
Info: IntraMEMC-3 move frequency         0.0000 
Warning: Unknown input MEMC-3Freq!
Info: CBMC First atom trials             12   
Info: CBMC Secondary atom trials         10   
Info: CBMC Angle trials                  50   
Info: CBMC Dihedral trials               50   
Info: Output name                        Output_data 
Info: Restart frequency                  500000
Info: Checkpoint frequency               500000
Info: Coordinate frequency               500000 
Info: Console output frequency           500000 
Info: Average output frequency           500000 
Warning: Unknown input HistogramFreq!
Warning: Unknown input DistName!
Warning: Unknown input HistName!
Warning: Unknown input RunNumber!
Warning: Unknown input RunLetter!
Warning: Unknown input SampleFreq!
Warning: Unknown input OutMolNumber!
Warning: Unknown input OutVolume!
Warning: 1-4 Electrostatic scaling set, but will be ignored.
Finished Reading Input File:             in_NVT.conf

Reading from CHARMM-Style parameter file:  	NVT_CH3CCl2CH2CHOHCH3.inp
Reading BONDS parameters.
Reading ANGLES parameters.
Reading DIHEDRALS parameters.
Reading NONBONDED parameters.
Reading from system PDB coordinate file:  	NVT_CH3CCl2CH2CHOHCH3.pdb
Finished reading:                       	NVT_CH3CCl2CH2CHOHCH3.pdb
Random number seed: 902342680
Warning: Dihedral is missing for CCl3 !
Warning: Dihedral is missing for CH3 !

Molecules in PSF:
Molecule Kind: CCl3
Idx	name	type	charge	mass
0	C1	D	-0.0060	12.0108
1	Cl1	C	-0.2000	35.4532
2	Cl2	C	-0.2000	35.4532
3	Cl3	C	-0.2000	35.4532
4	H1	E	0.1030	1.0079

Bonds:
[0 1] [2 0] [3 0] [4 0] 

Angles:
[1 0 2] [1 0 3] [1 0 4] [2 0 3] [2 0 4] [3 0 4] 

Dihedrals:

Molecule Kind: CH3
Idx	name	type	charge	mass
0	C1	A	-0.2400	12.0108
1	H1	B	0.0600	1.0079
2	H2	B	0.0600	1.0079
3	H3	B	0.0600	1.0079
4	H4	B	0.0600	1.0079

Bonds:
[0 1] [2 0] [3 0] [4 0] 

Angles:
[1 0 2] [1 0 3] [1 0 4] [2 0 3] [2 0 4] [3 0 4] 

Dihedrals:

Molecule Kind: COH
Idx	name	type	charge	mass
0	C1	I	0.1450	12.0108
1	O1	F	-0.6830	15.9994
2	H1	H	0.0400	1.0079
3	H2	H	0.0400	1.0079
4	H3	H	0.0400	1.0079
5	H4	G	0.4180	1.0079

Bonds:
[0 1] [2 0] [3 0] [4 0] [5 1] 

Angles:
[0 1 5] [1 0 2] [1 0 3] [1 0 4] [2 0 3] [2 0 4] [3 0 4] 

Dihedrals:
[2 0 1 5] [3 0 1 5] [4 0 1 5] 

Bonds parameter:
Atom Types                             Kb(K)           b0(A) 
D	C	                 123288.8018           1.7810 
C	D	                 123288.8018           1.7810 
E	D	                 171094.6637           1.0900 

A	B	                 171094.6637           1.0900 
B	A	                 171094.6637           1.0900 

I	F	                 161030.2717           1.4100 
H	I	                 171094.6637           1.0900 
G	F	                 278280.4382           0.9450 

Angles parameter:
Atom Types                         Ktheta(K)         theta0(degree) 
C	D	C	          39251.1287         111.7000 
C	D	E	          25664.1995         107.6000 

B	A	B	          16606.2468         107.8000 

I	F	G	          27677.0779         108.5000 
F	I	H	          17612.6860         109.5000 
H	I	H	          16606.2468         107.8000 

Dihedrals parameter:
Atom Types                           Kchi(K)    n    delta(degree) 
H	I	F	G	    226.4488    0     90.0000 
H	I	F	G	      0.0000    1    180.0000 
H	I	F	G	      0.0000    2      0.0000 
H	I	F	G	   -113.2244    3    180.0000 
H	I	F	G	      0.0000    4      0.0000 
H	I	F	G	      0.0000    5    180.0000 

Warning: Charge detected in CCl3 but Ewald Summaion method is disabled!

Warning: Charge detected in COH but Ewald Summaion method is disabled!

Warning: Charge detected in CH3 but Ewald Summaion method is disabled!

================================================

Warning: Sum of the charge in the system is: -65.8930

================================================
NonBonded 1-4 parameters:
Type1  Type2             Epsilon(K)    Sigma(A)       N 
D      D                    16.6062      3.5000   12.00 
D      C                    35.4046      3.4500   12.00 
D      E                    11.1959      3.0000   12.00 
D      I                    16.6062      3.5000   12.00 
D      F                    26.6516      3.3100   12.00 
D      H                    11.1959      3.0000   12.00 
D      G                     0.0000      6.7500   12.00 
D      A                    16.6062      3.5000   12.00 
D      B                    11.1959      3.0000   12.00 
C      C                    75.4829      3.4000   12.00 
C      E                    23.8698      2.9500   12.00 
C      I                    35.4046      3.4500   12.00 
C      F                    56.8215      3.2600   12.00 
C      H                    23.8698      2.9500   12.00 
C      G                     0.0000      6.7000   12.00 
C      A                    35.4046      3.4500   12.00 
C      B                    23.8698      2.9500   12.00 
E      E                     7.5483      2.5000   12.00 
E      I                    11.1959      3.0000   12.00 
E      F                    17.9685      2.8100   12.00 
E      H                     7.5483      2.5000   12.00 
E      G                     0.0000      6.2500   12.00 
E      A                    11.1959      3.0000   12.00 
E      B                     7.5483      2.5000   12.00 
I      I                    16.6062      3.5000   12.00 
I      F                    26.6516      3.3100   12.00 
I      H                    11.1959      3.0000   12.00 
I      G                     0.0000      6.7500   12.00 
I      A                    16.6062      3.5000   12.00 
I      B                    11.1959      3.0000   12.00 
F      F                    42.7737      3.1200   12.00 
F      H                    17.9685      2.8100   12.00 
F      G                     0.0000      6.5600   12.00 
F      A                    26.6516      3.3100   12.00 
F      B                    17.9685      2.8100   12.00 
H      H                     7.5483      2.5000   12.00 
H      G                     0.0000      6.2500   12.00 
H      A                    11.1959      3.0000   12.00 
H      B                     7.5483      2.5000   12.00 
G      G                     0.0000     10.0000   12.00 
G      A                     0.0000      6.7500   12.00 
G      B                     0.0000      6.2500   12.00 
A      A                    16.6062      3.5000   12.00 
A      B                    11.1959      3.0000   12.00 
B      B                     7.5483      2.5000   12.00 

NonBonded parameters:
Type1  Type2             Epsilon(K)    Sigma(A)       N 
D      D                    33.2125      3.5000   12.00 
D      C                    70.8093      3.4500   12.00 
D      E                    22.3919      3.0000   12.00 
D      I                    33.2125      3.5000   12.00 
D      F                    53.3033      3.3100   12.00 
D      H                    22.3919      3.0000   12.00 
D      G                     0.0000      6.7500   12.00 
D      A                    33.2125      3.5000   12.00 
D      B                    22.3919      3.0000   12.00 
C      C                   150.9659      3.4000   12.00 
C      E                    47.7396      2.9500   12.00 
C      I                    70.8093      3.4500   12.00 
C      F                   113.6430      3.2600   12.00 
C      H                    47.7396      2.9500   12.00 
C      G                     0.0000      6.7000   12.00 
C      A                    70.8093      3.4500   12.00 
C      B                    47.7396      2.9500   12.00 
E      E                    15.0966      2.5000   12.00 
E      I                    22.3919      3.0000   12.00 
E      F                    35.9371      2.8100   12.00 
E      H                    15.0966      2.5000   12.00 
E      G                     0.0000      6.2500   12.00 
E      A                    22.3919      3.0000   12.00 
E      B                    15.0966      2.5000   12.00 
I      I                    33.2125      3.5000   12.00 
I      F                    53.3033      3.3100   12.00 
I      H                    22.3919      3.0000   12.00 
I      G                     0.0000      6.7500   12.00 
I      A                    33.2125      3.5000   12.00 
I      B                    22.3919      3.0000   12.00 
F      F                    85.5473      3.1200   12.00 
F      H                    35.9371      2.8100   12.00 
F      G                     0.0000      6.5600   12.00 
F      A                    53.3033      3.3100   12.00 
F      B                    35.9371      2.8100   12.00 
H      H                    15.0966      2.5000   12.00 
H      G                     0.0000      6.2500   12.00 
H      A                    22.3919      3.0000   12.00 
H      B                    15.0966      2.5000   12.00 
G      G                     0.0000     10.0000   12.00 
G      A                     0.0000      6.7500   12.00 
G      B                     0.0000      6.2500   12.00 
A      A                    33.2125      3.5000   12.00 
A      B                    22.3919      3.0000   12.00 
B      B                    15.0966      2.5000   12.00 

Info: Box  0:  Periodic Cell Basis 1     45.000   0.000   0.000 
Info: Box  0:  Periodic Cell Basis 2      0.000  45.000   0.000 
Info: Box  0:  Periodic Cell Basis 3      0.000   0.000  45.000 

Minimum coordinates in box 0: x =    2.000, y =    2.006, z =    2.002
Maximum coordinates in box 0: x =   43.004, y =   43.018, z =   42.993
Wrapping molecules inside the simulation box 0:

################################################################################
########################## INITIAL SIMULATION ENERGY ###########################

ETITLE:     STEP           TOTAL        INTRA(B)       INTRA(NB)       INTER(LJ)             LRC     TOTAL_ELECT            REAL           RECIP            SELF            CORR

ENER_0:        0      2.5675e+06      2.1374e+05      0.0000e+00      2.3679e+06     -1.4080e+04      0.0000e+00      0.0000e+00      0.0000e+00      0.0000e+00      0.0000e+00

STITLE:     STEP        PRESSURE     TOT_DENSITY

STAT_0:        0      2.7313e+04      3.9976e+02

################################################################################
############################# STARTING SIMULATION ##############################

MTITLE:     STEP          DISTRY       DISACCEPT      DISACCEPT%          DISMAX          ROTATE       ROTACCEPT      ROTACCEPT%          ROTMAX       INTRASWAP       INTACCEPT      INTACCEPT%        REGROWTH    REGROWACCEPT   REGROWACCEPT%      CRANKSHAFT  CRKSHAFTACCEPT CRKSHAFTACCEPT%

ETITLE:     STEP           TOTAL        INTRA(B)       INTRA(NB)       INTER(LJ)             LRC     TOTAL_ELECT            REAL           RECIP            SELF            CORR

STITLE:     STEP        PRESSURE     TOT_DENSITY

Printed combined psf to file Output_data_merged.psf
MOVE_0:    500000           1495             624      4.1739e+01      7.5243e-01            1542            1017      6.5953e+01      2.3961e+00            3086             559      1.8114e+01            2952             866      2.9336e+01             925             406      4.3892e+01

ENER_0:    500000     2.8278e+04      3.3563e+05      0.0000e+00     -2.9328e+05     -1.4080e+04      0.0000e+00      0.0000e+00      0.0000e+00      0.0000e+00      0.0000e+00

STAT_0:    500000     4.4892e+01      3.9976e+02

PRES_0:    500000    -1.7683e+00     -1.7070e+02     -1.0081e+02

Checkpoint saved to checkpoint.dat
Steps/sec:  51.407, Simulation ends in:   0 d:   2 h:  30 m 

MOVE_0:    1000000          2999            1387      4.6249e+01      8.9468e-01            3082            2043      6.6288e+01      2.4285e+00            6057             994      1.6411e+01            5958            1735      2.9121e+01            1904             884      4.6429e+01

ENER_0:    1000000    2.3195e+04      3.4861e+05      0.0000e+00     -3.1134e+05     -1.4080e+04      0.0000e+00      0.0000e+00      0.0000e+00      0.0000e+00      0.0000e+00

STAT_0:    1000000   -3.4727e+01      3.9976e+02

PRES_0:    1000000   -1.3023e+02     -2.2820e+02     -1.5371e+02

Checkpoint saved to checkpoint.dat
Steps/sec:  55.308, Simulation ends in:   0 d:   2 h:  16 m 

MOVE_0:    1500000          4493            2150      4.7852e+01      7.5541e-01            4561            3041      6.6674e+01      2.3072e+00            9151            1449      1.5834e+01            8898            2633      2.9591e+01            2897            1359      4.6911e+01

ENER_0:    1500000    3.3616e+04      3.5746e+05      0.0000e+00     -3.0977e+05     -1.4080e+04      0.0000e+00      0.0000e+00      0.0000e+00      0.0000e+00      0.0000e+00

STAT_0:    1500000    3.5666e+01      3.9976e+02

PRES_0:    1500000   -1.0351e+02     -8.0304e+01     -1.1713e+02

Checkpoint saved to checkpoint.dat
Steps/sec:  54.468, Simulation ends in:   0 d:   2 h:  22 m 

MOVE_0:    2000000          5939            2881      4.8510e+01      7.7992e-01            6109            4101      6.7130e+01      2.4041e+00           12090            1879      1.5542e+01           11930            3494      2.9288e+01            3932            1828      4.6490e+01

ENER_0:    2000000    3.0271e+03      3.4987e+05      0.0000e+00     -3.3276e+05     -1.4080e+04      0.0000e+00      0.0000e+00      0.0000e+00      0.0000e+00      0.0000e+00

STAT_0:    2000000   -6.7882e+01      3.9976e+02

PRES_0:    2000000   -2.2569e+02     -1.7099e+02     -2.1491e+02

Checkpoint saved to checkpoint.dat
Steps/sec:  55.611, Simulation ends in:   0 d:   2 h:  19 m 

MOVE_0:    2500000          7503            3673      4.8954e+01      7.8511e-01            7634            5116      6.7016e+01      2.3800e+00           15106            2261      1.4968e+01           14819            4332      2.9233e+01            4938            2287      4.6314e+01

ENER_0:    2500000    1.3424e+04      3.6086e+05      0.0000e+00     -3.3336e+05     -1.4080e+04      0.0000e+00      0.0000e+00      0.0000e+00      0.0000e+00      0.0000e+00

STAT_0:    2500000    2.5910e+01      3.9976e+02

PRES_0:    2500000   -1.0362e+02     -1.1881e+02     -1.0780e+02

Checkpoint saved to checkpoint.dat
Steps/sec:  55.029, Simulation ends in:   0 d:   2 h:  16 m 

MOVE_0:    3000000          8986            4426      4.9254e+01      8.1034e-01            9098            6092      6.6960e+01      2.4135e+00           18130            2674      1.4749e+01           17848            5177      2.9006e+01            5938            2723      4.5857e+01

ENER_0:    3000000   -6.3954e+03      3.3799e+05      0.0000e+00     -3.3030e+05     -1.4080e+04      0.0000e+00      0.0000e+00      0.0000e+00      0.0000e+00      0.0000e+00

STAT_0:    3000000    4.1385e+00      3.9976e+02

PRES_0:    3000000   -1.4882e+02     -1.3744e+02     -1.0927e+02

Checkpoint saved to checkpoint.dat
Steps/sec:  54.581, Simulation ends in:   0 d:   1 h:  53 m 

MOVE_0:    3500000         10503            5202      4.9529e+01      7.7998e-01           10555            7058      6.6869e+01      2.4304e+00           21173            3100      1.4641e+01           20838            6017      2.8875e+01            6931            3180      4.5881e+01

ENER_0:    3500000        3.5647e+03      3.5173e+05      0.0000e+00     -3.3409e+05     -1.4080e+04      0.0000e+00      0.0000e+00      0.0000e+00      0.0000e+00      0.0000e+00

STAT_0:    3500000        2.4018e+01      3.9976e+02

PRES_0:    3500000       -6.8988e+01     -1.2827e+02     -1.3864e+02

Checkpoint saved to checkpoint.dat
Steps/sec:   2.109, Simulation ends in:   0 d:   2 h:  42 m 

MOVE_0:    4000000         12040            6007      4.9892e+01      1.0215e+00           12055            8058      6.6844e+01      2.4676e+00           24065            3488      1.4494e+01           23845            6892      2.8903e+01            7995            3703      4.6316e+01

ENER_0:    4000000    1.3008e+04      3.5196e+05      0.0000e+00     -3.2487e+05     -1.4080e+04      0.0000e+00      0.0000e+00      0.0000e+00      0.0000e+00      0.0000e+00

STAT_0:    4000000    1.5245e+01      3.9976e+02

PRES_0:    4000000   -2.2068e+01     -2.2274e+02     -1.1741e+02

Checkpoint saved to checkpoint.dat
Steps/sec:  54.300, Simulation ends in:   0 d:   2 h:  6 m 

MOVE_0:    4500000         13529            6751      4.9900e+01      8.9788e-01           13564            9057      6.6772e+01      2.2808e+00           27090            3869      1.4282e+01           26803            7759      2.8948e+01            9014            4184      4.6417e+01

ENER_0:    4500000    8.8143e+03      3.5180e+05      0.0000e+00     -3.2891e+05     -1.4080e+04      0.0000e+00      0.0000e+00      0.0000e+00      0.0000e+00      0.0000e+00

STAT_0:    4500000    2.2501e+01      3.9976e+02

PRES_0:    4500000   -1.2991e+02     -1.3386e+02     -7.6669e+01

Checkpoint saved to checkpoint.dat
Steps/sec:  54.539, Simulation ends in:   0 d:   01 h:  12 m 

MOVE_0:   50000000         15076            7540      5.0013e+01      8.8509e-01           15122           10124      6.6949e+01      2.4408e+00           30009            4248      1.4156e+01           29817            8665      2.9061e+01            9976            4615      4.6261e+01

ENER_0:   50000000    2.3337e+03      3.4363e+05      0.0000e+00     -3.2721e+05     -1.4080e+04      0.0000e+00      0.0000e+00      0.0000e+00      0.0000e+00      0.0000e+00

STAT_0:   50000000    1.5356e+01      3.9976e+02

PRES_0:   50000000   -1.6245e+02     -1.1011e+02     -8.9314e+01

Checkpoint saved to checkpoint.dat
Simulation Time (total): 9.3934e+03 sec.

Move Type                Mol. Kind      BOX_0      
% Accepted Displacement        CCl3    49.66278 
% Accepted Displacement        COH     50.11830 
% Accepted Displacement        CH3     50.24457 
% Accepted Rotation            CCl3    51.01438 
% Accepted Rotation            COH     67.73424 
% Accepted Rotation            CH3     82.28378 
% Accepted Intra-Swap          CCl3     4.67336 
% Accepted Intra-Swap          COH     17.01508 
% Accepted Intra-Swap          CH3     20.84583 
% Accepted Regrowth            CCl3    18.50287 
% Accepted Regrowth            COH     39.75476 
% Accepted Regrowth            CH3     29.00100 
% Accepted Crank-Shaft         CCl3    18.91809 
% Accepted Crank-Shaft         COH     89.21454 
% Accepted Crank-Shaft         CH3     28.91859 

Displacement:                           40.8033    sec.
Rotation:                               41.3049    sec.
MultiParticle:                           0.0000    sec.
Intra-Swap:                           5437.6723    sec.
Regrowth:                              661.0596    sec.
Intra-MEMC:                              0.0000    sec.
Crank-Shaft:                           206.4886    sec.

Info: GOMC Version 2.70
Info: Completed at: Sun Aug  8 08:37:16 2021
Info: On hostname: anushabhattacharyya-VirtualBox
