Info: GOMC Version 2.70
Info: Start Time: Sun Aug  8 12:37:13 2021
Info: Host Name: anushabhattacharyya-VirtualBox
CPU information:
Info: Total number of CPUs: 1
Info: Total number of CPUs available: 1
Info: Model name: AMD Ryzen 7 5800X 8-Core Processor
Info: System name: Linux
Info: Release: 5.11.0-25-generic
Info: Version: #27~20.04.1-Ubuntu SMP Tue Jul 13 17:41:23 UTC 2021
Info: Kernel Architecture: x86_64
Info: Total Ram: 23627.8MB
Info: Used Ram: 10671.4MB
Info: Working in the current directory: /home/anushabhattacharyya/Cl Alcohols-NPT/31-CH3CCl2CH2CH2CH2OH
Info: GOMC COMPILED TO RUN ISOBARIC-ISOTHERMAL ENSEMBLE.
Info: Number of threads                  1 
Info: Compiled with OpenMP Version       4.5

Reading Input File:                      in_NPT.conf
Info: Random seed                        Active 
Info: PARAMETER file                     CHARMM format! 
Info: Input Temperature                  248.0000 K
Info: Input Pressure                     410.0000 bar
Info: Volume change using constant ratio.
Info: Non-truncated potential            Active 
Info: Long Range Correction              Active 
Info: Cutoff                             10.0000 A
Info: Short Range Cutoff                 1.0000 A
Info: Exclude                            ONE-FOUR 
Info: Ewald Summation                    Active 
Info: Cache Ewald Fourier                Inactive 
Info: Ewald Summation Tolerance          1.000E-05 
Info: Pressure calculation frequency     1000 
Info: Total number of steps              10000 
Info: Number of equilibration steps      1000 
Info: Move adjustment frequency          1000 
Info: Displacement move frequency        0.1500 
Info: Rotation move frequency            0.1500 
Info: Intra-Swap move frequency          0.2900 
Warning: Unknown input SwapFreq!
Info: Regrowth move frequency            0.3000 
Info: Crank-Shaft move frequency         0.1000 
Info: Volume move frequency              0.0100 
Info: Multi-Particle move frequency      0.0000 
Info: IntraMEMC-1 move frequency         0.0000 
Warning: Unknown input MEMC-1Freq!
Info: IntraMEMC-2 move frequency         0.0000 
Warning: Unknown input MEMC-2Freq!
Info: IntraMEMC-3 move frequency         0.0000 
Warning: Unknown input MEMC-3Freq!
Info: CBMC First atom trials             12   
Info: CBMC Secondary atom trials         10   
Info: CBMC Angle trials                  50   
Info: CBMC Dihedral trials               50   
Info: Output name                        Output_data 
Info: Restart frequency                  1000 
Info: Checkpoint frequency               1000 
Info: Coordinate frequency               1000 
Info: Console output frequency           1000 
Info: Average output frequency           1000 
Warning: Unknown input HistogramFreq!
Warning: Unknown input DistName!
Warning: Unknown input HistName!
Warning: Unknown input RunNumber!
Warning: Unknown input RunLetter!
Warning: Unknown input SampleFreq!
Warning: Unknown input OutMolNumber!
Default: Box  0  CutoffCoulomb           10.0000 A
Finished Reading Input File:             in_NPT.conf

Reading from CHARMM-Style parameter file:  	NPT_CH3CCl2CH2CH2CH2OH_file.inp
Reading BONDS parameters.
Reading ANGLES parameters.
Reading DIHEDRALS parameters.
Reading NONBONDED parameters.
Reading from system PDB coordinate file:  	NPT_CH3CCl2CH2CH2CH2OH.pdb
Finished reading:                       	NPT_CH3CCl2CH2CH2CH2OH.pdb
Random number seed: 2404573986
Warning: Dihedral is missing for CClH !
Warning: Dihedral is missing for CH3 !

Molecules in PSF:
Molecule Kind: CClH
Idx	name	type	charge	mass
0	C1	D	-0.0060	12.0108
1	Cl1	C	-0.2000	35.4532
2	H1	E	0.1030	1.0079
3	H2	E	0.1030	1.0079
4	H3	E	0.1030	1.0079

Bonds:
[0 1] [2 0] [3 0] [4 0] 

Angles:
[1 0 2] [1 0 3] [1 0 4] [2 0 3] [2 0 4] [3 0 4] 

Dihedrals:

Molecule Kind: CH3
Idx	name	type	charge	mass
0	C1	A	-0.2400	12.0108
1	H1	B	0.0600	1.0079
2	H2	B	0.0600	1.0079
3	H3	B	0.0600	1.0079
4	H4	B	0.0600	1.0079

Bonds:
[0 1] [2 0] [3 0] [4 0] 

Angles:
[1 0 2] [1 0 3] [1 0 4] [2 0 3] [2 0 4] [3 0 4] 

Dihedrals:

Molecule Kind: COH
Idx	name	type	charge	mass
0	C1	I	0.1450	12.0108
1	O1	F	-0.6830	15.9994
2	H1	H	0.0400	1.0079
3	H2	H	0.0400	1.0079
4	H3	H	0.0400	1.0079
5	H4	G	0.4180	1.0079

Bonds:
[0 1] [2 0] [3 0] [4 0] [5 1] 

Angles:
[0 1 5] [1 0 2] [1 0 3] [1 0 4] [2 0 3] [2 0 4] [3 0 4] 

Dihedrals:
[2 0 1 5] [3 0 1 5] [4 0 1 5] 

Bonds parameter:
Atom Types                             Kb(K)           b0(A) 
D	C	                 123288.8018           1.7810 
E	D	                 171094.6637           1.0900 

A	B	                 171094.6637           1.0900 
B	A	                 171094.6637           1.0900 

I	F	                 161030.2717           1.4100 
H	I	                 171094.6637           1.0900 
G	F	                 278280.4382           0.9450 

Angles parameter:
Atom Types                         Ktheta(K)         theta0(degree) 
C	D	E	          25664.1995         107.6000 
E	D	E	          16606.2468         107.8000 

B	A	B	          16606.2468         107.8000 

I	F	G	          27677.0779         108.5000 
F	I	H	          17612.6860         109.5000 
H	I	H	          16606.2468         107.8000 

Dihedrals parameter:
Atom Types                           Kchi(K)    n    delta(degree) 
H	I	F	G	    226.4488    0     90.0000 
H	I	F	G	      0.0000    1    180.0000 
H	I	F	G	      0.0000    2      0.0000 
H	I	F	G	   -113.2244    3    180.0000 
H	I	F	G	      0.0000    4      0.0000 
H	I	F	G	      0.0000    5    180.0000 

================================================

Warning: Sum of the charge in the system is: 51.5000

================================================
NonBonded 1-4 parameters:
Type1  Type2             Epsilon(K)    Sigma(A)       N 
D      D                    16.6062      3.5000   12.00 
D      C                    35.4046      3.4500   12.00 
D      E                    11.1959      3.0000   12.00 
D      I                    16.6062      3.5000   12.00 
D      F                    26.6516      3.3100   12.00 
D      H                    11.1959      3.0000   12.00 
D      G                     0.0000      6.7500   12.00 
D      A                    16.6062      3.5000   12.00 
D      B                    11.1959      3.0000   12.00 
C      C                    75.4829      3.4000   12.00 
C      E                    23.8698      2.9500   12.00 
C      I                    35.4046      3.4500   12.00 
C      F                    56.8215      3.2600   12.00 
C      H                    23.8698      2.9500   12.00 
C      G                     0.0000      6.7000   12.00 
C      A                    35.4046      3.4500   12.00 
C      B                    23.8698      2.9500   12.00 
E      E                     7.5483      2.5000   12.00 
E      I                    11.1959      3.0000   12.00 
E      F                    17.9685      2.8100   12.00 
E      H                     7.5483      2.5000   12.00 
E      G                     0.0000      6.2500   12.00 
E      A                    11.1959      3.0000   12.00 
E      B                     7.5483      2.5000   12.00 
I      I                    16.6062      3.5000   12.00 
I      F                    26.6516      3.3100   12.00 
I      H                    11.1959      3.0000   12.00 
I      G                     0.0000      6.7500   12.00 
I      A                    16.6062      3.5000   12.00 
I      B                    11.1959      3.0000   12.00 
F      F                    42.7737      3.1200   12.00 
F      H                    17.9685      2.8100   12.00 
F      G                     0.0000      6.5600   12.00 
F      A                    26.6516      3.3100   12.00 
F      B                    17.9685      2.8100   12.00 
H      H                     7.5483      2.5000   12.00 
H      G                     0.0000      6.2500   12.00 
H      A                    11.1959      3.0000   12.00 
H      B                     7.5483      2.5000   12.00 
G      G                     0.0000     10.0000   12.00 
G      A                     0.0000      6.7500   12.00 
G      B                     0.0000      6.2500   12.00 
A      A                    16.6062      3.5000   12.00 
A      B                    11.1959      3.0000   12.00 
B      B                     7.5483      2.5000   12.00 

NonBonded parameters:
Type1  Type2             Epsilon(K)    Sigma(A)       N 
D      D                    33.2125      3.5000   12.00 
D      C                    70.8093      3.4500   12.00 
D      E                    22.3919      3.0000   12.00 
D      I                    33.2125      3.5000   12.00 
D      F                    53.3033      3.3100   12.00 
D      H                    22.3919      3.0000   12.00 
D      G                     0.0000      6.7500   12.00 
D      A                    33.2125      3.5000   12.00 
D      B                    22.3919      3.0000   12.00 
C      C                   150.9659      3.4000   12.00 
C      E                    47.7396      2.9500   12.00 
C      I                    70.8093      3.4500   12.00 
C      F                   113.6430      3.2600   12.00 
C      H                    47.7396      2.9500   12.00 
C      G                     0.0000      6.7000   12.00 
C      A                    70.8093      3.4500   12.00 
C      B                    47.7396      2.9500   12.00 
E      E                    15.0966      2.5000   12.00 
E      I                    22.3919      3.0000   12.00 
E      F                    35.9371      2.8100   12.00 
E      H                    15.0966      2.5000   12.00 
E      G                     0.0000      6.2500   12.00 
E      A                    22.3919      3.0000   12.00 
E      B                    15.0966      2.5000   12.00 
I      I                    33.2125      3.5000   12.00 
I      F                    53.3033      3.3100   12.00 
I      H                    22.3919      3.0000   12.00 
I      G                     0.0000      6.7500   12.00 
I      A                    33.2125      3.5000   12.00 
I      B                    22.3919      3.0000   12.00 
F      F                    85.5473      3.1200   12.00 
F      H                    35.9371      2.8100   12.00 
F      G                     0.0000      6.5600   12.00 
F      A                    53.3033      3.3100   12.00 
F      B                    35.9371      2.8100   12.00 
H      H                    15.0966      2.5000   12.00 
H      G                     0.0000      6.2500   12.00 
H      A                    22.3919      3.0000   12.00 
H      B                    15.0966      2.5000   12.00 
G      G                     0.0000     10.0000   12.00 
G      A                     0.0000      6.7500   12.00 
G      B                     0.0000      6.2500   12.00 
A      A                    33.2125      3.5000   12.00 
A      B                    22.3919      3.0000   12.00 
B      B                    15.0966      2.5000   12.00 

Info: Box  0:  Periodic Cell Basis 1     45.000   0.000   0.000 
Info: Box  0:  Periodic Cell Basis 2      0.000  45.000   0.000 
Info: Box  0:  Periodic Cell Basis 3      0.000   0.000  45.000 

Minimum coordinates in box 0: x =    1.929, y =    1.949, z =    1.900
Maximum coordinates in box 0: x =   43.097, y =   43.090, z =   43.061
Wrapping molecules inside the simulation box 0:
Box: 0, RecipVectors:   9402, kmax: 17

################################################################################
########################## INITIAL SIMULATION ENERGY ###########################

ETITLE:     STEP           TOTAL        INTRA(B)       INTRA(NB)       INTER(LJ)             LRC     TOTAL_ELECT            REAL           RECIP            SELF            CORR

ENER_0:        0      2.7088e+07      8.1006e+05      0.0000e+00      2.6237e+07     -1.0575e+05      1.4673e+05      3.4023e+04      8.6102e+05     -1.2962e+07      1.2214e+07

STITLE:     STEP          VOLUME        PRESSURE     TOT_DENSITY

STAT_0:        0      9.1125e+04      2.5498e+05      8.9812e+02

################################################################################
############################# STARTING SIMULATION ##############################

MTITLE:     STEP          DISTRY       DISACCEPT      DISACCEPT%          DISMAX          ROTATE       ROTACCEPT      ROTACCEPT%          ROTMAX       INTRASWAP       INTACCEPT      INTACCEPT%        REGROWTH    REGROWACCEPT   REGROWACCEPT%      CRANKSHAFT  CRKSHAFTACCEPT CRKSHAFTACCEPT%          VOLUME       VOLACCEPT      VOLACCEPT%          VOLMAX

ETITLE:     STEP           TOTAL        INTRA(B)       INTRA(NB)       INTER(LJ)             LRC     TOTAL_ELECT            REAL           RECIP            SELF            CORR

STITLE:     STEP          VOLUME        PRESSURE     TOT_DENSITY

Printed combined psf to file Output_data_merged.psf
MOVE_0:     1000             138               4      2.8986e+00      2.5263e+00             155              43      2.7742e+01      4.4669e-01             277             156      5.6318e+01             311              84      2.7010e+01             108              32      2.9630e+01              11               5      4.5455e+01      4.5455e+02

ENER_0:     1000      1.7240e+07      9.8855e+05      0.0000e+00      1.6421e+07     -1.0409e+05     -6.5644e+04     -2.2748e+04      7.0058e+05     -1.2962e+07      1.2219e+07

STAT_0:     1000      9.2573e+04      1.6592e+05      8.8407e+02

PRES_0:     1000      1.5955e+05      1.6954e+05      1.6794e+05

Checkpoint saved to checkpoint.dat
Steps/sec:  22.773, Simulation ends in:   0 d:   0 h:   7 m 

MOVE_0:     2000             277              15      5.4152e+00      1.0782e+00             305             127      4.1639e+01      4.5549e-01             567             231      4.0741e+01             639             185      2.8951e+01             194              69      3.5567e+01              18               7      3.8889e+01      2.5974e+02

ENER_0:     2000      1.3338e+07      1.0706e+06      0.0000e+00      1.2545e+07     -1.0346e+05     -1.7367e+05     -5.7307e+04      6.2478e+05     -1.2962e+07      1.2221e+07

STAT_0:     2000      9.3137e+04      1.3146e+05      8.7872e+02

PRES_0:     2000      1.2424e+05      1.3576e+05      1.3365e+05

Checkpoint saved to checkpoint.dat
Steps/sec:  29.897, Simulation ends in:   0 d:   0 h:   6 m 

MOVE_0:     3000             415              53      1.2771e+01      2.2361e-01             478             195      4.0795e+01      3.5594e-01             834             278      3.3333e+01             957             282      2.9467e+01             283             100      3.5336e+01              33              15      4.5455e+01      2.7706e+02

ENER_0:     3000      1.0383e+07      1.1481e+06      0.0000e+00      9.5843e+06     -1.0235e+05     -2.4754e+05     -9.4553e+04      5.8561e+05     -1.2962e+07      1.2223e+07

STAT_0:     3000      9.4150e+04      1.0467e+05      8.6927e+02

PRES_0:     3000      1.0031e+05      1.1057e+05      1.0238e+05

Checkpoint saved to checkpoint.dat
Steps/sec:   6.965, Simulation ends in:   0 d:   0 h:   9 m 

MOVE_0:     4000             591             129      2.1827e+01      1.8066e-01             636             273      4.2925e+01      3.5130e-01            1103             319      2.8921e+01            1256             375      2.9857e+01             377             130      3.4483e+01              37              18      4.8649e+01      4.1558e+02

ENER_0:     4000      8.1111e+06      1.1868e+06      0.0000e+00      7.3401e+06     -1.0179e+05     -3.1398e+05     -1.2824e+05      5.5071e+05     -1.2962e+07      1.2226e+07

STAT_0:     4000      9.4665e+04      8.5344e+04      8.6453e+02

PRES_0:     4000      8.4153e+04      8.8085e+04      8.3057e+04

Checkpoint saved to checkpoint.dat
Steps/sec:  29.970, Simulation ends in:   0 d:   0 h:   7 m 

MOVE_0:     5000             746             208      2.7882e+01      1.8459e-01             780             353      4.5256e+01      3.7897e-01            1377             344      2.4982e+01            1563             448      2.8663e+01             481             175      3.6383e+01              53              28      5.2830e+01      5.1948e+02

ENER_0:     5000      5.5732e+06      1.2293e+06      0.0000e+00      4.8141e+06     -9.8928e+04     -3.7124e+05     -1.6261e+05      5.2608e+05     -1.2962e+07      1.2227e+07

STAT_0:     5000      9.7405e+04      6.1071e+04      8.4022e+02

PRES_0:     5000      6.0568e+04      6.1936e+04      5.9968e+04

Checkpoint saved to checkpoint.dat
Steps/sec:  17.084, Simulation ends in:   0 d:   0 h:   6 m 

MOVE_0:     6000             881             276      3.1328e+01      1.8343e-01             920             414      4.5000e+01      3.3077e-01            1671             355      2.1245e+01            1889             530      2.8057e+01             577             212      3.6742e+01              62              32      5.1613e+01      4.6176e+02

ENER_0:     6000      4.6958e+06      1.2547e+06      0.0000e+00      3.9263e+06     -9.8350e+04     -3.8691e+05     -1.6599e+05      5.1252e+05     -1.2962e+07      1.2229e+07

STAT_0:     6000      9.7978e+04      5.3733e+04      8.3531e+02

PRES_0:     6000      5.2814e+04      5.5083e+04      5.2559e+04

Checkpoint saved to checkpoint.dat
Steps/sec:  25.999, Simulation ends in:   0 d:   0 h:   4 m 

MOVE_0:     7000            1022             332      3.2485e+01      1.4556e-01            1077             501      4.6518e+01      3.5920e-01            1937             367      1.8947e+01            2212             610      2.7577e+01             679             249      3.6672e+01              73              37      5.0685e+01      4.1978e+02

ENER_0:     7000      3.5754e+06      1.2698e+06      0.0000e+00      2.8319e+06     -9.7094e+04     -4.2927e+05     -1.9311e+05      4.9620e+05     -1.2962e+07      1.2230e+07

STAT_0:     7000      9.9245e+04      4.3667e+04      8.2464e+02

PRES_0:     7000      4.3130e+04      4.4126e+04      4.3003e+04

Checkpoint saved to checkpoint.dat
Steps/sec:  22.469, Simulation ends in:   0 d:   0 h:   3 m 

MOVE_0:     8000            1185             411      3.4684e+01      1.3439e-01            1217             580      4.7658e+01      4.0540e-01            2220             377      1.6982e+01            2514             689      2.7407e+01             771             290      3.7613e+01              93              47      5.0538e+01      4.1978e+02

ENER_0:     8000      2.4394e+06      1.2779e+06      0.0000e+00      1.7021e+06     -9.4847e+04     -4.4580e+05     -1.9989e+05      4.8516e+05     -1.2962e+07      1.2231e+07

STAT_0:     8000      1.0160e+05      3.3086e+04      8.0555e+02

PRES_0:     8000      3.3205e+04      3.3145e+04      3.2165e+04

Checkpoint saved to checkpoint.dat
Steps/sec:  13.733, Simulation ends in:   0 d:   0 h:   2 m 

MOVE_0:     9000            1319             489      3.7074e+01      1.5425e-01            1383             662      4.7867e+01      3.9168e-01            2498             387      1.5492e+01            2811             752      2.6752e+01             885             335      3.7853e+01             104              57      5.4808e+01      7.6324e+02

ENER_0:     9000      1.6748e+06      1.3004e+06      0.0000e+00      9.3195e+05     -9.2602e+04     -4.6499e+05     -2.0566e+05      4.7163e+05     -1.2962e+07      1.2231e+07

STAT_0:     9000      1.0406e+05      2.5629e+04      7.8649e+02

PRES_0:     9000      2.5552e+04      2.5731e+04      2.4860e+04

Checkpoint saved to checkpoint.dat
Steps/sec:  21.791, Simulation ends in:   0 d:   0 h:   1 m 

MOVE_0:    10000            1471             574      3.9021e+01      1.7204e-01            1539             754      4.8993e+01      4.4980e-01            2783             398      1.4301e+01            3099             818      2.6396e+01             989             381      3.8524e+01             119              66      5.5462e+01      9.1589e+02

ENER_0:    10000      7.8610e+05      1.3047e+06      0.0000e+00      5.9908e+04     -8.9099e+04     -4.8944e+05     -2.1777e+05      4.5894e+05     -1.2962e+07      1.2231e+07

STAT_0:    10000      1.0815e+05      1.6886e+04      7.5674e+02

PRES_0:    10000      1.6360e+04      1.7098e+04      1.6457e+04

Checkpoint saved to checkpoint.dat
Simulation Time (total): 5.7437e+02 sec.

Move Type                Mol. Kind      BOX_0      
% Accepted Displacement        CClH    40.98039 
% Accepted Displacement        COH     40.81197 
% Accepted Displacement        CH3     35.29412 
% Accepted Rotation            CClH    48.36066 
% Accepted Rotation            COH     48.24399 
% Accepted Rotation            CH3     50.39216 
% Accepted Volume-Transfer             55.46218 
% Accepted Intra-Swap          CClH    14.70588 
% Accepted Intra-Swap          COH     13.78936 
% Accepted Intra-Swap          CH3     14.40678 
% Accepted Regrowth            CClH    24.87512 
% Accepted Regrowth            COH     33.04348 
% Accepted Regrowth            CH3     21.35466 
% Accepted Crank-Shaft         CClH    25.49020 
% Accepted Crank-Shaft         COH     70.15385 
% Accepted Crank-Shaft         CH3     20.94972 

Displacement:                            6.9290    sec.
Rotation:                                8.0133    sec.
MultiParticle:                           0.0000    sec.
Intra-Swap:                             43.9332    sec.
Regrowth:                               39.7856    sec.
Intra-MEMC:                              0.0000    sec.
Crank-Shaft:                            11.9690    sec.
Vol-Transfer:                          429.6433    sec.

Info: GOMC Version 2.70
Info: Completed at: Sun Aug  8 12:46:59 2021
Info: On hostname: anushabhattacharyya-VirtualBox
