Info: GOMC Version 2.70
Info: Start Time: Mon Aug  9 01:04:07 2021
Info: Host Name: anushabhattacharyya-VirtualBox
CPU information:
Info: Total number of CPUs: 1
Info: Total number of CPUs available: 1
Info: Model name: AMD Ryzen 7 5800X 8-Core Processor
Info: System name: Linux
Info: Release: 5.11.0-25-generic
Info: Version: #27~20.04.1-Ubuntu SMP Tue Jul 13 17:41:23 UTC 2021
Info: Kernel Architecture: x86_64
Info: Total Ram: 23627.8MB
Info: Used Ram: 11809.9MB
Info: Working in the current directory: /home/anushabhattacharyya/Cl Alcohols-NPT/20-CClH2CH2CH2CH2OH
Info: GOMC COMPILED TO RUN ISOBARIC-ISOTHERMAL ENSEMBLE.
Info: Number of threads                  1 
Info: Compiled with OpenMP Version       4.5

Reading Input File:                      in_NPT.conf
Info: Random seed                        Active 
Info: PARAMETER file                     CHARMM format! 
Info: Input Temperature                  298.0000 K
Info: Input Pressure                     410.0000 bar
Info: Volume change using constant ratio.
Info: Non-truncated potential            Active 
Info: Long Range Correction              Active 
Info: Cutoff                             10.0000 A
Info: Short Range Cutoff                 1.0000 A
Info: Exclude                            ONE-FOUR 
Info: Ewald Summation                    Active 
Info: Cache Ewald Fourier                Inactive 
Info: Ewald Summation Tolerance          1.000E-05 
Info: Pressure calculation frequency     2500 
Info: Total number of steps              25000 
Info: Number of equilibration steps      2500 
Info: Move adjustment frequency          1000 
Info: Displacement move frequency        0.1500 
Info: Rotation move frequency            0.1500 
Info: Intra-Swap move frequency          0.2900 
Warning: Unknown input SwapFreq!
Info: Regrowth move frequency            0.3000 
Info: Crank-Shaft move frequency         0.1000 
Info: Volume move frequency              0.0100 
Info: Multi-Particle move frequency      0.0000 
Info: IntraMEMC-1 move frequency         0.0000 
Warning: Unknown input MEMC-1Freq!
Info: IntraMEMC-2 move frequency         0.0000 
Warning: Unknown input MEMC-2Freq!
Info: IntraMEMC-3 move frequency         0.0000 
Warning: Unknown input MEMC-3Freq!
Info: CBMC First atom trials             12   
Info: CBMC Secondary atom trials         10   
Info: CBMC Angle trials                  50   
Info: CBMC Dihedral trials               50   
Info: Output name                        Output_data 
Info: Restart frequency                  2500 
Info: Checkpoint frequency               2500 
Info: Coordinate frequency               2500 
Info: Console output frequency           2500 
Info: Average output frequency           2500 
Warning: Unknown input HistogramFreq!
Warning: Unknown input DistName!
Warning: Unknown input HistName!
Warning: Unknown input RunNumber!
Warning: Unknown input RunLetter!
Warning: Unknown input SampleFreq!
Warning: Unknown input OutMolNumber!
Default: Box  0  CutoffCoulomb           10.0000 A
Finished Reading Input File:             in_NPT.conf

Reading from CHARMM-Style parameter file:  	NPT_CClH2CH2CH2CH2OH_file.inp
Reading BONDS parameters.
Reading ANGLES parameters.
Reading DIHEDRALS parameters.
Reading NONBONDED parameters.
Reading from system PDB coordinate file:  	NPT_CClH2CH2CH2CH2OH.pdb
Finished reading:                       	NPT_CClH2CH2CH2CH2OH.pdb
Random number seed: 2154163193
Warning: Dihedral is missing for CClH !
Warning: Dihedral is missing for CH3 !

Molecules in PSF:
Molecule Kind: CClH
Idx	name	type	charge	mass
0	C1	D	-0.0060	12.0108
1	Cl1	C	-0.2000	35.4532
2	H1	E	0.1030	1.0079
3	H2	E	0.1030	1.0079
4	H3	E	0.1030	1.0079

Bonds:
[0 1] [2 0] [3 0] [4 0] 

Angles:
[1 0 2] [1 0 3] [1 0 4] [2 0 3] [2 0 4] [3 0 4] 

Dihedrals:

Molecule Kind: CH3
Idx	name	type	charge	mass
0	C1	A	-0.2400	12.0108
1	H1	B	0.0600	1.0079
2	H2	B	0.0600	1.0079
3	H3	B	0.0600	1.0079
4	H4	B	0.0600	1.0079

Bonds:
[0 1] [2 0] [3 0] [4 0] 

Angles:
[1 0 2] [1 0 3] [1 0 4] [2 0 3] [2 0 4] [3 0 4] 

Dihedrals:

Molecule Kind: COH
Idx	name	type	charge	mass
0	C1	I	0.1450	12.0108
1	O1	F	-0.6830	15.9994
2	H1	H	0.0400	1.0079
3	H2	H	0.0400	1.0079
4	H3	H	0.0400	1.0079
5	H4	G	0.4180	1.0079

Bonds:
[0 1] [2 0] [3 0] [4 0] [5 1] 

Angles:
[0 1 5] [1 0 2] [1 0 3] [1 0 4] [2 0 3] [2 0 4] [3 0 4] 

Dihedrals:
[2 0 1 5] [3 0 1 5] [4 0 1 5] 

Bonds parameter:
Atom Types                             Kb(K)           b0(A) 
D	C	                 123288.8018           1.7810 
E	D	                 171094.6637           1.0900 

A	B	                 171094.6637           1.0900 
B	A	                 171094.6637           1.0900 

I	F	                 161030.2717           1.4100 
H	I	                 171094.6637           1.0900 
G	F	                 278280.4382           0.9450 

Angles parameter:
Atom Types                         Ktheta(K)         theta0(degree) 
C	D	E	          25664.1995         107.6000 
E	D	E	          16606.2468         107.8000 

B	A	B	          16606.2468         107.8000 

I	F	G	          27677.0779         108.5000 
F	I	H	          17612.6860         109.5000 
H	I	H	          16606.2468         107.8000 

Dihedrals parameter:
Atom Types                           Kchi(K)    n    delta(degree) 
H	I	F	G	    226.4488    0     90.0000 
H	I	F	G	      0.0000    1    180.0000 
H	I	F	G	      0.0000    2      0.0000 
H	I	F	G	   -113.2244    3    180.0000 
H	I	F	G	      0.0000    4      0.0000 
H	I	F	G	      0.0000    5    180.0000 

================================================

Warning: Sum of the charge in the system is: 51.5000

================================================
NonBonded 1-4 parameters:
Type1  Type2             Epsilon(K)    Sigma(A)       N 
D      D                    16.6062      3.5000   12.00 
D      C                    35.4046      3.4500   12.00 
D      E                    11.1959      3.0000   12.00 
D      I                    16.6062      3.5000   12.00 
D      F                    26.6516      3.3100   12.00 
D      H                    11.1959      3.0000   12.00 
D      G                     0.0000      6.7500   12.00 
D      A                    16.6062      3.5000   12.00 
D      B                    11.1959      3.0000   12.00 
C      C                    75.4829      3.4000   12.00 
C      E                    23.8698      2.9500   12.00 
C      I                    35.4046      3.4500   12.00 
C      F                    56.8215      3.2600   12.00 
C      H                    23.8698      2.9500   12.00 
C      G                     0.0000      6.7000   12.00 
C      A                    35.4046      3.4500   12.00 
C      B                    23.8698      2.9500   12.00 
E      E                     7.5483      2.5000   12.00 
E      I                    11.1959      3.0000   12.00 
E      F                    17.9685      2.8100   12.00 
E      H                     7.5483      2.5000   12.00 
E      G                     0.0000      6.2500   12.00 
E      A                    11.1959      3.0000   12.00 
E      B                     7.5483      2.5000   12.00 
I      I                    16.6062      3.5000   12.00 
I      F                    26.6516      3.3100   12.00 
I      H                    11.1959      3.0000   12.00 
I      G                     0.0000      6.7500   12.00 
I      A                    16.6062      3.5000   12.00 
I      B                    11.1959      3.0000   12.00 
F      F                    42.7737      3.1200   12.00 
F      H                    17.9685      2.8100   12.00 
F      G                     0.0000      6.5600   12.00 
F      A                    26.6516      3.3100   12.00 
F      B                    17.9685      2.8100   12.00 
H      H                     7.5483      2.5000   12.00 
H      G                     0.0000      6.2500   12.00 
H      A                    11.1959      3.0000   12.00 
H      B                     7.5483      2.5000   12.00 
G      G                     0.0000     10.0000   12.00 
G      A                     0.0000      6.7500   12.00 
G      B                     0.0000      6.2500   12.00 
A      A                    16.6062      3.5000   12.00 
A      B                    11.1959      3.0000   12.00 
B      B                     7.5483      2.5000   12.00 

NonBonded parameters:
Type1  Type2             Epsilon(K)    Sigma(A)       N 
D      D                    33.2125      3.5000   12.00 
D      C                    70.8093      3.4500   12.00 
D      E                    22.3919      3.0000   12.00 
D      I                    33.2125      3.5000   12.00 
D      F                    53.3033      3.3100   12.00 
D      H                    22.3919      3.0000   12.00 
D      G                     0.0000      6.7500   12.00 
D      A                    33.2125      3.5000   12.00 
D      B                    22.3919      3.0000   12.00 
C      C                   150.9659      3.4000   12.00 
C      E                    47.7396      2.9500   12.00 
C      I                    70.8093      3.4500   12.00 
C      F                   113.6430      3.2600   12.00 
C      H                    47.7396      2.9500   12.00 
C      G                     0.0000      6.7000   12.00 
C      A                    70.8093      3.4500   12.00 
C      B                    47.7396      2.9500   12.00 
E      E                    15.0966      2.5000   12.00 
E      I                    22.3919      3.0000   12.00 
E      F                    35.9371      2.8100   12.00 
E      H                    15.0966      2.5000   12.00 
E      G                     0.0000      6.2500   12.00 
E      A                    22.3919      3.0000   12.00 
E      B                    15.0966      2.5000   12.00 
I      I                    33.2125      3.5000   12.00 
I      F                    53.3033      3.3100   12.00 
I      H                    22.3919      3.0000   12.00 
I      G                     0.0000      6.7500   12.00 
I      A                    33.2125      3.5000   12.00 
I      B                    22.3919      3.0000   12.00 
F      F                    85.5473      3.1200   12.00 
F      H                    35.9371      2.8100   12.00 
F      G                     0.0000      6.5600   12.00 
F      A                    53.3033      3.3100   12.00 
F      B                    35.9371      2.8100   12.00 
H      H                    15.0966      2.5000   12.00 
H      G                     0.0000      6.2500   12.00 
H      A                    22.3919      3.0000   12.00 
H      B                    15.0966      2.5000   12.00 
G      G                     0.0000     10.0000   12.00 
G      A                     0.0000      6.7500   12.00 
G      B                     0.0000      6.2500   12.00 
A      A                    33.2125      3.5000   12.00 
A      B                    22.3919      3.0000   12.00 
B      B                    15.0966      2.5000   12.00 

Info: Box  0:  Periodic Cell Basis 1     45.000   0.000   0.000 
Info: Box  0:  Periodic Cell Basis 2      0.000  45.000   0.000 
Info: Box  0:  Periodic Cell Basis 3      0.000   0.000  45.000 

Minimum coordinates in box 0: x =    1.929, y =    1.949, z =    1.900
Maximum coordinates in box 0: x =   43.097, y =   43.090, z =   43.061
Wrapping molecules inside the simulation box 0:
Box: 0, RecipVectors:   9402, kmax: 17

################################################################################
########################## INITIAL SIMULATION ENERGY ###########################

ETITLE:     STEP           TOTAL        INTRA(B)       INTRA(NB)       INTER(LJ)             LRC     TOTAL_ELECT            REAL           RECIP            SELF            CORR

ENER_0:        0      2.7088e+07      8.1006e+05      0.0000e+00      2.6237e+07     -1.0575e+05      1.4673e+05      3.4023e+04      8.6102e+05     -1.2962e+07      1.2214e+07

STITLE:     STEP          VOLUME        PRESSURE     TOT_DENSITY

STAT_0:        0      9.1125e+04      2.5498e+05      8.9812e+02

################################################################################
############################# STARTING SIMULATION ##############################

MTITLE:     STEP          DISTRY       DISACCEPT      DISACCEPT%          DISMAX          ROTATE       ROTACCEPT      ROTACCEPT%          ROTMAX       INTRASWAP       INTACCEPT      INTACCEPT%        REGROWTH    REGROWACCEPT   REGROWACCEPT%      CRANKSHAFT  CRKSHAFTACCEPT CRKSHAFTACCEPT%          VOLUME       VOLACCEPT      VOLACCEPT%          VOLMAX

ETITLE:     STEP           TOTAL        INTRA(B)       INTRA(NB)       INTER(LJ)             LRC     TOTAL_ELECT            REAL           RECIP            SELF            CORR

STITLE:     STEP          VOLUME        PRESSURE     TOT_DENSITY

Printed combined psf to file Output_data_merged.psf
MOVE_0:     2500             392              49      1.2500e+01      1.0574e+00             360             130      3.6111e+01      3.5662e-01             771             259      3.3593e+01             717             230      3.2078e+01             242              97      4.0083e+01              18               8      4.4444e+01      3.6364e+02

ENER_0:     2500      1.1828e+07      1.1484e+06      0.0000e+00      1.1139e+07     -1.0310e+05     -3.5629e+05     -1.7205e+05      5.5271e+05     -1.2962e+07      1.2225e+07

STAT_0:     2500      9.3464e+04      1.2031e+05      8.7564e+02

PRES_0:     2500      1.2456e+05      1.1985e+05      1.1580e+05

Checkpoint saved to checkpoint.dat
Steps/sec:  31.401, Simulation ends in:   0 d:   0 h:  12 m 

MOVE_0:     5000             805             207      2.5714e+01      1.1669e-01             739             323      4.3708e+01      3.2188e-01            1475             339      2.2983e+01            1455             445      3.0584e+01             480             183      3.8125e+01              46              20      4.3478e+01      1.0070e+02

ENER_0:     5000      7.1640e+06      1.2671e+06      0.0000e+00      6.4382e+06     -1.0202e+05     -4.3931e+05     -2.2234e+05      5.1660e+05     -1.2962e+07      1.2228e+07

STAT_0:     5000      9.4452e+04      7.8287e+04      8.6649e+02

PRES_0:     5000      7.7531e+04      7.7532e+04      7.9062e+04

Checkpoint saved to checkpoint.dat
Steps/sec:  23.404, Simulation ends in:   0 d:   0 h:  13 m 

MOVE_0:     7500            1139             383      3.3626e+01      1.0949e-01            1127             526      4.6673e+01      3.4150e-01            2270             381      1.6784e+01            2160             640      2.9630e+01             732             282      3.8525e+01              72              30      4.1667e+01      6.2937e+01

ENER_0:     7500      5.0469e+06      1.3085e+06      0.0000e+00      4.2981e+06     -1.0138e+05     -4.5830e+05     -2.1894e+05      4.9154e+05     -1.2962e+07      1.2231e+07

STAT_0:     7500      9.5048e+04      6.0196e+04      8.6106e+02

PRES_0:     7500      5.6943e+04      6.1019e+04      6.1889e+04

Checkpoint saved to checkpoint.dat
Steps/sec:  24.615, Simulation ends in:   0 d:   0 h:  12 m 

MOVE_0:    10000            1481             556      3.7542e+01      1.2423e-01            1495             719      4.8094e+01      3.6226e-01            3027             412      1.3611e+01            2909             809      2.7810e+01            1003             383      3.8185e+01              85              36      4.2353e+01      2.5175e+01

ENER_0:    10000      3.5090e+06      1.3319e+06      0.0000e+00      2.7965e+06     -1.0133e+05     -5.1812e+05     -2.5808e+05      4.6915e+05     -1.2962e+07      1.2233e+07

STAT_0:    10000      9.5098e+04      4.7100e+04      8.6060e+02

PRES_0:    10000      4.4843e+04      4.7968e+04      4.7751e+04

Checkpoint saved to checkpoint.dat
Steps/sec:  39.093, Simulation ends in:   0 d:   0 h:   9 m 

MOVE_0:    12500            1844             749      4.0618e+01      1.4654e-01            1871             915      4.8904e+01      3.8320e-01            3782             433      1.1449e+01            3658            1009      2.7583e+01            1244             466      3.7460e+01             101              45      4.4554e+01      2.8196e+01

ENER_0:    12500      2.6518e+06      1.3659e+06      0.0000e+00      1.9518e+06     -1.0124e+05     -5.6466e+05     -2.8862e+05      4.5159e+05     -1.2962e+07      1.2234e+07

STAT_0:    12500      9.5179e+04      3.9483e+04      8.5987e+02

PRES_0:    12500      3.8260e+04      4.0036e+04      3.9415e+04

Checkpoint saved to checkpoint.dat
Steps/sec:  33.909, Simulation ends in:   0 d:   0 h:   8 m 

MOVE_0:    15000            2206             938      4.2520e+01      1.5770e-01            2235            1096      4.9038e+01      3.7567e-01            4529             447      9.8697e+00            4407            1165      2.6435e+01            1495             553      3.6990e+01             128              61      4.7656e+01      3.3314e+01

ENER_0:    15000      2.0241e+06      1.3651e+06      0.0000e+00      1.3579e+06     -1.0105e+05     -5.9787e+05     -3.1478e+05      4.4373e+05     -1.2962e+07      1.2235e+07

STAT_0:    15000      9.5359e+04      3.4232e+04      8.5825e+02

PRES_0:    15000      3.3006e+04      3.4465e+04      3.4489e+04

Checkpoint saved to checkpoint.dat
Steps/sec:  23.324, Simulation ends in:   0 d:   0 h:   6 m 

MOVE_0:    17500            2584            1122      4.3421e+01      1.4499e-01            2583            1281      4.9593e+01      4.1404e-01            5257             458      8.7122e+00            5189            1332      2.5670e+01            1734             634      3.6563e+01             153              72      4.7059e+01      2.4229e+01

ENER_0:    17500      1.5279e+06      1.3887e+06      0.0000e+00      8.7148e+05     -1.0084e+05     -6.3139e+05     -3.3641e+05      4.3146e+05     -1.2962e+07      1.2236e+07

STAT_0:    17500      9.5558e+04      2.9796e+04      8.5645e+02

PRES_0:    17500      2.8491e+04      2.9450e+04      3.0708e+04

Checkpoint saved to checkpoint.dat
Steps/sec:  24.544, Simulation ends in:   0 d:   0 h:   5 m 

MOVE_0:    20000            2948            1318      4.4708e+01      1.5608e-01            2976            1478      4.9664e+01      4.0243e-01            6009             466      7.7550e+00            5914            1474      2.4924e+01            1980             726      3.6667e+01             173              82      4.7399e+01      2.4613e+01

ENER_0:    20000      1.1578e+06      1.3817e+06      0.0000e+00      5.2979e+05     -1.0072e+05     -6.5295e+05     -3.4724e+05      4.2066e+05     -1.2962e+07      1.2236e+07

STAT_0:    20000      9.5676e+04      2.6616e+04      8.5540e+02

PRES_0:    20000      2.5790e+04      2.6260e+04      2.7059e+04

Checkpoint saved to checkpoint.dat
Steps/sec:  30.054, Simulation ends in:   0 d:   0 h:   3 m 

MOVE_0:    22500            3319            1509      4.5466e+01      1.6828e-01            3350            1675      5.0000e+01      4.6079e-01            6727             471      7.0016e+00            6707            1625      2.4228e+01            2208             799      3.6187e+01             189              88      4.6561e+01      6.5635e+00

ENER_0:    22500      9.0155e+05      1.3920e+06      0.0000e+00      2.9467e+05     -1.0068e+05     -6.8444e+05     -3.6707e+05      4.0847e+05     -1.2962e+07      1.2236e+07

STAT_0:    22500      9.5711e+04      2.4537e+04      8.5509e+02

PRES_0:    22500      2.3616e+04      2.4151e+04      2.5105e+04

Checkpoint saved to checkpoint.dat
Steps/sec:  34.017, Simulation ends in:   0 d:   0 h:   2 m 

MOVE_0:    25000            3694            1702      4.6075e+01      1.6535e-01            3705            1846      4.9825e+01      3.9023e-01            7455             476      6.3850e+00            7472            1754      2.3474e+01            2458             880      3.5801e+01             216             106      4.9074e+01      1.6738e+01

ENER_0:    25000      6.4095e+05      1.3925e+06      0.0000e+00      5.5909e+04     -1.0061e+05     -7.0686e+05     -3.7599e+05      3.9401e+05     -1.2962e+07      1.2237e+07

STAT_0:    25000      9.5781e+04      2.2306e+04      8.5447e+02

PRES_0:    25000      2.1369e+04      2.2232e+04      2.2577e+04

Checkpoint saved to checkpoint.dat
Simulation Time (total): 8.9641e+02 sec.

Move Type                Mol. Kind      BOX_0      
% Accepted Displacement        CClH    47.22222 
% Accepted Displacement        COH     48.58268 
% Accepted Displacement        CH3     42.25000 
% Accepted Rotation            CClH    50.16103 
% Accepted Rotation            COH     49.08220 
% Accepted Rotation            CH3     50.24793 
% Accepted Volume-Transfer             49.07407 
% Accepted Intra-Swap          CClH     5.66038 
% Accepted Intra-Swap          COH      6.67481 
% Accepted Intra-Swap          CH3      6.82090 
% Accepted Regrowth            CClH    17.09845 
% Accepted Regrowth            COH     32.37323 
% Accepted Regrowth            CH3     21.09688 
% Accepted Crank-Shaft         CClH    17.67497 
% Accepted Crank-Shaft         COH     69.91474 
% Accepted Crank-Shaft         CH3     19.77330 

Displacement:                           14.8640    sec.
Rotation:                               15.6129    sec.
MultiParticle:                           0.0000    sec.
Intra-Swap:                             97.7183    sec.
Regrowth:                               80.7936    sec.
Intra-MEMC:                              0.0000    sec.
Crank-Shaft:                            25.2249    sec.
Vol-Transfer:                          633.5840    sec.

Info: GOMC Version 2.70
Info: Completed at: Mon Aug  9 01:19:15 2021
Info: On hostname: anushabhattacharyya-VirtualBox
