Info: GOMC Version 2.70
Info: Start Time: Sun Aug  8 20:49:22 2021
Info: Host Name: anushabhattacharyya-VirtualBox
CPU information:
Info: Total number of CPUs: 1
Info: Total number of CPUs available: 1
Info: Model name: AMD Ryzen 7 5800X 8-Core Processor
Info: System name: Linux
Info: Release: 5.11.0-25-generic
Info: Version: #27~20.04.1-Ubuntu SMP Tue Jul 13 17:41:23 UTC 2021
Info: Kernel Architecture: x86_64
Info: Total Ram: 23627.8MB
Info: Used Ram: 11682.4MB
Info: Working in the current directory: /home/anushabhattacharyya/Cl Alcohols-NPT/7-CClH2COHCClH2
Info: GOMC COMPILED TO RUN ISOBARIC-ISOTHERMAL ENSEMBLE.
Info: Number of threads                  1 
Info: Compiled with OpenMP Version       4.5

Reading Input File:                      in_NPT.conf
Info: Random seed                        Active 
Info: PARAMETER file                     CHARMM format! 
Info: Input Temperature                  298.0000 K
Info: Input Pressure                     410.0000 bar
Info: Volume change using constant ratio.
Info: Non-truncated potential            Active 
Info: Long Range Correction              Active 
Info: Cutoff                             10.0000 A
Info: Short Range Cutoff                 1.0000 A
Info: Exclude                            ONE-FOUR 
Info: Ewald Summation                    Active 
Info: Cache Ewald Fourier                Inactive 
Info: Ewald Summation Tolerance          1.000E-05 
Info: Pressure calculation frequency     2500 
Info: Total number of steps              25000 
Info: Number of equilibration steps      2500 
Info: Move adjustment frequency          1000 
Info: Displacement move frequency        0.1500 
Info: Rotation move frequency            0.1500 
Info: Intra-Swap move frequency          0.2900 
Warning: Unknown input SwapFreq!
Info: Regrowth move frequency            0.3000 
Info: Crank-Shaft move frequency         0.1000 
Info: Volume move frequency              0.0100 
Info: Multi-Particle move frequency      0.0000 
Info: IntraMEMC-1 move frequency         0.0000 
Warning: Unknown input MEMC-1Freq!
Info: IntraMEMC-2 move frequency         0.0000 
Warning: Unknown input MEMC-2Freq!
Info: IntraMEMC-3 move frequency         0.0000 
Warning: Unknown input MEMC-3Freq!
Info: CBMC First atom trials             12   
Info: CBMC Secondary atom trials         10   
Info: CBMC Angle trials                  50   
Info: CBMC Dihedral trials               50   
Info: Output name                        Output_data 
Info: Restart frequency                  2500 
Info: Checkpoint frequency               2500 
Info: Coordinate frequency               2500 
Info: Console output frequency           2500 
Info: Average output frequency           2500 
Warning: Unknown input HistogramFreq!
Warning: Unknown input DistName!
Warning: Unknown input HistName!
Warning: Unknown input RunNumber!
Warning: Unknown input RunLetter!
Warning: Unknown input SampleFreq!
Warning: Unknown input OutMolNumber!
Default: Box  0  CutoffCoulomb           10.0000 A
Finished Reading Input File:             in_NPT.conf

Reading from CHARMM-Style parameter file:  	NPT_CClH2COHCClH2_file.inp
Reading BONDS parameters.
Reading ANGLES parameters.
Reading DIHEDRALS parameters.
Reading NONBONDED parameters.
Reading from system PDB coordinate file:  	NPT_CClH2COHCClH2.pdb
Finished reading:                       	NPT_CClH2COHCClH2.pdb
Random number seed: 4137368083
Warning: Dihedral is missing for CClH !

Molecules in PSF:
Molecule Kind: CClH
Idx	name	type	charge	mass
0	C1	A	-0.2400	12.0108
1	H1	B	0.0600	1.0079
2	H2	B	0.0600	1.0079
3	H3	B	0.0600	1.0079
4	H4	B	0.0600	1.0079

Bonds:
[0 1] [2 0] [3 0] [4 0] 

Angles:
[1 0 2] [1 0 3] [1 0 4] [2 0 3] [2 0 4] [3 0 4] 

Dihedrals:

Molecule Kind: COH
Idx	name	type	charge	mass
0	C1	F	0.1450	12.0108
1	O1	C	-0.6830	15.9994
2	H1	E	0.0400	1.0079
3	H2	E	0.0400	1.0079
4	H3	E	0.0400	1.0079
5	H4	D	0.4180	1.0079

Bonds:
[0 1] [2 0] [3 0] [4 0] [5 1] 

Angles:
[0 1 5] [1 0 2] [1 0 3] [1 0 4] [2 0 3] [2 0 4] [3 0 4] 

Dihedrals:
[2 0 1 5] [3 0 1 5] [4 0 1 5] 

Bonds parameter:
Atom Types                             Kb(K)           b0(A) 
A	B	                 171094.6637           1.0900 
B	A	                 171094.6637           1.0900 

F	C	                 161030.2717           1.4100 
E	F	                 171094.6637           1.0900 
D	C	                 278280.4382           0.9450 

Angles parameter:
Atom Types                         Ktheta(K)         theta0(degree) 
B	A	B	          16606.2468         107.8000 

F	C	D	          27677.0779         108.5000 
C	F	E	          17612.6860         109.5000 
E	F	E	          16606.2468         107.8000 

Dihedrals parameter:
Atom Types                           Kchi(K)    n    delta(degree) 
E	F	C	D	    226.4488    0     90.0000 
E	F	C	D	      0.0000    1    180.0000 
E	F	C	D	      0.0000    2      0.0000 
E	F	C	D	   -113.2244    3    180.0000 
E	F	C	D	      0.0000    4      0.0000 
E	F	C	D	      0.0000    5    180.0000 

NonBonded 1-4 parameters:
Type1  Type2             Epsilon(K)    Sigma(A)       N 
A      A                    16.6062      3.5000   12.00 
A      B                    11.1959      3.0000   12.00 
A      F                    16.6062      3.5000   12.00 
A      C                    26.6516      3.3100   12.00 
A      E                    11.1959      3.0000   12.00 
A      D                     0.0000      6.7500   12.00 
B      B                     7.5483      2.5000   12.00 
B      F                    11.1959      3.0000   12.00 
B      C                    17.9685      2.8100   12.00 
B      E                     7.5483      2.5000   12.00 
B      D                     0.0000      6.2500   12.00 
F      F                    16.6062      3.5000   12.00 
F      C                    26.6516      3.3100   12.00 
F      E                    11.1959      3.0000   12.00 
F      D                     0.0000      6.7500   12.00 
C      C                    42.7737      3.1200   12.00 
C      E                    17.9685      2.8100   12.00 
C      D                     0.0000      6.5600   12.00 
E      E                     7.5483      2.5000   12.00 
E      D                     0.0000      6.2500   12.00 
D      D                     0.0000     10.0000   12.00 

NonBonded parameters:
Type1  Type2             Epsilon(K)    Sigma(A)       N 
A      A                    33.2125      3.5000   12.00 
A      B                    22.3919      3.0000   12.00 
A      F                    33.2125      3.5000   12.00 
A      C                    53.3033      3.3100   12.00 
A      E                    22.3919      3.0000   12.00 
A      D                     0.0000      6.7500   12.00 
B      B                    15.0966      2.5000   12.00 
B      F                    22.3919      3.0000   12.00 
B      C                    35.9371      2.8100   12.00 
B      E                    15.0966      2.5000   12.00 
B      D                     0.0000      6.2500   12.00 
F      F                    33.2125      3.5000   12.00 
F      C                    53.3033      3.3100   12.00 
F      E                    22.3919      3.0000   12.00 
F      D                     0.0000      6.7500   12.00 
C      C                    85.5473      3.1200   12.00 
C      E                    35.9371      2.8100   12.00 
C      D                     0.0000      6.5600   12.00 
E      E                    15.0966      2.5000   12.00 
E      D                     0.0000      6.2500   12.00 
D      D                     0.0000     10.0000   12.00 

Info: Box  0:  Periodic Cell Basis 1     45.000   0.000   0.000 
Info: Box  0:  Periodic Cell Basis 2      0.000  45.000   0.000 
Info: Box  0:  Periodic Cell Basis 3      0.000   0.000  45.000 

Minimum coordinates in box 0: x =    1.971, y =    1.970, z =    1.922
Maximum coordinates in box 0: x =   43.032, y =   43.021, z =   43.018
Wrapping molecules inside the simulation box 0:
Box: 0, RecipVectors:   9402, kmax: 17

################################################################################
########################## INITIAL SIMULATION ENERGY ###########################

ETITLE:     STEP           TOTAL        INTRA(B)       INTRA(NB)       INTER(LJ)             LRC     TOTAL_ELECT            REAL           RECIP            SELF            CORR

ENER_0:        0      1.9560e+06      6.5134e+05      0.0000e+00      1.3446e+06     -3.4209e+04     -5.6652e+03      1.2130e+04      3.1807e+05     -1.1813e+07      1.1477e+07

STITLE:     STEP          VOLUME        PRESSURE     TOT_DENSITY

STAT_0:        0      9.1125e+04      2.3209e+04      4.3811e+02

################################################################################
############################# STARTING SIMULATION ##############################

MTITLE:     STEP          DISTRY       DISACCEPT      DISACCEPT%          DISMAX          ROTATE       ROTACCEPT      ROTACCEPT%          ROTMAX       INTRASWAP       INTACCEPT      INTACCEPT%        REGROWTH    REGROWACCEPT   REGROWACCEPT%      CRANKSHAFT  CRKSHAFTACCEPT CRKSHAFTACCEPT%          VOLUME       VOLACCEPT      VOLACCEPT%          VOLMAX

ETITLE:     STEP           TOTAL        INTRA(B)       INTRA(NB)       INTER(LJ)             LRC     TOTAL_ELECT            REAL           RECIP            SELF            CORR

STITLE:     STEP          VOLUME        PRESSURE     TOT_DENSITY

Printed combined psf to file Output_data_merged.psf
MOVE_0:     2500             389              67      1.7224e+01      4.9292e-01             359             173      4.8189e+01      6.6660e-01             712             187      2.6264e+01             781             192      2.4584e+01             240             115      4.7917e+01              19               8      4.2105e+01      3.3333e+02

ENER_0:     2500      7.9310e+05      7.7555e+05      0.0000e+00      2.4157e+05     -3.3543e+04     -1.9047e+05     -1.1629e+05      2.5343e+05     -1.1813e+07      1.1486e+07

STAT_0:     2500      9.2935e+04      1.0282e+04      4.2958e+02

PRES_0:     2500      8.3887e+03      1.1572e+04      1.0078e+04

Checkpoint saved to checkpoint.dat
Steps/sec:  43.434, Simulation ends in:   0 d:   0 h:   9 m 

MOVE_0:     5000             782             253      3.2353e+01      3.9557e-01             717             370      5.1604e+01      9.7114e-01            1418             298      2.1016e+01            1520             365      2.4013e+01             532             255      4.7932e+01              31              17      5.4839e+01      6.0952e+02

ENER_0:     5000      2.3125e+05      8.1913e+05      0.0000e+00     -2.5672e+05     -3.2973e+04     -2.9819e+05     -1.9706e+05      2.2217e+05     -1.1813e+07      1.1490e+07

STAT_0:     5000      9.4541e+04      4.9104e+03      4.2228e+02

PRES_0:     5000      3.6425e+03      5.3264e+03      4.9647e+03

Checkpoint saved to checkpoint.dat
Steps/sec:  53.742, Simulation ends in:   0 d:   0 h:   7 m 

MOVE_0:     7500            1186             462      3.8954e+01      4.0739e-01            1078             561      5.2041e+01      1.1040e+00            2141             372      1.7375e+01            2262             540      2.3873e+01             786             393      5.0000e+01              47              25      5.3191e+01      8.1270e+02

ENER_0:     7500     -3.0806e+04      8.3012e+05      0.0000e+00     -4.7784e+05     -3.2029e+04     -3.5106e+05     -2.3711e+05      2.0790e+05     -1.1813e+07      1.1491e+07

STAT_0:     7500      9.7328e+04      2.2358e+03      4.1019e+02

PRES_0:     7500      1.6436e+03      2.1748e+03      2.1063e+03

Checkpoint saved to checkpoint.dat
Steps/sec:  49.250, Simulation ends in:   0 d:   0 h:   7 m 

MOVE_0:    10000            1566             656      4.1890e+01      4.4322e-01            1456             779      5.3503e+01      1.6559e+00            2862             420      1.4675e+01            3022             711      2.3527e+01            1027             515      5.0146e+01              67              34      5.0746e+01      4.6440e+02

ENER_0:    10000     -1.6355e+05      8.1933e+05      0.0000e+00     -5.9685e+05     -3.0754e+04     -3.5527e+05     -2.3871e+05      2.0306e+05     -1.1813e+07      1.1494e+07

STAT_0:    10000      1.0136e+05      6.4966e+02      3.9386e+02

PRES_0:    10000      3.0163e+02      4.3322e+02      4.5201e+02

Checkpoint saved to checkpoint.dat
Steps/sec:  40.146, Simulation ends in:   0 d:   0 h:   6 m 

MOVE_0:    12500            1957             856      4.3740e+01      4.8968e-01            1807             980      5.4234e+01      1.9357e+00            3612             473      1.3095e+01            3730             895      2.3995e+01            1297             658      5.0732e+01              97              57      5.8763e+01      1.2860e+03

ENER_0:    12500     -2.2342e+05      8.2888e+05      0.0000e+00     -6.1780e+05     -3.0602e+04     -4.0390e+05     -2.8057e+05      1.9489e+05     -1.1813e+07      1.1495e+07

STAT_0:    12500      1.0187e+05      2.8537e+02      3.9191e+02

PRES_0:    12500      1.8340e+01      1.5942e+01      6.2243e+01

Checkpoint saved to checkpoint.dat
Steps/sec:  29.374, Simulation ends in:   0 d:   0 h:   6 m 

MOVE_0:    15000            2320            1038      4.4741e+01      4.1637e-01            2174            1178      5.4186e+01      1.8665e+00            4346             513      1.1804e+01            4497            1063      2.3638e+01            1540             795      5.1623e+01             123              71      5.7724e+01      1.4404e+03

ENER_0:    15000     -2.7618e+05      8.4184e+05      0.0000e+00     -6.2674e+05     -3.1292e+04     -4.5998e+05     -3.2964e+05      1.8714e+05     -1.1813e+07      1.1496e+07

STAT_0:    15000      9.9619e+04      3.3328e+02      4.0075e+02

PRES_0:    15000      2.3163e+01      3.0996e+01      1.7468e+02

Checkpoint saved to checkpoint.dat
Steps/sec:  33.482, Simulation ends in:   0 d:   0 h:   5 m 

MOVE_0:    17500            2693            1222      4.5377e+01      3.8951e-01            2554            1397      5.4699e+01      1.9638e+00            5059             544      1.0753e+01            5263            1254      2.3827e+01            1780             917      5.1517e+01             151              88      5.8278e+01      1.9943e+03

ENER_0:    17500     -3.2226e+05      8.3128e+05      0.0000e+00     -6.3626e+05     -3.1498e+04     -4.8579e+05     -3.5011e+05      1.8126e+05     -1.1813e+07      1.1496e+07

STAT_0:    17500      9.8970e+04      2.8872e+02      4.0338e+02

PRES_0:    17500      1.0943e+01     -4.7493e+01      1.2837e+02

Checkpoint saved to checkpoint.dat
Steps/sec:  32.300, Simulation ends in:   0 d:   0 h:   4 m 

MOVE_0:    20000            3080            1417      4.6006e+01      4.3587e-01            2946            1614      5.4786e+01      1.9826e+00            5773             574      9.9428e+00            5991            1428      2.3836e+01            2029            1046      5.1552e+01             181             102      5.6354e+01      1.3924e+03

ENER_0:    20000     -3.6411e+05      8.3117e+05      0.0000e+00     -6.4844e+05     -3.2149e+04     -5.1469e+05     -3.7492e+05      1.7755e+05     -1.1813e+07      1.1496e+07

STAT_0:    20000      9.6965e+04      3.5195e+02      4.1172e+02

PRES_0:    20000      1.0041e+02      7.1683e+01      9.8967e+01

Checkpoint saved to checkpoint.dat
Steps/sec:  30.916, Simulation ends in:   0 d:   0 h:   3 m 

MOVE_0:    22500            3461            1606      4.6403e+01      4.2635e-01            3282            1797      5.4753e+01      1.9965e+00            6502             615      9.4586e+00            6754            1595      2.3616e+01            2283            1195      5.2343e+01             218             118      5.4128e+01      9.2827e+02

ENER_0:    22500     -3.8563e+05      8.4771e+05      0.0000e+00     -6.4897e+05     -3.2305e+04     -5.5206e+05     -4.0904e+05      1.7399e+05     -1.1813e+07      1.1496e+07

STAT_0:    22500      9.6498e+04      3.1920e+02      4.1372e+02

PRES_0:    22500      6.9365e+01      2.4607e+01      7.6384e+01

Checkpoint saved to checkpoint.dat
Steps/sec:  26.647, Simulation ends in:   0 d:   0 h:   2 m 

MOVE_0:    25000            3822            1797      4.7017e+01      4.2461e-01            3661            2011      5.4930e+01      1.9850e+00            7217             648      8.9788e+00            7490            1764      2.3551e+01            2564            1346      5.2496e+01             246             134      5.4472e+01      1.2888e+03

ENER_0:    25000     -4.1646e+05      8.4115e+05      0.0000e+00     -6.5725e+05     -3.2443e+04     -5.6792e+05     -4.1889e+05      1.6712e+05     -1.1813e+07      1.1497e+07

STAT_0:    25000      9.6087e+04      2.6205e+02      4.1549e+02

PRES_0:    25000      5.8202e+01     -6.3566e+01      2.1012e+00

Checkpoint saved to checkpoint.dat
Simulation Time (total): 7.0468e+02 sec.

Move Type                Mol. Kind      BOX_0      
% Accepted Displacement        CClH    46.84211 
% Accepted Displacement        COH     47.19043 
% Accepted Rotation            CClH    59.42510 
% Accepted Rotation            COH     50.53996 
% Accepted Volume-Transfer             54.47154 
% Accepted Intra-Swap          CClH    11.56276 
% Accepted Intra-Swap          COH      6.34787 
% Accepted Regrowth            CClH    22.72008 
% Accepted Regrowth            COH     24.40476 
% Accepted Crank-Shaft         CClH    23.60784 
% Accepted Crank-Shaft         COH     81.07060 

Displacement:                           15.3337    sec.
Rotation:                               15.0892    sec.
MultiParticle:                           0.0000    sec.
Intra-Swap:                             80.7526    sec.
Regrowth:                               63.7705    sec.
Intra-MEMC:                              0.0000    sec.
Crank-Shaft:                            20.4080    sec.
Vol-Transfer:                          489.8714    sec.

Info: GOMC Version 2.70
Info: Completed at: Sun Aug  8 21:01:15 2021
Info: On hostname: anushabhattacharyya-VirtualBox
