Info: GOMC Version 2.70
Info: Start Time: Mon Aug  9 08:12:08 2021
Info: Host Name: anushabhattacharyya-VirtualBox
CPU information:
Info: Total number of CPUs: 1
Info: Total number of CPUs available: 1
Info: Model name: AMD Ryzen 7 5800X 8-Core Processor
Info: System name: Linux
Info: Release: 5.11.0-25-generic
Info: Version: #27~20.04.1-Ubuntu SMP Tue Jul 13 17:41:23 UTC 2021
Info: Kernel Architecture: x86_64
Info: Total Ram: 23627.8MB
Info: Used Ram: 11755.6MB
Info: Working in the current directory: /home/anushabhattacharyya/Cl Alcohols-NPT/32-CH3CCl2CH2CH2CH2OH
Info: GOMC COMPILED TO RUN ISOBARIC-ISOTHERMAL ENSEMBLE.
Info: Number of threads                  1 
Info: Compiled with OpenMP Version       4.5

Reading Input File:                      in_NPT.conf
Info: Random seed                        Active 
Info: PARAMETER file                     CHARMM format! 
Info: Input Temperature                  298.0000 K
Info: Input Pressure                     410.0000 bar
Info: Volume change using constant ratio.
Info: Non-truncated potential            Active 
Info: Long Range Correction              Active 
Info: Cutoff                             10.0000 A
Info: Short Range Cutoff                 1.0000 A
Info: Exclude                            ONE-FOUR 
Info: Ewald Summation                    Active 
Info: Cache Ewald Fourier                Inactive 
Info: Ewald Summation Tolerance          1.000E-05 
Info: Pressure calculation frequency     2500 
Info: Total number of steps              25000 
Info: Number of equilibration steps      2500 
Info: Move adjustment frequency          1000 
Info: Displacement move frequency        0.1500 
Info: Rotation move frequency            0.1500 
Info: Intra-Swap move frequency          0.2900 
Warning: Unknown input SwapFreq!
Info: Regrowth move frequency            0.3000 
Info: Crank-Shaft move frequency         0.1000 
Info: Volume move frequency              0.0100 
Info: Multi-Particle move frequency      0.0000 
Info: IntraMEMC-1 move frequency         0.0000 
Warning: Unknown input MEMC-1Freq!
Info: IntraMEMC-2 move frequency         0.0000 
Warning: Unknown input MEMC-2Freq!
Info: IntraMEMC-3 move frequency         0.0000 
Warning: Unknown input MEMC-3Freq!
Info: CBMC First atom trials             12   
Info: CBMC Secondary atom trials         10   
Info: CBMC Angle trials                  50   
Info: CBMC Dihedral trials               50   
Info: Output name                        Output_data 
Info: Restart frequency                  2500 
Info: Checkpoint frequency               2500 
Info: Coordinate frequency               2500 
Info: Console output frequency           2500 
Info: Average output frequency           2500 
Warning: Unknown input HistogramFreq!
Warning: Unknown input DistName!
Warning: Unknown input HistName!
Warning: Unknown input RunNumber!
Warning: Unknown input RunLetter!
Warning: Unknown input SampleFreq!
Warning: Unknown input OutMolNumber!
Default: Box  0  CutoffCoulomb           10.0000 A
Finished Reading Input File:             in_NPT.conf

Reading from CHARMM-Style parameter file:  	NPT_CH3CCl2CH2CH2CH2OH_file.inp
Reading BONDS parameters.
Reading ANGLES parameters.
Reading DIHEDRALS parameters.
Reading NONBONDED parameters.
Reading from system PDB coordinate file:  	NPT_CH3CCl2CH2CH2CH2OH.pdb
Finished reading:                       	NPT_CH3CCl2CH2CH2CH2OH.pdb
Random number seed: 3560544498
Warning: Dihedral is missing for CClH !
Warning: Dihedral is missing for CH3 !

Molecules in PSF:
Molecule Kind: CClH
Idx	name	type	charge	mass
0	C1	D	-0.0060	12.0108
1	Cl1	C	-0.2000	35.4532
2	Cl2	C	-0.2000	35.4532
3	Cl3	C	-0.2000	35.4532
4	H1	E	0.1030	1.0079

Bonds:
[0 1] [2 0] [3 0] [4 0] 

Angles:
[1 0 2] [1 0 3] [1 0 4] [2 0 3] [2 0 4] [3 0 4] 

Dihedrals:

Molecule Kind: CH3
Idx	name	type	charge	mass
0	C1	A	-0.2400	12.0108
1	H1	B	0.0600	1.0079
2	H2	B	0.0600	1.0079
3	H3	B	0.0600	1.0079
4	H4	B	0.0600	1.0079

Bonds:
[0 1] [2 0] [3 0] [4 0] 

Angles:
[1 0 2] [1 0 3] [1 0 4] [2 0 3] [2 0 4] [3 0 4] 

Dihedrals:

Molecule Kind: COH
Idx	name	type	charge	mass
0	C1	I	0.1450	12.0108
1	O1	F	-0.6830	15.9994
2	H1	H	0.0400	1.0079
3	H2	H	0.0400	1.0079
4	H3	H	0.0400	1.0079
5	H4	G	0.4180	1.0079

Bonds:
[0 1] [2 0] [3 0] [4 0] [5 1] 

Angles:
[0 1 5] [1 0 2] [1 0 3] [1 0 4] [2 0 3] [2 0 4] [3 0 4] 

Dihedrals:
[2 0 1 5] [3 0 1 5] [4 0 1 5] 

Bonds parameter:
Atom Types                             Kb(K)           b0(A) 
D	C	                 123288.8018           1.7810 
C	D	                 123288.8018           1.7810 
E	D	                 171094.6637           1.0900 

A	B	                 171094.6637           1.0900 
B	A	                 171094.6637           1.0900 

I	F	                 161030.2717           1.4100 
H	I	                 171094.6637           1.0900 
G	F	                 278280.4382           0.9450 

Angles parameter:
Atom Types                         Ktheta(K)         theta0(degree) 
C	D	C	          39251.1287         111.7000 
C	D	E	          25664.1995         107.6000 

B	A	B	          16606.2468         107.8000 

I	F	G	          27677.0779         108.5000 
F	I	H	          17612.6860         109.5000 
H	I	H	          16606.2468         107.8000 

Dihedrals parameter:
Atom Types                           Kchi(K)    n    delta(degree) 
H	I	F	G	    226.4488    0     90.0000 
H	I	F	G	      0.0000    1    180.0000 
H	I	F	G	      0.0000    2      0.0000 
H	I	F	G	   -113.2244    3    180.0000 
H	I	F	G	      0.0000    4      0.0000 
H	I	F	G	      0.0000    5    180.0000 

================================================

Warning: Sum of the charge in the system is: -251.5000

================================================
NonBonded 1-4 parameters:
Type1  Type2             Epsilon(K)    Sigma(A)       N 
D      D                    16.6062      3.5000   12.00 
D      C                    35.4046      3.4500   12.00 
D      E                    11.1959      3.0000   12.00 
D      I                    16.6062      3.5000   12.00 
D      F                    26.6516      3.3100   12.00 
D      H                    11.1959      3.0000   12.00 
D      G                     0.0000      6.7500   12.00 
D      A                    16.6062      3.5000   12.00 
D      B                    11.1959      3.0000   12.00 
C      C                    75.4829      3.4000   12.00 
C      E                    23.8698      2.9500   12.00 
C      I                    35.4046      3.4500   12.00 
C      F                    56.8215      3.2600   12.00 
C      H                    23.8698      2.9500   12.00 
C      G                     0.0000      6.7000   12.00 
C      A                    35.4046      3.4500   12.00 
C      B                    23.8698      2.9500   12.00 
E      E                     7.5483      2.5000   12.00 
E      I                    11.1959      3.0000   12.00 
E      F                    17.9685      2.8100   12.00 
E      H                     7.5483      2.5000   12.00 
E      G                     0.0000      6.2500   12.00 
E      A                    11.1959      3.0000   12.00 
E      B                     7.5483      2.5000   12.00 
I      I                    16.6062      3.5000   12.00 
I      F                    26.6516      3.3100   12.00 
I      H                    11.1959      3.0000   12.00 
I      G                     0.0000      6.7500   12.00 
I      A                    16.6062      3.5000   12.00 
I      B                    11.1959      3.0000   12.00 
F      F                    42.7737      3.1200   12.00 
F      H                    17.9685      2.8100   12.00 
F      G                     0.0000      6.5600   12.00 
F      A                    26.6516      3.3100   12.00 
F      B                    17.9685      2.8100   12.00 
H      H                     7.5483      2.5000   12.00 
H      G                     0.0000      6.2500   12.00 
H      A                    11.1959      3.0000   12.00 
H      B                     7.5483      2.5000   12.00 
G      G                     0.0000     10.0000   12.00 
G      A                     0.0000      6.7500   12.00 
G      B                     0.0000      6.2500   12.00 
A      A                    16.6062      3.5000   12.00 
A      B                    11.1959      3.0000   12.00 
B      B                     7.5483      2.5000   12.00 

NonBonded parameters:
Type1  Type2             Epsilon(K)    Sigma(A)       N 
D      D                    33.2125      3.5000   12.00 
D      C                    70.8093      3.4500   12.00 
D      E                    22.3919      3.0000   12.00 
D      I                    33.2125      3.5000   12.00 
D      F                    53.3033      3.3100   12.00 
D      H                    22.3919      3.0000   12.00 
D      G                     0.0000      6.7500   12.00 
D      A                    33.2125      3.5000   12.00 
D      B                    22.3919      3.0000   12.00 
C      C                   150.9659      3.4000   12.00 
C      E                    47.7396      2.9500   12.00 
C      I                    70.8093      3.4500   12.00 
C      F                   113.6430      3.2600   12.00 
C      H                    47.7396      2.9500   12.00 
C      G                     0.0000      6.7000   12.00 
C      A                    70.8093      3.4500   12.00 
C      B                    47.7396      2.9500   12.00 
E      E                    15.0966      2.5000   12.00 
E      I                    22.3919      3.0000   12.00 
E      F                    35.9371      2.8100   12.00 
E      H                    15.0966      2.5000   12.00 
E      G                     0.0000      6.2500   12.00 
E      A                    22.3919      3.0000   12.00 
E      B                    15.0966      2.5000   12.00 
I      I                    33.2125      3.5000   12.00 
I      F                    53.3033      3.3100   12.00 
I      H                    22.3919      3.0000   12.00 
I      G                     0.0000      6.7500   12.00 
I      A                    33.2125      3.5000   12.00 
I      B                    22.3919      3.0000   12.00 
F      F                    85.5473      3.1200   12.00 
F      H                    35.9371      2.8100   12.00 
F      G                     0.0000      6.5600   12.00 
F      A                    53.3033      3.3100   12.00 
F      B                    35.9371      2.8100   12.00 
H      H                    15.0966      2.5000   12.00 
H      G                     0.0000      6.2500   12.00 
H      A                    22.3919      3.0000   12.00 
H      B                    15.0966      2.5000   12.00 
G      G                     0.0000     10.0000   12.00 
G      A                     0.0000      6.7500   12.00 
G      B                     0.0000      6.2500   12.00 
A      A                    33.2125      3.5000   12.00 
A      B                    22.3919      3.0000   12.00 
B      B                    15.0966      2.5000   12.00 

Info: Box  0:  Periodic Cell Basis 1     45.000   0.000   0.000 
Info: Box  0:  Periodic Cell Basis 2      0.000  45.000   0.000 
Info: Box  0:  Periodic Cell Basis 3      0.000   0.000  45.000 

Minimum coordinates in box 0: x =    1.949, y =    1.958, z =    1.905
Maximum coordinates in box 0: x =   43.056, y =   43.021, z =   43.029
Wrapping molecules inside the simulation box 0:
Box: 0, RecipVectors:   9402, kmax: 17

################################################################################
########################## INITIAL SIMULATION ENERGY ###########################

ETITLE:     STEP           TOTAL        INTRA(B)       INTRA(NB)       INTER(LJ)             LRC     TOTAL_ELECT            REAL           RECIP            SELF            CORR

ENER_0:        0      1.1813e+08      8.1489e+05      0.0000e+00      1.1337e+08     -2.0512e+05      4.1493e+06      8.5090e+05      7.0764e+06     -1.3902e+07      1.0124e+07

STITLE:     STEP          VOLUME        PRESSURE     TOT_DENSITY

STAT_0:        0      9.1125e+04      1.0132e+06      1.5258e+03

################################################################################
############################# STARTING SIMULATION ##############################

MTITLE:     STEP          DISTRY       DISACCEPT      DISACCEPT%          DISMAX          ROTATE       ROTACCEPT      ROTACCEPT%          ROTMAX       INTRASWAP       INTACCEPT      INTACCEPT%        REGROWTH    REGROWACCEPT   REGROWACCEPT%      CRANKSHAFT  CRKSHAFTACCEPT CRKSHAFTACCEPT%          VOLUME       VOLACCEPT      VOLACCEPT%          VOLMAX

ETITLE:     STEP           TOTAL        INTRA(B)       INTRA(NB)       INTER(LJ)             LRC     TOTAL_ELECT            REAL           RECIP            SELF            CORR

STITLE:     STEP          VOLUME        PRESSURE     TOT_DENSITY

Printed combined psf to file Output_data_merged.psf
MOVE_0:     2500             365              53      1.4521e+01      2.6781e-01             378             131      3.4656e+01      2.6240e-01             746             232      3.1099e+01             750             194      2.5867e+01             227              73      3.2159e+01              34              12      3.5294e+01      2.9947e+02

ENER_0:     2500      6.4688e+07      1.0838e+06      0.0000e+00      6.4554e+07     -2.0007e+05     -7.4972e+05      3.6258e+05      2.6517e+06     -1.3902e+07      1.0138e+07

STAT_0:     2500      9.3427e+04      5.8161e+05      1.4882e+03

PRES_0:     2500      5.6875e+05      6.1239e+05      5.6383e+05

Checkpoint saved to checkpoint.dat
Steps/sec:  20.944, Simulation ends in:   0 d:   0 h:  18 m 

MOVE_0:     5000             744             198      2.6613e+01      9.6177e-02             741             295      3.9811e+01      1.9386e-01            1463             323      2.2078e+01            1487             382      2.5689e+01             506             171      3.3794e+01              59              28      4.7458e+01      2.4064e+02

ENER_0:     5000      5.0080e+07      1.2560e+06      0.0000e+00      5.0376e+07     -1.9729e+05     -1.3552e+06      1.9755e+05      2.2051e+06     -1.3902e+07      1.0144e+07

STAT_0:     5000      9.4742e+04      4.5505e+05      1.4675e+03

PRES_0:     5000      4.3493e+05      4.7606e+05      4.5425e+05

Checkpoint saved to checkpoint.dat
Steps/sec:  26.096, Simulation ends in:   0 d:   0 h:  15 m 

MOVE_0:     7500            1134             386      3.4039e+01      7.7842e-02            1122             481      4.2870e+01      1.8981e-01            2196             374      1.7031e+01            2234             573      2.5649e+01             736             244      3.3152e+01              78              34      4.3590e+01      2.0626e+02

ENER_0:     7500      4.2904e+07      1.3387e+06      0.0000e+00      4.3508e+07     -1.9629e+05     -1.7456e+06      8.6213e+04      1.9224e+06     -1.3902e+07      1.0147e+07

STAT_0:     7500      9.5225e+04      3.9467e+05      1.4601e+03

PRES_0:     7500      3.7801e+05      4.0112e+05      4.0498e+05

Checkpoint saved to checkpoint.dat
Steps/sec:  31.448, Simulation ends in:   0 d:   0 h:  12 m 

MOVE_0:    10000            1498             569      3.7984e+01      7.9045e-02            1498             691      4.6128e+01      2.0519e-01            2887             400      1.3855e+01            3017             734      2.4329e+01             995             326      3.2764e+01             105              47      4.4762e+01      1.1906e+02

ENER_0:    10000      3.5553e+07      1.3901e+06      0.0000e+00      3.6350e+07     -1.9433e+05     -1.9919e+06      2.9707e+03      1.7566e+06     -1.3902e+07      1.0150e+07

STAT_0:    10000      9.6187e+04      3.3282e+05      1.4455e+03

PRES_0:    10000      3.2578e+05      3.3543e+05      3.3732e+05

Checkpoint saved to checkpoint.dat
Steps/sec:  24.072, Simulation ends in:   0 d:   0 h:  10 m 

MOVE_0:    12500            1876             765      4.0778e+01      8.8568e-02            1889             889      4.7062e+01      1.9731e-01            3624             425      1.1727e+01            3747             886      2.3646e+01            1234             411      3.3306e+01             130              57      4.3846e+01      2.8862e+01

ENER_0:    12500      3.1626e+07      1.4407e+06      0.0000e+00      3.2517e+07     -1.9397e+05     -2.1382e+06     -5.5877e+04      1.6672e+06     -1.3902e+07      1.0152e+07

STAT_0:    12500      9.6362e+04      3.0025e+05      1.4429e+03

PRES_0:    12500      2.9656e+05      3.0045e+05      3.0380e+05

Checkpoint saved to checkpoint.dat
Steps/sec:  25.633, Simulation ends in:   0 d:   0 h:   9 m 

MOVE_0:    15000            2251             947      4.2070e+01      8.1328e-02            2261            1083      4.7899e+01      2.1810e-01            4357             449      1.0305e+01            4491            1041      2.3180e+01            1487             476      3.2011e+01             153              67      4.3791e+01      1.1224e+01

ENER_0:    15000      2.7231e+07      1.4979e+06      0.0000e+00      2.8292e+07     -1.9380e+05     -2.3643e+06     -1.0761e+05      1.4894e+06     -1.3902e+07      1.0156e+07

STAT_0:    15000      9.6447e+04      2.6672e+05      1.4416e+03

PRES_0:    15000      2.6700e+05      2.6582e+05      2.6740e+05

Checkpoint saved to checkpoint.dat
Steps/sec:  27.344, Simulation ends in:   0 d:   0 h:   7 m 

MOVE_0:    17500            2627            1139      4.3357e+01      8.1540e-02            2661            1278      4.8027e+01      1.9662e-01            5049             465      9.2097e+00            5254            1204      2.2916e+01            1731             555      3.2062e+01             178              82      4.6067e+01      1.5714e+01

ENER_0:    17500      2.4302e+07      1.5187e+06      0.0000e+00      2.5454e+07     -1.9362e+05     -2.4770e+06     -1.3967e+05      1.4066e+06     -1.3902e+07      1.0158e+07

STAT_0:    17500      9.6539e+04      2.4400e+05      1.4402e+03

PRES_0:    17500      2.4224e+05      2.4441e+05      2.4542e+05

Checkpoint saved to checkpoint.dat
Steps/sec:  25.791, Simulation ends in:   0 d:   0 h:   5 m 

MOVE_0:    20000            2977            1308      4.3937e+01      7.2842e-02            3026            1480      4.8909e+01      2.5354e-01            5809             481      8.2803e+00            6014            1352      2.2481e+01            1970             621      3.1523e+01             204              95      4.6569e+01      1.4505e+01

ENER_0:    20000      2.2354e+07      1.5308e+06      0.0000e+00      2.3559e+07     -1.9347e+05     -2.5423e+06     -1.5660e+05      1.3565e+06     -1.3902e+07      1.0159e+07

STAT_0:    20000      9.6612e+04      2.2778e+05      1.4392e+03

PRES_0:    20000      2.2352e+05      2.2777e+05      2.3212e+05

Checkpoint saved to checkpoint.dat
Steps/sec:  24.948, Simulation ends in:   0 d:   0 h:   4 m 

MOVE_0:    22500            3362            1510      4.4914e+01      7.9704e-02            3402            1659      4.8765e+01      2.2034e-01            6565             490      7.4638e+00            6730            1492      2.2169e+01            2214             696      3.1436e+01             227             105      4.6256e+01      9.3247e+00

ENER_0:    22500      2.0395e+07      1.5491e+06      0.0000e+00      2.1643e+07     -1.9338e+05     -2.6042e+06     -1.8504e+05      1.3224e+06     -1.3902e+07      1.0160e+07

STAT_0:    22500      9.6658e+04      2.1161e+05      1.4385e+03

PRES_0:    22500      2.0454e+05      2.1451e+05      2.1584e+05

Checkpoint saved to checkpoint.dat
Steps/sec:  27.138, Simulation ends in:   0 d:   0 h:   2 m 

MOVE_0:    25000            3773            1714      4.5428e+01      7.7395e-02            3771            1833      4.8608e+01      1.7657e-01            7274             496      6.8188e+00            7461            1641      2.1994e+01            2472             769      3.1108e+01             249             117      4.6988e+01      1.1477e+01

ENER_0:    25000      1.8054e+07      1.5583e+06      0.0000e+00      1.9392e+07     -1.9327e+05     -2.7030e+06     -2.1320e+05      1.2504e+06     -1.3902e+07      1.0161e+07

STAT_0:    25000      9.6713e+04      1.9437e+05      1.4376e+03

PRES_0:    25000      1.8430e+05      2.0063e+05      1.9826e+05

Checkpoint saved to checkpoint.dat
Simulation Time (total): 9.6517e+02 sec.

Move Type                Mol. Kind      BOX_0      
% Accepted Displacement        CClH    45.84027 
% Accepted Displacement        COH     45.55382 
% Accepted Displacement        CH3     44.91854 
% Accepted Rotation            CClH    47.34759 
% Accepted Rotation            COH     49.35065 
% Accepted Rotation            CH3     49.13793 
% Accepted Volume-Transfer             46.98795 
% Accepted Intra-Swap          CClH     3.73410 
% Accepted Intra-Swap          COH      8.35723 
% Accepted Intra-Swap          CH3      8.38898 
% Accepted Regrowth            CClH    10.76573 
% Accepted Regrowth            COH     32.73543 
% Accepted Regrowth            CH3     23.37553 
% Accepted Crank-Shaft         CClH    11.39089 
% Accepted Crank-Shaft         COH     60.90134 
% Accepted Crank-Shaft         CH3     21.29743 

Displacement:                           15.1266    sec.
Rotation:                               15.4377    sec.
MultiParticle:                           0.0000    sec.
Intra-Swap:                             85.0267    sec.
Regrowth:                               74.4804    sec.
Intra-MEMC:                              0.0000    sec.
Crank-Shaft:                            23.3033    sec.
Vol-Transfer:                          723.2468    sec.

Info: GOMC Version 2.70
Info: Completed at: Mon Aug  9 08:28:25 2021
Info: On hostname: anushabhattacharyya-VirtualBox
