Info: GOMC Version 2.70
Info: Start Time: Sun Aug  8 05:19:25 2021
Info: Host Name: anushabhattacharyya-VirtualBox
CPU information:
Info: Total number of CPUs: 1
Info: Total number of CPUs available: 1
Info: Model name: AMD Ryzen 7 5800X 8-Core Processor
Info: System name: Linux
Info: Release: 5.11.0-25-generic
Info: Version: #27~20.04.1-Ubuntu SMP Tue Jul 13 17:41:23 UTC 2021
Info: Kernel Architecture: x86_64
Info: Total Ram: 23627.8MB
Info: Used Ram: 9884.6MB
Info: Working in the current directory: /home/anushabhattacharyya/Cl Alcohols-NPT/6-CClH2COHCH3
Info: GOMC COMPILED TO RUN ISOBARIC-ISOTHERMAL ENSEMBLE.
Info: Number of threads                  1 
Info: Compiled with OpenMP Version       4.5

Reading Input File:                      in_NPT.conf
Info: Random seed                        Active 
Info: PARAMETER file                     CHARMM format! 
Info: Input Temperature                  248.0000 K
Info: Input Pressure                     410.0000 bar
Info: Volume change using constant ratio.
Info: Non-truncated potential            Active 
Info: Long Range Correction              Active 
Info: Cutoff                             10.0000 A
Info: Short Range Cutoff                 1.0000 A
Info: Exclude                            ONE-FOUR 
Info: Ewald Summation                    Active 
Info: Cache Ewald Fourier                Inactive 
Info: Ewald Summation Tolerance          1.000E-05 
Info: Pressure calculation frequency     1000 
Info: Total number of steps              10000 
Info: Number of equilibration steps      1000 
Info: Move adjustment frequency          1000 
Info: Displacement move frequency        0.1500 
Info: Rotation move frequency            0.1500 
Info: Intra-Swap move frequency          0.2900 
Warning: Unknown input SwapFreq!
Info: Regrowth move frequency            0.3000 
Info: Crank-Shaft move frequency         0.1000 
Info: Volume move frequency              0.0100 
Info: Multi-Particle move frequency      0.0000 
Info: IntraMEMC-1 move frequency         0.0000 
Warning: Unknown input MEMC-1Freq!
Info: IntraMEMC-2 move frequency         0.0000 
Warning: Unknown input MEMC-2Freq!
Info: IntraMEMC-3 move frequency         0.0000 
Warning: Unknown input MEMC-3Freq!
Info: CBMC First atom trials             12   
Info: CBMC Secondary atom trials         10   
Info: CBMC Angle trials                  50   
Info: CBMC Dihedral trials               50   
Info: Output name                        Output_data 
Info: Restart frequency                  1000 
Info: Checkpoint frequency               1000 
Info: Coordinate frequency               1000 
Info: Console output frequency           1000 
Info: Average output frequency           1000 
Warning: Unknown input HistogramFreq!
Warning: Unknown input DistName!
Warning: Unknown input HistName!
Warning: Unknown input RunNumber!
Warning: Unknown input RunLetter!
Warning: Unknown input SampleFreq!
Warning: Unknown input OutMolNumber!
Default: Box  0  CutoffCoulomb           10.0000 A
Finished Reading Input File:             in_NPT.conf

Reading from CHARMM-Style parameter file:  	NPT_CClH2COHCH3_file.inp
Reading BONDS parameters.
Reading ANGLES parameters.
Reading DIHEDRALS parameters.
Reading NONBONDED parameters.
Reading from system PDB coordinate file:  	NPT_CClH2COHCH3.pdb
Finished reading:                       	NPT_CClH2COHCH3.pdb
Random number seed: 4020568066
Warning: Dihedral is missing for CClH !
Warning: Dihedral is missing for CH3 !

Molecules in PSF:
Molecule Kind: CClH
Idx	name	type	charge	mass
0	C1	A	-0.2400	12.0108
1	H1	C	0.0600	1.0079
2	H2	C	0.0600	1.0079
3	H3	C	0.0600	1.0079
4	H4	C	0.0600	1.0079

Bonds:
[0 1] [2 0] [3 0] [4 0] 

Angles:
[1 0 2] [1 0 3] [1 0 4] [2 0 3] [2 0 4] [3 0 4] 

Dihedrals:

Molecule Kind: CH3
Idx	name	type	charge	mass
0	C1	B	-0.2400	12.0108
1	H1	D	0.0600	1.0079
2	H2	D	0.0600	1.0079
3	H3	D	0.0600	1.0079
4	H4	D	0.0600	1.0079

Bonds:
[0 1] [2 0] [3 0] [4 0] 

Angles:
[1 0 2] [1 0 3] [1 0 4] [2 0 3] [2 0 4] [3 0 4] 

Dihedrals:

Molecule Kind: COH
Idx	name	type	charge	mass
0	C1	H	0.1450	12.0108
1	O1	E	-0.6830	15.9994
2	H1	G	0.0400	1.0079
3	H2	G	0.0400	1.0079
4	H3	G	0.0400	1.0079
5	H4	F	0.4180	1.0079

Bonds:
[0 1] [2 0] [3 0] [4 0] [5 1] 

Angles:
[0 1 5] [1 0 2] [1 0 3] [1 0 4] [2 0 3] [2 0 4] [3 0 4] 

Dihedrals:
[2 0 1 5] [3 0 1 5] [4 0 1 5] 

Bonds parameter:
Atom Types                             Kb(K)           b0(A) 
A	C	                 171094.6637           1.0900 
C	A	                 171094.6637           1.0900 

B	D	                 171094.6637           1.0900 
D	B	                 171094.6637           1.0900 

H	E	                 161030.2717           1.4100 
G	H	                 171094.6637           1.0900 
F	E	                 278280.4382           0.9450 

Angles parameter:
Atom Types                         Ktheta(K)         theta0(degree) 
C	A	C	          16606.2468         107.8000 

D	B	D	          16606.2468         107.8000 

H	E	F	          27677.0779         108.5000 
E	H	G	          17612.6860         109.5000 
G	H	G	          16606.2468         107.8000 

Dihedrals parameter:
Atom Types                           Kchi(K)    n    delta(degree) 
G	H	E	F	    226.4488    0     90.0000 
G	H	E	F	      0.0000    1    180.0000 
G	H	E	F	      0.0000    2      0.0000 
G	H	E	F	   -113.2244    3    180.0000 
G	H	E	F	      0.0000    4      0.0000 
G	H	E	F	      0.0000    5    180.0000 

NonBonded 1-4 parameters:
Type1  Type2             Epsilon(K)    Sigma(A)       N 
A      A                    16.6062      3.5000   12.00 
A      C                    11.1959      3.0000   12.00 
A      H                    16.6062      3.5000   12.00 
A      E                    26.6516      3.3100   12.00 
A      G                    11.1959      3.0000   12.00 
A      F                     0.0000      6.7500   12.00 
A      B                    16.6062      3.5000   12.00 
A      D                    11.1959      3.0000   12.00 
C      C                     7.5483      2.5000   12.00 
C      H                    11.1959      3.0000   12.00 
C      E                    17.9685      2.8100   12.00 
C      G                     7.5483      2.5000   12.00 
C      F                     0.0000      6.2500   12.00 
C      B                    11.1959      3.0000   12.00 
C      D                     7.5483      2.5000   12.00 
H      H                    16.6062      3.5000   12.00 
H      E                    26.6516      3.3100   12.00 
H      G                    11.1959      3.0000   12.00 
H      F                     0.0000      6.7500   12.00 
H      B                    16.6062      3.5000   12.00 
H      D                    11.1959      3.0000   12.00 
E      E                    42.7737      3.1200   12.00 
E      G                    17.9685      2.8100   12.00 
E      F                     0.0000      6.5600   12.00 
E      B                    26.6516      3.3100   12.00 
E      D                    17.9685      2.8100   12.00 
G      G                     7.5483      2.5000   12.00 
G      F                     0.0000      6.2500   12.00 
G      B                    11.1959      3.0000   12.00 
G      D                     7.5483      2.5000   12.00 
F      F                     0.0000     10.0000   12.00 
F      B                     0.0000      6.7500   12.00 
F      D                     0.0000      6.2500   12.00 
B      B                    16.6062      3.5000   12.00 
B      D                    11.1959      3.0000   12.00 
D      D                     7.5483      2.5000   12.00 

NonBonded parameters:
Type1  Type2             Epsilon(K)    Sigma(A)       N 
A      A                    33.2125      3.5000   12.00 
A      C                    22.3919      3.0000   12.00 
A      H                    33.2125      3.5000   12.00 
A      E                    53.3033      3.3100   12.00 
A      G                    22.3919      3.0000   12.00 
A      F                     0.0000      6.7500   12.00 
A      B                    33.2125      3.5000   12.00 
A      D                    22.3919      3.0000   12.00 
C      C                    15.0966      2.5000   12.00 
C      H                    22.3919      3.0000   12.00 
C      E                    35.9371      2.8100   12.00 
C      G                    15.0966      2.5000   12.00 
C      F                     0.0000      6.2500   12.00 
C      B                    22.3919      3.0000   12.00 
C      D                    15.0966      2.5000   12.00 
H      H                    33.2125      3.5000   12.00 
H      E                    53.3033      3.3100   12.00 
H      G                    22.3919      3.0000   12.00 
H      F                     0.0000      6.7500   12.00 
H      B                    33.2125      3.5000   12.00 
H      D                    22.3919      3.0000   12.00 
E      E                    85.5473      3.1200   12.00 
E      G                    35.9371      2.8100   12.00 
E      F                     0.0000      6.5600   12.00 
E      B                    53.3033      3.3100   12.00 
E      D                    35.9371      2.8100   12.00 
G      G                    15.0966      2.5000   12.00 
G      F                     0.0000      6.2500   12.00 
G      B                    22.3919      3.0000   12.00 
G      D                    15.0966      2.5000   12.00 
F      F                     0.0000     10.0000   12.00 
F      B                     0.0000      6.7500   12.00 
F      D                     0.0000      6.2500   12.00 
B      B                    33.2125      3.5000   12.00 
B      D                    22.3919      3.0000   12.00 
D      D                    15.0966      2.5000   12.00 

Info: Box  0:  Periodic Cell Basis 1     45.000   0.000   0.000 
Info: Box  0:  Periodic Cell Basis 2      0.000  45.000   0.000 
Info: Box  0:  Periodic Cell Basis 3      0.000   0.000  45.000 

Minimum coordinates in box 0: x =    1.930, y =    1.970, z =    1.935
Maximum coordinates in box 0: x =   43.059, y =   43.091, z =   43.066
Wrapping molecules inside the simulation box 0:
Box: 0, RecipVectors:   9402, kmax: 17

################################################################################
########################## INITIAL SIMULATION ENERGY ###########################

ETITLE:     STEP           TOTAL        INTRA(B)       INTRA(NB)       INTER(LJ)             LRC     TOTAL_ELECT            REAL           RECIP            SELF            CORR

ENER_0:        0      4.2631e+06      8.2236e+05      0.0000e+00      3.5304e+06     -6.8047e+04     -2.1579e+04     -3.4329e+04      3.5408e+05     -1.2964e+07      1.2623e+07

STITLE:     STEP          VOLUME        PRESSURE     TOT_DENSITY

STAT_0:        0      9.1125e+04      5.3095e+04      5.8428e+02

################################################################################
############################# STARTING SIMULATION ##############################

MTITLE:     STEP          DISTRY       DISACCEPT      DISACCEPT%          DISMAX          ROTATE       ROTACCEPT      ROTACCEPT%          ROTMAX       INTRASWAP       INTACCEPT      INTACCEPT%        REGROWTH    REGROWACCEPT   REGROWACCEPT%      CRANKSHAFT  CRKSHAFTACCEPT CRKSHAFTACCEPT%          VOLUME       VOLACCEPT      VOLACCEPT%          VOLMAX

ETITLE:     STEP           TOTAL        INTRA(B)       INTRA(NB)       INTER(LJ)             LRC     TOTAL_ELECT            REAL           RECIP            SELF            CORR

STITLE:     STEP          VOLUME        PRESSURE     TOT_DENSITY

Printed combined psf to file Output_data_merged.psf
MOVE_0:     1000             164               8      4.8780e+00      1.1044e+00             135              43      3.1852e+01      4.9168e-01             279             126      4.5161e+01             305              65      2.1311e+01             111              44      3.9640e+01               6               1      1.6667e+01      1.6667e+02

ENER_0:     1000      3.3847e+06      9.3264e+05      0.0000e+00      2.5957e+06     -6.7849e+04     -7.5767e+04     -6.7065e+04      3.2855e+05     -1.2964e+07      1.2627e+07

STAT_0:     1000      9.1391e+04      4.2219e+04      5.8258e+02

PRES_0:     1000      4.0926e+04      4.1673e+04      4.2988e+04

Checkpoint saved to checkpoint.dat
Steps/sec:  16.731, Simulation ends in:   0 d:   0 h:   9 m 

MOVE_0:     2000             299              17      5.6856e+00      1.3378e-01             304             116      3.8158e+01      4.0834e-01             579             212      3.6615e+01             600             131      2.1833e+01             205              65      3.1707e+01              13               4      3.0769e+01      1.4286e+02

ENER_0:     2000      2.7022e+06      9.9417e+05      0.0000e+00      1.9004e+06     -6.7646e+04     -1.2475e+05     -9.6178e+04      3.0587e+05     -1.2964e+07      1.2630e+07

STAT_0:     2000      9.1665e+04      3.5047e+04      5.8084e+02

PRES_0:     2000      3.3545e+04      3.4833e+04      3.5692e+04

Checkpoint saved to checkpoint.dat
Steps/sec:  15.280, Simulation ends in:   0 d:   0 h:   9 m 

MOVE_0:     3000             441              95      2.1542e+01      1.4434e-01             457             182      3.9825e+01      3.5189e-01             883             265      3.0011e+01             876             191      2.1804e+01             320             106      3.3125e+01              23               9      3.9130e+01      1.4286e+02

ENER_0:     3000      2.3005e+06      1.0272e+06      0.0000e+00      1.5027e+06     -6.7505e+04     -1.6187e+05     -1.1837e+05      2.8870e+05     -1.2964e+07      1.2632e+07

STAT_0:     3000      9.1856e+04      3.0992e+04      5.7963e+02

PRES_0:     3000      2.9329e+04      3.1490e+04      3.1088e+04

Checkpoint saved to checkpoint.dat
Steps/sec:  11.973, Simulation ends in:   0 d:   0 h:   9 m 

MOVE_0:     4000             578             158      2.7336e+01      1.3170e-01             631             283      4.4849e+01      4.1165e-01            1172             300      2.5597e+01            1166             257      2.2041e+01             426             135      3.1690e+01              27              12      4.4444e+01      2.1429e+02

ENER_0:     4000      1.9928e+06      1.0620e+06      0.0000e+00      1.1856e+06     -6.7401e+04     -1.8735e+05     -1.3222e+05      2.7621e+05     -1.2964e+07      1.2633e+07

STAT_0:     4000      9.1997e+04      2.7767e+04      5.7874e+02

PRES_0:     4000      2.5784e+04      2.8508e+04      2.7941e+04

Checkpoint saved to checkpoint.dat
Steps/sec:  20.946, Simulation ends in:   0 d:   0 h:   7 m 

MOVE_0:     5000             719             227      3.1572e+01      1.2820e-01             788             366      4.6447e+01      4.3862e-01            1450             328      2.2621e+01            1470             319      2.1701e+01             538             173      3.2156e+01              35              16      4.5714e+01      2.1429e+02

ENER_0:     5000      1.7054e+06      1.0797e+06      0.0000e+00      8.8901e+05     -6.7046e+04     -1.9627e+05     -1.3351e+05      2.6755e+05     -1.2964e+07      1.2634e+07

STAT_0:     5000      9.2485e+04      2.4820e+04      5.7569e+02

PRES_0:     5000      2.3397e+04      2.5157e+04      2.4842e+04

Checkpoint saved to checkpoint.dat
Steps/sec:  13.850, Simulation ends in:   0 d:   0 h:   6 m 

MOVE_0:     6000             867             314      3.6217e+01      1.5494e-01             950             441      4.6421e+01      3.7926e-01            1727             346      2.0035e+01            1769             404      2.2838e+01             639             210      3.2864e+01              48              21      4.3750e+01      1.6484e+02

ENER_0:     6000      1.5059e+06      1.0922e+06      0.0000e+00      6.8497e+05     -6.6715e+04     -2.0457e+05     -1.3571e+05      2.5994e+05     -1.2964e+07      1.2635e+07

STAT_0:     6000      9.2944e+04      2.2754e+04      5.7284e+02

PRES_0:     6000      2.1221e+04      2.2869e+04      2.3109e+04

Checkpoint saved to checkpoint.dat
Steps/sec:  13.976, Simulation ends in:   0 d:   0 h:   5 m 

MOVE_0:     7000            1015             400      3.9409e+01      1.7998e-01            1091             515      4.7204e+01      3.9091e-01            2017             361      1.7898e+01            2071             461      2.2260e+01             746             258      3.4584e+01              60              25      4.1667e+01      1.0989e+02

ENER_0:     7000      1.3254e+06      1.1060e+06      0.0000e+00      5.0171e+05     -6.6458e+04     -2.1589e+05     -1.4423e+05      2.5669e+05     -1.2964e+07      1.2636e+07

STAT_0:     7000      9.3303e+04      2.0987e+04      5.7064e+02

PRES_0:     7000      1.9717e+04      2.0910e+04      2.1273e+04

Checkpoint saved to checkpoint.dat
Steps/sec:  21.130, Simulation ends in:   0 d:   0 h:   4 m 

MOVE_0:     8000            1162             464      3.9931e+01      1.5716e-01            1236             596      4.8220e+01      4.3399e-01            2315             385      1.6631e+01            2373             524      2.2082e+01             843             306      3.6299e+01              71              33      4.6479e+01      1.7582e+02

ENER_0:     8000      1.1346e+06      1.1256e+06      0.0000e+00      3.1345e+05     -6.6089e+04     -2.3835e+05     -1.6125e+05      2.5011e+05     -1.2964e+07      1.2637e+07

STAT_0:     8000      9.3824e+04      1.9018e+04      5.6747e+02

PRES_0:     8000      1.7549e+04      1.8900e+04      1.9545e+04

Checkpoint saved to checkpoint.dat
Steps/sec:  22.470, Simulation ends in:   0 d:   0 h:   3 m 

MOVE_0:     9000            1306             547      4.1884e+01      1.7488e-01            1403             695      4.9537e+01      5.1857e-01            2596             398      1.5331e+01            2680             582      2.1716e+01             939             350      3.7274e+01              76              36      4.7368e+01      1.7582e+02

ENER_0:     9000      9.8153e+05      1.1281e+06      0.0000e+00      1.6986e+05     -6.5811e+04     -2.5062e+05     -1.6937e+05      2.4528e+05     -1.2964e+07      1.2638e+07

STAT_0:     9000      9.4221e+04      1.7553e+04      5.6508e+02

PRES_0:     9000      1.6230e+04      1.7560e+04      1.7813e+04

Checkpoint saved to checkpoint.dat
Steps/sec:  36.985, Simulation ends in:   0 d:   0 h:   1 m 

MOVE_0:    10000            1470             631      4.2925e+01      1.8057e-01            1553             769      4.9517e+01      5.0674e-01            2876             401      1.3943e+01            2986             657      2.2003e+01            1032             384      3.7209e+01              83              40      4.8193e+01      2.0094e+02

ENER_0:    10000      8.5039e+05      1.1225e+06      0.0000e+00      5.2646e+04     -6.5517e+04     -2.5927e+05     -1.7293e+05      2.3933e+05     -1.2964e+07      1.2639e+07

STAT_0:    10000      9.4643e+04      1.6300e+04      5.6256e+02

PRES_0:    10000      1.5036e+04      1.6337e+04      1.6474e+04

Checkpoint saved to checkpoint.dat
Simulation Time (total): 5.5300e+02 sec.

Move Type                Mol. Kind      BOX_0      
% Accepted Displacement        CClH    43.56846 
% Accepted Displacement        COH     43.78698 
% Accepted Displacement        CH3     41.37214 
% Accepted Rotation            CClH    51.83044 
% Accepted Rotation            COH     47.20149 
% Accepted Rotation            CH3     49.59839 
% Accepted Volume-Transfer             48.19277 
% Accepted Intra-Swap          CClH    13.48884 
% Accepted Intra-Swap          COH     14.04787 
% Accepted Intra-Swap          CH3     14.31647 
% Accepted Regrowth            CClH    16.34712 
% Accepted Regrowth            COH     32.76382 
% Accepted Regrowth            CH3     16.90000 
% Accepted Crank-Shaft         CClH    18.15476 
% Accepted Crank-Shaft         COH     76.08069 
% Accepted Crank-Shaft         CH3     16.90544 

Displacement:                            8.6092    sec.
Rotation:                               10.0211    sec.
MultiParticle:                           0.0000    sec.
Intra-Swap:                             61.9090    sec.
Regrowth:                               50.3394    sec.
Intra-MEMC:                              0.0000    sec.
Crank-Shaft:                            16.6349    sec.
Vol-Transfer:                          363.3140    sec.

Info: GOMC Version 2.70
Info: Completed at: Sun Aug  8 05:28:56 2021
Info: On hostname: anushabhattacharyya-VirtualBox
