Info: GOMC Version 2.70
Info: Start Time: Sun Aug  8 13:26:50 2021
Info: Host Name: anushabhattacharyya-VirtualBox
CPU information:
Info: Total number of CPUs: 1
Info: Total number of CPUs available: 1
Info: Model name: AMD Ryzen 7 5800X 8-Core Processor
Info: System name: Linux
Info: Release: 5.11.0-25-generic
Info: Version: #27~20.04.1-Ubuntu SMP Tue Jul 13 17:41:23 UTC 2021
Info: Kernel Architecture: x86_64
Info: Total Ram: 23627.8MB
Info: Used Ram: 10796.1MB
Info: Working in the current directory: /home/anushabhattacharyya/Cl Alcohols-NPT/33-CH3CClHCH2CH2CH2OH
Info: GOMC COMPILED TO RUN ISOBARIC-ISOTHERMAL ENSEMBLE.
Info: Number of threads                  1 
Info: Compiled with OpenMP Version       4.5

Reading Input File:                      in_NPT.conf
Info: Random seed                        Active 
Info: PARAMETER file                     CHARMM format! 
Info: Input Temperature                  248.0000 K
Info: Input Pressure                     410.0000 bar
Info: Volume change using constant ratio.
Info: Non-truncated potential            Active 
Info: Long Range Correction              Active 
Info: Cutoff                             10.0000 A
Info: Short Range Cutoff                 1.0000 A
Info: Exclude                            ONE-FOUR 
Info: Ewald Summation                    Active 
Info: Cache Ewald Fourier                Inactive 
Info: Ewald Summation Tolerance          1.000E-05 
Info: Pressure calculation frequency     1000 
Info: Total number of steps              10000 
Info: Number of equilibration steps      1000 
Info: Move adjustment frequency          1000 
Info: Displacement move frequency        0.1500 
Info: Rotation move frequency            0.1500 
Info: Intra-Swap move frequency          0.2900 
Warning: Unknown input SwapFreq!
Info: Regrowth move frequency            0.3000 
Info: Crank-Shaft move frequency         0.1000 
Info: Volume move frequency              0.0100 
Info: Multi-Particle move frequency      0.0000 
Info: IntraMEMC-1 move frequency         0.0000 
Warning: Unknown input MEMC-1Freq!
Info: IntraMEMC-2 move frequency         0.0000 
Warning: Unknown input MEMC-2Freq!
Info: IntraMEMC-3 move frequency         0.0000 
Warning: Unknown input MEMC-3Freq!
Info: CBMC First atom trials             12   
Info: CBMC Secondary atom trials         10   
Info: CBMC Angle trials                  50   
Info: CBMC Dihedral trials               50   
Info: Output name                        Output_data 
Info: Restart frequency                  1000 
Info: Checkpoint frequency               1000 
Info: Coordinate frequency               1000 
Info: Console output frequency           1000 
Info: Average output frequency           1000 
Warning: Unknown input HistogramFreq!
Warning: Unknown input DistName!
Warning: Unknown input HistName!
Warning: Unknown input RunNumber!
Warning: Unknown input RunLetter!
Warning: Unknown input SampleFreq!
Warning: Unknown input OutMolNumber!
Default: Box  0  CutoffCoulomb           10.0000 A
Finished Reading Input File:             in_NPT.conf

Reading from CHARMM-Style parameter file:  	NPT_CH3CClHCH2CH2CH2OH_file.inp
Reading BONDS parameters.
Reading ANGLES parameters.
Reading DIHEDRALS parameters.
Reading NONBONDED parameters.
Reading from system PDB coordinate file:  	NPT_CH3CClHCH2CH2CH2OH.pdb
Finished reading:                       	NPT_CH3CClHCH2CH2CH2OH.pdb
Random number seed: 471045415
Warning: Dihedral is missing for CClH !
Warning: Dihedral is missing for CH3 !

Molecules in PSF:
Molecule Kind: CClH
Idx	name	type	charge	mass
0	C1	D	-0.0060	12.0108
1	Cl1	C	-0.2000	35.4532
2	H1	E	0.1030	1.0079
3	H2	E	0.1030	1.0079
4	H3	E	0.1030	1.0079

Bonds:
[0 1] [2 0] [3 0] [4 0] 

Angles:
[1 0 2] [1 0 3] [1 0 4] [2 0 3] [2 0 4] [3 0 4] 

Dihedrals:

Molecule Kind: CH3
Idx	name	type	charge	mass
0	C1	A	-0.2400	12.0108
1	H1	B	0.0600	1.0079
2	H2	B	0.0600	1.0079
3	H3	B	0.0600	1.0079
4	H4	B	0.0600	1.0079

Bonds:
[0 1] [2 0] [3 0] [4 0] 

Angles:
[1 0 2] [1 0 3] [1 0 4] [2 0 3] [2 0 4] [3 0 4] 

Dihedrals:

Molecule Kind: COH
Idx	name	type	charge	mass
0	C1	I	0.1450	12.0108
1	O1	F	-0.6830	15.9994
2	H1	H	0.0400	1.0079
3	H2	H	0.0400	1.0079
4	H3	H	0.0400	1.0079
5	H4	G	0.4180	1.0079

Bonds:
[0 1] [2 0] [3 0] [4 0] [5 1] 

Angles:
[0 1 5] [1 0 2] [1 0 3] [1 0 4] [2 0 3] [2 0 4] [3 0 4] 

Dihedrals:
[2 0 1 5] [3 0 1 5] [4 0 1 5] 

Bonds parameter:
Atom Types                             Kb(K)           b0(A) 
D	C	                 123288.8018           1.7810 
E	D	                 171094.6637           1.0900 

A	B	                 171094.6637           1.0900 
B	A	                 171094.6637           1.0900 

I	F	                 161030.2717           1.4100 
H	I	                 171094.6637           1.0900 
G	F	                 278280.4382           0.9450 

Angles parameter:
Atom Types                         Ktheta(K)         theta0(degree) 
C	D	E	          25664.1995         107.6000 
E	D	E	          16606.2468         107.8000 

B	A	B	          16606.2468         107.8000 

I	F	G	          27677.0779         108.5000 
F	I	H	          17612.6860         109.5000 
H	I	H	          16606.2468         107.8000 

Dihedrals parameter:
Atom Types                           Kchi(K)    n    delta(degree) 
H	I	F	G	    226.4488    0     90.0000 
H	I	F	G	      0.0000    1    180.0000 
H	I	F	G	      0.0000    2      0.0000 
H	I	F	G	   -113.2244    3    180.0000 
H	I	F	G	      0.0000    4      0.0000 
H	I	F	G	      0.0000    5    180.0000 

================================================

Warning: Sum of the charge in the system is: 51.5000

================================================
NonBonded 1-4 parameters:
Type1  Type2             Epsilon(K)    Sigma(A)       N 
D      D                    16.6062      3.5000   12.00 
D      C                    35.4046      3.4500   12.00 
D      E                    11.1959      3.0000   12.00 
D      I                    16.6062      3.5000   12.00 
D      F                    26.6516      3.3100   12.00 
D      H                    11.1959      3.0000   12.00 
D      G                     0.0000      6.7500   12.00 
D      A                    16.6062      3.5000   12.00 
D      B                    11.1959      3.0000   12.00 
C      C                    75.4829      3.4000   12.00 
C      E                    23.8698      2.9500   12.00 
C      I                    35.4046      3.4500   12.00 
C      F                    56.8215      3.2600   12.00 
C      H                    23.8698      2.9500   12.00 
C      G                     0.0000      6.7000   12.00 
C      A                    35.4046      3.4500   12.00 
C      B                    23.8698      2.9500   12.00 
E      E                     7.5483      2.5000   12.00 
E      I                    11.1959      3.0000   12.00 
E      F                    17.9685      2.8100   12.00 
E      H                     7.5483      2.5000   12.00 
E      G                     0.0000      6.2500   12.00 
E      A                    11.1959      3.0000   12.00 
E      B                     7.5483      2.5000   12.00 
I      I                    16.6062      3.5000   12.00 
I      F                    26.6516      3.3100   12.00 
I      H                    11.1959      3.0000   12.00 
I      G                     0.0000      6.7500   12.00 
I      A                    16.6062      3.5000   12.00 
I      B                    11.1959      3.0000   12.00 
F      F                    42.7737      3.1200   12.00 
F      H                    17.9685      2.8100   12.00 
F      G                     0.0000      6.5600   12.00 
F      A                    26.6516      3.3100   12.00 
F      B                    17.9685      2.8100   12.00 
H      H                     7.5483      2.5000   12.00 
H      G                     0.0000      6.2500   12.00 
H      A                    11.1959      3.0000   12.00 
H      B                     7.5483      2.5000   12.00 
G      G                     0.0000     10.0000   12.00 
G      A                     0.0000      6.7500   12.00 
G      B                     0.0000      6.2500   12.00 
A      A                    16.6062      3.5000   12.00 
A      B                    11.1959      3.0000   12.00 
B      B                     7.5483      2.5000   12.00 

NonBonded parameters:
Type1  Type2             Epsilon(K)    Sigma(A)       N 
D      D                    33.2125      3.5000   12.00 
D      C                    70.8093      3.4500   12.00 
D      E                    22.3919      3.0000   12.00 
D      I                    33.2125      3.5000   12.00 
D      F                    53.3033      3.3100   12.00 
D      H                    22.3919      3.0000   12.00 
D      G                     0.0000      6.7500   12.00 
D      A                    33.2125      3.5000   12.00 
D      B                    22.3919      3.0000   12.00 
C      C                   150.9659      3.4000   12.00 
C      E                    47.7396      2.9500   12.00 
C      I                    70.8093      3.4500   12.00 
C      F                   113.6430      3.2600   12.00 
C      H                    47.7396      2.9500   12.00 
C      G                     0.0000      6.7000   12.00 
C      A                    70.8093      3.4500   12.00 
C      B                    47.7396      2.9500   12.00 
E      E                    15.0966      2.5000   12.00 
E      I                    22.3919      3.0000   12.00 
E      F                    35.9371      2.8100   12.00 
E      H                    15.0966      2.5000   12.00 
E      G                     0.0000      6.2500   12.00 
E      A                    22.3919      3.0000   12.00 
E      B                    15.0966      2.5000   12.00 
I      I                    33.2125      3.5000   12.00 
I      F                    53.3033      3.3100   12.00 
I      H                    22.3919      3.0000   12.00 
I      G                     0.0000      6.7500   12.00 
I      A                    33.2125      3.5000   12.00 
I      B                    22.3919      3.0000   12.00 
F      F                    85.5473      3.1200   12.00 
F      H                    35.9371      2.8100   12.00 
F      G                     0.0000      6.5600   12.00 
F      A                    53.3033      3.3100   12.00 
F      B                    35.9371      2.8100   12.00 
H      H                    15.0966      2.5000   12.00 
H      G                     0.0000      6.2500   12.00 
H      A                    22.3919      3.0000   12.00 
H      B                    15.0966      2.5000   12.00 
G      G                     0.0000     10.0000   12.00 
G      A                     0.0000      6.7500   12.00 
G      B                     0.0000      6.2500   12.00 
A      A                    33.2125      3.5000   12.00 
A      B                    22.3919      3.0000   12.00 
B      B                    15.0966      2.5000   12.00 

Info: Box  0:  Periodic Cell Basis 1     45.000   0.000   0.000 
Info: Box  0:  Periodic Cell Basis 2      0.000  45.000   0.000 
Info: Box  0:  Periodic Cell Basis 3      0.000   0.000  45.000 

Minimum coordinates in box 0: x =    1.929, y =    1.949, z =    1.900
Maximum coordinates in box 0: x =   43.097, y =   43.090, z =   43.061
Wrapping molecules inside the simulation box 0:
Box: 0, RecipVectors:   9402, kmax: 17

################################################################################
########################## INITIAL SIMULATION ENERGY ###########################

ETITLE:     STEP           TOTAL        INTRA(B)       INTRA(NB)       INTER(LJ)             LRC     TOTAL_ELECT            REAL           RECIP            SELF            CORR

ENER_0:        0      2.7088e+07      8.1006e+05      0.0000e+00      2.6237e+07     -1.0575e+05      1.4673e+05      3.4023e+04      8.6102e+05     -1.2962e+07      1.2214e+07

STITLE:     STEP          VOLUME        PRESSURE     TOT_DENSITY

STAT_0:        0      9.1125e+04      2.5498e+05      8.9812e+02

################################################################################
############################# STARTING SIMULATION ##############################

MTITLE:     STEP          DISTRY       DISACCEPT      DISACCEPT%          DISMAX          ROTATE       ROTACCEPT      ROTACCEPT%          ROTMAX       INTRASWAP       INTACCEPT      INTACCEPT%        REGROWTH    REGROWACCEPT   REGROWACCEPT%      CRANKSHAFT  CRKSHAFTACCEPT CRKSHAFTACCEPT%          VOLUME       VOLACCEPT      VOLACCEPT%          VOLMAX

ETITLE:     STEP           TOTAL        INTRA(B)       INTRA(NB)       INTER(LJ)             LRC     TOTAL_ELECT            REAL           RECIP            SELF            CORR

STITLE:     STEP          VOLUME        PRESSURE     TOT_DENSITY

Printed combined psf to file Output_data_merged.psf
MOVE_0:     1000             133              14      1.0526e+01      2.3789e+00             167              47      2.8144e+01      4.4605e-01             302             158      5.2318e+01             294              90      3.0612e+01              95              33      3.4737e+01               9               3      3.3333e+01      3.3333e+02

ENER_0:     1000      1.7602e+07      1.0127e+06      0.0000e+00      1.6812e+07     -1.0519e+05     -1.1764e+05     -4.3042e+04      6.6897e+05     -1.2962e+07      1.2218e+07

STAT_0:     1000      9.1610e+04      1.6890e+05      8.9337e+02

PRES_0:     1000      1.6443e+05      1.6969e+05      1.7186e+05

Checkpoint saved to checkpoint.dat
Steps/sec:  26.580, Simulation ends in:   0 d:   0 h:   6 m 

MOVE_0:     2000             283              18      6.3604e+00      1.2533e-01             305             112      3.6721e+01      4.2327e-01             578             236      4.0830e+01             601             182      3.0283e+01             212              87      4.1038e+01              21               7      3.3333e+01      2.2222e+02

ENER_0:     2000      1.2952e+07      1.1114e+06      0.0000e+00      1.2154e+07     -1.0434e+05     -2.0877e+05     -9.5529e+04      6.2652e+05     -1.2962e+07      1.2222e+07

STAT_0:     2000      9.2356e+04      1.2775e+05      8.8615e+02

PRES_0:     2000      1.2696e+05      1.2509e+05      1.3047e+05

Checkpoint saved to checkpoint.dat
Steps/sec:  21.772, Simulation ends in:   0 d:   0 h:   6 m 

MOVE_0:     3000             441             101      2.2902e+01      1.2417e-01             445             179      4.0225e+01      4.0219e-01             868             274      3.1567e+01             899             269      2.9922e+01             317             127      4.0063e+01              30              12      4.0000e+01      2.4691e+02

ENER_0:     3000      1.0681e+07      1.1732e+06      0.0000e+00      9.9189e+06     -1.0374e+05     -3.0755e+05     -1.4563e+05      5.7604e+05     -1.2962e+07      1.2224e+07

STAT_0:     3000      9.2886e+04      1.0848e+05      8.8109e+02

PRES_0:     3000      1.0979e+05      1.0259e+05      1.1234e+05

Checkpoint saved to checkpoint.dat
Steps/sec:  26.680, Simulation ends in:   0 d:   0 h:   5 m 

MOVE_0:     4000             605             176      2.9091e+01      1.1297e-01             596             241      4.0436e+01      3.2543e-01            1158             310      2.6770e+01            1182             348      2.9442e+01             420             174      4.1429e+01              39              19      4.8718e+01      3.8409e+02

ENER_0:     4000      8.6798e+06      1.2150e+06      0.0000e+00      7.8972e+06     -1.0273e+05     -3.2972e+05     -1.6420e+05      5.7067e+05     -1.2962e+07      1.2226e+07

STAT_0:     4000      9.3804e+04      9.0625e+04      8.7247e+02

PRES_0:     4000      9.0334e+04      8.7729e+04      9.3077e+04

Checkpoint saved to checkpoint.dat
Steps/sec:  26.893, Simulation ends in:   0 d:   0 h:   4 m 

MOVE_0:     5000             758             255      3.3641e+01      1.1790e-01             758             320      4.2216e+01      3.1995e-01            1433             331      2.3098e+01            1466             425      2.8990e+01             532             217      4.0789e+01              53              25      4.7170e+01      3.2922e+02

ENER_0:     5000      6.4461e+06      1.2501e+06      0.0000e+00      5.6688e+06     -1.0082e+05     -3.7202e+05     -1.8414e+05      5.4715e+05     -1.2962e+07      1.2227e+07

STAT_0:     5000      9.5577e+04      7.0100e+04      8.5629e+02

PRES_0:     5000      7.1108e+04      6.9423e+04      6.9031e+04

Checkpoint saved to checkpoint.dat
Steps/sec:  19.296, Simulation ends in:   0 d:   0 h:   4 m 

MOVE_0:     6000             918             344      3.7473e+01      1.3161e-01             892             389      4.3610e+01      3.1977e-01            1747             356      2.0378e+01            1758             488      2.7759e+01             624             248      3.9744e+01              61              29      4.7541e+01      3.2922e+02

ENER_0:     6000      5.3364e+06      1.2763e+06      0.0000e+00      4.5345e+06     -9.9963e+04     -3.7434e+05     -1.7985e+05      5.3937e+05     -1.2962e+07      1.2228e+07

STAT_0:     6000      9.6396e+04      5.9943e+04      8.4901e+02

PRES_0:     6000      6.2970e+04      5.7514e+04      5.8604e+04

Checkpoint saved to checkpoint.dat
Steps/sec:  28.513, Simulation ends in:   0 d:   0 h:   3 m 

MOVE_0:     7000            1074             430      4.0037e+01      1.4396e-01            1041             478      4.5917e+01      3.8594e-01            2046             371      1.8133e+01            2037             550      2.7000e+01             734             287      3.9101e+01              68              35      5.1471e+01      5.6437e+02

ENER_0:     7000      4.3865e+06      1.2965e+06      0.0000e+00      3.5804e+06     -9.8887e+04     -3.9154e+05     -1.8842e+05      5.2960e+05     -1.2962e+07      1.2229e+07

STAT_0:     7000      9.7445e+04      5.1134e+04      8.3987e+02

PRES_0:     7000      5.2862e+04      4.9599e+04      5.0199e+04

Checkpoint saved to checkpoint.dat
Steps/sec:  31.030, Simulation ends in:   0 d:   0 h:   2 m 

MOVE_0:     8000            1231             512      4.1592e+01      1.5186e-01            1169             546      4.6707e+01      4.0710e-01            2321             386      1.6631e+01            2361             621      2.6302e+01             844             329      3.8981e+01              74              39      5.2703e+01      7.5250e+02

ENER_0:     8000      3.2601e+06      1.2979e+06      0.0000e+00      2.4754e+06     -9.7345e+04     -4.1593e+05     -1.9977e+05      5.1637e+05     -1.2962e+07      1.2229e+07

STAT_0:     8000      9.8989e+04      4.1014e+04      8.2677e+02

PRES_0:     8000      4.3465e+04      3.9593e+04      3.9243e+04

Checkpoint saved to checkpoint.dat
Steps/sec:  32.865, Simulation ends in:   0 d:   0 h:   2 m 

MOVE_0:     9000            1366             588      4.3045e+01      1.7078e-01            1330             624      4.6917e+01      3.9452e-01            2636             393      1.4909e+01            2653             684      2.5782e+01             934             366      3.9186e+01              81              43      5.3086e+01      8.6000e+02

ENER_0:     9000      2.5172e+06      1.3110e+06      0.0000e+00      1.7237e+06     -9.5820e+04     -4.2164e+05     -1.9399e+05      5.0422e+05     -1.2962e+07      1.2230e+07

STAT_0:     9000      1.0056e+05      3.3874e+04      8.1382e+02

PRES_0:     9000      3.5451e+04      3.2909e+04      3.2519e+04

Checkpoint saved to checkpoint.dat
Steps/sec:  30.320, Simulation ends in:   0 d:   0 h:   1 m 

MOVE_0:    10000            1502             653      4.3475e+01      1.5787e-01            1485             704      4.7407e+01      4.2366e-01            2903             401      1.3813e+01            2961             766      2.5870e+01            1052             413      3.9259e+01              97              53      5.4639e+01      1.0750e+03

ENER_0:    10000      1.2392e+06      1.3151e+06      0.0000e+00      4.4220e+05     -9.1500e+04     -4.2656e+05     -1.9328e+05      4.9855e+05     -1.2962e+07      1.2230e+07

STAT_0:    10000      1.0531e+05      2.0953e+04      7.7712e+02

PRES_0:    10000      2.0601e+04      2.0274e+04      2.1240e+04

Checkpoint saved to checkpoint.dat
Simulation Time (total): 4.0224e+02 sec.

Move Type                Mol. Kind      BOX_0      
% Accepted Displacement        CClH    40.55666 
% Accepted Displacement        COH     46.51639 
% Accepted Displacement        CH3     43.44423 
% Accepted Rotation            CClH    46.41434 
% Accepted Rotation            COH     45.64756 
% Accepted Rotation            CH3     50.00000 
% Accepted Volume-Transfer             54.63918 
% Accepted Intra-Swap          CClH    15.06317 
% Accepted Intra-Swap          COH     11.79596 
% Accepted Intra-Swap          CH3     14.46945 
% Accepted Regrowth            CClH    24.89669 
% Accepted Regrowth            COH     32.47688 
% Accepted Regrowth            CH3     20.49020 
% Accepted Crank-Shaft         CClH    21.57434 
% Accepted Crank-Shaft         COH     73.12139 
% Accepted Crank-Shaft         CH3     23.69146 

Displacement:                            5.7347    sec.
Rotation:                                6.1139    sec.
MultiParticle:                           0.0000    sec.
Intra-Swap:                             37.7790    sec.
Regrowth:                               31.3972    sec.
Intra-MEMC:                              0.0000    sec.
Crank-Shaft:                            10.5525    sec.
Vol-Transfer:                          282.0634    sec.

Info: GOMC Version 2.70
Info: Completed at: Sun Aug  8 13:33:44 2021
Info: On hostname: anushabhattacharyya-VirtualBox
