Info: GOMC Version 2.70
Info: Start Time: Mon Aug  9 01:38:45 2021
Info: Host Name: anushabhattacharyya-VirtualBox
CPU information:
Info: Total number of CPUs: 1
Info: Total number of CPUs available: 1
Info: Model name: AMD Ryzen 7 5800X 8-Core Processor
Info: System name: Linux
Info: Release: 5.11.0-25-generic
Info: Version: #27~20.04.1-Ubuntu SMP Tue Jul 13 17:41:23 UTC 2021
Info: Kernel Architecture: x86_64
Info: Total Ram: 23627.8MB
Info: Used Ram: 11928.2MB
Info: Working in the current directory: /home/anushabhattacharyya/Cl Alcohols-NPT/22-CH3CCl2CH2CHOHCH3
Info: GOMC COMPILED TO RUN ISOBARIC-ISOTHERMAL ENSEMBLE.
Info: Number of threads                  1 
Info: Compiled with OpenMP Version       4.5

Reading Input File:                      in_NPT.conf
Info: Random seed                        Active 
Info: PARAMETER file                     CHARMM format! 
Info: Input Temperature                  298.0000 K
Info: Input Pressure                     410.0000 bar
Info: Volume change using constant ratio.
Info: Non-truncated potential            Active 
Info: Long Range Correction              Active 
Info: Cutoff                             10.0000 A
Info: Short Range Cutoff                 1.0000 A
Info: Exclude                            ONE-FOUR 
Info: Ewald Summation                    Active 
Info: Cache Ewald Fourier                Inactive 
Info: Ewald Summation Tolerance          1.000E-05 
Info: Pressure calculation frequency     2500 
Info: Total number of steps              25000 
Info: Number of equilibration steps      2500 
Info: Move adjustment frequency          1000 
Info: Displacement move frequency        0.1500 
Info: Rotation move frequency            0.1500 
Info: Intra-Swap move frequency          0.2900 
Warning: Unknown input SwapFreq!
Info: Regrowth move frequency            0.3000 
Info: Crank-Shaft move frequency         0.1000 
Info: Volume move frequency              0.0100 
Info: Multi-Particle move frequency      0.0000 
Info: IntraMEMC-1 move frequency         0.0000 
Warning: Unknown input MEMC-1Freq!
Info: IntraMEMC-2 move frequency         0.0000 
Warning: Unknown input MEMC-2Freq!
Info: IntraMEMC-3 move frequency         0.0000 
Warning: Unknown input MEMC-3Freq!
Info: CBMC First atom trials             12   
Info: CBMC Secondary atom trials         10   
Info: CBMC Angle trials                  50   
Info: CBMC Dihedral trials               50   
Info: Output name                        Output_data 
Info: Restart frequency                  2500 
Info: Checkpoint frequency               2500 
Info: Coordinate frequency               2500 
Info: Console output frequency           2500 
Info: Average output frequency           2500 
Warning: Unknown input HistogramFreq!
Warning: Unknown input DistName!
Warning: Unknown input HistName!
Warning: Unknown input RunNumber!
Warning: Unknown input RunLetter!
Warning: Unknown input SampleFreq!
Warning: Unknown input OutMolNumber!
Default: Box  0  CutoffCoulomb           10.0000 A
Finished Reading Input File:             in_NPT.conf

Reading from CHARMM-Style parameter file:  	NPT_CH3CCl2CH2CHOHCH3_file.inp
Reading BONDS parameters.
Reading ANGLES parameters.
Reading DIHEDRALS parameters.
Reading NONBONDED parameters.
Reading from system PDB coordinate file:  	NPT_CH3CCl2CH2CHOHCH3.pdb
Finished reading:                       	NPT_CH3CCl2CH2CHOHCH3.pdb
Random number seed: 2048641457
Warning: Dihedral is missing for CClH !
Warning: Dihedral is missing for CH3 !

Molecules in PSF:
Molecule Kind: CClH
Idx	name	type	charge	mass
0	C1	D	-0.0060	12.0108
1	Cl1	C	-0.2000	35.4532
2	Cl2	C	-0.2000	35.4532
3	Cl3	C	-0.2000	35.4532
4	H1	E	0.1030	1.0079

Bonds:
[0 1] [2 0] [3 0] [4 0] 

Angles:
[1 0 2] [1 0 3] [1 0 4] [2 0 3] [2 0 4] [3 0 4] 

Dihedrals:

Molecule Kind: CH3
Idx	name	type	charge	mass
0	C1	A	-0.2400	12.0108
1	H1	B	0.0600	1.0079
2	H2	B	0.0600	1.0079
3	H3	B	0.0600	1.0079
4	H4	B	0.0600	1.0079

Bonds:
[0 1] [2 0] [3 0] [4 0] 

Angles:
[1 0 2] [1 0 3] [1 0 4] [2 0 3] [2 0 4] [3 0 4] 

Dihedrals:

Molecule Kind: COH
Idx	name	type	charge	mass
0	C1	I	0.1450	12.0108
1	O1	F	-0.6830	15.9994
2	H1	H	0.0400	1.0079
3	H2	H	0.0400	1.0079
4	H3	H	0.0400	1.0079
5	H4	G	0.4180	1.0079

Bonds:
[0 1] [2 0] [3 0] [4 0] [5 1] 

Angles:
[0 1 5] [1 0 2] [1 0 3] [1 0 4] [2 0 3] [2 0 4] [3 0 4] 

Dihedrals:
[2 0 1 5] [3 0 1 5] [4 0 1 5] 

Bonds parameter:
Atom Types                             Kb(K)           b0(A) 
D	C	                 123288.8018           1.7810 
C	D	                 123288.8018           1.7810 
E	D	                 171094.6637           1.0900 

A	B	                 171094.6637           1.0900 
B	A	                 171094.6637           1.0900 

I	F	                 161030.2717           1.4100 
H	I	                 171094.6637           1.0900 
G	F	                 278280.4382           0.9450 

Angles parameter:
Atom Types                         Ktheta(K)         theta0(degree) 
C	D	C	          39251.1287         111.7000 
C	D	E	          25664.1995         107.6000 

B	A	B	          16606.2468         107.8000 

I	F	G	          27677.0779         108.5000 
F	I	H	          17612.6860         109.5000 
H	I	H	          16606.2468         107.8000 

Dihedrals parameter:
Atom Types                           Kchi(K)    n    delta(degree) 
H	I	F	G	    226.4488    0     90.0000 
H	I	F	G	      0.0000    1    180.0000 
H	I	F	G	      0.0000    2      0.0000 
H	I	F	G	   -113.2244    3    180.0000 
H	I	F	G	      0.0000    4      0.0000 
H	I	F	G	      0.0000    5    180.0000 

================================================

Warning: Sum of the charge in the system is: -251.5000

================================================
NonBonded 1-4 parameters:
Type1  Type2             Epsilon(K)    Sigma(A)       N 
D      D                    16.6062      3.5000   12.00 
D      C                    35.4046      3.4500   12.00 
D      E                    11.1959      3.0000   12.00 
D      I                    16.6062      3.5000   12.00 
D      F                    26.6516      3.3100   12.00 
D      H                    11.1959      3.0000   12.00 
D      G                     0.0000      6.7500   12.00 
D      A                    16.6062      3.5000   12.00 
D      B                    11.1959      3.0000   12.00 
C      C                    75.4829      3.4000   12.00 
C      E                    23.8698      2.9500   12.00 
C      I                    35.4046      3.4500   12.00 
C      F                    56.8215      3.2600   12.00 
C      H                    23.8698      2.9500   12.00 
C      G                     0.0000      6.7000   12.00 
C      A                    35.4046      3.4500   12.00 
C      B                    23.8698      2.9500   12.00 
E      E                     7.5483      2.5000   12.00 
E      I                    11.1959      3.0000   12.00 
E      F                    17.9685      2.8100   12.00 
E      H                     7.5483      2.5000   12.00 
E      G                     0.0000      6.2500   12.00 
E      A                    11.1959      3.0000   12.00 
E      B                     7.5483      2.5000   12.00 
I      I                    16.6062      3.5000   12.00 
I      F                    26.6516      3.3100   12.00 
I      H                    11.1959      3.0000   12.00 
I      G                     0.0000      6.7500   12.00 
I      A                    16.6062      3.5000   12.00 
I      B                    11.1959      3.0000   12.00 
F      F                    42.7737      3.1200   12.00 
F      H                    17.9685      2.8100   12.00 
F      G                     0.0000      6.5600   12.00 
F      A                    26.6516      3.3100   12.00 
F      B                    17.9685      2.8100   12.00 
H      H                     7.5483      2.5000   12.00 
H      G                     0.0000      6.2500   12.00 
H      A                    11.1959      3.0000   12.00 
H      B                     7.5483      2.5000   12.00 
G      G                     0.0000     10.0000   12.00 
G      A                     0.0000      6.7500   12.00 
G      B                     0.0000      6.2500   12.00 
A      A                    16.6062      3.5000   12.00 
A      B                    11.1959      3.0000   12.00 
B      B                     7.5483      2.5000   12.00 

NonBonded parameters:
Type1  Type2             Epsilon(K)    Sigma(A)       N 
D      D                    33.2125      3.5000   12.00 
D      C                    70.8093      3.4500   12.00 
D      E                    22.3919      3.0000   12.00 
D      I                    33.2125      3.5000   12.00 
D      F                    53.3033      3.3100   12.00 
D      H                    22.3919      3.0000   12.00 
D      G                     0.0000      6.7500   12.00 
D      A                    33.2125      3.5000   12.00 
D      B                    22.3919      3.0000   12.00 
C      C                   150.9659      3.4000   12.00 
C      E                    47.7396      2.9500   12.00 
C      I                    70.8093      3.4500   12.00 
C      F                   113.6430      3.2600   12.00 
C      H                    47.7396      2.9500   12.00 
C      G                     0.0000      6.7000   12.00 
C      A                    70.8093      3.4500   12.00 
C      B                    47.7396      2.9500   12.00 
E      E                    15.0966      2.5000   12.00 
E      I                    22.3919      3.0000   12.00 
E      F                    35.9371      2.8100   12.00 
E      H                    15.0966      2.5000   12.00 
E      G                     0.0000      6.2500   12.00 
E      A                    22.3919      3.0000   12.00 
E      B                    15.0966      2.5000   12.00 
I      I                    33.2125      3.5000   12.00 
I      F                    53.3033      3.3100   12.00 
I      H                    22.3919      3.0000   12.00 
I      G                     0.0000      6.7500   12.00 
I      A                    33.2125      3.5000   12.00 
I      B                    22.3919      3.0000   12.00 
F      F                    85.5473      3.1200   12.00 
F      H                    35.9371      2.8100   12.00 
F      G                     0.0000      6.5600   12.00 
F      A                    53.3033      3.3100   12.00 
F      B                    35.9371      2.8100   12.00 
H      H                    15.0966      2.5000   12.00 
H      G                     0.0000      6.2500   12.00 
H      A                    22.3919      3.0000   12.00 
H      B                    15.0966      2.5000   12.00 
G      G                     0.0000     10.0000   12.00 
G      A                     0.0000      6.7500   12.00 
G      B                     0.0000      6.2500   12.00 
A      A                    33.2125      3.5000   12.00 
A      B                    22.3919      3.0000   12.00 
B      B                    15.0966      2.5000   12.00 

Info: Box  0:  Periodic Cell Basis 1     45.000   0.000   0.000 
Info: Box  0:  Periodic Cell Basis 2      0.000  45.000   0.000 
Info: Box  0:  Periodic Cell Basis 3      0.000   0.000  45.000 

Minimum coordinates in box 0: x =    1.949, y =    1.958, z =    1.905
Maximum coordinates in box 0: x =   43.056, y =   43.021, z =   43.029
Wrapping molecules inside the simulation box 0:
Box: 0, RecipVectors:   9402, kmax: 17

################################################################################
########################## INITIAL SIMULATION ENERGY ###########################

ETITLE:     STEP           TOTAL        INTRA(B)       INTRA(NB)       INTER(LJ)             LRC     TOTAL_ELECT            REAL           RECIP            SELF            CORR

ENER_0:        0      1.1813e+08      8.1489e+05      0.0000e+00      1.1337e+08     -2.0512e+05      4.1493e+06      8.5090e+05      7.0764e+06     -1.3902e+07      1.0124e+07

STITLE:     STEP          VOLUME        PRESSURE     TOT_DENSITY

STAT_0:        0      9.1125e+04      1.0132e+06      1.5258e+03

################################################################################
############################# STARTING SIMULATION ##############################

MTITLE:     STEP          DISTRY       DISACCEPT      DISACCEPT%          DISMAX          ROTATE       ROTACCEPT      ROTACCEPT%          ROTMAX       INTRASWAP       INTACCEPT      INTACCEPT%        REGROWTH    REGROWACCEPT   REGROWACCEPT%      CRANKSHAFT  CRKSHAFTACCEPT CRKSHAFTACCEPT%          VOLUME       VOLACCEPT      VOLACCEPT%          VOLMAX

ETITLE:     STEP           TOTAL        INTRA(B)       INTRA(NB)       INTER(LJ)             LRC     TOTAL_ELECT            REAL           RECIP            SELF            CORR

STITLE:     STEP          VOLUME        PRESSURE     TOT_DENSITY

Printed combined psf to file Output_data_merged.psf
MOVE_0:     2500             367              39      1.0627e+01      2.3825e-01             377             118      3.1300e+01      1.9774e-01             742             229      3.0863e+01             741             196      2.6451e+01             236              84      3.5593e+01              37              25      6.7568e+01      1.0256e+03

ENER_0:     2500      4.4731e+07      1.0857e+06      0.0000e+00      4.4282e+07     -1.8584e+05     -4.5138e+05      3.8349e+05      2.9300e+06     -1.3902e+07      1.0137e+07

STAT_0:     2500      1.0058e+05      3.7022e+05      1.3824e+03

PRES_0:     2500      3.6969e+05      3.6797e+05      3.7301e+05

Checkpoint saved to checkpoint.dat
Steps/sec:  17.995, Simulation ends in:   0 d:   0 h:  21 m 

MOVE_0:     5000             742             223      3.0054e+01      1.6492e-01             769             326      4.2393e+01      2.3018e-01            1475             305      2.0678e+01            1479             388      2.6234e+01             474             176      3.7131e+01              61              39      6.3934e+01      1.4158e+03

ENER_0:     5000      1.9691e+07      1.2110e+06      0.0000e+00      2.0042e+07     -1.6881e+05     -1.3932e+06      1.4324e+05      2.2216e+06     -1.3902e+07      1.0144e+07

STAT_0:     5000      1.1072e+05      1.6530e+05      1.2557e+03

PRES_0:     5000      1.5942e+05      1.6757e+05      1.6879e+05

Checkpoint saved to checkpoint.dat
Steps/sec:  24.711, Simulation ends in:   0 d:   0 h:  16 m 

MOVE_0:     7500            1097             401      3.6554e+01      1.2602e-01            1148             530      4.6167e+01      2.6598e-01            2237             367      1.6406e+01            2221             567      2.5529e+01             715             256      3.5804e+01              82              51      6.2195e+01      1.6180e+03

ENER_0:     7500      9.5485e+06      1.3037e+06      0.0000e+00      1.0368e+07     -1.5754e+05     -1.9659e+06      1.7575e+04      1.7679e+06     -1.3902e+07      1.0150e+07

STAT_0:     7500      1.1865e+05      9.0456e+04      1.1718e+03

PRES_0:     7500      8.5653e+04      9.0257e+04      9.5260e+04

Checkpoint saved to checkpoint.dat
Steps/sec:  25.415, Simulation ends in:   0 d:   0 h:  14 m 

MOVE_0:    10000            1435             590      4.1115e+01      1.7627e-01            1541             761      4.9384e+01      4.3608e-01            2946             410      1.3917e+01            3007             744      2.4742e+01             969             370      3.8184e+01             102              61      5.9804e+01      1.5130e+03

ENER_0:    10000      1.4938e+06      1.3350e+06      0.0000e+00      2.7520e+06     -1.4080e+05     -2.4524e+06     -1.0041e+05      1.3943e+06     -1.3902e+07      1.0155e+07

STAT_0:    10000      1.3275e+05      3.4048e+04      1.0474e+03

PRES_0:    10000      3.0573e+04      3.5048e+04      3.6239e+04

Checkpoint saved to checkpoint.dat
Steps/sec:  24.148, Simulation ends in:   0 d:   0 h:  12 m 

MOVE_0:    12500            1832             796      4.3450e+01      1.7787e-01            1891             955      5.0502e+01      4.9590e-01            3682             447      1.2140e+01            3754             953      2.5386e+01            1210             466      3.8512e+01             131              76      5.8015e+01      1.1527e+03

ENER_0:    12500     -1.2867e+06      1.3572e+06      0.0000e+00      1.3222e+05     -1.3053e+05     -2.6456e+06     -1.7104e+05      1.2678e+06     -1.3902e+07      1.0159e+07

STAT_0:    12500      1.4320e+05      1.5083e+04      9.7097e+02

PRES_0:    12500      1.2960e+04      1.5447e+04      1.6520e+04

Checkpoint saved to checkpoint.dat
Steps/sec:  17.110, Simulation ends in:   0 d:   0 h:  10 m 

MOVE_0:    15000            2175             979      4.5011e+01      2.2870e-01            2300            1183      5.1435e+01      6.8594e-01            4342             463      1.0663e+01            4545            1123      2.4708e+01            1486             575      3.8694e+01             152              85      5.5921e+01      1.2575e+03

ENER_0:    15000     -2.1377e+06      1.3514e+06      0.0000e+00     -5.7170e+05     -1.2612e+05     -2.7913e+06     -2.0216e+05      1.1502e+06     -1.3902e+07      1.0162e+07

STAT_0:    15000      1.4821e+05      9.8797e+03      9.3815e+02

PRES_0:    15000      8.2821e+03      9.5394e+03      1.1483e+04

Checkpoint saved to checkpoint.dat
Steps/sec:  21.866, Simulation ends in:   0 d:   0 h:   8 m 

MOVE_0:    17500            2544            1185      4.6580e+01      2.9454e-01            2678            1384      5.1680e+01      6.9721e-01            5079             490      9.6476e+00            5284            1283      2.4281e+01            1739             678      3.8988e+01             176             100      5.6818e+01      2.3216e+03

ENER_0:    17500     -2.9994e+06      1.3379e+06      0.0000e+00     -1.3599e+06     -1.1562e+05     -2.8617e+06     -2.2546e+05      1.1026e+06     -1.3902e+07      1.0163e+07

STAT_0:    17500      1.6167e+05      3.2265e+03      8.6004e+02

PRES_0:    17500      2.5112e+03      2.8252e+03      3.9822e+03

Checkpoint saved to checkpoint.dat
Steps/sec:  19.436, Simulation ends in:   0 d:   0 h:   6 m 

MOVE_0:    20000            2914            1398      4.7975e+01      4.0145e-01            3069            1607      5.2362e+01      1.0656e+00            5799             515      8.8808e+00            6043            1456      2.4094e+01            1976             771      3.9018e+01             199             112      5.6281e+01      1.8344e+03

ENER_0:    20000     -3.3949e+06      1.3049e+06      0.0000e+00     -1.5904e+06     -1.0604e+05     -3.0033e+06     -2.5137e+05      9.8636e+05     -1.3902e+07      1.0163e+07

STAT_0:    20000      1.7626e+05      4.6310e+02      7.8881e+02

PRES_0:    20000     -8.2485e+01      3.1862e+02      7.7718e+02

Checkpoint saved to checkpoint.dat
Steps/sec:  18.414, Simulation ends in:   0 d:   0 h:   5 m 

MOVE_0:    22500            3276            1585      4.8382e+01      3.8352e-01            3458            1811      5.2371e+01      1.4318e+00            6545             546      8.3422e+00            6797            1631      2.3996e+01            2203             868      3.9401e+01             221             120      5.4299e+01      7.2468e+02

ENER_0:    22500     -3.5928e+06      1.2819e+06      0.0000e+00     -1.6041e+06     -1.0597e+05     -3.1647e+06     -2.8615e+05      8.5809e+05     -1.3902e+07      1.0165e+07

STAT_0:    22500      1.7639e+05      3.8244e+02      7.8826e+02

PRES_0:    22500     -3.0214e+02      5.9914e+02      4.7424e+02

Checkpoint saved to checkpoint.dat
Steps/sec:  17.273, Simulation ends in:   0 d:   0 h:   3 m 

MOVE_0:    25000            3662            1787      4.8798e+01      4.3415e-01            3847            2036      5.2924e+01      1.5023e+00            7272             565      7.7695e+00            7503            1780      2.3724e+01            2467             966      3.9157e+01             249             140      5.6225e+01      1.9566e+03

ENER_0:    25000     -3.7373e+06      1.2725e+06      0.0000e+00     -1.6406e+06     -1.0707e+05     -3.2621e+06     -3.1587e+05      7.8908e+05     -1.3902e+07      1.0166e+07

STAT_0:    25000      1.7457e+05      3.6048e+02      7.9645e+02

PRES_0:    25000     -8.9434e+01      2.1422e+02      5.8190e+02

Checkpoint saved to checkpoint.dat
Simulation Time (total): 1.2824e+03 sec.

Move Type                Mol. Kind      BOX_0      
% Accepted Displacement        CClH    50.66116 
% Accepted Displacement        COH     46.91558 
% Accepted Displacement        CH3     48.85246 
% Accepted Rotation            CClH    53.33333 
% Accepted Rotation            COH     50.50038 
% Accepted Rotation            CH3     54.98822 
% Accepted Volume-Transfer             56.22490 
% Accepted Intra-Swap          CClH     5.39095 
% Accepted Intra-Swap          COH      9.37500 
% Accepted Intra-Swap          CH3      8.54772 
% Accepted Regrowth            CClH    14.83273 
% Accepted Regrowth            COH     32.34111 
% Accepted Regrowth            CH3     23.97476 
% Accepted Crank-Shaft         CClH    15.07024 
% Accepted Crank-Shaft         COH     71.96262 
% Accepted Crank-Shaft         CH3     28.01932 

Displacement:                           19.8424    sec.
Rotation:                               21.2528    sec.
MultiParticle:                           0.0000    sec.
Intra-Swap:                             85.7118    sec.
Regrowth:                               75.9334    sec.
Intra-MEMC:                              0.0000    sec.
Crank-Shaft:                            23.9028    sec.
Vol-Transfer:                         1014.6064    sec.

Info: GOMC Version 2.70
Info: Completed at: Mon Aug  9 02:00:22 2021
Info: On hostname: anushabhattacharyya-VirtualBox
