Info: GOMC Version 2.70
Info: Start Time: Sun Aug  8 09:40:54 2021
Info: Host Name: anushabhattacharyya-VirtualBox
CPU information:
Info: Total number of CPUs: 1
Info: Total number of CPUs available: 1
Info: Model name: AMD Ryzen 7 5800X 8-Core Processor
Info: System name: Linux
Info: Release: 5.11.0-25-generic
Info: Version: #27~20.04.1-Ubuntu SMP Tue Jul 13 17:41:23 UTC 2021
Info: Kernel Architecture: x86_64
Info: Total Ram: 23627.8MB
Info: Used Ram: 10122.7MB
Info: Working in the current directory: /home/anushabhattacharyya/Cl Alcohols-NPT/16-CCl3CCl2CCl2COH2
Info: GOMC COMPILED TO RUN ISOBARIC-ISOTHERMAL ENSEMBLE.
Info: Number of threads                  1 
Info: Compiled with OpenMP Version       4.5

Reading Input File:                      in_NPT.conf
Info: Random seed                        Active 
Info: PARAMETER file                     CHARMM format! 
Info: Input Temperature                  248.0000 K
Info: Input Pressure                     410.0000 bar
Info: Volume change using constant ratio.
Info: Non-truncated potential            Active 
Info: Long Range Correction              Active 
Info: Cutoff                             10.0000 A
Info: Short Range Cutoff                 1.0000 A
Info: Exclude                            ONE-FOUR 
Info: Ewald Summation                    Active 
Info: Cache Ewald Fourier                Inactive 
Info: Ewald Summation Tolerance          1.000E-05 
Info: Pressure calculation frequency     1000 
Info: Total number of steps              10000 
Info: Number of equilibration steps      1000 
Info: Move adjustment frequency          1000 
Info: Displacement move frequency        0.1500 
Info: Rotation move frequency            0.1500 
Info: Intra-Swap move frequency          0.2900 
Warning: Unknown input SwapFreq!
Info: Regrowth move frequency            0.3000 
Info: Crank-Shaft move frequency         0.1000 
Info: Volume move frequency              0.0100 
Info: Multi-Particle move frequency      0.0000 
Info: IntraMEMC-1 move frequency         0.0000 
Warning: Unknown input MEMC-1Freq!
Info: IntraMEMC-2 move frequency         0.0000 
Warning: Unknown input MEMC-2Freq!
Info: IntraMEMC-3 move frequency         0.0000 
Warning: Unknown input MEMC-3Freq!
Info: CBMC First atom trials             12   
Info: CBMC Secondary atom trials         10   
Info: CBMC Angle trials                  50   
Info: CBMC Dihedral trials               50   
Info: Output name                        Output_data 
Info: Restart frequency                  1000 
Info: Checkpoint frequency               1000 
Info: Coordinate frequency               1000 
Info: Console output frequency           1000 
Info: Average output frequency           1000 
Warning: Unknown input HistogramFreq!
Warning: Unknown input DistName!
Warning: Unknown input HistName!
Warning: Unknown input RunNumber!
Warning: Unknown input RunLetter!
Warning: Unknown input SampleFreq!
Warning: Unknown input OutMolNumber!
Default: Box  0  CutoffCoulomb           10.0000 A
Finished Reading Input File:             in_NPT.conf

Reading from CHARMM-Style parameter file:  	NPT_CCl3CCl2CCl2COH2_file.inp
Reading BONDS parameters.
Reading ANGLES parameters.
Reading DIHEDRALS parameters.
Reading NONBONDED parameters.
Reading from system PDB coordinate file:  	NPT_CCl3CCl2CCl2COH2.pdb
Finished reading:                       	NPT_CCl3CCl2CCl2COH2.pdb
Random number seed: 1883903444
Warning: Dihedral is missing for CClH !

Molecules in PSF:
Molecule Kind: CClH
Idx	name	type	charge	mass
0	C1	B	-0.0060	12.0108
1	Cl1	A	-0.2000	35.4532
2	Cl2	A	-0.2000	35.4532
3	Cl3	A	-0.2000	35.4532
4	H1	C	0.1030	1.0079

Bonds:
[0 1] [2 0] [3 0] [4 0] 

Angles:
[1 0 2] [1 0 3] [1 0 4] [2 0 3] [2 0 4] [3 0 4] 

Dihedrals:

Molecule Kind: COH
Idx	name	type	charge	mass
0	C1	G	0.1450	12.0108
1	O1	D	-0.6830	15.9994
2	H1	F	0.0400	1.0079
3	H2	F	0.0400	1.0079
4	H3	F	0.0400	1.0079
5	H4	E	0.4180	1.0079

Bonds:
[0 1] [2 0] [3 0] [4 0] [5 1] 

Angles:
[0 1 5] [1 0 2] [1 0 3] [1 0 4] [2 0 3] [2 0 4] [3 0 4] 

Dihedrals:
[2 0 1 5] [3 0 1 5] [4 0 1 5] 

Bonds parameter:
Atom Types                             Kb(K)           b0(A) 
B	A	                 123288.8018           1.7810 
A	B	                 123288.8018           1.7810 
C	B	                 171094.6637           1.0900 

G	D	                 161030.2717           1.4100 
F	G	                 171094.6637           1.0900 
E	D	                 278280.4382           0.9450 

Angles parameter:
Atom Types                         Ktheta(K)         theta0(degree) 
A	B	A	          39251.1287         111.7000 
A	B	C	          25664.1995         107.6000 

G	D	E	          27677.0779         108.5000 
D	G	F	          17612.6860         109.5000 
F	G	F	          16606.2468         107.8000 

Dihedrals parameter:
Atom Types                           Kchi(K)    n    delta(degree) 
F	G	D	E	    226.4488    0     90.0000 
F	G	D	E	      0.0000    1    180.0000 
F	G	D	E	      0.0000    2      0.0000 
F	G	D	E	   -113.2244    3    180.0000 
F	G	D	E	      0.0000    4      0.0000 
F	G	D	E	      0.0000    5    180.0000 

================================================

Warning: Sum of the charge in the system is: -251.5000

================================================
NonBonded 1-4 parameters:
Type1  Type2             Epsilon(K)    Sigma(A)       N 
B      B                    16.6062      3.5000   12.00 
B      A                    35.4046      3.4500   12.00 
B      C                    11.1959      3.0000   12.00 
B      G                    16.6062      3.5000   12.00 
B      D                    26.6516      3.3100   12.00 
B      F                    11.1959      3.0000   12.00 
B      E                     0.0000      6.7500   12.00 
A      A                    75.4829      3.4000   12.00 
A      C                    23.8698      2.9500   12.00 
A      G                    35.4046      3.4500   12.00 
A      D                    56.8215      3.2600   12.00 
A      F                    23.8698      2.9500   12.00 
A      E                     0.0000      6.7000   12.00 
C      C                     7.5483      2.5000   12.00 
C      G                    11.1959      3.0000   12.00 
C      D                    17.9685      2.8100   12.00 
C      F                     7.5483      2.5000   12.00 
C      E                     0.0000      6.2500   12.00 
G      G                    16.6062      3.5000   12.00 
G      D                    26.6516      3.3100   12.00 
G      F                    11.1959      3.0000   12.00 
G      E                     0.0000      6.7500   12.00 
D      D                    42.7737      3.1200   12.00 
D      F                    17.9685      2.8100   12.00 
D      E                     0.0000      6.5600   12.00 
F      F                     7.5483      2.5000   12.00 
F      E                     0.0000      6.2500   12.00 
E      E                     0.0000     10.0000   12.00 

NonBonded parameters:
Type1  Type2             Epsilon(K)    Sigma(A)       N 
B      B                    33.2125      3.5000   12.00 
B      A                    70.8093      3.4500   12.00 
B      C                    22.3919      3.0000   12.00 
B      G                    33.2125      3.5000   12.00 
B      D                    53.3033      3.3100   12.00 
B      F                    22.3919      3.0000   12.00 
B      E                     0.0000      6.7500   12.00 
A      A                   150.9659      3.4000   12.00 
A      C                    47.7396      2.9500   12.00 
A      G                    70.8093      3.4500   12.00 
A      D                   113.6430      3.2600   12.00 
A      F                    47.7396      2.9500   12.00 
A      E                     0.0000      6.7000   12.00 
C      C                    15.0966      2.5000   12.00 
C      G                    22.3919      3.0000   12.00 
C      D                    35.9371      2.8100   12.00 
C      F                    15.0966      2.5000   12.00 
C      E                     0.0000      6.2500   12.00 
G      G                    33.2125      3.5000   12.00 
G      D                    53.3033      3.3100   12.00 
G      F                    22.3919      3.0000   12.00 
G      E                     0.0000      6.7500   12.00 
D      D                    85.5473      3.1200   12.00 
D      F                    35.9371      2.8100   12.00 
D      E                     0.0000      6.5600   12.00 
F      F                    15.0966      2.5000   12.00 
F      E                     0.0000      6.2500   12.00 
E      E                     0.0000     10.0000   12.00 

Info: Box  0:  Periodic Cell Basis 1     45.000   0.000   0.000 
Info: Box  0:  Periodic Cell Basis 2      0.000  45.000   0.000 
Info: Box  0:  Periodic Cell Basis 3      0.000   0.000  45.000 

Minimum coordinates in box 0: x =    1.951, y =    1.916, z =    1.912
Maximum coordinates in box 0: x =   43.054, y =   43.083, z =   43.064
Wrapping molecules inside the simulation box 0:
Box: 0, RecipVectors:   9402, kmax: 17

################################################################################
########################## INITIAL SIMULATION ENERGY ###########################

ETITLE:     STEP           TOTAL        INTRA(B)       INTRA(NB)       INTER(LJ)             LRC     TOTAL_ELECT            REAL           RECIP            SELF            CORR

ENER_0:        0      7.8611e+07      6.4386e+05      0.0000e+00      7.3474e+07     -1.4176e+05      4.6344e+06      8.6293e+05      7.5440e+06     -1.2751e+07      8.9782e+06

STITLE:     STEP          VOLUME        PRESSURE     TOT_DENSITY

STAT_0:        0      9.1125e+04      6.7631e+05      1.3796e+03

################################################################################
############################# STARTING SIMULATION ##############################

MTITLE:     STEP          DISTRY       DISACCEPT      DISACCEPT%          DISMAX          ROTATE       ROTACCEPT      ROTACCEPT%          ROTMAX       INTRASWAP       INTACCEPT      INTACCEPT%        REGROWTH    REGROWACCEPT   REGROWACCEPT%      CRANKSHAFT  CRKSHAFTACCEPT CRKSHAFTACCEPT%          VOLUME       VOLACCEPT      VOLACCEPT%          VOLMAX

ETITLE:     STEP           TOTAL        INTRA(B)       INTRA(NB)       INTER(LJ)             LRC     TOTAL_ELECT            REAL           RECIP            SELF            CORR

STITLE:     STEP          VOLUME        PRESSURE     TOT_DENSITY

Printed combined psf to file Output_data_merged.psf
MOVE_0:     1000             144               5      3.4722e+00      7.8620e-01             170              43      2.5294e+01      3.9863e-01             290             155      5.3448e+01             288              97      3.3681e+01              94              25      2.6596e+01              14               7      5.0000e+01      5.0000e+02

ENER_0:     1000      3.8355e+07      8.3120e+05      0.0000e+00      3.8709e+07     -1.3922e+05     -1.0460e+06      4.2400e+05      2.2879e+06     -1.2751e+07      8.9928e+06

STAT_0:     1000      9.2788e+04      3.5713e+05      1.3549e+03

PRES_0:     1000      3.3450e+05      3.6742e+05      3.6961e+05

Checkpoint saved to checkpoint.dat
Steps/sec:  14.306, Simulation ends in:   0 d:   0 h:  11 m 

MOVE_0:     2000             285              41      1.4386e+01      3.6565e-01             315              97      3.0794e+01      3.0985e-01             588             242      4.1156e+01             598             200      3.3445e+01             187              66      3.5294e+01              27              10      3.7037e+01      2.3077e+02

ENER_0:     2000      2.5820e+07      9.0302e+05      0.0000e+00      2.6890e+07     -1.3871e+05     -1.8335e+06      2.5504e+05      1.6620e+06     -1.2751e+07      9.0002e+06

STAT_0:     2000      9.3129e+04      2.5896e+05      1.3500e+03

PRES_0:     2000      2.5076e+05      2.6676e+05      2.5950e+05

Checkpoint saved to checkpoint.dat
Steps/sec:  14.830, Simulation ends in:   0 d:   0 h:  10 m 

MOVE_0:     3000             441             103      2.3356e+01      2.9311e-01             462             153      3.3117e+01      2.4937e-01             880             287      3.2614e+01             892             311      3.4865e+01             290             114      3.9310e+01              35              10      2.8571e+01      1.1538e+02

ENER_0:     3000      2.0105e+07      9.4656e+05      0.0000e+00      2.1480e+07     -1.3871e+05     -2.1830e+06      1.2134e+05      1.4408e+06     -1.2751e+07      9.0055e+06

STAT_0:     3000      9.3129e+04      2.1432e+05      1.3500e+03

PRES_0:     3000      2.1049e+05      2.1292e+05      2.1968e+05

Checkpoint saved to checkpoint.dat
Steps/sec:  20.428, Simulation ends in:   0 d:   0 h:   8 m 

MOVE_0:     4000             605             158      2.6116e+01      1.9506e-01             597             212      3.5511e+01      2.3116e-01            1167             323      2.7678e+01            1195             396      3.3138e+01             394             160      4.0609e+01              42              14      3.3333e+01      1.3187e+02

ENER_0:     4000      1.5379e+07      9.7755e+05      0.0000e+00      1.7081e+07     -1.3826e+05     -2.5418e+06      7.6549e+04      1.1220e+06     -1.2751e+07      9.0104e+06

STAT_0:     4000      9.3432e+04      1.7615e+05      1.3456e+03

PRES_0:     4000      1.7582e+05      1.7279e+05      1.7997e+05

Checkpoint saved to checkpoint.dat
Steps/sec:  22.429, Simulation ends in:   0 d:   0 h:   6 m 

MOVE_0:     5000             752             212      2.8191e+01      1.4291e-01             742             291      3.9218e+01      2.5188e-01            1454             355      2.4415e+01            1503             488      3.2468e+01             496             200      4.0323e+01              53              20      3.7736e+01      1.4386e+02

ENER_0:     5000      1.1861e+07      1.0008e+06      0.0000e+00      1.3764e+07     -1.3770e+05     -2.7661e+06     -2.4298e+04      9.9512e+05     -1.2751e+07      9.0138e+06

STAT_0:     5000      9.3809e+04      1.4810e+05      1.3402e+03

PRES_0:     5000      1.4634e+05      1.4787e+05      1.5020e+05

Checkpoint saved to checkpoint.dat
Steps/sec:  14.993, Simulation ends in:   0 d:   0 h:   5 m 

MOVE_0:     6000             901             273      3.0300e+01      1.1621e-01             888             368      4.1441e+01      2.7309e-01            1764             381      2.1599e+01            1792             568      3.1696e+01             588             240      4.0816e+01              67              26      3.8806e+01      1.2331e+02

ENER_0:     6000      8.9455e+06      1.0292e+06      0.0000e+00      1.0977e+07     -1.3698e+05     -2.9235e+06     -7.7593e+04      8.8784e+05     -1.2751e+07      9.0170e+06

STAT_0:     6000      9.4302e+04      1.2201e+05      1.3332e+03

PRES_0:     6000      1.2252e+05      1.2041e+05      1.2322e+05

Checkpoint saved to checkpoint.dat
Steps/sec:  13.492, Simulation ends in:   0 d:   0 h:   5 m 

MOVE_0:     7000            1050             355      3.3810e+01      1.3008e-01            1026             445      4.3372e+01      2.9318e-01            2075             393      1.8940e+01            2065             649      3.1429e+01             709             287      4.0480e+01              75              32      4.2667e+01      1.8496e+02

ENER_0:     7000      6.5059e+06      1.0411e+06      0.0000e+00      8.5807e+06     -1.3637e+05     -2.9795e+06     -1.2040e+05      8.7234e+05     -1.2751e+07      9.0193e+06

STAT_0:     7000      9.4722e+04      9.9957e+04      1.3272e+03

PRES_0:     7000      9.8999e+04      1.0125e+05      9.9732e+04

Checkpoint saved to checkpoint.dat
Steps/sec:  29.551, Simulation ends in:   0 d:   0 h:   3 m 

MOVE_0:     8000            1204             424      3.5216e+01      1.1367e-01            1158             512      4.4214e+01      3.0925e-01            2400             416      1.7333e+01            2354             725      3.0799e+01             797             323      4.0527e+01              87              40      4.5977e+01      2.4661e+02

ENER_0:     8000      4.3200e+06      1.0480e+06      0.0000e+00      6.4624e+06     -1.3556e+05     -3.0548e+06     -1.5375e+05      8.2841e+05     -1.2751e+07      9.0213e+06

STAT_0:     8000      9.5288e+04      8.1234e+04      1.3194e+03

PRES_0:     8000      8.0027e+04      8.2502e+04      8.1273e+04

Checkpoint saved to checkpoint.dat
Steps/sec:  30.723, Simulation ends in:   0 d:   0 h:   2 m 

MOVE_0:     9000            1370             511      3.7299e+01      1.1815e-01            1305             589      4.5134e+01      2.9792e-01            2686             425      1.5823e+01            2640             798      3.0227e+01             903             370      4.0975e+01              96              46      4.7917e+01      3.2881e+02

ENER_0:     9000      2.7407e+06      1.0669e+06      0.0000e+00      4.9114e+06     -1.3465e+05     -3.1029e+06     -1.7246e+05      7.9837e+05     -1.2751e+07      9.0219e+06

STAT_0:     9000      9.5934e+04      6.6557e+04      1.3105e+03

PRES_0:     9000      6.4791e+04      6.7679e+04      6.7293e+04

Checkpoint saved to checkpoint.dat
Steps/sec:  35.474, Simulation ends in:   0 d:   0 h:   1 m 

MOVE_0:    10000            1523             580      3.8083e+01      1.0543e-01            1470             674      4.5850e+01      2.7640e-01            2956             436      1.4750e+01            2950             870      2.9492e+01            1000             416      4.1600e+01             101              47      4.6535e+01      1.3153e+02

ENER_0:    10000      1.9199e+06      1.0650e+06      0.0000e+00      4.1634e+06     -1.3441e+05     -3.1741e+06     -1.9922e+05      7.5267e+05     -1.2751e+07      9.0232e+06

STAT_0:    10000      9.6106e+04      5.9430e+04      1.3081e+03

PRES_0:    10000      5.9220e+04      5.8449e+04      6.0711e+04

Checkpoint saved to checkpoint.dat
Simulation Time (total): 5.0389e+02 sec.

Move Type                Mol. Kind      BOX_0      
% Accepted Displacement        CClH    37.56757 
% Accepted Displacement        COH     38.56960 
% Accepted Rotation            CClH    44.91180 
% Accepted Rotation            COH     46.79400 
% Accepted Volume-Transfer             46.53465 
% Accepted Intra-Swap          CClH    12.02149 
% Accepted Intra-Swap          COH     17.51875 
% Accepted Regrowth            CClH    22.43454 
% Accepted Regrowth            COH     35.97918 
% Accepted Crank-Shaft         CClH    20.98039 
% Accepted Crank-Shaft         COH     63.06122 

Displacement:                           10.0144    sec.
Rotation:                               10.2683    sec.
MultiParticle:                           0.0000    sec.
Intra-Swap:                             51.0767    sec.
Regrowth:                               42.7967    sec.
Intra-MEMC:                              0.0000    sec.
Crank-Shaft:                            13.5256    sec.
Vol-Transfer:                          342.6615    sec.

Info: GOMC Version 2.70
Info: Completed at: Sun Aug  8 09:49:33 2021
Info: On hostname: anushabhattacharyya-VirtualBox
