Info: GOMC Version 2.70
Info: Start Time: Sun Aug  8 11:16:53 2021
Info: Host Name: anushabhattacharyya-VirtualBox
CPU information:
Info: Total number of CPUs: 1
Info: Total number of CPUs available: 1
Info: Model name: AMD Ryzen 7 5800X 8-Core Processor
Info: System name: Linux
Info: Release: 5.11.0-25-generic
Info: Version: #27~20.04.1-Ubuntu SMP Tue Jul 13 17:41:23 UTC 2021
Info: Kernel Architecture: x86_64
Info: Total Ram: 23627.8MB
Info: Used Ram: 10581.8MB
Info: Working in the current directory: /home/anushabhattacharyya/Cl Alcohols-NPT/23-CH3CClHCH2CHOHCH3
Info: GOMC COMPILED TO RUN ISOBARIC-ISOTHERMAL ENSEMBLE.
Info: Number of threads                  1 
Info: Compiled with OpenMP Version       4.5

Reading Input File:                      in_NPT.conf
Info: Random seed                        Active 
Info: PARAMETER file                     CHARMM format! 
Info: Input Temperature                  248.0000 K
Info: Input Pressure                     410.0000 bar
Info: Volume change using constant ratio.
Info: Non-truncated potential            Active 
Info: Long Range Correction              Active 
Info: Cutoff                             10.0000 A
Info: Short Range Cutoff                 1.0000 A
Info: Exclude                            ONE-FOUR 
Info: Ewald Summation                    Active 
Info: Cache Ewald Fourier                Inactive 
Info: Ewald Summation Tolerance          1.000E-05 
Info: Pressure calculation frequency     1000 
Info: Total number of steps              10000 
Info: Number of equilibration steps      1000 
Info: Move adjustment frequency          1000 
Info: Displacement move frequency        0.1500 
Info: Rotation move frequency            0.1500 
Info: Intra-Swap move frequency          0.2900 
Warning: Unknown input SwapFreq!
Info: Regrowth move frequency            0.3000 
Info: Crank-Shaft move frequency         0.1000 
Info: Volume move frequency              0.0100 
Info: Multi-Particle move frequency      0.0000 
Info: IntraMEMC-1 move frequency         0.0000 
Warning: Unknown input MEMC-1Freq!
Info: IntraMEMC-2 move frequency         0.0000 
Warning: Unknown input MEMC-2Freq!
Info: IntraMEMC-3 move frequency         0.0000 
Warning: Unknown input MEMC-3Freq!
Info: CBMC First atom trials             12   
Info: CBMC Secondary atom trials         10   
Info: CBMC Angle trials                  50   
Info: CBMC Dihedral trials               50   
Info: Output name                        Output_data 
Info: Restart frequency                  1000 
Info: Checkpoint frequency               1000 
Info: Coordinate frequency               1000 
Info: Console output frequency           1000 
Info: Average output frequency           1000 
Warning: Unknown input HistogramFreq!
Warning: Unknown input DistName!
Warning: Unknown input HistName!
Warning: Unknown input RunNumber!
Warning: Unknown input RunLetter!
Warning: Unknown input SampleFreq!
Warning: Unknown input OutMolNumber!
Default: Box  0  CutoffCoulomb           10.0000 A
Finished Reading Input File:             in_NPT.conf

Reading from CHARMM-Style parameter file:  	NPT_CH3CClHCH2CHOHCH3_file.inp
Reading BONDS parameters.
Reading ANGLES parameters.
Reading DIHEDRALS parameters.
Reading NONBONDED parameters.
Reading from system PDB coordinate file:  	NPT_CH3CClHCH2CHOHCH3.pdb
Finished reading:                       	NPT_CH3CClHCH2CHOHCH3.pdb
Random number seed: 1964269640
Warning: Dihedral is missing for CClH !
Warning: Dihedral is missing for CH3 !

Molecules in PSF:
Molecule Kind: CClH
Idx	name	type	charge	mass
0	C1	D	-0.0060	12.0108
1	Cl1	C	-0.2000	35.4532
2	H1	E	0.1030	1.0079
3	H2	E	0.1030	1.0079
4	H3	E	0.1030	1.0079

Bonds:
[0 1] [2 0] [3 0] [4 0] 

Angles:
[1 0 2] [1 0 3] [1 0 4] [2 0 3] [2 0 4] [3 0 4] 

Dihedrals:

Molecule Kind: CH3
Idx	name	type	charge	mass
0	C1	A	-0.2400	12.0108
1	H1	B	0.0600	1.0079
2	H2	B	0.0600	1.0079
3	H3	B	0.0600	1.0079
4	H4	B	0.0600	1.0079

Bonds:
[0 1] [2 0] [3 0] [4 0] 

Angles:
[1 0 2] [1 0 3] [1 0 4] [2 0 3] [2 0 4] [3 0 4] 

Dihedrals:

Molecule Kind: COH
Idx	name	type	charge	mass
0	C1	I	0.1450	12.0108
1	O1	F	-0.6830	15.9994
2	H1	H	0.0400	1.0079
3	H2	H	0.0400	1.0079
4	H3	H	0.0400	1.0079
5	H4	G	0.4180	1.0079

Bonds:
[0 1] [2 0] [3 0] [4 0] [5 1] 

Angles:
[0 1 5] [1 0 2] [1 0 3] [1 0 4] [2 0 3] [2 0 4] [3 0 4] 

Dihedrals:
[2 0 1 5] [3 0 1 5] [4 0 1 5] 

Bonds parameter:
Atom Types                             Kb(K)           b0(A) 
D	C	                 123288.8018           1.7810 
E	D	                 171094.6637           1.0900 

A	B	                 171094.6637           1.0900 
B	A	                 171094.6637           1.0900 

I	F	                 161030.2717           1.4100 
H	I	                 171094.6637           1.0900 
G	F	                 278280.4382           0.9450 

Angles parameter:
Atom Types                         Ktheta(K)         theta0(degree) 
C	D	E	          25664.1995         107.6000 
E	D	E	          16606.2468         107.8000 

B	A	B	          16606.2468         107.8000 

I	F	G	          27677.0779         108.5000 
F	I	H	          17612.6860         109.5000 
H	I	H	          16606.2468         107.8000 

Dihedrals parameter:
Atom Types                           Kchi(K)    n    delta(degree) 
H	I	F	G	    226.4488    0     90.0000 
H	I	F	G	      0.0000    1    180.0000 
H	I	F	G	      0.0000    2      0.0000 
H	I	F	G	   -113.2244    3    180.0000 
H	I	F	G	      0.0000    4      0.0000 
H	I	F	G	      0.0000    5    180.0000 

================================================

Warning: Sum of the charge in the system is: 51.5000

================================================
NonBonded 1-4 parameters:
Type1  Type2             Epsilon(K)    Sigma(A)       N 
D      D                    16.6062      3.5000   12.00 
D      C                    35.4046      3.4500   12.00 
D      E                    11.1959      3.0000   12.00 
D      I                    16.6062      3.5000   12.00 
D      F                    26.6516      3.3100   12.00 
D      H                    11.1959      3.0000   12.00 
D      G                     0.0000      6.7500   12.00 
D      A                    16.6062      3.5000   12.00 
D      B                    11.1959      3.0000   12.00 
C      C                    75.4829      3.4000   12.00 
C      E                    23.8698      2.9500   12.00 
C      I                    35.4046      3.4500   12.00 
C      F                    56.8215      3.2600   12.00 
C      H                    23.8698      2.9500   12.00 
C      G                     0.0000      6.7000   12.00 
C      A                    35.4046      3.4500   12.00 
C      B                    23.8698      2.9500   12.00 
E      E                     7.5483      2.5000   12.00 
E      I                    11.1959      3.0000   12.00 
E      F                    17.9685      2.8100   12.00 
E      H                     7.5483      2.5000   12.00 
E      G                     0.0000      6.2500   12.00 
E      A                    11.1959      3.0000   12.00 
E      B                     7.5483      2.5000   12.00 
I      I                    16.6062      3.5000   12.00 
I      F                    26.6516      3.3100   12.00 
I      H                    11.1959      3.0000   12.00 
I      G                     0.0000      6.7500   12.00 
I      A                    16.6062      3.5000   12.00 
I      B                    11.1959      3.0000   12.00 
F      F                    42.7737      3.1200   12.00 
F      H                    17.9685      2.8100   12.00 
F      G                     0.0000      6.5600   12.00 
F      A                    26.6516      3.3100   12.00 
F      B                    17.9685      2.8100   12.00 
H      H                     7.5483      2.5000   12.00 
H      G                     0.0000      6.2500   12.00 
H      A                    11.1959      3.0000   12.00 
H      B                     7.5483      2.5000   12.00 
G      G                     0.0000     10.0000   12.00 
G      A                     0.0000      6.7500   12.00 
G      B                     0.0000      6.2500   12.00 
A      A                    16.6062      3.5000   12.00 
A      B                    11.1959      3.0000   12.00 
B      B                     7.5483      2.5000   12.00 

NonBonded parameters:
Type1  Type2             Epsilon(K)    Sigma(A)       N 
D      D                    33.2125      3.5000   12.00 
D      C                    70.8093      3.4500   12.00 
D      E                    22.3919      3.0000   12.00 
D      I                    33.2125      3.5000   12.00 
D      F                    53.3033      3.3100   12.00 
D      H                    22.3919      3.0000   12.00 
D      G                     0.0000      6.7500   12.00 
D      A                    33.2125      3.5000   12.00 
D      B                    22.3919      3.0000   12.00 
C      C                   150.9659      3.4000   12.00 
C      E                    47.7396      2.9500   12.00 
C      I                    70.8093      3.4500   12.00 
C      F                   113.6430      3.2600   12.00 
C      H                    47.7396      2.9500   12.00 
C      G                     0.0000      6.7000   12.00 
C      A                    70.8093      3.4500   12.00 
C      B                    47.7396      2.9500   12.00 
E      E                    15.0966      2.5000   12.00 
E      I                    22.3919      3.0000   12.00 
E      F                    35.9371      2.8100   12.00 
E      H                    15.0966      2.5000   12.00 
E      G                     0.0000      6.2500   12.00 
E      A                    22.3919      3.0000   12.00 
E      B                    15.0966      2.5000   12.00 
I      I                    33.2125      3.5000   12.00 
I      F                    53.3033      3.3100   12.00 
I      H                    22.3919      3.0000   12.00 
I      G                     0.0000      6.7500   12.00 
I      A                    33.2125      3.5000   12.00 
I      B                    22.3919      3.0000   12.00 
F      F                    85.5473      3.1200   12.00 
F      H                    35.9371      2.8100   12.00 
F      G                     0.0000      6.5600   12.00 
F      A                    53.3033      3.3100   12.00 
F      B                    35.9371      2.8100   12.00 
H      H                    15.0966      2.5000   12.00 
H      G                     0.0000      6.2500   12.00 
H      A                    22.3919      3.0000   12.00 
H      B                    15.0966      2.5000   12.00 
G      G                     0.0000     10.0000   12.00 
G      A                     0.0000      6.7500   12.00 
G      B                     0.0000      6.2500   12.00 
A      A                    33.2125      3.5000   12.00 
A      B                    22.3919      3.0000   12.00 
B      B                    15.0966      2.5000   12.00 

Info: Box  0:  Periodic Cell Basis 1     45.000   0.000   0.000 
Info: Box  0:  Periodic Cell Basis 2      0.000  45.000   0.000 
Info: Box  0:  Periodic Cell Basis 3      0.000   0.000  45.000 

Minimum coordinates in box 0: x =    1.929, y =    1.949, z =    1.900
Maximum coordinates in box 0: x =   43.097, y =   43.090, z =   43.061
Wrapping molecules inside the simulation box 0:
Box: 0, RecipVectors:   9402, kmax: 17

################################################################################
########################## INITIAL SIMULATION ENERGY ###########################

ETITLE:     STEP           TOTAL        INTRA(B)       INTRA(NB)       INTER(LJ)             LRC     TOTAL_ELECT            REAL           RECIP            SELF            CORR

ENER_0:        0      2.7088e+07      8.1006e+05      0.0000e+00      2.6237e+07     -1.0575e+05      1.4673e+05      3.4023e+04      8.6102e+05     -1.2962e+07      1.2214e+07

STITLE:     STEP          VOLUME        PRESSURE     TOT_DENSITY

STAT_0:        0      9.1125e+04      2.5498e+05      8.9812e+02

################################################################################
############################# STARTING SIMULATION ##############################

MTITLE:     STEP          DISTRY       DISACCEPT      DISACCEPT%          DISMAX          ROTATE       ROTACCEPT      ROTACCEPT%          ROTMAX       INTRASWAP       INTACCEPT      INTACCEPT%        REGROWTH    REGROWACCEPT   REGROWACCEPT%      CRANKSHAFT  CRKSHAFTACCEPT CRKSHAFTACCEPT%          VOLUME       VOLACCEPT      VOLACCEPT%          VOLMAX

ETITLE:     STEP           TOTAL        INTRA(B)       INTRA(NB)       INTER(LJ)             LRC     TOTAL_ELECT            REAL           RECIP            SELF            CORR

STITLE:     STEP          VOLUME        PRESSURE     TOT_DENSITY

Printed combined psf to file Output_data_merged.psf
MOVE_0:     1000             152               8      5.2632e+00      1.2042e+00             156              51      3.2692e+01      5.1838e-01             274             146      5.3285e+01             319              96      3.0094e+01              92              33      3.5870e+01               7               1      1.4286e+01      1.4286e+02

ENER_0:     1000      1.8564e+07      9.9343e+05      0.0000e+00      1.7749e+07     -1.0545e+05     -7.3058e+04     -2.3066e+04      6.9279e+05     -1.2962e+07      1.2219e+07

STAT_0:     1000      9.1380e+04      1.7897e+05      8.9561e+02

PRES_0:     1000      1.7654e+05      1.7917e+05      1.8048e+05

Checkpoint saved to checkpoint.dat
Steps/sec:  31.096, Simulation ends in:   0 d:   0 h:   5 m 

MOVE_0:     2000             303              22      7.2607e+00      1.9529e-01             314             110      3.5032e+01      3.8798e-01             548             218      3.9781e+01             629             188      2.9889e+01             189              78      4.1270e+01              17               7      4.1176e+01      1.7143e+02

ENER_0:     2000      1.3912e+07      1.1016e+06      0.0000e+00      1.3068e+07     -1.0466e+05     -1.5206e+05     -5.7790e+04      6.4453e+05     -1.2962e+07      1.2223e+07

STAT_0:     2000      9.2074e+04      1.3858e+05      8.8886e+02

PRES_0:     2000      1.3421e+05      1.3980e+05      1.4099e+05

Checkpoint saved to checkpoint.dat
Steps/sec:  24.567, Simulation ends in:   0 d:   0 h:   5 m 

MOVE_0:     3000             442              84      1.9005e+01      1.6853e-01             478             188      3.9331e+01      3.6756e-01             829             266      3.2087e+01             923             278      3.0119e+01             303             129      4.2574e+01              25               9      3.6000e+01      8.5714e+01

ENER_0:     3000      1.0985e+07      1.1750e+06      0.0000e+00      1.0130e+07     -1.0461e+05     -2.1546e+05     -9.4318e+04      6.1532e+05     -1.2962e+07      1.2226e+07

STAT_0:     3000      9.2118e+04      1.1366e+05      8.8844e+02

PRES_0:     3000      1.0695e+05      1.1906e+05      1.1425e+05

Checkpoint saved to checkpoint.dat
Steps/sec:  28.353, Simulation ends in:   0 d:   0 h:   5 m 

MOVE_0:     4000             595             146      2.4538e+01      1.3536e-01             623             255      4.0931e+01      3.4363e-01            1130             304      2.6903e+01            1221             349      2.8583e+01             400             165      4.1250e+01              31              13      4.1935e+01      1.1429e+02

ENER_0:     4000      9.1294e+06      1.2095e+06      0.0000e+00      8.3279e+06     -1.0440e+05     -3.0362e+05     -1.4481e+05      5.7543e+05     -1.2962e+07      1.2228e+07

STAT_0:     4000      9.2300e+04      9.8310e+04      8.8669e+02

PRES_0:     4000      9.3118e+04      1.0304e+05      9.8044e+04

Checkpoint saved to checkpoint.dat
Steps/sec:  34.087, Simulation ends in:   0 d:   0 h:   4 m 

MOVE_0:     5000             747             215      2.8782e+01      1.2303e-01             787             338      4.2948e+01      3.5040e-01            1427             330      2.3125e+01            1500             421      2.8067e+01             497             209      4.2052e+01              42              19      4.5238e+01      1.2468e+02

ENER_0:     5000      7.9362e+06      1.2478e+06      0.0000e+00      7.1325e+06     -1.0412e+05     -3.4006e+05     -1.6076e+05      5.5374e+05     -1.2962e+07      1.2229e+07

STAT_0:     5000      9.2546e+04      8.7412e+04      8.8433e+02

PRES_0:     5000      8.2730e+04      9.2913e+04      8.5859e+04

Checkpoint saved to checkpoint.dat
Steps/sec:  22.771, Simulation ends in:   0 d:   0 h:   4 m 

MOVE_0:     6000             898             282      3.1403e+01      1.1008e-01             931             411      4.4146e+01      3.4202e-01            1722             347      2.0151e+01            1789             501      2.8004e+01             610             252      4.1311e+01              50              22      4.4000e+01      9.3506e+01

ENER_0:     6000      6.8519e+06      1.2836e+06      0.0000e+00      6.0430e+06     -1.0386e+05     -3.7083e+05     -1.7667e+05      5.3770e+05     -1.2962e+07      1.2230e+07

STAT_0:     6000      9.2783e+04      7.8085e+04      8.8208e+02

PRES_0:     6000      7.5648e+04      8.1093e+04      7.6782e+04

Checkpoint saved to checkpoint.dat
Steps/sec:  28.012, Simulation ends in:   0 d:   0 h:   3 m 

MOVE_0:     7000            1027             345      3.3593e+01      9.8584e-02            1092             488      4.4689e+01      3.2467e-01            2011             366      1.8200e+01            2083             574      2.7556e+01             720             292      4.0556e+01              67              30      4.4776e+01      8.8006e+01

ENER_0:     7000      5.9357e+06      1.2945e+06      0.0000e+00      5.1460e+06     -1.0350e+05     -4.0128e+05     -1.9663e+05      5.2594e+05     -1.2962e+07      1.2231e+07

STAT_0:     7000      9.3101e+04      7.0108e+04      8.7906e+02

PRES_0:     7000      6.9484e+04      7.2365e+04      6.7740e+04

Checkpoint saved to checkpoint.dat
Steps/sec:  16.256, Simulation ends in:   0 d:   0 h:   2 m 

MOVE_0:     8000            1176             434      3.6905e+01      1.1563e-01            1247             565      4.5309e+01      3.2360e-01            2301             378      1.6428e+01            2369             650      2.7438e+01             826             329      3.9831e+01              81              41      5.0617e+01      1.3830e+02

ENER_0:     8000      4.9889e+06      1.3138e+06      0.0000e+00      4.2075e+06     -1.0285e+05     -4.2959e+05     -2.0943e+05      5.0983e+05     -1.2962e+07      1.2232e+07

STAT_0:     8000      9.3694e+04      6.1161e+04      8.7350e+02

PRES_0:     8000      6.0114e+04      6.3388e+04      5.9246e+04

Checkpoint saved to checkpoint.dat
Steps/sec:  18.289, Simulation ends in:   0 d:   0 h:   2 m 

MOVE_0:     9000            1313             507      3.8614e+01      1.2172e-01            1389             639      4.6004e+01      3.5167e-01            2594             389      1.4996e+01            2674             728      2.7225e+01             938             366      3.9019e+01              92              45      4.8913e+01      1.0058e+02

ENER_0:     9000      4.3125e+06      1.3325e+06      0.0000e+00      3.5371e+06     -1.0235e+05     -4.5467e+05     -2.2212e+05      4.9690e+05     -1.2962e+07      1.2233e+07

STAT_0:     9000      9.4147e+04      5.4443e+04      8.6929e+02

PRES_0:     9000      5.3959e+04      5.5234e+04      5.3399e+04

Checkpoint saved to checkpoint.dat
Steps/sec:  22.037, Simulation ends in:   0 d:   0 h:   1 m 

MOVE_0:    10000            1452             576      3.9669e+01      1.2017e-01            1534             720      4.6936e+01      3.9038e-01            2905             401      1.3804e+01            2987             799      2.6749e+01            1019             400      3.9254e+01             103              50      4.8544e+01      9.1435e+01

ENER_0:    10000      3.8988e+06      1.3551e+06      0.0000e+00      3.1294e+06     -1.0212e+05     -4.8369e+05     -2.3675e+05      4.8135e+05     -1.2962e+07      1.2234e+07

STAT_0:    10000      9.4361e+04      5.0872e+04      8.6732e+02

PRES_0:    10000      4.9773e+04      5.1777e+04      5.0330e+04

Checkpoint saved to checkpoint.dat
Simulation Time (total): 4.2393e+02 sec.

Move Type                Mol. Kind      BOX_0      
% Accepted Displacement        CClH    40.16064 
% Accepted Displacement        COH     39.70588 
% Accepted Displacement        CH3     39.12134 
% Accepted Rotation            CClH    45.26902 
% Accepted Rotation            COH     46.89922 
% Accepted Rotation            CH3     48.85177 
% Accepted Volume-Transfer             48.54369 
% Accepted Intra-Swap          CClH    13.88601 
% Accepted Intra-Swap          COH     14.50617 
% Accepted Intra-Swap          CH3     13.01653 
% Accepted Regrowth            CClH    23.54680 
% Accepted Regrowth            COH     34.27971 
% Accepted Regrowth            CH3     22.91871 
% Accepted Crank-Shaft         CClH    26.70623 
% Accepted Crank-Shaft         COH     64.48087 
% Accepted Crank-Shaft         CH3     23.41772 

Displacement:                            5.7325    sec.
Rotation:                                6.4108    sec.
MultiParticle:                           0.0000    sec.
Intra-Swap:                             38.8918    sec.
Regrowth:                               32.2842    sec.
Intra-MEMC:                              0.0000    sec.
Crank-Shaft:                            10.3864    sec.
Vol-Transfer:                          301.3985    sec.

Info: GOMC Version 2.70
Info: Completed at: Sun Aug  8 11:24:09 2021
Info: On hostname: anushabhattacharyya-VirtualBox
