Info: GOMC Version 2.70
Info: Start Time: Sun Aug  8 19:55:57 2021
Info: Host Name: anushabhattacharyya-VirtualBox
CPU information:
Info: Total number of CPUs: 1
Info: Total number of CPUs available: 1
Info: Model name: AMD Ryzen 7 5800X 8-Core Processor
Info: System name: Linux
Info: Release: 5.11.0-25-generic
Info: Version: #27~20.04.1-Ubuntu SMP Tue Jul 13 17:41:23 UTC 2021
Info: Kernel Architecture: x86_64
Info: Total Ram: 23627.8MB
Info: Used Ram: 11936.1MB
Info: Working in the current directory: /home/anushabhattacharyya/Cl Alcohols-NPT/5-CCl3COHCH3
Info: GOMC COMPILED TO RUN ISOBARIC-ISOTHERMAL ENSEMBLE.
Info: Number of threads                  1 
Info: Compiled with OpenMP Version       4.5

Reading Input File:                      in_NPT.conf
Info: Random seed                        Active 
Info: PARAMETER file                     CHARMM format! 
Info: Input Temperature                  298.0000 K
Info: Input Pressure                     410.0000 bar
Info: Volume change using constant ratio.
Info: Non-truncated potential            Active 
Info: Long Range Correction              Active 
Info: Cutoff                             10.0000 A
Info: Short Range Cutoff                 1.0000 A
Info: Exclude                            ONE-FOUR 
Info: Ewald Summation                    Active 
Info: Cache Ewald Fourier                Inactive 
Info: Ewald Summation Tolerance          1.000E-05 
Info: Pressure calculation frequency     2500 
Info: Total number of steps              25000 
Info: Number of equilibration steps      2500 
Info: Move adjustment frequency          1000 
Info: Displacement move frequency        0.1500 
Info: Rotation move frequency            0.1500 
Info: Intra-Swap move frequency          0.2900 
Warning: Unknown input SwapFreq!
Info: Regrowth move frequency            0.3000 
Info: Crank-Shaft move frequency         0.1000 
Info: Volume move frequency              0.0100 
Info: Multi-Particle move frequency      0.0000 
Info: IntraMEMC-1 move frequency         0.0000 
Warning: Unknown input MEMC-1Freq!
Info: IntraMEMC-2 move frequency         0.0000 
Warning: Unknown input MEMC-2Freq!
Info: IntraMEMC-3 move frequency         0.0000 
Warning: Unknown input MEMC-3Freq!
Info: CBMC First atom trials             12   
Info: CBMC Secondary atom trials         10   
Info: CBMC Angle trials                  50   
Info: CBMC Dihedral trials               50   
Info: Output name                        Output_data 
Info: Restart frequency                  2500 
Info: Checkpoint frequency               2500 
Info: Coordinate frequency               2500 
Info: Console output frequency           2500 
Info: Average output frequency           2500 
Warning: Unknown input HistogramFreq!
Warning: Unknown input DistName!
Warning: Unknown input HistName!
Warning: Unknown input RunNumber!
Warning: Unknown input RunLetter!
Warning: Unknown input SampleFreq!
Warning: Unknown input OutMolNumber!
Default: Box  0  CutoffCoulomb           10.0000 A
Finished Reading Input File:             in_NPT.conf

Reading from CHARMM-Style parameter file:  	NPT_CCl3COHCH3_file.inp
Reading BONDS parameters.
Reading ANGLES parameters.
Reading DIHEDRALS parameters.
Reading NONBONDED parameters.
Reading from system PDB coordinate file:  	NPT_CCl3COHCH3.pdb
Finished reading:                       	NPT_CCl3COHCH3.pdb
Random number seed: 993871322
Warning: Dihedral is missing for CCl3 !
Warning: Dihedral is missing for CH3 !

Molecules in PSF:
Molecule Kind: CCl3
Idx	name	type	charge	mass
0	C1	D	-0.0060	12.0108
1	Cl1	C	-0.2000	35.4532
2	Cl2	C	-0.2000	35.4532
3	Cl3	C	-0.2000	35.4532
4	H1	E	0.1030	1.0079

Bonds:
[0 1] [2 0] [3 0] [4 0] 

Angles:
[1 0 2] [1 0 3] [1 0 4] [2 0 3] [2 0 4] [3 0 4] 

Dihedrals:

Molecule Kind: CH3
Idx	name	type	charge	mass
0	C1	A	-0.2400	12.0108
1	H1	B	0.0600	1.0079
2	H2	B	0.0600	1.0079
3	H3	B	0.0600	1.0079
4	H4	B	0.0600	1.0079

Bonds:
[0 1] [2 0] [3 0] [4 0] 

Angles:
[1 0 2] [1 0 3] [1 0 4] [2 0 3] [2 0 4] [3 0 4] 

Dihedrals:

Molecule Kind: COH
Idx	name	type	charge	mass
0	C1	I	0.1450	12.0108
1	O1	F	-0.6830	15.9994
2	H1	H	0.0400	1.0079
3	H2	H	0.0400	1.0079
4	H3	H	0.0400	1.0079
5	H4	G	0.4180	1.0079

Bonds:
[0 1] [2 0] [3 0] [4 0] [5 1] 

Angles:
[0 1 5] [1 0 2] [1 0 3] [1 0 4] [2 0 3] [2 0 4] [3 0 4] 

Dihedrals:
[2 0 1 5] [3 0 1 5] [4 0 1 5] 

Bonds parameter:
Atom Types                             Kb(K)           b0(A) 
D	C	                 123288.8018           1.7810 
C	D	                 123288.8018           1.7810 
E	D	                 171094.6637           1.0900 

A	B	                 171094.6637           1.0900 
B	A	                 171094.6637           1.0900 

I	F	                 161030.2717           1.4100 
H	I	                 171094.6637           1.0900 
G	F	                 278280.4382           0.9450 

Angles parameter:
Atom Types                         Ktheta(K)         theta0(degree) 
C	D	C	          39251.1287         111.7000 
C	D	E	          25664.1995         107.6000 

B	A	B	          16606.2468         107.8000 

I	F	G	          27677.0779         108.5000 
F	I	H	          17612.6860         109.5000 
H	I	H	          16606.2468         107.8000 

Dihedrals parameter:
Atom Types                           Kchi(K)    n    delta(degree) 
H	I	F	G	    226.4488    0     90.0000 
H	I	F	G	      0.0000    1    180.0000 
H	I	F	G	      0.0000    2      0.0000 
H	I	F	G	   -113.2244    3    180.0000 
H	I	F	G	      0.0000    4      0.0000 
H	I	F	G	      0.0000    5    180.0000 

================================================

Warning: Sum of the charge in the system is: -251.5000

================================================
NonBonded 1-4 parameters:
Type1  Type2             Epsilon(K)    Sigma(A)       N 
D      D                    16.6062      3.5000   12.00 
D      C                    35.4046      3.4500   12.00 
D      E                    11.1959      3.0000   12.00 
D      I                    16.6062      3.5000   12.00 
D      F                    26.6516      3.3100   12.00 
D      H                    11.1959      3.0000   12.00 
D      G                     0.0000      6.7500   12.00 
D      A                    16.6062      3.5000   12.00 
D      B                    11.1959      3.0000   12.00 
C      C                    75.4829      3.4000   12.00 
C      E                    23.8698      2.9500   12.00 
C      I                    35.4046      3.4500   12.00 
C      F                    56.8215      3.2600   12.00 
C      H                    23.8698      2.9500   12.00 
C      G                     0.0000      6.7000   12.00 
C      A                    35.4046      3.4500   12.00 
C      B                    23.8698      2.9500   12.00 
E      E                     7.5483      2.5000   12.00 
E      I                    11.1959      3.0000   12.00 
E      F                    17.9685      2.8100   12.00 
E      H                     7.5483      2.5000   12.00 
E      G                     0.0000      6.2500   12.00 
E      A                    11.1959      3.0000   12.00 
E      B                     7.5483      2.5000   12.00 
I      I                    16.6062      3.5000   12.00 
I      F                    26.6516      3.3100   12.00 
I      H                    11.1959      3.0000   12.00 
I      G                     0.0000      6.7500   12.00 
I      A                    16.6062      3.5000   12.00 
I      B                    11.1959      3.0000   12.00 
F      F                    42.7737      3.1200   12.00 
F      H                    17.9685      2.8100   12.00 
F      G                     0.0000      6.5600   12.00 
F      A                    26.6516      3.3100   12.00 
F      B                    17.9685      2.8100   12.00 
H      H                     7.5483      2.5000   12.00 
H      G                     0.0000      6.2500   12.00 
H      A                    11.1959      3.0000   12.00 
H      B                     7.5483      2.5000   12.00 
G      G                     0.0000     10.0000   12.00 
G      A                     0.0000      6.7500   12.00 
G      B                     0.0000      6.2500   12.00 
A      A                    16.6062      3.5000   12.00 
A      B                    11.1959      3.0000   12.00 
B      B                     7.5483      2.5000   12.00 

NonBonded parameters:
Type1  Type2             Epsilon(K)    Sigma(A)       N 
D      D                    33.2125      3.5000   12.00 
D      C                    70.8093      3.4500   12.00 
D      E                    22.3919      3.0000   12.00 
D      I                    33.2125      3.5000   12.00 
D      F                    53.3033      3.3100   12.00 
D      H                    22.3919      3.0000   12.00 
D      G                     0.0000      6.7500   12.00 
D      A                    33.2125      3.5000   12.00 
D      B                    22.3919      3.0000   12.00 
C      C                   150.9659      3.4000   12.00 
C      E                    47.7396      2.9500   12.00 
C      I                    70.8093      3.4500   12.00 
C      F                   113.6430      3.2600   12.00 
C      H                    47.7396      2.9500   12.00 
C      G                     0.0000      6.7000   12.00 
C      A                    70.8093      3.4500   12.00 
C      B                    47.7396      2.9500   12.00 
E      E                    15.0966      2.5000   12.00 
E      I                    22.3919      3.0000   12.00 
E      F                    35.9371      2.8100   12.00 
E      H                    15.0966      2.5000   12.00 
E      G                     0.0000      6.2500   12.00 
E      A                    22.3919      3.0000   12.00 
E      B                    15.0966      2.5000   12.00 
I      I                    33.2125      3.5000   12.00 
I      F                    53.3033      3.3100   12.00 
I      H                    22.3919      3.0000   12.00 
I      G                     0.0000      6.7500   12.00 
I      A                    33.2125      3.5000   12.00 
I      B                    22.3919      3.0000   12.00 
F      F                    85.5473      3.1200   12.00 
F      H                    35.9371      2.8100   12.00 
F      G                     0.0000      6.5600   12.00 
F      A                    53.3033      3.3100   12.00 
F      B                    35.9371      2.8100   12.00 
H      H                    15.0966      2.5000   12.00 
H      G                     0.0000      6.2500   12.00 
H      A                    22.3919      3.0000   12.00 
H      B                    15.0966      2.5000   12.00 
G      G                     0.0000     10.0000   12.00 
G      A                     0.0000      6.7500   12.00 
G      B                     0.0000      6.2500   12.00 
A      A                    33.2125      3.5000   12.00 
A      B                    22.3919      3.0000   12.00 
B      B                    15.0966      2.5000   12.00 

Info: Box  0:  Periodic Cell Basis 1     45.000   0.000   0.000 
Info: Box  0:  Periodic Cell Basis 2      0.000  45.000   0.000 
Info: Box  0:  Periodic Cell Basis 3      0.000   0.000  45.000 

Minimum coordinates in box 0: x =    1.949, y =    1.958, z =    1.905
Maximum coordinates in box 0: x =   43.056, y =   43.021, z =   43.029
Wrapping molecules inside the simulation box 0:
Box: 0, RecipVectors:   9402, kmax: 17

################################################################################
########################## INITIAL SIMULATION ENERGY ###########################

ETITLE:     STEP           TOTAL        INTRA(B)       INTRA(NB)       INTER(LJ)             LRC     TOTAL_ELECT            REAL           RECIP            SELF            CORR

ENER_0:        0      1.1813e+08      8.1489e+05      0.0000e+00      1.1337e+08     -2.0512e+05      4.1493e+06      8.5090e+05      7.0764e+06     -1.3902e+07      1.0124e+07

STITLE:     STEP          VOLUME        PRESSURE     TOT_DENSITY

STAT_0:        0      9.1125e+04      1.0132e+06      1.5258e+03

################################################################################
############################# STARTING SIMULATION ##############################

MTITLE:     STEP          DISTRY       DISACCEPT      DISACCEPT%          DISMAX          ROTATE       ROTACCEPT      ROTACCEPT%          ROTMAX       INTRASWAP       INTACCEPT      INTACCEPT%        REGROWTH    REGROWACCEPT   REGROWACCEPT%      CRANKSHAFT  CRKSHAFTACCEPT CRKSHAFTACCEPT%          VOLUME       VOLACCEPT      VOLACCEPT%          VOLMAX

ETITLE:     STEP           TOTAL        INTRA(B)       INTRA(NB)       INTER(LJ)             LRC     TOTAL_ELECT            REAL           RECIP            SELF            CORR

STITLE:     STEP          VOLUME        PRESSURE     TOT_DENSITY

Printed combined psf to file Output_data_merged.psf
MOVE_0:     2500             367              59      1.6076e+01      1.5001e-01             402             136      3.3831e+01      2.2781e-01             749             214      2.8571e+01             714             176      2.4650e+01             243              76      3.1276e+01              25              13      5.2000e+01      6.6667e+02

ENER_0:     2500      6.4890e+07      1.0475e+06      0.0000e+00      6.4530e+07     -1.9692e+05     -4.9093e+05      3.4959e+05      2.9238e+06     -1.3902e+07      1.0137e+07

STAT_0:     2500      9.4919e+04      5.6561e+05      1.4648e+03

PRES_0:     2500      5.6137e+05      5.6831e+05      5.6724e+05

Checkpoint saved to checkpoint.dat
Steps/sec:  18.567, Simulation ends in:   0 d:   0 h:  21 m 

MOVE_0:     5000             745             223      2.9933e+01      1.0120e-01             770             318      4.1299e+01      1.9327e-01            1449             303      2.0911e+01            1488             373      2.5067e+01             496             144      2.9032e+01              52              26      5.0000e+01      3.4632e+02

ENER_0:     5000      4.7257e+07      1.2276e+06      0.0000e+00      4.7350e+07     -1.9162e+05     -1.1286e+06      1.9107e+05      2.4374e+06     -1.3902e+07      1.0145e+07

STAT_0:     5000      9.7547e+04      4.1130e+05      1.4254e+03

PRES_0:     5000      4.0464e+05      4.1301e+05      4.1629e+05

Checkpoint saved to checkpoint.dat
Steps/sec:  16.693, Simulation ends in:   0 d:   0 h:  19 m 

MOVE_0:     7500            1135             390      3.4361e+01      6.2719e-02            1146             519      4.5288e+01      2.2013e-01            2183             344      1.5758e+01            2226             567      2.5472e+01             742             217      2.9245e+01              68              34      5.0000e+01      3.0784e+02

ENER_0:     7500      3.9210e+07      1.2977e+06      0.0000e+00      3.9648e+07     -1.8989e+05     -1.5460e+06      9.0476e+04      2.1151e+06     -1.3902e+07      1.0150e+07

STAT_0:     7500      9.8433e+04      3.4707e+05      1.4125e+03

PRES_0:     7500      3.3953e+05      3.5320e+05      3.4852e+05

Checkpoint saved to checkpoint.dat
Steps/sec:  33.015, Simulation ends in:   0 d:   0 h:  14 m 

MOVE_0:    10000            1500             589      3.9267e+01      6.6551e-02            1527             720      4.7151e+01      2.7757e-01            2855             370      1.2960e+01            3014             758      2.5149e+01            1010             309      3.0594e+01              94              54      5.7447e+01      8.1038e+02

ENER_0:    10000      2.5719e+07      1.3600e+06      0.0000e+00      2.6505e+07     -1.8169e+05     -1.9643e+06     -3.1691e+04      1.8142e+06     -1.3902e+07      1.0155e+07

STAT_0:    10000      1.0288e+05      2.2892e+05      1.3515e+03

PRES_0:    10000      2.2417e+05      2.2941e+05      2.3315e+05

Checkpoint saved to checkpoint.dat
Steps/sec:  23.845, Simulation ends in:   0 d:   0 h:  12 m 

MOVE_0:    12500            1890             807      4.2698e+01      8.7252e-02            1877             892      4.7523e+01      2.4403e-01            3575             412      1.1524e+01            3762             940      2.4987e+01            1268             391      3.0836e+01             128              66      5.1562e+01      5.4026e+02

ENER_0:    12500      1.7217e+07      1.3825e+06      0.0000e+00      1.8381e+07     -1.7576e+05     -2.3710e+06     -1.0819e+05      1.4808e+06     -1.3902e+07      1.0158e+07

STAT_0:    12500      1.0635e+05      1.6211e+05      1.3074e+03

PRES_0:    12500      1.5453e+05      1.6386e+05      1.6786e+05

Checkpoint saved to checkpoint.dat
Steps/sec:  18.658, Simulation ends in:   0 d:   0 h:  10 m 

MOVE_0:    15000            2289            1026      4.4823e+01      1.1875e-01            2253            1093      4.8513e+01      3.0385e-01            4303             437      1.0156e+01            4491            1098      2.4449e+01            1511             469      3.1039e+01             153              77      5.0327e+01      2.6194e+02

ENER_0:    15000      1.2047e+07      1.4078e+06      0.0000e+00      1.3366e+07     -1.7190e+05     -2.5550e+06     -1.6683e+05      1.3535e+06     -1.3902e+07      1.0160e+07

STAT_0:    15000      1.0874e+05      1.2430e+05      1.2787e+03

PRES_0:    15000      1.1873e+05      1.2171e+05      1.3235e+05

Checkpoint saved to checkpoint.dat
Steps/sec:  23.057, Simulation ends in:   0 d:   0 h:   8 m 

MOVE_0:    17500            2652            1205      4.5437e+01      1.0983e-01            2637            1301      4.9336e+01      3.2980e-01            5050             459      9.0891e+00            5247            1263      2.4071e+01            1736             546      3.1452e+01             178              91      5.1124e+01      1.9646e+02

ENER_0:    17500      9.1534e+06      1.4312e+06      0.0000e+00      1.0555e+07     -1.6989e+05     -2.6628e+06     -2.0576e+05      1.2828e+06     -1.3902e+07      1.0162e+07

STAT_0:    17500      1.1002e+05      1.0314e+05      1.2637e+03

PRES_0:    17500      9.8681e+04      1.0286e+05      1.0774e+05

Checkpoint saved to checkpoint.dat
Steps/sec:  23.064, Simulation ends in:   0 d:   0 h:   6 m 

MOVE_0:    20000            3042            1401      4.6055e+01      1.0876e-01            2984            1475      4.9430e+01      3.3956e-01            5755             474      8.2363e+00            5999            1426      2.3771e+01            2023             631      3.1191e+01             197              96      4.8731e+01      5.7734e+01

ENER_0:    20000      7.2314e+06      1.4392e+06      0.0000e+00      8.8064e+06     -1.6965e+05     -2.8445e+06     -2.4427e+05      1.1376e+06     -1.3902e+07      1.0164e+07

STAT_0:    20000      1.1018e+05      9.0779e+04      1.2619e+03

PRES_0:    20000      8.8668e+04      9.1006e+04      9.2539e+04

Checkpoint saved to checkpoint.dat
Steps/sec:  28.159, Simulation ends in:   0 d:   0 h:   4 m 

MOVE_0:    22500            3410            1595      4.6774e+01      1.1203e-01            3338            1630      4.8832e+01      2.4633e-01            6500             483      7.4308e+00            6761            1577      2.3325e+01            2270             710      3.1278e+01             221             104      4.7059e+01      2.5660e+01

ENER_0:    22500      6.1417e+06      1.4534e+06      0.0000e+00      7.7759e+06     -1.6946e+05     -2.9182e+06     -2.7916e+05      1.0976e+06     -1.3902e+07      1.0165e+07

STAT_0:    22500      1.1030e+05      8.2850e+04      1.2605e+03

PRES_0:    22500      8.1328e+04      8.1295e+04      8.5802e+04

Checkpoint saved to checkpoint.dat
Steps/sec:  22.650, Simulation ends in:   0 d:   0 h:   2 m 

MOVE_0:    25000            3763            1777      4.7223e+01      1.2396e-01            3724            1834      4.9248e+01      2.8255e-01            7218             495      6.8579e+00            7510            1700      2.2636e+01            2532             794      3.1359e+01             253             120      4.7431e+01      1.5996e+01

ENER_0:    25000      5.1777e+06      1.4595e+06      0.0000e+00      6.8503e+06     -1.6927e+05     -2.9629e+06     -3.0576e+05      1.0783e+06     -1.3902e+07      1.0166e+07

STAT_0:    25000      1.1042e+05      7.6533e+04      1.2591e+03

PRES_0:    25000      7.5261e+04      7.4664e+04      7.9547e+04

Checkpoint saved to checkpoint.dat
Simulation Time (total): 1.1504e+03 sec.

Move Type                Mol. Kind      BOX_0      
% Accepted Displacement        CCl3    48.72204 
% Accepted Displacement        COH     46.79842 
% Accepted Displacement        CH3     46.14767 
% Accepted Rotation            CCl3    48.24630 
% Accepted Rotation            COH     49.22067 
% Accepted Rotation            CH3     50.32733 
% Accepted Volume-Transfer             47.43083 
% Accepted Intra-Swap          CCl3     3.92571 
% Accepted Intra-Swap          COH      7.58874 
% Accepted Intra-Swap          CH3      9.00751 
% Accepted Regrowth            CCl3    12.41323 
% Accepted Regrowth            COH     31.97442 
% Accepted Regrowth            CH3     23.29035 
% Accepted Crank-Shaft         CCl3    10.83333 
% Accepted Crank-Shaft         COH     64.03509 
% Accepted Crank-Shaft         CH3     21.47651 

Displacement:                           17.5753    sec.
Rotation:                               17.9038    sec.
MultiParticle:                           0.0000    sec.
Intra-Swap:                             95.9788    sec.
Regrowth:                               85.1357    sec.
Intra-MEMC:                              0.0000    sec.
Crank-Shaft:                            26.9971    sec.
Vol-Transfer:                          874.3919    sec.

Info: GOMC Version 2.70
Info: Completed at: Sun Aug  8 20:15:20 2021
Info: On hostname: anushabhattacharyya-VirtualBox
