Info: GOMC Version 2.70
Info: Start Time: Mon Aug  9 01:19:37 2021
Info: Host Name: anushabhattacharyya-VirtualBox
CPU information:
Info: Total number of CPUs: 1
Info: Total number of CPUs available: 1
Info: Model name: AMD Ryzen 7 5800X 8-Core Processor
Info: System name: Linux
Info: Release: 5.11.0-25-generic
Info: Version: #27~20.04.1-Ubuntu SMP Tue Jul 13 17:41:23 UTC 2021
Info: Kernel Architecture: x86_64
Info: Total Ram: 23627.8MB
Info: Used Ram: 11848.3MB
Info: Working in the current directory: /home/anushabhattacharyya/Cl Alcohols-NPT/21-CH3CH2CH2CHOHCCl3
Info: GOMC COMPILED TO RUN ISOBARIC-ISOTHERMAL ENSEMBLE.
Info: Number of threads                  1 
Info: Compiled with OpenMP Version       4.5

Reading Input File:                      in_NPT.conf
Info: Random seed                        Active 
Info: PARAMETER file                     CHARMM format! 
Info: Input Temperature                  298.0000 K
Info: Input Pressure                     410.0000 bar
Info: Volume change using constant ratio.
Info: Non-truncated potential            Active 
Info: Long Range Correction              Active 
Info: Cutoff                             10.0000 A
Info: Short Range Cutoff                 1.0000 A
Info: Exclude                            ONE-FOUR 
Info: Ewald Summation                    Active 
Info: Cache Ewald Fourier                Inactive 
Info: Ewald Summation Tolerance          1.000E-05 
Info: Pressure calculation frequency     2500 
Info: Total number of steps              25000 
Info: Number of equilibration steps      2500 
Info: Move adjustment frequency          1000 
Info: Displacement move frequency        0.1500 
Info: Rotation move frequency            0.1500 
Info: Intra-Swap move frequency          0.2900 
Warning: Unknown input SwapFreq!
Info: Regrowth move frequency            0.3000 
Info: Crank-Shaft move frequency         0.1000 
Info: Volume move frequency              0.0100 
Info: Multi-Particle move frequency      0.0000 
Info: IntraMEMC-1 move frequency         0.0000 
Warning: Unknown input MEMC-1Freq!
Info: IntraMEMC-2 move frequency         0.0000 
Warning: Unknown input MEMC-2Freq!
Info: IntraMEMC-3 move frequency         0.0000 
Warning: Unknown input MEMC-3Freq!
Info: CBMC First atom trials             12   
Info: CBMC Secondary atom trials         10   
Info: CBMC Angle trials                  50   
Info: CBMC Dihedral trials               50   
Info: Output name                        Output_data 
Info: Restart frequency                  2500 
Info: Checkpoint frequency               2500 
Info: Coordinate frequency               2500 
Info: Console output frequency           2500 
Info: Average output frequency           2500 
Warning: Unknown input HistogramFreq!
Warning: Unknown input DistName!
Warning: Unknown input HistName!
Warning: Unknown input RunNumber!
Warning: Unknown input RunLetter!
Warning: Unknown input SampleFreq!
Warning: Unknown input OutMolNumber!
Default: Box  0  CutoffCoulomb           10.0000 A
Finished Reading Input File:             in_NPT.conf

Reading from CHARMM-Style parameter file:  	NPT_CH3CH2CH2CHOHCCl3_file.inp
Reading BONDS parameters.
Reading ANGLES parameters.
Reading DIHEDRALS parameters.
Reading NONBONDED parameters.
Reading from system PDB coordinate file:  	NPT_CH3CH2CH2CHOHCCl3.pdb
Finished reading:                       	NPT_CH3CH2CH2CHOHCCl3.pdb
Random number seed: 788030332
Warning: Dihedral is missing for CClH !
Warning: Dihedral is missing for CH3 !

Molecules in PSF:
Molecule Kind: CClH
Idx	name	type	charge	mass
0	C1	D	-0.0060	12.0108
1	Cl1	C	-0.2000	35.4532
2	Cl2	C	-0.2000	35.4532
3	Cl3	C	-0.2000	35.4532
4	H1	E	0.1030	1.0079

Bonds:
[0 1] [2 0] [3 0] [4 0] 

Angles:
[1 0 2] [1 0 3] [1 0 4] [2 0 3] [2 0 4] [3 0 4] 

Dihedrals:

Molecule Kind: CH3
Idx	name	type	charge	mass
0	C1	A	-0.2400	12.0108
1	H1	B	0.0600	1.0079
2	H2	B	0.0600	1.0079
3	H3	B	0.0600	1.0079
4	H4	B	0.0600	1.0079

Bonds:
[0 1] [2 0] [3 0] [4 0] 

Angles:
[1 0 2] [1 0 3] [1 0 4] [2 0 3] [2 0 4] [3 0 4] 

Dihedrals:

Molecule Kind: COH
Idx	name	type	charge	mass
0	C1	I	0.1450	12.0108
1	O1	F	-0.6830	15.9994
2	H1	H	0.0400	1.0079
3	H2	H	0.0400	1.0079
4	H3	H	0.0400	1.0079
5	H4	G	0.4180	1.0079

Bonds:
[0 1] [2 0] [3 0] [4 0] [5 1] 

Angles:
[0 1 5] [1 0 2] [1 0 3] [1 0 4] [2 0 3] [2 0 4] [3 0 4] 

Dihedrals:
[2 0 1 5] [3 0 1 5] [4 0 1 5] 

Bonds parameter:
Atom Types                             Kb(K)           b0(A) 
D	C	                 123288.8018           1.7810 
C	D	                 123288.8018           1.7810 
E	D	                 171094.6637           1.0900 

A	B	                 171094.6637           1.0900 
B	A	                 171094.6637           1.0900 

I	F	                 161030.2717           1.4100 
H	I	                 171094.6637           1.0900 
G	F	                 278280.4382           0.9450 

Angles parameter:
Atom Types                         Ktheta(K)         theta0(degree) 
C	D	C	          39251.1287         111.7000 
C	D	E	          25664.1995         107.6000 

B	A	B	          16606.2468         107.8000 

I	F	G	          27677.0779         108.5000 
F	I	H	          17612.6860         109.5000 
H	I	H	          16606.2468         107.8000 

Dihedrals parameter:
Atom Types                           Kchi(K)    n    delta(degree) 
H	I	F	G	    226.4488    0     90.0000 
H	I	F	G	      0.0000    1    180.0000 
H	I	F	G	      0.0000    2      0.0000 
H	I	F	G	   -113.2244    3    180.0000 
H	I	F	G	      0.0000    4      0.0000 
H	I	F	G	      0.0000    5    180.0000 

================================================

Warning: Sum of the charge in the system is: -251.5000

================================================
NonBonded 1-4 parameters:
Type1  Type2             Epsilon(K)    Sigma(A)       N 
D      D                    16.6062      3.5000   12.00 
D      C                    35.4046      3.4500   12.00 
D      E                    11.1959      3.0000   12.00 
D      I                    16.6062      3.5000   12.00 
D      F                    26.6516      3.3100   12.00 
D      H                    11.1959      3.0000   12.00 
D      G                     0.0000      6.7500   12.00 
D      A                    16.6062      3.5000   12.00 
D      B                    11.1959      3.0000   12.00 
C      C                    75.4829      3.4000   12.00 
C      E                    23.8698      2.9500   12.00 
C      I                    35.4046      3.4500   12.00 
C      F                    56.8215      3.2600   12.00 
C      H                    23.8698      2.9500   12.00 
C      G                     0.0000      6.7000   12.00 
C      A                    35.4046      3.4500   12.00 
C      B                    23.8698      2.9500   12.00 
E      E                     7.5483      2.5000   12.00 
E      I                    11.1959      3.0000   12.00 
E      F                    17.9685      2.8100   12.00 
E      H                     7.5483      2.5000   12.00 
E      G                     0.0000      6.2500   12.00 
E      A                    11.1959      3.0000   12.00 
E      B                     7.5483      2.5000   12.00 
I      I                    16.6062      3.5000   12.00 
I      F                    26.6516      3.3100   12.00 
I      H                    11.1959      3.0000   12.00 
I      G                     0.0000      6.7500   12.00 
I      A                    16.6062      3.5000   12.00 
I      B                    11.1959      3.0000   12.00 
F      F                    42.7737      3.1200   12.00 
F      H                    17.9685      2.8100   12.00 
F      G                     0.0000      6.5600   12.00 
F      A                    26.6516      3.3100   12.00 
F      B                    17.9685      2.8100   12.00 
H      H                     7.5483      2.5000   12.00 
H      G                     0.0000      6.2500   12.00 
H      A                    11.1959      3.0000   12.00 
H      B                     7.5483      2.5000   12.00 
G      G                     0.0000     10.0000   12.00 
G      A                     0.0000      6.7500   12.00 
G      B                     0.0000      6.2500   12.00 
A      A                    16.6062      3.5000   12.00 
A      B                    11.1959      3.0000   12.00 
B      B                     7.5483      2.5000   12.00 

NonBonded parameters:
Type1  Type2             Epsilon(K)    Sigma(A)       N 
D      D                    33.2125      3.5000   12.00 
D      C                    70.8093      3.4500   12.00 
D      E                    22.3919      3.0000   12.00 
D      I                    33.2125      3.5000   12.00 
D      F                    53.3033      3.3100   12.00 
D      H                    22.3919      3.0000   12.00 
D      G                     0.0000      6.7500   12.00 
D      A                    33.2125      3.5000   12.00 
D      B                    22.3919      3.0000   12.00 
C      C                   150.9659      3.4000   12.00 
C      E                    47.7396      2.9500   12.00 
C      I                    70.8093      3.4500   12.00 
C      F                   113.6430      3.2600   12.00 
C      H                    47.7396      2.9500   12.00 
C      G                     0.0000      6.7000   12.00 
C      A                    70.8093      3.4500   12.00 
C      B                    47.7396      2.9500   12.00 
E      E                    15.0966      2.5000   12.00 
E      I                    22.3919      3.0000   12.00 
E      F                    35.9371      2.8100   12.00 
E      H                    15.0966      2.5000   12.00 
E      G                     0.0000      6.2500   12.00 
E      A                    22.3919      3.0000   12.00 
E      B                    15.0966      2.5000   12.00 
I      I                    33.2125      3.5000   12.00 
I      F                    53.3033      3.3100   12.00 
I      H                    22.3919      3.0000   12.00 
I      G                     0.0000      6.7500   12.00 
I      A                    33.2125      3.5000   12.00 
I      B                    22.3919      3.0000   12.00 
F      F                    85.5473      3.1200   12.00 
F      H                    35.9371      2.8100   12.00 
F      G                     0.0000      6.5600   12.00 
F      A                    53.3033      3.3100   12.00 
F      B                    35.9371      2.8100   12.00 
H      H                    15.0966      2.5000   12.00 
H      G                     0.0000      6.2500   12.00 
H      A                    22.3919      3.0000   12.00 
H      B                    15.0966      2.5000   12.00 
G      G                     0.0000     10.0000   12.00 
G      A                     0.0000      6.7500   12.00 
G      B                     0.0000      6.2500   12.00 
A      A                    33.2125      3.5000   12.00 
A      B                    22.3919      3.0000   12.00 
B      B                    15.0966      2.5000   12.00 

Info: Box  0:  Periodic Cell Basis 1     45.000   0.000   0.000 
Info: Box  0:  Periodic Cell Basis 2      0.000  45.000   0.000 
Info: Box  0:  Periodic Cell Basis 3      0.000   0.000  45.000 

Minimum coordinates in box 0: x =    1.949, y =    1.958, z =    1.905
Maximum coordinates in box 0: x =   43.056, y =   43.021, z =   43.029
Wrapping molecules inside the simulation box 0:
Box: 0, RecipVectors:   9402, kmax: 17

################################################################################
########################## INITIAL SIMULATION ENERGY ###########################

ETITLE:     STEP           TOTAL        INTRA(B)       INTRA(NB)       INTER(LJ)             LRC     TOTAL_ELECT            REAL           RECIP            SELF            CORR

ENER_0:        0      1.1813e+08      8.1489e+05      0.0000e+00      1.1337e+08     -2.0512e+05      4.1493e+06      8.5090e+05      7.0764e+06     -1.3902e+07      1.0124e+07

STITLE:     STEP          VOLUME        PRESSURE     TOT_DENSITY

STAT_0:        0      9.1125e+04      1.0132e+06      1.5258e+03

################################################################################
############################# STARTING SIMULATION ##############################

MTITLE:     STEP          DISTRY       DISACCEPT      DISACCEPT%          DISMAX          ROTATE       ROTACCEPT      ROTACCEPT%          ROTMAX       INTRASWAP       INTACCEPT      INTACCEPT%        REGROWTH    REGROWACCEPT   REGROWACCEPT%      CRANKSHAFT  CRKSHAFTACCEPT CRKSHAFTACCEPT%          VOLUME       VOLACCEPT      VOLACCEPT%          VOLMAX

ETITLE:     STEP           TOTAL        INTRA(B)       INTRA(NB)       INTER(LJ)             LRC     TOTAL_ELECT            REAL           RECIP            SELF            CORR

STITLE:     STEP          VOLUME        PRESSURE     TOT_DENSITY

Printed combined psf to file Output_data_merged.psf
MOVE_0:     2500             373              44      1.1796e+01      7.4687e-02             362             128      3.5359e+01      2.8721e-01             760             237      3.1184e+01             738             170      2.3035e+01             250              70      2.8000e+01              17              11      6.4706e+01      8.0000e+02

ENER_0:     2500      7.0600e+07      1.0625e+06      0.0000e+00      6.9801e+07     -1.9823e+05     -6.4890e+04      4.7849e+05      3.2209e+06     -1.3902e+07      1.0137e+07

STAT_0:     2500      9.4295e+04      6.1175e+05      1.4745e+03

PRES_0:     2500      6.1493e+05      6.2084e+05      5.9960e+05

Checkpoint saved to checkpoint.dat
Steps/sec:  33.236, Simulation ends in:   0 d:   0 h:  12 m 

MOVE_0:     5000             748             237      3.1684e+01      7.4177e-02             717             282      3.9331e+01      1.6816e-01            1480             332      2.2432e+01            1518             359      2.3650e+01             495             154      3.1111e+01              42              24      5.7143e+01      9.8462e+02

ENER_0:     5000      4.1936e+07      1.1710e+06      0.0000e+00      4.1860e+07     -1.8660e+05     -9.0751e+05      2.3758e+05      2.6125e+06     -1.3902e+07      1.0144e+07

STAT_0:     5000      1.0017e+05      3.5180e+05      1.3880e+03

PRES_0:     5000      3.4964e+05      3.5891e+05      3.4685e+05

Checkpoint saved to checkpoint.dat
Steps/sec:  25.493, Simulation ends in:   0 d:   0 h:  12 m 

MOVE_0:     7500            1138             452      3.9719e+01      9.1104e-02            1065             474      4.4507e+01      1.8756e-01            2188             384      1.7550e+01            2296             547      2.3824e+01             753             241      3.2005e+01              60              34      5.6667e+01      8.7521e+02

ENER_0:     7500      3.0189e+07      1.2672e+06      0.0000e+00      3.0404e+07     -1.7998e+05     -1.3022e+06      1.4264e+05      2.3064e+06     -1.3902e+07      1.0150e+07

STAT_0:     7500      1.0386e+05      2.5094e+05      1.3388e+03

PRES_0:     7500      2.5010e+05      2.5486e+05      2.4780e+05

Checkpoint saved to checkpoint.dat
Steps/sec:  26.977, Simulation ends in:   0 d:   0 h:  11 m 

MOVE_0:    10000            1523             642      4.2154e+01      8.9718e-02            1457             696      4.7769e+01      2.4746e-01            2870             426      1.4843e+01            3046             716      2.3506e+01            1019             333      3.2679e+01              85              49      5.7647e+01      1.3337e+03

ENER_0:    10000      1.7246e+07      1.3070e+06      0.0000e+00      1.7735e+07     -1.6861e+05     -1.6272e+06      3.6132e+04      2.0824e+06     -1.3902e+07      1.0156e+07

STAT_0:    10000      1.1086e+05      1.4548e+05      1.2542e+03

PRES_0:    10000      1.4338e+05      1.4952e+05      1.4339e+05

Checkpoint saved to checkpoint.dat
Steps/sec:  21.292, Simulation ends in:   0 d:   0 h:  10 m 

MOVE_0:    12500            1893             847      4.4744e+01      1.1602e-01            1851             915      4.9433e+01      3.2223e-01            3581             460      1.2846e+01            3803             892      2.3455e+01            1260             410      3.2540e+01             112              63      5.6250e+01      1.3131e+03

ENER_0:    12500      7.8063e+06      1.3516e+06      0.0000e+00      8.6563e+06     -1.5554e+05     -2.0460e+06     -6.0090e+04      1.7571e+06     -1.3902e+07      1.0159e+07

STAT_0:    12500      1.2018e+05      7.5099e+04      1.1570e+03

PRES_0:    12500      7.0816e+04      7.7166e+04      7.7105e+04

Checkpoint saved to checkpoint.dat
Steps/sec:  21.053, Simulation ends in:   0 d:   0 h:   9 m 

MOVE_0:    15000            2267            1068      4.7111e+01      1.7487e-01            2198            1106      5.0318e+01      4.0651e-01            4320             477      1.1042e+01            4571            1074      2.3496e+01            1511             502      3.3223e+01             133              73      5.4887e+01      1.0085e+03

ENER_0:    15000      4.3310e+06      1.3837e+06      0.0000e+00      5.4239e+06     -1.5022e+05     -2.3264e+06     -1.3421e+05      1.5478e+06     -1.3902e+07      1.0162e+07

STAT_0:    15000      1.2443e+05      5.3102e+04      1.1174e+03

PRES_0:    15000      5.0174e+04      5.3989e+04      5.4904e+04

Checkpoint saved to checkpoint.dat
Steps/sec:  24.153, Simulation ends in:   0 d:   0 h:   7 m 

MOVE_0:    17500            2669            1281      4.7996e+01      1.8663e-01            2570            1300      5.0584e+01      4.8278e-01            5009             491      9.8024e+00            5319            1217      2.2880e+01            1773             598      3.3728e+01             160              83      5.1875e+01      8.4041e+02

ENER_0:    17500      1.6912e+06      1.3901e+06      0.0000e+00      2.9436e+06     -1.4545e+05     -2.4971e+06     -1.8704e+05      1.4284e+06     -1.3902e+07      1.0163e+07

STAT_0:    17500      1.2851e+05      3.6407e+04      1.0819e+03

PRES_0:    17500      3.4717e+04      3.6845e+04      3.7396e+04

Checkpoint saved to checkpoint.dat
Steps/sec:  20.060, Simulation ends in:   0 d:   0 h:   6 m 

MOVE_0:    20000            3066            1488      4.8532e+01      2.1386e-01            2952            1508      5.1084e+01      5.4482e-01            5712             515      9.0161e+00            6069            1378      2.2706e+01            2013             684      3.3979e+01             188              98      5.2128e+01      7.7406e+02

ENER_0:    20000     -1.1163e+05      1.3842e+06      0.0000e+00      1.3557e+06     -1.4019e+05     -2.7113e+06     -2.2957e+05      1.2544e+06     -1.3902e+07      1.0165e+07

STAT_0:    20000      1.3333e+05      2.4558e+04      1.0428e+03

PRES_0:    20000      2.3125e+04      2.4601e+04      2.5663e+04

Checkpoint saved to checkpoint.dat
Steps/sec:  18.995, Simulation ends in:   0 d:   0 h:   4 m 

MOVE_0:    22500            3444            1678      4.8722e+01      2.3862e-01            3285            1664      5.0654e+01      4.6989e-01            6435             523      8.1274e+00            6855            1545      2.2538e+01            2265             775      3.4216e+01             216             113      5.2315e+01      8.8464e+02

ENER_0:    22500     -1.3603e+06      1.3745e+06      0.0000e+00      1.9179e+05     -1.3527e+05     -2.7913e+06     -2.5757e+05      1.2012e+06     -1.3902e+07      1.0167e+07

STAT_0:    22500      1.3817e+05      1.6449e+04      1.0063e+03

PRES_0:    22500      1.5371e+04      1.6338e+04      1.7333e+04

Checkpoint saved to checkpoint.dat
Steps/sec:  18.565, Simulation ends in:   0 d:   0 h:   2 m 

MOVE_0:    25000            3815            1882      4.9332e+01      2.4823e-01            3666            1877      5.1200e+01      6.4951e-01            7169             533      7.4348e+00            7605            1701      2.2367e+01            2509             856      3.4117e+01             236             124      5.2542e+01      9.0073e+02

ENER_0:    25000     -2.2053e+06      1.3828e+06      0.0000e+00     -5.9472e+05     -1.3118e+05     -2.8622e+06     -2.7270e+05      1.1433e+06     -1.3902e+07      1.0169e+07

STAT_0:    25000      1.4249e+05      1.1033e+04      9.7578e+02

PRES_0:    25000      1.1393e+04      1.0434e+04      1.0952e+04

Checkpoint saved to checkpoint.dat
Simulation Time (total): 1.1035e+03 sec.

Move Type                Mol. Kind      BOX_0      
% Accepted Displacement        CClH    48.74608 
% Accepted Displacement        COH     49.92236 
% Accepted Displacement        CH3     49.32054 
% Accepted Rotation            CClH    51.38436 
% Accepted Rotation            COH     50.46584 
% Accepted Rotation            CH3     51.82609 
% Accepted Volume-Transfer             52.54237 
% Accepted Intra-Swap          CClH     4.32455 
% Accepted Intra-Swap          COH      9.14069 
% Accepted Intra-Swap          CH3      8.91424 
% Accepted Regrowth            CClH    13.44538 
% Accepted Regrowth            COH     33.89021 
% Accepted Regrowth            CH3     20.09705 
% Accepted Crank-Shaft         CClH    14.23488 
% Accepted Crank-Shaft         COH     64.91018 
% Accepted Crank-Shaft         CH3     23.34537 

Displacement:                           18.2223    sec.
Rotation:                               17.9674    sec.
MultiParticle:                           0.0000    sec.
Intra-Swap:                             85.3385    sec.
Regrowth:                               78.4956    sec.
Intra-MEMC:                              0.0000    sec.
Crank-Shaft:                            24.9393    sec.
Vol-Transfer:                          844.8565    sec.

Info: GOMC Version 2.70
Info: Completed at: Mon Aug  9 01:38:14 2021
Info: On hostname: anushabhattacharyya-VirtualBox
