Info: GOMC Version 2.70
Info: Start Time: Sun Aug  8 08:53:03 2021
Info: Host Name: anushabhattacharyya-VirtualBox
CPU information:
Info: Total number of CPUs: 1
Info: Total number of CPUs available: 1
Info: Model name: AMD Ryzen 7 5800X 8-Core Processor
Info: System name: Linux
Info: Release: 5.11.0-25-generic
Info: Version: #27~20.04.1-Ubuntu SMP Tue Jul 13 17:41:23 UTC 2021
Info: Kernel Architecture: x86_64
Info: Total Ram: 23627.8MB
Info: Used Ram: 10108.7MB
Info: Working in the current directory: /home/anushabhattacharyya/Cl Alcohols-NVT/25-CCl3CCl2CH2CH2CH2OH
Info: GOMC COMPILED TO RUN CANONICAL (NVT) ENSEMBLE.
Info: Number of threads                  1 
Info: Compiled with OpenMP Version       4.5

Reading Input File:                      in_NVT.conf
Info: Random seed                        Active 
Info: PARAMETER file                     CHARMM format! 
Info: Input Temperature                  298.0000 K
Info: Non-truncated potential            Active 
Info: Long Range Correction              Active 
Info: Cutoff                             10.0000 A
Info: Short Range Cutoff                 1.0000 A
Info: Exclude                            ONE-THREE 
Info: Cache Ewald Fourier                Inactive 
Info: Ewald Summation Tolerance          1.000E-05 
Info: Pressure calculation frequency     500000 
Info: Total number of steps              50000000 
Info: Number of equilibration steps      500000 
Info: Move adjustment frequency          1000
Info: Displacement move frequency        0.1500 
Info: Rotation move frequency            0.1500 
Info: Intra-Swap move frequency          0.3000 
Warning: Unknown input SwapFreq!
Info: Regrowth move frequency            0.3000 
Info: Crank-Shaft move frequency         0.1000 
Warning: Unknown input VolFreq!
Info: Multi-Particle move frequency      0.0000 
Info: IntraMEMC-1 move frequency         0.0000 
Warning: Unknown input MEMC-1Freq!
Info: IntraMEMC-2 move frequency         0.0000 
Warning: Unknown input MEMC-2Freq!
Info: IntraMEMC-3 move frequency         0.0000 
Warning: Unknown input MEMC-3Freq!
Info: CBMC First atom trials             12   
Info: CBMC Secondary atom trials         10   
Info: CBMC Angle trials                  50   
Info: CBMC Dihedral trials               50   
Info: Output name                        Output_data 
Info: Restart frequency                  500000
Info: Checkpoint frequency               500000
Info: Coordinate frequency               500000 
Info: Console output frequency           500000 
Info: Average output frequency           500000 
Warning: Unknown input HistogramFreq!
Warning: Unknown input DistName!
Warning: Unknown input HistName!
Warning: Unknown input RunNumber!
Warning: Unknown input RunLetter!
Warning: Unknown input SampleFreq!
Warning: Unknown input OutMolNumber!
Warning: Unknown input OutVolume!
Warning: 1-4 Electrostatic scaling set, but will be ignored.
Finished Reading Input File:             in_NVT.conf

Reading from CHARMM-Style parameter file:  	NVT_CCl3CCl2CH2CH2CH2OH.inp
Reading BONDS parameters.
Reading ANGLES parameters.
Reading DIHEDRALS parameters.
Reading NONBONDED parameters.
Reading from system PDB coordinate file:  	NVT_CCl3CCl2CH2CH2CH2OH.pdb
Finished reading:                       	NVT_CCl3CCl2CH2CH2CH2OH.pdb
Random number seed: 4076537057
Warning: Dihedral is missing for CCl3 !
Warning: Dihedral is missing for CH3 !

Molecules in PSF:
Molecule Kind: CCl3
Idx	name	type	charge	mass
0	C1	D	-0.0060	12.0108
1	Cl1	C	-0.2000	35.4532
2	Cl2	C	-0.2000	35.4532
3	Cl3	C	-0.2000	35.4532
4	H1	E	0.1030	1.0079

Bonds:
[0 1] [2 0] [3 0] [4 0] 

Angles:
[1 0 2] [1 0 3] [1 0 4] [2 0 3] [2 0 4] [3 0 4] 

Dihedrals:

Molecule Kind: CH3
Idx	name	type	charge	mass
0	C1	A	-0.2400	12.0108
1	H1	B	0.0600	1.0079
2	H2	B	0.0600	1.0079
3	H3	B	0.0600	1.0079
4	H4	B	0.0600	1.0079

Bonds:
[0 1] [2 0] [3 0] [4 0] 

Angles:
[1 0 2] [1 0 3] [1 0 4] [2 0 3] [2 0 4] [3 0 4] 

Dihedrals:

Molecule Kind: COH
Idx	name	type	charge	mass
0	C1	I	0.1450	12.0108
1	O1	F	-0.6830	15.9994
2	H1	H	0.0400	1.0079
3	H2	H	0.0400	1.0079
4	H3	H	0.0400	1.0079
5	H4	G	0.4180	1.0079

Bonds:
[0 1] [2 0] [3 0] [4 0] [5 1] 

Angles:
[0 1 5] [1 0 2] [1 0 3] [1 0 4] [2 0 3] [2 0 4] [3 0 4] 

Dihedrals:
[2 0 1 5] [3 0 1 5] [4 0 1 5] 

Bonds parameter:
Atom Types                             Kb(K)           b0(A) 
D	C	                 123288.8018           1.7810 
C	D	                 123288.8018           1.7810 
E	D	                 171094.6637           1.0900 

A	B	                 171094.6637           1.0900 
B	A	                 171094.6637           1.0900 

I	F	                 161030.2717           1.4100 
H	I	                 171094.6637           1.0900 
G	F	                 278280.4382           0.9450 

Angles parameter:
Atom Types                         Ktheta(K)         theta0(degree) 
C	D	C	          39251.1287         111.7000 
C	D	E	          25664.1995         107.6000 

B	A	B	          16606.2468         107.8000 

I	F	G	          27677.0779         108.5000 
F	I	H	          17612.6860         109.5000 
H	I	H	          16606.2468         107.8000 

Dihedrals parameter:
Atom Types                           Kchi(K)    n    delta(degree) 
H	I	F	G	    226.4488    0     90.0000 
H	I	F	G	      0.0000    1    180.0000 
H	I	F	G	      0.0000    2      0.0000 
H	I	F	G	   -113.2244    3    180.0000 
H	I	F	G	      0.0000    4      0.0000 
H	I	F	G	      0.0000    5    180.0000 

Warning: Charge detected in CCl3 but Ewald Summaion method is disabled!

Warning: Charge detected in COH but Ewald Summaion method is disabled!

Warning: Charge detected in CH3 but Ewald Summaion method is disabled!

================================================

Warning: Sum of the charge in the system is: -65.8930

================================================
NonBonded 1-4 parameters:
Type1  Type2             Epsilon(K)    Sigma(A)       N 
D      D                    16.6062      3.5000   12.00 
D      C                    35.4046      3.4500   12.00 
D      E                    11.1959      3.0000   12.00 
D      I                    16.6062      3.5000   12.00 
D      F                    26.6516      3.3100   12.00 
D      H                    11.1959      3.0000   12.00 
D      G                     0.0000      6.7500   12.00 
D      A                    16.6062      3.5000   12.00 
D      B                    11.1959      3.0000   12.00 
C      C                    75.4829      3.4000   12.00 
C      E                    23.8698      2.9500   12.00 
C      I                    35.4046      3.4500   12.00 
C      F                    56.8215      3.2600   12.00 
C      H                    23.8698      2.9500   12.00 
C      G                     0.0000      6.7000   12.00 
C      A                    35.4046      3.4500   12.00 
C      B                    23.8698      2.9500   12.00 
E      E                     7.5483      2.5000   12.00 
E      I                    11.1959      3.0000   12.00 
E      F                    17.9685      2.8100   12.00 
E      H                     7.5483      2.5000   12.00 
E      G                     0.0000      6.2500   12.00 
E      A                    11.1959      3.0000   12.00 
E      B                     7.5483      2.5000   12.00 
I      I                    16.6062      3.5000   12.00 
I      F                    26.6516      3.3100   12.00 
I      H                    11.1959      3.0000   12.00 
I      G                     0.0000      6.7500   12.00 
I      A                    16.6062      3.5000   12.00 
I      B                    11.1959      3.0000   12.00 
F      F                    42.7737      3.1200   12.00 
F      H                    17.9685      2.8100   12.00 
F      G                     0.0000      6.5600   12.00 
F      A                    26.6516      3.3100   12.00 
F      B                    17.9685      2.8100   12.00 
H      H                     7.5483      2.5000   12.00 
H      G                     0.0000      6.2500   12.00 
H      A                    11.1959      3.0000   12.00 
H      B                     7.5483      2.5000   12.00 
G      G                     0.0000     10.0000   12.00 
G      A                     0.0000      6.7500   12.00 
G      B                     0.0000      6.2500   12.00 
A      A                    16.6062      3.5000   12.00 
A      B                    11.1959      3.0000   12.00 
B      B                     7.5483      2.5000   12.00 

NonBonded parameters:
Type1  Type2             Epsilon(K)    Sigma(A)       N 
D      D                    33.2125      3.5000   12.00 
D      C                    70.8093      3.4500   12.00 
D      E                    22.3919      3.0000   12.00 
D      I                    33.2125      3.5000   12.00 
D      F                    53.3033      3.3100   12.00 
D      H                    22.3919      3.0000   12.00 
D      G                     0.0000      6.7500   12.00 
D      A                    33.2125      3.5000   12.00 
D      B                    22.3919      3.0000   12.00 
C      C                   150.9659      3.4000   12.00 
C      E                    47.7396      2.9500   12.00 
C      I                    70.8093      3.4500   12.00 
C      F                   113.6430      3.2600   12.00 
C      H                    47.7396      2.9500   12.00 
C      G                     0.0000      6.7000   12.00 
C      A                    70.8093      3.4500   12.00 
C      B                    47.7396      2.9500   12.00 
E      E                    15.0966      2.5000   12.00 
E      I                    22.3919      3.0000   12.00 
E      F                    35.9371      2.8100   12.00 
E      H                    15.0966      2.5000   12.00 
E      G                     0.0000      6.2500   12.00 
E      A                    22.3919      3.0000   12.00 
E      B                    15.0966      2.5000   12.00 
I      I                    33.2125      3.5000   12.00 
I      F                    53.3033      3.3100   12.00 
I      H                    22.3919      3.0000   12.00 
I      G                     0.0000      6.7500   12.00 
I      A                    33.2125      3.5000   12.00 
I      B                    22.3919      3.0000   12.00 
F      F                    85.5473      3.1200   12.00 
F      H                    35.9371      2.8100   12.00 
F      G                     0.0000      6.5600   12.00 
F      A                    53.3033      3.3100   12.00 
F      B                    35.9371      2.8100   12.00 
H      H                    15.0966      2.5000   12.00 
H      G                     0.0000      6.2500   12.00 
H      A                    22.3919      3.0000   12.00 
H      B                    15.0966      2.5000   12.00 
G      G                     0.0000     10.0000   12.00 
G      A                     0.0000      6.7500   12.00 
G      B                     0.0000      6.2500   12.00 
A      A                    33.2125      3.5000   12.00 
A      B                    22.3919      3.0000   12.00 
B      B                    15.0966      2.5000   12.00 

Info: Box  0:  Periodic Cell Basis 1     45.000   0.000   0.000 
Info: Box  0:  Periodic Cell Basis 2      0.000  45.000   0.000 
Info: Box  0:  Periodic Cell Basis 3      0.000   0.000  45.000 

Minimum coordinates in box 0: x =    2.000, y =    2.006, z =    2.002
Maximum coordinates in box 0: x =   43.004, y =   43.018, z =   42.993
Wrapping molecules inside the simulation box 0:

################################################################################
########################## INITIAL SIMULATION ENERGY ###########################

ETITLE:     STEP           TOTAL        INTRA(B)       INTRA(NB)       INTER(LJ)             LRC     TOTAL_ELECT            REAL           RECIP            SELF            CORR

ENER_0:        0      2.5675e+06      2.1374e+05      0.0000e+00      2.3679e+06     -1.4080e+04      0.0000e+00      0.0000e+00      0.0000e+00      0.0000e+00      0.0000e+00

STITLE:     STEP        PRESSURE     TOT_DENSITY

STAT_0:        0      2.7313e+04      3.9976e+02

################################################################################
############################# STARTING SIMULATION ##############################

MTITLE:     STEP          DISTRY       DISACCEPT      DISACCEPT%          DISMAX          ROTATE       ROTACCEPT      ROTACCEPT%          ROTMAX       INTRASWAP       INTACCEPT      INTACCEPT%        REGROWTH    REGROWACCEPT   REGROWACCEPT%      CRANKSHAFT  CRKSHAFTACCEPT CRKSHAFTACCEPT%

ETITLE:     STEP           TOTAL        INTRA(B)       INTRA(NB)       INTER(LJ)             LRC     TOTAL_ELECT            REAL           RECIP            SELF            CORR

STITLE:     STEP        PRESSURE     TOT_DENSITY

Printed combined psf to file Output_data_merged.psf
MOVE_0:    500000           1465             597      4.0751e+01      7.8068e-01            1530            1014      6.6275e+01      2.4694e+00            3038             566      1.8631e+01            2984             859      2.8787e+01             983             448      4.5575e+01

ENER_0:    500000     5.0075e+04      3.5058e+05      0.0000e+00     -2.8643e+05     -1.4080e+04      0.0000e+00      0.0000e+00      0.0000e+00      0.0000e+00      0.0000e+00

STAT_0:    500000     2.2029e+01      3.9976e+02

PRES_0:    500000    -1.4265e+02     -1.2240e+02     -7.6808e+01

Checkpoint saved to checkpoint.dat
Steps/sec: 217.612, Simulation ends in:   0 d:   2 h:   7 m 

MOVE_0:    1000000          2981            1375      4.6125e+01      8.2010e-01            2964            1952      6.5857e+01      2.4652e+00            6046            1000      1.6540e+01            6018            1761      2.9262e+01            1991             881      4.4249e+01

ENER_0:    1000000    4.3911e+04      3.5819e+05      0.0000e+00     -3.0020e+05     -1.4080e+04      0.0000e+00      0.0000e+00      0.0000e+00      0.0000e+00      0.0000e+00

STAT_0:    1000000   -1.7457e+01      3.9976e+02

PRES_0:    1000000   -1.4774e+02     -1.5615e+02     -1.5643e+02

Checkpoint saved to checkpoint.dat
Steps/sec: 162.807, Simulation ends in:   0 d:   2 h:   8 m 

MOVE_0:    1500000          4487            2140      4.7693e+01      8.7142e-01            4419            2916      6.5988e+01      2.4946e+00            9031            1435      1.5890e+01            9025            2652      2.9385e+01            3038            1375      4.5260e+01

ENER_0:    1500000    4.0548e+04      3.6232e+05      0.0000e+00     -3.0769e+05     -1.4080e+04      0.0000e+00      0.0000e+00      0.0000e+00      0.0000e+00      0.0000e+00

STAT_0:    1500000   -2.1223e+01      3.9976e+02

PRES_0:    1500000   -1.4785e+02     -1.6093e+02     -1.6284e+02

Checkpoint saved to checkpoint.dat
Steps/sec: 161.632, Simulation ends in:   0 d:   1 h:   59 m 

MOVE_0:    2000000          5982            2902      4.8512e+01      8.5729e-01            5902            3893      6.5961e+01      2.3830e+00           12018            1798      1.4961e+01           12036            3534      2.9362e+01            4062            1826      4.4953e+01

ENER_0:    2000000   -1.3524e+04      3.3570e+05      0.0000e+00     -3.3514e+05     -1.4080e+04      0.0000e+00      0.0000e+00      0.0000e+00      0.0000e+00      0.0000e+00

STAT_0:    2000000   -1.7196e+01      3.9976e+02

PRES_0:    2000000   -1.7043e+02     -1.7863e+02     -1.1048e+02

Checkpoint saved to checkpoint.dat
Steps/sec: 161.124, Simulation ends in:   0 d:   1 h:   46 m 

MOVE_0:    2500000          7485            3661      4.8911e+01      8.0335e-01            7433            4923      6.6232e+01      2.3427e+00           14969            2200      1.4697e+01           15032            4447      2.9584e+01            5081            2281      4.4893e+01

ENER_0:    2500000    9.9499e+03      3.4425e+05      0.0000e+00     -3.2022e+05     -1.4080e+04      0.0000e+00      0.0000e+00      0.0000e+00      0.0000e+00      0.0000e+00

STAT_0:    2500000    1.1154e+02      3.9976e+02

PRES_0:    2500000    9.5527e+01     -6.4098e+01     -1.0477e+02

Checkpoint saved to checkpoint.dat
Steps/sec: 159.073, Simulation ends in:   0 d:   1 h:   25 m 

MOVE_0:    3000000          8984            4433      4.9343e+01      8.9761e-01            8969            5964      6.6496e+01      2.3011e+00           17970            2601      1.4474e+01           17984            5328      2.9626e+01            6093            2761      4.5314e+01

ENER_0:    3000000    2.8399e+04      3.5118e+05      0.0000e+00     -3.0870e+05     -1.4080e+04      0.0000e+00      0.0000e+00      0.0000e+00      0.0000e+00      0.0000e+00

STAT_0:    3000000    6.2265e+01      3.9976e+02

PRES_0:    3000000   -6.5295e+01     -1.4875e+02     -7.1120e+00

Checkpoint saved to checkpoint.dat
Steps/sec: 162.173, Simulation ends in:   0 d:   0 h:   53 m 

MOVE_0:    3500000         10480            5191      4.9532e+01      9.5941e-01           10508            7008      6.6692e+01      2.4822e+00           20964            3013      1.4372e+01           20949            6179      2.9495e+01            7099            3218      4.5330e+01

ENER_0:    3500000    2.2421e+03      3.4445e+05      0.0000e+00     -3.2813e+05     -1.4080e+04      0.0000e+00      0.0000e+00      0.0000e+00      0.0000e+00      0.0000e+00

STAT_0:    3500000    4.7211e+01      3.9976e+02

PRES_0:    3500000   -1.4355e+02     -9.4213e+01     -2.8556e+01

Checkpoint saved to checkpoint.dat
Steps/sec: 160.965, Simulation ends in:   0 d:   1 h:   53 m 

MOVE_0:    4000000         11993            5955      4.9654e+01      7.7463e-01           12027            8009      6.6592e+01      2.3162e+00           23966            3389      1.4141e+01           23885            7026      2.9416e+01            8129            3685      4.5332e+01

ENER_0:    4000000   -1.5535e+04      3.5338e+05      0.0000e+00     -3.5484e+05     -1.4080e+04      0.0000e+00      0.0000e+00      0.0000e+00      0.0000e+00      0.0000e+00

STAT_0:    4000000   -3.0999e+00      3.9976e+02

PRES_0:    4000000   -1.2246e+02     -8.8303e+01     -2.0648e+02

Checkpoint saved to checkpoint.dat
Steps/sec: 161.258, Simulation ends in:   0 d:   0 h:   23 m 

MOVE_0:    4500000         13516            6725      4.9756e+01      7.8935e-01           13526            8998      6.6524e+01      2.3121e+00           27009            3752      1.3892e+01           26841            7908      2.9462e+01            9108            4166      4.5740e+01

ENER_0:    4500000   -1.1075e+04      3.4139e+05      0.0000e+00     -3.3838e+05     -1.4080e+04      0.0000e+00      0.0000e+00      0.0000e+00      0.0000e+00      0.0000e+00

STAT_0:    4500000   -2.3613e+01      3.9976e+02

PRES_0:    4500000   -1.0890e+02     -1.4472e+02     -2.2517e+02

Checkpoint saved to checkpoint.dat
Steps/sec: 161.006, Simulation ends in:   0 d:   0 h:   14 m 

MOVE_0:   50000000         15044            7502      4.9867e+01      8.1104e-01           15016            9990      6.6529e+01      2.3261e+00           29982            4128      1.3768e+01           29803            8758      2.9386e+01           10155            4622      4.5515e+01

ENER_0:   50000000   -9.2303e+03      3.3339e+05      0.0000e+00     -3.2854e+05     -1.4080e+04      0.0000e+00      0.0000e+00      0.0000e+00      0.0000e+00      0.0000e+00

STAT_0:   50000000    7.9188e+01      3.9976e+02

PRES_0:   50000000   -1.0520e+02      2.1293e+01     -8.6479e+01

Checkpoint saved to checkpoint.dat
Simulation Time (total): 7.6368e+03 sec.

Move Type                Mol. Kind      BOX_0      
% Accepted Displacement        CCl3    49.56487 
% Accepted Displacement        COH     50.16915 
% Accepted Displacement        CH3     49.86215 
% Accepted Rotation            CCl3    51.05135 
% Accepted Rotation            COH     66.37846 
% Accepted Rotation            CH3     82.05180 
% Accepted Intra-Swap          CCl3     4.46241 
% Accepted Intra-Swap          COH     17.15131 
% Accepted Intra-Swap          CH3     19.76578 
% Accepted Regrowth            CCl3    18.22222 
% Accepted Regrowth            COH     39.70276 
% Accepted Regrowth            CH3     30.23372 
% Accepted Crank-Shaft         CCl3    19.10957 
% Accepted Crank-Shaft         COH     89.00804 
% Accepted Crank-Shaft         CH3     29.14046 

Displacement:                           12.5108    sec.
Rotation:                               13.2201    sec.
MultiParticle:                           0.0000    sec.
Intra-Swap:                            288.6427    sec.
Regrowth:                              217.5402    sec.
Intra-MEMC:                              0.0000    sec.
Crank-Shaft:                            69.8906    sec.

Info: GOMC Version 2.70
Info: Completed at: Sun Aug  8 09:03:07 2021
Info: On hostname: anushabhattacharyya-VirtualBox
