Info: GOMC Version 2.70
Info: Start Time: Sun Aug  8 19:03:01 2021
Info: Host Name: anushabhattacharyya-VirtualBox
CPU information:
Info: Total number of CPUs: 1
Info: Total number of CPUs available: 1
Info: Model name: AMD Ryzen 7 5800X 8-Core Processor
Info: System name: Linux
Info: Release: 5.11.0-25-generic
Info: Version: #27~20.04.1-Ubuntu SMP Tue Jul 13 17:41:23 UTC 2021
Info: Kernel Architecture: x86_64
Info: Total Ram: 23627.8MB
Info: Used Ram: 11415.6MB
Info: Working in the current directory: /home/anushabhattacharyya/Cl Alcohols-NPT/3-CClH2COH
Info: GOMC COMPILED TO RUN ISOBARIC-ISOTHERMAL ENSEMBLE.
Info: Number of threads                  1 
Info: Compiled with OpenMP Version       4.5

Reading Input File:                      in_NPT.conf
Info: Random seed                        Active 
Info: PARAMETER file                     CHARMM format! 
Info: Input Temperature                  298.0000 K
Info: Input Pressure                     410.0000 bar
Info: Volume change using constant ratio.
Info: Non-truncated potential            Active 
Info: Long Range Correction              Active 
Info: Cutoff                             10.0000 A
Info: Short Range Cutoff                 1.0000 A
Info: Exclude                            ONE-FOUR 
Info: Ewald Summation                    Active 
Info: Cache Ewald Fourier                Inactive 
Info: Ewald Summation Tolerance          1.000E-05 
Info: Pressure calculation frequency     2500 
Info: Total number of steps              25000 
Info: Number of equilibration steps      2500 
Info: Move adjustment frequency          1000 
Info: Displacement move frequency        0.1500 
Info: Rotation move frequency            0.1500 
Info: Intra-Swap move frequency          0.2900 
Warning: Unknown input SwapFreq!
Info: Regrowth move frequency            0.3000 
Info: Crank-Shaft move frequency         0.1000 
Info: Volume move frequency              0.0100 
Info: Multi-Particle move frequency      0.0000 
Info: IntraMEMC-1 move frequency         0.0000 
Warning: Unknown input MEMC-1Freq!
Info: IntraMEMC-2 move frequency         0.0000 
Warning: Unknown input MEMC-2Freq!
Info: IntraMEMC-3 move frequency         0.0000 
Warning: Unknown input MEMC-3Freq!
Info: CBMC First atom trials             12   
Info: CBMC Secondary atom trials         10   
Info: CBMC Angle trials                  50   
Info: CBMC Dihedral trials               50   
Info: Output name                        Output_data 
Info: Restart frequency                  2500 
Info: Checkpoint frequency               2500 
Info: Coordinate frequency               2500 
Info: Console output frequency           2500 
Info: Average output frequency           2500 
Warning: Unknown input HistogramFreq!
Warning: Unknown input DistName!
Warning: Unknown input HistName!
Warning: Unknown input RunNumber!
Warning: Unknown input RunLetter!
Warning: Unknown input SampleFreq!
Warning: Unknown input OutMolNumber!
Default: Box  0  CutoffCoulomb           10.0000 A
Finished Reading Input File:             in_NPT.conf

Reading from CHARMM-Style parameter file:  	NPT_CClH2COH_file.inp
Reading BONDS parameters.
Reading ANGLES parameters.
Reading DIHEDRALS parameters.
Reading NONBONDED parameters.
Reading from system PDB coordinate file:  	NPT_CClH2COH.pdb
Finished reading:                       	NPT_CClH2COH.pdb
Random number seed: 992716085
Warning: Dihedral is missing for CClH !

Molecules in PSF:
Molecule Kind: CClH
Idx	name	type	charge	mass
0	C1	A	-0.2400	12.0108
1	H1	B	0.0600	1.0079
2	H2	B	0.0600	1.0079
3	H3	B	0.0600	1.0079
4	H4	B	0.0600	1.0079

Bonds:
[0 1] [2 0] [3 0] [4 0] 

Angles:
[1 0 2] [1 0 3] [1 0 4] [2 0 3] [2 0 4] [3 0 4] 

Dihedrals:

Molecule Kind: COH
Idx	name	type	charge	mass
0	C1	F	0.1450	12.0108
1	O1	C	-0.6830	15.9994
2	H1	E	0.0400	1.0079
3	H2	E	0.0400	1.0079
4	H3	E	0.0400	1.0079
5	H4	D	0.4180	1.0079

Bonds:
[0 1] [2 0] [3 0] [4 0] [5 1] 

Angles:
[0 1 5] [1 0 2] [1 0 3] [1 0 4] [2 0 3] [2 0 4] [3 0 4] 

Dihedrals:
[2 0 1 5] [3 0 1 5] [4 0 1 5] 

Bonds parameter:
Atom Types                             Kb(K)           b0(A) 
A	B	                 171094.6637           1.0900 
B	A	                 171094.6637           1.0900 

F	C	                 161030.2717           1.4100 
E	F	                 171094.6637           1.0900 
D	C	                 278280.4382           0.9450 

Angles parameter:
Atom Types                         Ktheta(K)         theta0(degree) 
B	A	B	          16606.2468         107.8000 

F	C	D	          27677.0779         108.5000 
C	F	E	          17612.6860         109.5000 
E	F	E	          16606.2468         107.8000 

Dihedrals parameter:
Atom Types                           Kchi(K)    n    delta(degree) 
E	F	C	D	    226.4488    0     90.0000 
E	F	C	D	      0.0000    1    180.0000 
E	F	C	D	      0.0000    2      0.0000 
E	F	C	D	   -113.2244    3    180.0000 
E	F	C	D	      0.0000    4      0.0000 
E	F	C	D	      0.0000    5    180.0000 

NonBonded 1-4 parameters:
Type1  Type2             Epsilon(K)    Sigma(A)       N 
A      A                    16.6062      3.5000   12.00 
A      B                    11.1959      3.0000   12.00 
A      F                    16.6062      3.5000   12.00 
A      C                    26.6516      3.3100   12.00 
A      E                    11.1959      3.0000   12.00 
A      D                     0.0000      6.7500   12.00 
B      B                     7.5483      2.5000   12.00 
B      F                    11.1959      3.0000   12.00 
B      C                    17.9685      2.8100   12.00 
B      E                     7.5483      2.5000   12.00 
B      D                     0.0000      6.2500   12.00 
F      F                    16.6062      3.5000   12.00 
F      C                    26.6516      3.3100   12.00 
F      E                    11.1959      3.0000   12.00 
F      D                     0.0000      6.7500   12.00 
C      C                    42.7737      3.1200   12.00 
C      E                    17.9685      2.8100   12.00 
C      D                     0.0000      6.5600   12.00 
E      E                     7.5483      2.5000   12.00 
E      D                     0.0000      6.2500   12.00 
D      D                     0.0000     10.0000   12.00 

NonBonded parameters:
Type1  Type2             Epsilon(K)    Sigma(A)       N 
A      A                    33.2125      3.5000   12.00 
A      B                    22.3919      3.0000   12.00 
A      F                    33.2125      3.5000   12.00 
A      C                    53.3033      3.3100   12.00 
A      E                    22.3919      3.0000   12.00 
A      D                     0.0000      6.7500   12.00 
B      B                    15.0966      2.5000   12.00 
B      F                    22.3919      3.0000   12.00 
B      C                    35.9371      2.8100   12.00 
B      E                    15.0966      2.5000   12.00 
B      D                     0.0000      6.2500   12.00 
F      F                    33.2125      3.5000   12.00 
F      C                    53.3033      3.3100   12.00 
F      E                    22.3919      3.0000   12.00 
F      D                     0.0000      6.7500   12.00 
C      C                    85.5473      3.1200   12.00 
C      E                    35.9371      2.8100   12.00 
C      D                     0.0000      6.5600   12.00 
E      E                    15.0966      2.5000   12.00 
E      D                     0.0000      6.2500   12.00 
D      D                     0.0000     10.0000   12.00 

Info: Box  0:  Periodic Cell Basis 1     45.000   0.000   0.000 
Info: Box  0:  Periodic Cell Basis 2      0.000  45.000   0.000 
Info: Box  0:  Periodic Cell Basis 3      0.000   0.000  45.000 

Minimum coordinates in box 0: x =    1.971, y =    1.970, z =    1.922
Maximum coordinates in box 0: x =   43.032, y =   43.021, z =   43.018
Wrapping molecules inside the simulation box 0:
Box: 0, RecipVectors:   9402, kmax: 17

################################################################################
########################## INITIAL SIMULATION ENERGY ###########################

ETITLE:     STEP           TOTAL        INTRA(B)       INTRA(NB)       INTER(LJ)             LRC     TOTAL_ELECT            REAL           RECIP            SELF            CORR

ENER_0:        0      1.9560e+06      6.5134e+05      0.0000e+00      1.3446e+06     -3.4209e+04     -5.6652e+03      1.2130e+04      3.1807e+05     -1.1813e+07      1.1477e+07

STITLE:     STEP          VOLUME        PRESSURE     TOT_DENSITY

STAT_0:        0      9.1125e+04      2.3209e+04      4.3811e+02

################################################################################
############################# STARTING SIMULATION ##############################

MTITLE:     STEP          DISTRY       DISACCEPT      DISACCEPT%          DISMAX          ROTATE       ROTACCEPT      ROTACCEPT%          ROTMAX       INTRASWAP       INTACCEPT      INTACCEPT%        REGROWTH    REGROWACCEPT   REGROWACCEPT%      CRANKSHAFT  CRKSHAFTACCEPT CRKSHAFTACCEPT%          VOLUME       VOLACCEPT      VOLACCEPT%          VOLMAX

ETITLE:     STEP           TOTAL        INTRA(B)       INTRA(NB)       INTER(LJ)             LRC     TOTAL_ELECT            REAL           RECIP            SELF            CORR

STITLE:     STEP          VOLUME        PRESSURE     TOT_DENSITY

Printed combined psf to file Output_data_merged.psf
MOVE_0:     2500             382              53      1.3874e+01      4.2050e-01             397             193      4.8615e+01      7.1777e-01             675             182      2.6963e+01             772             211      2.7332e+01             250             121      4.8400e+01              24              15      6.2500e+01      7.0000e+02

ENER_0:     2500      4.8491e+05      7.5447e+05      0.0000e+00     -1.4787e+04     -3.2371e+04     -2.2241e+05     -1.4660e+05      2.5137e+05     -1.1813e+07      1.1486e+07

STAT_0:     2500      9.6300e+04      7.4113e+03      4.1457e+02

PRES_0:     2500      6.5484e+03      7.6379e+03      7.2594e+03

Checkpoint saved to checkpoint.dat
Steps/sec:  37.260, Simulation ends in:   0 d:   0 h:  11 m 

MOVE_0:     5000             791             276      3.4893e+01      3.6086e-01             791             409      5.1707e+01      9.3292e-01            1389             270      1.9438e+01            1510             404      2.6755e+01             468             233      4.9786e+01              51              26      5.0980e+01      3.2000e+02

ENER_0:     5000      8.5591e+04      7.8597e+05      0.0000e+00     -3.6625e+05     -3.1269e+04     -3.0286e+05     -2.1458e+05      2.3481e+05     -1.1813e+07      1.1490e+07

STAT_0:     5000      9.9693e+04      3.2675e+03      4.0046e+02

PRES_0:     5000      2.8473e+03      3.0097e+03      3.1748e+03

Checkpoint saved to checkpoint.dat
Steps/sec:  33.313, Simulation ends in:   0 d:   0 h:  10 m 

MOVE_0:     7500            1170             478      4.0855e+01      4.1272e-01            1168             619      5.2997e+01      1.1677e+00            2115             346      1.6359e+01            2256             583      2.5842e+01             708             358      5.0565e+01              83              41      4.9398e+01      2.4094e+02

ENER_0:     7500     -1.0736e+05      8.1737e+05      0.0000e+00     -5.1955e+05     -3.0672e+04     -3.7450e+05     -2.6986e+05      2.1591e+05     -1.1813e+07      1.1493e+07

STAT_0:     7500      1.0163e+05      1.3275e+03      3.9281e+02

PRES_0:     7500      1.1009e+03      1.1829e+03      9.3810e+02

Checkpoint saved to checkpoint.dat
Steps/sec:  29.094, Simulation ends in:   0 d:   0 h:   9 m 

MOVE_0:    10000            1557             672      4.3160e+01      4.2153e-01            1519             823      5.4180e+01      1.9990e+00            2856             401      1.4041e+01            2967             788      2.6559e+01             987             488      4.9443e+01             114              53      4.6491e+01      1.2289e+02

ENER_0:    10000     -1.8209e+05      8.3094e+05      0.0000e+00     -5.6212e+05     -3.0482e+04     -4.2042e+05     -3.0523e+05      2.0346e+05     -1.1813e+07      1.1495e+07

STAT_0:    10000      1.0227e+05      7.5185e+02      3.9037e+02

PRES_0:    10000      5.6724e+02      4.8756e+02      4.4316e+02

Checkpoint saved to checkpoint.dat
Steps/sec:  29.361, Simulation ends in:   0 d:   0 h:   8 m 

MOVE_0:    12500            1915             862      4.5013e+01      5.1504e-01            1872            1023      5.4647e+01      2.0374e+00            3559             449      1.2616e+01            3772             978      2.5928e+01            1244             623      5.0080e+01             138              73      5.2899e+01      3.4031e+02

ENER_0:    12500     -2.5128e+05      8.3155e+05      0.0000e+00     -5.9137e+05     -3.0378e+04     -4.6109e+05     -3.3998e+05      1.9639e+05     -1.1813e+07      1.1496e+07

STAT_0:    12500      1.0262e+05      3.5197e+02      3.8904e+02

PRES_0:    12500      2.1975e+02      7.5538e+00      7.2752e+01

Checkpoint saved to checkpoint.dat
Steps/sec:  35.333, Simulation ends in:   0 d:   0 h:   7 m 

MOVE_0:    15000            2296            1047      4.5601e+01      4.4393e-01            2221            1206      5.4300e+01      1.9046e+00            4323             489      1.1312e+01            4534            1175      2.5915e+01            1468             734      5.0000e+01             158              91      5.7595e+01      1.6133e+03

ENER_0:    15000     -3.0224e+05      8.2495e+05      0.0000e+00     -5.9517e+05     -3.0463e+04     -5.0155e+05     -3.7535e+05      1.9034e+05     -1.1813e+07      1.1497e+07

STAT_0:    15000      1.0233e+05      3.2429e+02      3.9013e+02

PRES_0:    15000      1.0288e+02     -4.2333e+01      1.5506e+02

Checkpoint saved to checkpoint.dat
Steps/sec:  39.455, Simulation ends in:   0 d:   0 h:   5 m 

MOVE_0:    17500            2665            1231      4.6191e+01      4.1425e-01            2570            1391      5.4125e+01      1.9080e+00            5089             533      1.0474e+01            5266            1366      2.5940e+01            1735             861      4.9625e+01             175             101      5.7714e+01      1.2906e+03

ENER_0:    17500     -3.1576e+05      8.4433e+05      0.0000e+00     -5.9233e+05     -3.0815e+04     -5.3694e+05     -4.0653e+05      1.8512e+05     -1.1813e+07      1.1498e+07

STAT_0:    17500      1.0116e+05      4.1033e+02      3.9464e+02

PRES_0:    17500      1.7418e+02      9.6607e+01      1.9705e+02

Checkpoint saved to checkpoint.dat
Steps/sec:  44.525, Simulation ends in:   0 d:   0 h:   4 m 

MOVE_0:    20000            3028            1414      4.6697e+01      4.5753e-01            2995            1639      5.4725e+01      1.8848e+00            5792             579      9.9965e+00            5998            1526      2.5442e+01            1992             980      4.9197e+01             195             110      5.6410e+01      1.1119e+03

ENER_0:    20000     -3.4314e+05      8.4352e+05      0.0000e+00     -6.0752e+05     -3.1084e+04     -5.4805e+05     -4.1923e+05      1.8596e+05     -1.1813e+07      1.1499e+07

STAT_0:    20000      1.0029e+05      3.6702e+02      3.9808e+02

PRES_0:    20000      9.5247e+01      9.2176e+01      1.4607e+02

Checkpoint saved to checkpoint.dat
Steps/sec:  40.903, Simulation ends in:   0 d:   0 h:   3 m 

MOVE_0:    22500            3423            1615      4.7181e+01      4.8044e-01            3374            1855      5.4979e+01      1.8805e+00            6484             618      9.5312e+00            6737            1704      2.5293e+01            2260            1121      4.9602e+01             222             127      5.7207e+01      1.7941e+03

ENER_0:    22500     -3.7165e+05      8.3927e+05      0.0000e+00     -6.0222e+05     -3.1384e+04     -5.7732e+05     -4.4149e+05      1.7865e+05     -1.1813e+07      1.1499e+07

STAT_0:    22500      9.9329e+04      4.5910e+02      4.0192e+02

PRES_0:    22500      1.0413e+02      2.4128e+02      2.5940e+02

Checkpoint saved to checkpoint.dat
Steps/sec:  33.055, Simulation ends in:   0 d:   0 h:   2 m 

MOVE_0:    25000            3824            1808      4.7280e+01      4.0585e-01            3739            2057      5.5015e+01      1.8725e+00            7249             669      9.2289e+00            7421            1865      2.5131e+01            2521            1256      4.9821e+01             246             138      5.6098e+01      1.1482e+03

ENER_0:    25000     -4.0164e+05      8.4428e+05      0.0000e+00     -6.1352e+05     -3.1799e+04     -6.0060e+05     -4.6389e+05      1.7709e+05     -1.1813e+07      1.1499e+07

STAT_0:    25000      9.8031e+04      4.2526e+02      4.0725e+02

PRES_0:    25000      1.2799e+02      7.2675e+01      2.9591e+02

Checkpoint saved to checkpoint.dat
Simulation Time (total): 7.0917e+02 sec.

Move Type                Mol. Kind      BOX_0      
% Accepted Displacement        CClH    48.33077 
% Accepted Displacement        COH     46.19073 
% Accepted Rotation            CClH    60.01068 
% Accepted Rotation            COH     50.00000 
% Accepted Volume-Transfer             56.09756 
% Accepted Intra-Swap          CClH    12.70412 
% Accepted Intra-Swap          COH      5.77558 
% Accepted Regrowth            CClH    24.65977 
% Accepted Regrowth            COH     25.59381 
% Accepted Crank-Shaft         CClH    21.26299 
% Accepted Crank-Shaft         COH     77.95276 

Displacement:                           15.4314    sec.
Rotation:                               15.5502    sec.
MultiParticle:                           0.0000    sec.
Intra-Swap:                             80.5857    sec.
Regrowth:                               62.9273    sec.
Intra-MEMC:                              0.0000    sec.
Crank-Shaft:                            20.0500    sec.
Vol-Transfer:                          495.1958    sec.

Info: GOMC Version 2.70
Info: Completed at: Sun Aug  8 19:14:58 2021
Info: On hostname: anushabhattacharyya-VirtualBox
