Info: GOMC Version 2.70
Info: Start Time: Sun Aug  8 05:37:53 2021
Info: Host Name: anushabhattacharyya-VirtualBox
CPU information:
Info: Total number of CPUs: 1
Info: Total number of CPUs available: 1
Info: Model name: AMD Ryzen 7 5800X 8-Core Processor
Info: System name: Linux
Info: Release: 5.11.0-25-generic
Info: Version: #27~20.04.1-Ubuntu SMP Tue Jul 13 17:41:23 UTC 2021
Info: Kernel Architecture: x86_64
Info: Total Ram: 23627.8MB
Info: Used Ram: 10033.8MB
Info: Working in the current directory: /home/anushabhattacharyya/Cl Alcohols-NVT/17-CCl3CCl2CH2COH
Info: GOMC COMPILED TO RUN CANONICAL (NVT) ENSEMBLE.
Info: Number of threads                  1 
Info: Compiled with OpenMP Version       4.5

Reading Input File:                      in_NVT.conf
Info: Random seed                        Active 
Info: PARAMETER file                     CHARMM format! 
Info: Input Temperature                  298.0000 K
Info: Non-truncated potential            Active 
Info: Long Range Correction              Active 
Info: Cutoff                             10.0000 A
Info: Short Range Cutoff                 1.0000 A
Info: Exclude                            ONE-THREE 
Info: Cache Ewald Fourier                Inactive 
Info: Ewald Summation Tolerance          1.000E-05 
Info: Pressure calculation frequency     500000 
Info: Total number of steps              50000000 
Info: Number of equilibration steps      500000 
Info: Move adjustment frequency          1000
Info: Displacement move frequency        0.1500 
Info: Rotation move frequency            0.1500 
Info: Intra-Swap move frequency          0.3000 
Warning: Unknown input SwapFreq!
Info: Regrowth move frequency            0.3000 
Info: Crank-Shaft move frequency         0.1000 
Warning: Unknown input VolFreq!
Info: Multi-Particle move frequency      0.0000 
Info: IntraMEMC-1 move frequency         0.0000 
Warning: Unknown input MEMC-1Freq!
Info: IntraMEMC-2 move frequency         0.0000 
Warning: Unknown input MEMC-2Freq!
Info: IntraMEMC-3 move frequency         0.0000 
Warning: Unknown input MEMC-3Freq!
Info: CBMC First atom trials             12   
Info: CBMC Secondary atom trials         10   
Info: CBMC Angle trials                  50   
Info: CBMC Dihedral trials               50   
Info: Output name                        Output_data 
Info: Restart frequency                  500000
Info: Checkpoint frequency               500000
Info: Coordinate frequency               500000 
Info: Console output frequency           500000 
Info: Average output frequency           500000 
Warning: Unknown input HistogramFreq!
Warning: Unknown input DistName!
Warning: Unknown input HistName!
Warning: Unknown input RunNumber!
Warning: Unknown input RunLetter!
Warning: Unknown input SampleFreq!
Warning: Unknown input OutMolNumber!
Warning: Unknown input OutVolume!
Warning: 1-4 Electrostatic scaling set, but will be ignored.
Finished Reading Input File:             in_NVT.conf

Reading from CHARMM-Style parameter file:  	NVT_CCl3CCl2CH2COH.inp
Reading BONDS parameters.
Reading ANGLES parameters.
Reading DIHEDRALS parameters.
Reading NONBONDED parameters.
Reading from system PDB coordinate file:  	NVT_CCl3CCl2CH2COH.pdb
Finished reading:                       	NVT_CCl3CCl2CH2COH.pdb
Random number seed: 3409697530
Warning: Dihedral is missing for CCl3 !
Warning: Dihedral is missing for CH3 !

Molecules in PSF:
Molecule Kind: CCl3
Idx	name	type	charge	mass
0	C1	D	-0.0060	12.0108
1	Cl1	C	-0.2000	35.4532
2	Cl2	C	-0.2000	35.4532
3	Cl3	C	-0.2000	35.4532
4	H1	E	0.1030	1.0079

Bonds:
[0 1] [2 0] [3 0] [4 0] 

Angles:
[1 0 2] [1 0 3] [1 0 4] [2 0 3] [2 0 4] [3 0 4] 

Dihedrals:

Molecule Kind: CH3
Idx	name	type	charge	mass
0	C1	A	-0.2400	12.0108
1	H1	B	0.0600	1.0079
2	H2	B	0.0600	1.0079
3	H3	B	0.0600	1.0079
4	H4	B	0.0600	1.0079

Bonds:
[0 1] [2 0] [3 0] [4 0] 

Angles:
[1 0 2] [1 0 3] [1 0 4] [2 0 3] [2 0 4] [3 0 4] 

Dihedrals:

Molecule Kind: COH
Idx	name	type	charge	mass
0	C1	I	0.1450	12.0108
1	O1	F	-0.6830	15.9994
2	H1	H	0.0400	1.0079
3	H2	H	0.0400	1.0079
4	H3	H	0.0400	1.0079
5	H4	G	0.4180	1.0079

Bonds:
[0 1] [2 0] [3 0] [4 0] [5 1] 

Angles:
[0 1 5] [1 0 2] [1 0 3] [1 0 4] [2 0 3] [2 0 4] [3 0 4] 

Dihedrals:
[2 0 1 5] [3 0 1 5] [4 0 1 5] 

Bonds parameter:
Atom Types                             Kb(K)           b0(A) 
D	C	                 123288.8018           1.7810 
C	D	                 123288.8018           1.7810 
E	D	                 171094.6637           1.0900 

A	B	                 171094.6637           1.0900 
B	A	                 171094.6637           1.0900 

I	F	                 161030.2717           1.4100 
H	I	                 171094.6637           1.0900 
G	F	                 278280.4382           0.9450 

Angles parameter:
Atom Types                         Ktheta(K)         theta0(degree) 
C	D	C	          39251.1287         111.7000 
C	D	E	          25664.1995         107.6000 

B	A	B	          16606.2468         107.8000 

I	F	G	          27677.0779         108.5000 
F	I	H	          17612.6860         109.5000 
H	I	H	          16606.2468         107.8000 

Dihedrals parameter:
Atom Types                           Kchi(K)    n    delta(degree) 
H	I	F	G	    226.4488    0     90.0000 
H	I	F	G	      0.0000    1    180.0000 
H	I	F	G	      0.0000    2      0.0000 
H	I	F	G	   -113.2244    3    180.0000 
H	I	F	G	      0.0000    4      0.0000 
H	I	F	G	      0.0000    5    180.0000 

Warning: Charge detected in CCl3 but Ewald Summaion method is disabled!

Warning: Charge detected in COH but Ewald Summaion method is disabled!

Warning: Charge detected in CH3 but Ewald Summaion method is disabled!

================================================

Warning: Sum of the charge in the system is: -65.8930

================================================
NonBonded 1-4 parameters:
Type1  Type2             Epsilon(K)    Sigma(A)       N 
D      D                    16.6062      3.5000   12.00 
D      C                    35.4046      3.4500   12.00 
D      E                    11.1959      3.0000   12.00 
D      I                    16.6062      3.5000   12.00 
D      F                    26.6516      3.3100   12.00 
D      H                    11.1959      3.0000   12.00 
D      G                     0.0000      6.7500   12.00 
D      A                    16.6062      3.5000   12.00 
D      B                    11.1959      3.0000   12.00 
C      C                    75.4829      3.4000   12.00 
C      E                    23.8698      2.9500   12.00 
C      I                    35.4046      3.4500   12.00 
C      F                    56.8215      3.2600   12.00 
C      H                    23.8698      2.9500   12.00 
C      G                     0.0000      6.7000   12.00 
C      A                    35.4046      3.4500   12.00 
C      B                    23.8698      2.9500   12.00 
E      E                     7.5483      2.5000   12.00 
E      I                    11.1959      3.0000   12.00 
E      F                    17.9685      2.8100   12.00 
E      H                     7.5483      2.5000   12.00 
E      G                     0.0000      6.2500   12.00 
E      A                    11.1959      3.0000   12.00 
E      B                     7.5483      2.5000   12.00 
I      I                    16.6062      3.5000   12.00 
I      F                    26.6516      3.3100   12.00 
I      H                    11.1959      3.0000   12.00 
I      G                     0.0000      6.7500   12.00 
I      A                    16.6062      3.5000   12.00 
I      B                    11.1959      3.0000   12.00 
F      F                    42.7737      3.1200   12.00 
F      H                    17.9685      2.8100   12.00 
F      G                     0.0000      6.5600   12.00 
F      A                    26.6516      3.3100   12.00 
F      B                    17.9685      2.8100   12.00 
H      H                     7.5483      2.5000   12.00 
H      G                     0.0000      6.2500   12.00 
H      A                    11.1959      3.0000   12.00 
H      B                     7.5483      2.5000   12.00 
G      G                     0.0000     10.0000   12.00 
G      A                     0.0000      6.7500   12.00 
G      B                     0.0000      6.2500   12.00 
A      A                    16.6062      3.5000   12.00 
A      B                    11.1959      3.0000   12.00 
B      B                     7.5483      2.5000   12.00 

NonBonded parameters:
Type1  Type2             Epsilon(K)    Sigma(A)       N 
D      D                    33.2125      3.5000   12.00 
D      C                    70.8093      3.4500   12.00 
D      E                    22.3919      3.0000   12.00 
D      I                    33.2125      3.5000   12.00 
D      F                    53.3033      3.3100   12.00 
D      H                    22.3919      3.0000   12.00 
D      G                     0.0000      6.7500   12.00 
D      A                    33.2125      3.5000   12.00 
D      B                    22.3919      3.0000   12.00 
C      C                   150.9659      3.4000   12.00 
C      E                    47.7396      2.9500   12.00 
C      I                    70.8093      3.4500   12.00 
C      F                   113.6430      3.2600   12.00 
C      H                    47.7396      2.9500   12.00 
C      G                     0.0000      6.7000   12.00 
C      A                    70.8093      3.4500   12.00 
C      B                    47.7396      2.9500   12.00 
E      E                    15.0966      2.5000   12.00 
E      I                    22.3919      3.0000   12.00 
E      F                    35.9371      2.8100   12.00 
E      H                    15.0966      2.5000   12.00 
E      G                     0.0000      6.2500   12.00 
E      A                    22.3919      3.0000   12.00 
E      B                    15.0966      2.5000   12.00 
I      I                    33.2125      3.5000   12.00 
I      F                    53.3033      3.3100   12.00 
I      H                    22.3919      3.0000   12.00 
I      G                     0.0000      6.7500   12.00 
I      A                    33.2125      3.5000   12.00 
I      B                    22.3919      3.0000   12.00 
F      F                    85.5473      3.1200   12.00 
F      H                    35.9371      2.8100   12.00 
F      G                     0.0000      6.5600   12.00 
F      A                    53.3033      3.3100   12.00 
F      B                    35.9371      2.8100   12.00 
H      H                    15.0966      2.5000   12.00 
H      G                     0.0000      6.2500   12.00 
H      A                    22.3919      3.0000   12.00 
H      B                    15.0966      2.5000   12.00 
G      G                     0.0000     10.0000   12.00 
G      A                     0.0000      6.7500   12.00 
G      B                     0.0000      6.2500   12.00 
A      A                    33.2125      3.5000   12.00 
A      B                    22.3919      3.0000   12.00 
B      B                    15.0966      2.5000   12.00 

Info: Box  0:  Periodic Cell Basis 1     45.000   0.000   0.000 
Info: Box  0:  Periodic Cell Basis 2      0.000  45.000   0.000 
Info: Box  0:  Periodic Cell Basis 3      0.000   0.000  45.000 

Minimum coordinates in box 0: x =    2.000, y =    2.006, z =    2.002
Maximum coordinates in box 0: x =   43.004, y =   43.018, z =   42.993
Wrapping molecules inside the simulation box 0:

################################################################################
########################## INITIAL SIMULATION ENERGY ###########################

ETITLE:     STEP           TOTAL        INTRA(B)       INTRA(NB)       INTER(LJ)             LRC     TOTAL_ELECT            REAL           RECIP            SELF            CORR

ENER_0:        0      2.5675e+06      2.1374e+05      0.0000e+00      2.3679e+06     -1.4080e+04      0.0000e+00      0.0000e+00      0.0000e+00      0.0000e+00      0.0000e+00

STITLE:     STEP        PRESSURE     TOT_DENSITY

STAT_0:        0      2.7313e+04      3.9976e+02

################################################################################
############################# STARTING SIMULATION ##############################

MTITLE:     STEP          DISTRY       DISACCEPT      DISACCEPT%          DISMAX          ROTATE       ROTACCEPT      ROTACCEPT%          ROTMAX       INTRASWAP       INTACCEPT      INTACCEPT%        REGROWTH    REGROWACCEPT   REGROWACCEPT%      CRANKSHAFT  CRKSHAFTACCEPT CRKSHAFTACCEPT%

ETITLE:     STEP           TOTAL        INTRA(B)       INTRA(NB)       INTER(LJ)             LRC     TOTAL_ELECT            REAL           RECIP            SELF            CORR

STITLE:     STEP        PRESSURE     TOT_DENSITY

Printed combined psf to file Output_data_merged.psf
MOVE_0:    500000           1523             643      4.2219e+01      9.4493e-01            1561            1069      6.8482e+01      2.5353e+00            2902             539      1.8573e+01            3043             872      2.8656e+01             971             462      4.7580e+01

ENER_0:    500000     5.5481e+04      3.5064e+05      0.0000e+00     -2.8108e+05     -1.4080e+04      0.0000e+00      0.0000e+00      0.0000e+00      0.0000e+00      0.0000e+00

STAT_0:    500000     4.2354e+01      3.9976e+02

PRES_0:    500000    -1.0225e+02     -1.1525e+02     -6.3390e+01

Checkpoint saved to checkpoint.dat
Steps/sec: 338.314, Simulation ends in:   0 d:   2 h:   5 m 

MOVE_0:    1000000          3085            1416      4.5900e+01      7.8015e-01            3121            2135      6.8408e+01      2.4465e+00            5792             983      1.6972e+01            6042            1798      2.9758e+01            1960             928      4.7347e+01

ENER_0:    1000000    5.0572e+04      3.6170e+05      0.0000e+00     -2.9705e+05     -1.4080e+04      0.0000e+00      0.0000e+00      0.0000e+00      0.0000e+00      0.0000e+00

STAT_0:    1000000   -1.7796e+01      3.9976e+02

PRES_0:    1000000   -1.6591e+02     -1.5694e+02     -1.3849e+02

Checkpoint saved to checkpoint.dat
Steps/sec: 339.461, Simulation ends in:   0 d:   1 h:   54 m 

MOVE_0:    1500000          4635            2203      4.7530e+01      7.9660e-01            4539            3100      6.8297e+01      2.4023e+00            8858            1465      1.6539e+01            9053            2695      2.9769e+01            2915            1367      4.6895e+01

ENER_0:    1500000    2.0613e+04      3.6017e+05      0.0000e+00     -3.2547e+05     -1.4080e+04      0.0000e+00      0.0000e+00      0.0000e+00      0.0000e+00      0.0000e+00

STAT_0:    1500000    2.8004e+01      3.9976e+02

PRES_0:    1500000   -9.3448e+01     -6.4009e+01     -1.6648e+02

Checkpoint saved to checkpoint.dat
Steps/sec: 408.085, Simulation ends in:   0 d:   1 h:   43 m 

MOVE_0:    2000000          6123            2953      4.8228e+01      8.3655e-01            6009            4076      6.7832e+01      2.3762e+00           11891            1879      1.5802e+01           12096            3569      2.9506e+01            3881            1815      4.6766e+01

ENER_0:    2000000    4.1187e+03      3.3620e+05      0.0000e+00     -3.1800e+05     -1.4080e+04      0.0000e+00      0.0000e+00      0.0000e+00      0.0000e+00      0.0000e+00

STAT_0:    2000000    1.5817e+02      3.9976e+02

PRES_0:    2000000   -7.1770e+00      6.6958e+01      6.7675e+00

Checkpoint saved to checkpoint.dat
Steps/sec: 320.437, Simulation ends in:   0 d:   1 h:   37 m 

MOVE_0:    2500000          7629            3720      4.8761e+01      8.7407e-01            7545            5090      6.7462e+01      2.4080e+00           14815            2265      1.5289e+01           15071            4391      2.9135e+01            4940            2288      4.6316e+01

ENER_0:    2500000    1.4558e+04      3.4868e+05      0.0000e+00     -3.2005e+05     -1.4080e+04      0.0000e+00      0.0000e+00      0.0000e+00      0.0000e+00      0.0000e+00

STAT_0:    2500000    6.3859e+01      3.9976e+02

PRES_0:    2500000   -1.1005e+02     -1.1429e+02      7.9719e+00

Checkpoint saved to checkpoint.dat
Steps/sec: 331.522, Simulation ends in:   0 d:   1 h:   13 m 

MOVE_0:    3000000          9125            4476      4.9052e+01      7.1864e-01            8993            6032      6.7074e+01      2.3238e+00           17873            2721      1.5224e+01           18093            5254      2.9039e+01            5916            2741      4.6332e+01

ENER_0:    3000000    1.1008e+04      3.5757e+05      0.0000e+00     -3.3248e+05     -1.4080e+04      0.0000e+00      0.0000e+00      0.0000e+00      0.0000e+00      0.0000e+00

STAT_0:    3000000    1.5966e+00      3.9976e+02

PRES_0:    3000000   -1.9567e+02     -1.5392e+02     -5.3573e+01

Checkpoint saved to checkpoint.dat
Steps/sec: 323.824, Simulation ends in:   0 d:   1 h:   2 m 

MOVE_0:    3500000         10623            5246      4.9383e+01      7.9877e-01           10552            7072      6.7020e+01      2.3800e+00           20882            3105      1.4869e+01           21066            6108      2.8995e+01            6877            3161      4.5965e+01

ENER_0:    3500000    1.1926e+04      3.5620e+05      0.0000e+00     -3.3019e+05     -1.4080e+04      0.0000e+00      0.0000e+00      0.0000e+00      0.0000e+00      0.0000e+00

STAT_0:    3500000    6.2572e+00      3.9976e+02

PRES_0:    3500000   -2.0463e+02     -1.6678e+01     -1.6787e+02

Checkpoint saved to checkpoint.dat
Steps/sec: 319.854, Simulation ends in:   0 d:   0 h:   51 m 

MOVE_0:    4000000         12178            6032      4.9532e+01      7.7402e-01           12010            8032      6.6878e+01      2.3547e+00           23907            3542      1.4816e+01           24073            6979      2.8991e+01            7832            3570      4.5582e+01

ENER_0:    4000000   -6.2655e+01      3.5902e+05      0.0000e+00     -3.4500e+05     -1.4080e+04      0.0000e+00      0.0000e+00      0.0000e+00      0.0000e+00      0.0000e+00

STAT_0:    4000000    1.4141e+01      3.9976e+02

PRES_0:    4000000   -1.0836e+02     -9.5911e+01     -1.6126e+02

Checkpoint saved to checkpoint.dat
Steps/sec: 319.120, Simulation ends in:   0 d:   0 h:   39 m 

MOVE_0:    4500000         13698            6803      4.9664e+01      7.9554e-01           13542            9043      6.6777e+01      2.3516e+00           26869            3913      1.4563e+01           27051            7881      2.9134e+01            8840            4013      4.5396e+01

ENER_0:    4500000    1.3756e+04      3.6087e+05      0.0000e+00     -3.3304e+05     -1.4080e+04      0.0000e+00      0.0000e+00      0.0000e+00      0.0000e+00      0.0000e+00

STAT_0:    4500000    6.2087e+01      3.9976e+02

PRES_0:    4500000   -4.9375e+01     -9.2241e+01     -8.0073e+01

Checkpoint saved to checkpoint.dat
Steps/sec: 322.703, Simulation ends in:   0 d:   0 h:   17 m 

MOVE_0:   50000000         15242            7596      4.9836e+01      9.0520e-01           15054           10033      6.6647e+01      2.3118e+00           29809            4322      1.4499e+01           30047            8791      2.9257e+01            9848            4452      4.5207e+01

ENER_0:   50000000    4.5269e+03      3.6794e+05      0.0000e+00     -3.4934e+05     -1.4080e+04      0.0000e+00      0.0000e+00      0.0000e+00      0.0000e+00      0.0000e+00

STAT_0:   50000000    5.3015e+01      3.9976e+02

PRES_0:   50000000   -8.8431e+01     -8.6215e+01     -7.4258e+01

Checkpoint saved to checkpoint.dat
Simulation Time (total): 7.5980e+03 sec.

Move Type                Mol. Kind      BOX_0      
% Accepted Displacement        CCl3    49.73368 
% Accepted Displacement        COH     49.81057 
% Accepted Displacement        CH3     49.96123 
% Accepted Rotation            CCl3    50.82561 
% Accepted Rotation            COH     67.39611 
% Accepted Rotation            CH3     81.30018 
% Accepted Intra-Swap          CCl3     5.58923 
% Accepted Intra-Swap          COH     17.14257 
% Accepted Intra-Swap          CH3     20.51051 
% Accepted Regrowth            CCl3    18.38435 
% Accepted Regrowth            COH     39.48566 
% Accepted Regrowth            CH3     29.75331 
% Accepted Crank-Shaft         CCl3    19.28005 
% Accepted Crank-Shaft         COH     89.86336 
% Accepted Crank-Shaft         CH3     28.98043 

Displacement:                            6.7931    sec.
Rotation:                                6.4588    sec.
MultiParticle:                           0.0000    sec.
Intra-Swap:                            142.3563    sec.
Regrowth:                              109.3261    sec.
Intra-MEMC:                              0.0000    sec.
Crank-Shaft:                            33.8595    sec.

Info: GOMC Version 2.70
Info: Completed at: Sun Aug  8 05:42:53 2021
Info: On hostname: anushabhattacharyya-VirtualBox
