Info: GOMC Version 2.70
Info: Start Time: Mon Aug  9 03:49:43 2021
Info: Host Name: anushabhattacharyya-VirtualBox
CPU information:
Info: Total number of CPUs: 1
Info: Total number of CPUs available: 1
Info: Model name: AMD Ryzen 7 5800X 8-Core Processor
Info: System name: Linux
Info: Release: 5.11.0-25-generic
Info: Version: #27~20.04.1-Ubuntu SMP Tue Jul 13 17:41:23 UTC 2021
Info: Kernel Architecture: x86_64
Info: Total Ram: 23627.8MB
Info: Used Ram: 11685.4MB
Info: Working in the current directory: /home/anushabhattacharyya/Cl Alcohols-NPT/28-CH3CH2CClHCH2CHOHCH2CH3
Info: GOMC COMPILED TO RUN ISOBARIC-ISOTHERMAL ENSEMBLE.
Info: Number of threads                  1 
Info: Compiled with OpenMP Version       4.5

Reading Input File:                      in_NPT.conf
Info: Random seed                        Active 
Info: PARAMETER file                     CHARMM format! 
Info: Input Temperature                  298.0000 K
Info: Input Pressure                     410.0000 bar
Info: Volume change using constant ratio.
Info: Non-truncated potential            Active 
Info: Long Range Correction              Active 
Info: Cutoff                             10.0000 A
Info: Short Range Cutoff                 1.0000 A
Info: Exclude                            ONE-FOUR 
Info: Ewald Summation                    Active 
Info: Cache Ewald Fourier                Inactive 
Info: Ewald Summation Tolerance          1.000E-05 
Info: Pressure calculation frequency     2500 
Info: Total number of steps              25000 
Info: Number of equilibration steps      2500 
Info: Move adjustment frequency          1000 
Info: Displacement move frequency        0.1500 
Info: Rotation move frequency            0.1500 
Info: Intra-Swap move frequency          0.2900 
Warning: Unknown input SwapFreq!
Info: Regrowth move frequency            0.3000 
Info: Crank-Shaft move frequency         0.1000 
Info: Volume move frequency              0.0100 
Info: Multi-Particle move frequency      0.0000 
Info: IntraMEMC-1 move frequency         0.0000 
Warning: Unknown input MEMC-1Freq!
Info: IntraMEMC-2 move frequency         0.0000 
Warning: Unknown input MEMC-2Freq!
Info: IntraMEMC-3 move frequency         0.0000 
Warning: Unknown input MEMC-3Freq!
Info: CBMC First atom trials             12   
Info: CBMC Secondary atom trials         10   
Info: CBMC Angle trials                  50   
Info: CBMC Dihedral trials               50   
Info: Output name                        Output_data 
Info: Restart frequency                  2500 
Info: Checkpoint frequency               2500 
Info: Coordinate frequency               2500 
Info: Console output frequency           2500 
Info: Average output frequency           2500 
Warning: Unknown input HistogramFreq!
Warning: Unknown input DistName!
Warning: Unknown input HistName!
Warning: Unknown input RunNumber!
Warning: Unknown input RunLetter!
Warning: Unknown input SampleFreq!
Warning: Unknown input OutMolNumber!
Default: Box  0  CutoffCoulomb           10.0000 A
Finished Reading Input File:             in_NPT.conf

Reading from CHARMM-Style parameter file:  	NPT_CH3CH2CClHCH2CHOHCH2CH3_file.inp
Reading BONDS parameters.
Reading ANGLES parameters.
Reading DIHEDRALS parameters.
Reading NONBONDED parameters.
Reading from system PDB coordinate file:  	NPT_CH3CH2CClHCH2CHOHCH2CH3.pdb
Finished reading:                       	NPT_CH3CH2CClHCH2CHOHCH2CH3.pdb
Random number seed: 3081361710
Warning: Dihedral is missing for CClH !
Warning: Dihedral is missing for CH3 !

Molecules in PSF:
Molecule Kind: CClH
Idx	name	type	charge	mass
0	C1	D	-0.0060	12.0108
1	Cl1	C	-0.2000	35.4532
2	H1	E	0.1030	1.0079
3	H2	E	0.1030	1.0079
4	H3	E	0.1030	1.0079

Bonds:
[0 1] [2 0] [3 0] [4 0] 

Angles:
[1 0 2] [1 0 3] [1 0 4] [2 0 3] [2 0 4] [3 0 4] 

Dihedrals:

Molecule Kind: CH3
Idx	name	type	charge	mass
0	C1	A	-0.2400	12.0108
1	H1	B	0.0600	1.0079
2	H2	B	0.0600	1.0079
3	H3	B	0.0600	1.0079
4	H4	B	0.0600	1.0079

Bonds:
[0 1] [2 0] [3 0] [4 0] 

Angles:
[1 0 2] [1 0 3] [1 0 4] [2 0 3] [2 0 4] [3 0 4] 

Dihedrals:

Molecule Kind: COH
Idx	name	type	charge	mass
0	C1	I	0.1450	12.0108
1	O1	F	-0.6830	15.9994
2	H1	H	0.0400	1.0079
3	H2	H	0.0400	1.0079
4	H3	H	0.0400	1.0079
5	H4	G	0.4180	1.0079

Bonds:
[0 1] [2 0] [3 0] [4 0] [5 1] 

Angles:
[0 1 5] [1 0 2] [1 0 3] [1 0 4] [2 0 3] [2 0 4] [3 0 4] 

Dihedrals:
[2 0 1 5] [3 0 1 5] [4 0 1 5] 

Bonds parameter:
Atom Types                             Kb(K)           b0(A) 
D	C	                 123288.8018           1.7810 
E	D	                 171094.6637           1.0900 

A	B	                 171094.6637           1.0900 
B	A	                 171094.6637           1.0900 

I	F	                 161030.2717           1.4100 
H	I	                 171094.6637           1.0900 
G	F	                 278280.4382           0.9450 

Angles parameter:
Atom Types                         Ktheta(K)         theta0(degree) 
C	D	E	          25664.1995         107.6000 
E	D	E	          16606.2468         107.8000 

B	A	B	          16606.2468         107.8000 

I	F	G	          27677.0779         108.5000 
F	I	H	          17612.6860         109.5000 
H	I	H	          16606.2468         107.8000 

Dihedrals parameter:
Atom Types                           Kchi(K)    n    delta(degree) 
H	I	F	G	    226.4488    0     90.0000 
H	I	F	G	      0.0000    1    180.0000 
H	I	F	G	      0.0000    2      0.0000 
H	I	F	G	   -113.2244    3    180.0000 
H	I	F	G	      0.0000    4      0.0000 
H	I	F	G	      0.0000    5    180.0000 

================================================

Warning: Sum of the charge in the system is: 51.5000

================================================
NonBonded 1-4 parameters:
Type1  Type2             Epsilon(K)    Sigma(A)       N 
D      D                    16.6062      3.5000   12.00 
D      C                    35.4046      3.4500   12.00 
D      E                    11.1959      3.0000   12.00 
D      I                    16.6062      3.5000   12.00 
D      F                    26.6516      3.3100   12.00 
D      H                    11.1959      3.0000   12.00 
D      G                     0.0000      6.7500   12.00 
D      A                    16.6062      3.5000   12.00 
D      B                    11.1959      3.0000   12.00 
C      C                    75.4829      3.4000   12.00 
C      E                    23.8698      2.9500   12.00 
C      I                    35.4046      3.4500   12.00 
C      F                    56.8215      3.2600   12.00 
C      H                    23.8698      2.9500   12.00 
C      G                     0.0000      6.7000   12.00 
C      A                    35.4046      3.4500   12.00 
C      B                    23.8698      2.9500   12.00 
E      E                     7.5483      2.5000   12.00 
E      I                    11.1959      3.0000   12.00 
E      F                    17.9685      2.8100   12.00 
E      H                     7.5483      2.5000   12.00 
E      G                     0.0000      6.2500   12.00 
E      A                    11.1959      3.0000   12.00 
E      B                     7.5483      2.5000   12.00 
I      I                    16.6062      3.5000   12.00 
I      F                    26.6516      3.3100   12.00 
I      H                    11.1959      3.0000   12.00 
I      G                     0.0000      6.7500   12.00 
I      A                    16.6062      3.5000   12.00 
I      B                    11.1959      3.0000   12.00 
F      F                    42.7737      3.1200   12.00 
F      H                    17.9685      2.8100   12.00 
F      G                     0.0000      6.5600   12.00 
F      A                    26.6516      3.3100   12.00 
F      B                    17.9685      2.8100   12.00 
H      H                     7.5483      2.5000   12.00 
H      G                     0.0000      6.2500   12.00 
H      A                    11.1959      3.0000   12.00 
H      B                     7.5483      2.5000   12.00 
G      G                     0.0000     10.0000   12.00 
G      A                     0.0000      6.7500   12.00 
G      B                     0.0000      6.2500   12.00 
A      A                    16.6062      3.5000   12.00 
A      B                    11.1959      3.0000   12.00 
B      B                     7.5483      2.5000   12.00 

NonBonded parameters:
Type1  Type2             Epsilon(K)    Sigma(A)       N 
D      D                    33.2125      3.5000   12.00 
D      C                    70.8093      3.4500   12.00 
D      E                    22.3919      3.0000   12.00 
D      I                    33.2125      3.5000   12.00 
D      F                    53.3033      3.3100   12.00 
D      H                    22.3919      3.0000   12.00 
D      G                     0.0000      6.7500   12.00 
D      A                    33.2125      3.5000   12.00 
D      B                    22.3919      3.0000   12.00 
C      C                   150.9659      3.4000   12.00 
C      E                    47.7396      2.9500   12.00 
C      I                    70.8093      3.4500   12.00 
C      F                   113.6430      3.2600   12.00 
C      H                    47.7396      2.9500   12.00 
C      G                     0.0000      6.7000   12.00 
C      A                    70.8093      3.4500   12.00 
C      B                    47.7396      2.9500   12.00 
E      E                    15.0966      2.5000   12.00 
E      I                    22.3919      3.0000   12.00 
E      F                    35.9371      2.8100   12.00 
E      H                    15.0966      2.5000   12.00 
E      G                     0.0000      6.2500   12.00 
E      A                    22.3919      3.0000   12.00 
E      B                    15.0966      2.5000   12.00 
I      I                    33.2125      3.5000   12.00 
I      F                    53.3033      3.3100   12.00 
I      H                    22.3919      3.0000   12.00 
I      G                     0.0000      6.7500   12.00 
I      A                    33.2125      3.5000   12.00 
I      B                    22.3919      3.0000   12.00 
F      F                    85.5473      3.1200   12.00 
F      H                    35.9371      2.8100   12.00 
F      G                     0.0000      6.5600   12.00 
F      A                    53.3033      3.3100   12.00 
F      B                    35.9371      2.8100   12.00 
H      H                    15.0966      2.5000   12.00 
H      G                     0.0000      6.2500   12.00 
H      A                    22.3919      3.0000   12.00 
H      B                    15.0966      2.5000   12.00 
G      G                     0.0000     10.0000   12.00 
G      A                     0.0000      6.7500   12.00 
G      B                     0.0000      6.2500   12.00 
A      A                    33.2125      3.5000   12.00 
A      B                    22.3919      3.0000   12.00 
B      B                    15.0966      2.5000   12.00 

Info: Box  0:  Periodic Cell Basis 1     45.000   0.000   0.000 
Info: Box  0:  Periodic Cell Basis 2      0.000  45.000   0.000 
Info: Box  0:  Periodic Cell Basis 3      0.000   0.000  45.000 

Minimum coordinates in box 0: x =    1.929, y =    1.949, z =    1.900
Maximum coordinates in box 0: x =   43.097, y =   43.090, z =   43.061
Wrapping molecules inside the simulation box 0:
Box: 0, RecipVectors:   9402, kmax: 17

################################################################################
########################## INITIAL SIMULATION ENERGY ###########################

ETITLE:     STEP           TOTAL        INTRA(B)       INTRA(NB)       INTER(LJ)             LRC     TOTAL_ELECT            REAL           RECIP            SELF            CORR

ENER_0:        0      2.7088e+07      8.1006e+05      0.0000e+00      2.6237e+07     -1.0575e+05      1.4673e+05      3.4023e+04      8.6102e+05     -1.2962e+07      1.2214e+07

STITLE:     STEP          VOLUME        PRESSURE     TOT_DENSITY

STAT_0:        0      9.1125e+04      2.5498e+05      8.9812e+02

################################################################################
############################# STARTING SIMULATION ##############################

MTITLE:     STEP          DISTRY       DISACCEPT      DISACCEPT%          DISMAX          ROTATE       ROTACCEPT      ROTACCEPT%          ROTMAX       INTRASWAP       INTACCEPT      INTACCEPT%        REGROWTH    REGROWACCEPT   REGROWACCEPT%      CRANKSHAFT  CRKSHAFTACCEPT CRKSHAFTACCEPT%          VOLUME       VOLACCEPT      VOLACCEPT%          VOLMAX

ETITLE:     STEP           TOTAL        INTRA(B)       INTRA(NB)       INTER(LJ)             LRC     TOTAL_ELECT            REAL           RECIP            SELF            CORR

STITLE:     STEP          VOLUME        PRESSURE     TOT_DENSITY

Printed combined psf to file Output_data_merged.psf
MOVE_0:     2500             338              52      1.5385e+01      2.5179e-01             431             166      3.8515e+01      3.8981e-01             721             242      3.3564e+01             711             209      2.9395e+01             266             104      3.9098e+01              33              17      5.1515e+01      6.2821e+02

ENER_0:     2500      1.0032e+07      1.1057e+06      0.0000e+00      9.2680e+06     -1.0138e+05     -2.4039e+05     -8.9797e+04      5.8759e+05     -1.2962e+07      1.2224e+07

STAT_0:     2500      9.5053e+04      1.0117e+05      8.6101e+02

PRES_0:     2500      1.0473e+05      1.0398e+05      9.4064e+04

Checkpoint saved to checkpoint.dat
Steps/sec:  20.410, Simulation ends in:   0 d:   0 h:  19 m 

MOVE_0:     5000             705             216      3.0638e+01      1.5976e-01             807             361      4.4734e+01      4.0889e-01            1447             324      2.2391e+01            1479             419      2.8330e+01             516             204      3.9535e+01              46              21      4.5652e+01      2.0940e+02

ENER_0:     5000      5.7941e+06      1.2496e+06      0.0000e+00      5.0110e+06     -1.0099e+05     -3.6555e+05     -1.6080e+05      5.2927e+05     -1.2962e+07      1.2228e+07

STAT_0:     5000      9.5420e+04      6.5490e+04      8.5770e+02

PRES_0:     5000      6.6789e+04      6.5049e+04      6.3893e+04

Checkpoint saved to checkpoint.dat
Steps/sec:  38.496, Simulation ends in:   0 d:   0 h:  13 m 

MOVE_0:     7500            1040             387      3.7212e+01      1.6966e-01            1213             562      4.6331e+01      3.7846e-01            2159             364      1.6860e+01            2269             608      2.6796e+01             752             285      3.7899e+01              67              34      5.0746e+01      2.7920e+02

ENER_0:     7500      3.6380e+06      1.2975e+06      0.0000e+00      2.8689e+06     -9.9195e+04     -4.2918e+05     -2.0529e+05      5.0782e+05     -1.2962e+07      1.2230e+07

STAT_0:     7500      9.7142e+04      4.5614e+04      8.4249e+02

PRES_0:     7500      4.6984e+04      4.4382e+04      4.4735e+04

Checkpoint saved to checkpoint.dat
Steps/sec:  28.146, Simulation ends in:   0 d:   0 h:  11 m 

MOVE_0:    10000            1393             554      3.9770e+01      1.3802e-01            1554             739      4.7555e+01      3.9493e-01            2902             382      1.3163e+01            3052             810      2.6540e+01            1013             385      3.8006e+01              86              45      5.2326e+01      6.2045e+02

ENER_0:    10000      2.1052e+06      1.3259e+06      0.0000e+00      1.3665e+06     -9.6997e+04     -4.9020e+05     -2.4445e+05      4.8401e+05     -1.2962e+07      1.2232e+07

STAT_0:    10000      9.9344e+04      3.1296e+04      8.2381e+02

PRES_0:    10000      3.0950e+04      3.1974e+04      3.0221e+04

Checkpoint saved to checkpoint.dat
Steps/sec:  29.397, Simulation ends in:   0 d:   0 h:  10 m 

MOVE_0:    12500            1755             750      4.2735e+01      1.7497e-01            1956             953      4.8722e+01      4.7508e-01            3612             404      1.1185e+01            3831             989      2.5816e+01            1236             468      3.7864e+01             110              55      5.0000e+01      4.1363e+02

ENER_0:    12500      9.8458e+05      1.3338e+06      0.0000e+00      2.5442e+05     -9.4140e+04     -5.0953e+05     -2.4399e+05      4.6240e+05     -1.2962e+07      1.2234e+07

STAT_0:    12500      1.0236e+05      2.0837e+04      7.9955e+02

PRES_0:    12500      2.0350e+04      2.1438e+04      1.9978e+04

Checkpoint saved to checkpoint.dat
Steps/sec:  24.825, Simulation ends in:   0 d:   0 h:   8 m 

MOVE_0:    15000            2117             939      4.4355e+01      1.7307e-01            2340            1164      4.9744e+01      5.8830e-01            4354             421      9.6693e+00            4583            1134      2.4744e+01            1468             550      3.7466e+01             138              68      4.9275e+01      1.2513e+02

ENER_0:    15000      2.9319e+05      1.3507e+06      0.0000e+00     -4.3151e+05     -9.1304e+04     -5.3466e+05     -2.4528e+05      4.3692e+05     -1.2962e+07      1.2236e+07

STAT_0:    15000      1.0554e+05      1.3900e+04      7.7547e+02

PRES_0:    15000      1.2829e+04      1.4844e+04      1.3283e+04

Checkpoint saved to checkpoint.dat
Steps/sec:  21.746, Simulation ends in:   0 d:   0 h:   7 m 

MOVE_0:    17500            2483            1123      4.5228e+01      1.7896e-01            2715            1336      4.9208e+01      4.9674e-01            5067             435      8.5850e+00            5351            1275      2.3827e+01            1724             653      3.7877e+01             160              79      4.9375e+01      1.1123e+02

ENER_0:    17500      2.3307e+04      1.3308e+06      0.0000e+00     -6.4855e+05     -9.0855e+04     -5.6811e+05     -2.6473e+05      4.2296e+05     -1.2962e+07      1.2236e+07

STAT_0:    17500      1.0606e+05      1.1978e+04      7.7165e+02

PRES_0:    17500      1.0967e+04      1.2799e+04      1.1425e+04

Checkpoint saved to checkpoint.dat
Steps/sec:  25.660, Simulation ends in:   0 d:   0 h:   5 m 

MOVE_0:    20000            2873            1333      4.6397e+01      1.9874e-01            3080            1530      4.9675e+01      5.2139e-01            5816             442      7.5997e+00            6036            1403      2.3244e+01            1998             747      3.7387e+01             197              96      4.8731e+01      7.3129e+01

ENER_0:    20000     -2.0387e+05      1.3248e+06      0.0000e+00     -8.2886e+05     -9.0033e+04     -6.0973e+05     -2.8681e+05      4.0390e+05     -1.2962e+07      1.2235e+07

STAT_0:    20000      1.0703e+05      1.0128e+04      7.6467e+02

PRES_0:    20000      9.2039e+03      1.0963e+04      9.4742e+03

Checkpoint saved to checkpoint.dat
Steps/sec:  17.326, Simulation ends in:   0 d:   0 h:   4 m 

MOVE_0:    22500            3248            1523      4.6890e+01      2.1926e-01            3445            1717      4.9840e+01      5.2929e-01            6577             450      6.8420e+00            6782            1543      2.2751e+01            2229             836      3.7506e+01             219             107      4.8858e+01      7.8004e+01

ENER_0:    22500     -3.5793e+05      1.3381e+06      0.0000e+00     -9.6394e+05     -8.9666e+04     -6.4244e+05     -3.0748e+05      3.9114e+05     -1.2962e+07      1.2236e+07

STAT_0:    22500      1.0747e+05      8.8327e+03      7.6155e+02

PRES_0:    22500      7.7983e+03      9.4064e+03      8.5504e+03

Checkpoint saved to checkpoint.dat
Steps/sec:  25.216, Simulation ends in:   0 d:   0 h:   2 m 

MOVE_0:    25000            3659            1726      4.7171e+01      1.9066e-01            3801            1899      4.9961e+01      5.5726e-01            7284             456      6.2603e+00            7530            1692      2.2470e+01            2482             924      3.7228e+01             244             120      4.9180e+01      7.5604e+01

ENER_0:    25000     -5.3378e+05      1.3122e+06      0.0000e+00     -1.0752e+06     -8.9222e+04     -6.8155e+05     -3.3602e+05      3.8044e+05     -1.2962e+07      1.2236e+07

STAT_0:    25000      1.0800e+05      7.7868e+03      7.5778e+02

PRES_0:    25000      6.8540e+03      8.3625e+03      7.4012e+03

Checkpoint saved to checkpoint.dat
Simulation Time (total): 1.0261e+03 sec.

Move Type                Mol. Kind      BOX_0      
% Accepted Displacement        CClH    46.45161 
% Accepted Displacement        COH     46.91667 
% Accepted Displacement        CH3     48.15422 
% Accepted Rotation            CClH    49.44532 
% Accepted Rotation            COH     50.00000 
% Accepted Rotation            CH3     50.43547 
% Accepted Volume-Transfer             49.18033 
% Accepted Intra-Swap          CClH     7.17564 
% Accepted Intra-Swap          COH      5.44574 
% Accepted Intra-Swap          CH3      6.18771 
% Accepted Regrowth            CClH    17.16535 
% Accepted Regrowth            COH     29.28970 
% Accepted Regrowth            CH3     21.01449 
% Accepted Crank-Shaft         CClH    18.71275 
% Accepted Crank-Shaft         COH     72.79236 
% Accepted Crank-Shaft         CH3     19.50311 

Displacement:                           15.7526    sec.
Rotation:                               16.7774    sec.
MultiParticle:                           0.0000    sec.
Intra-Swap:                             97.1181    sec.
Regrowth:                               81.6405    sec.
Intra-MEMC:                              0.0000    sec.
Crank-Shaft:                            25.5134    sec.
Vol-Transfer:                          758.5145    sec.

Info: GOMC Version 2.70
Info: Completed at: Mon Aug  9 04:07:01 2021
Info: On hostname: anushabhattacharyya-VirtualBox
