Info: GOMC Version 2.70
Info: Start Time: Sun Aug  8 04:21:11 2021
Info: Host Name: anushabhattacharyya-VirtualBox
CPU information:
Info: Total number of CPUs: 1
Info: Total number of CPUs available: 1
Info: Model name: AMD Ryzen 7 5800X 8-Core Processor
Info: System name: Linux
Info: Release: 5.11.0-25-generic
Info: Version: #27~20.04.1-Ubuntu SMP Tue Jul 13 17:41:23 UTC 2021
Info: Kernel Architecture: x86_64
Info: Total Ram: 23627.8MB
Info: Used Ram: 11478.3MB
Info: Working in the current directory: /home/anushabhattacharyya/Cl Alcohols-NVT/8-CCl3COHCH3CCl3
Info: GOMC COMPILED TO RUN CANONICAL (NVT) ENSEMBLE.
Info: Number of threads                  1 
Info: Compiled with OpenMP Version       4.5

Reading Input File:                      in_NVT.conf
Info: Random seed                        Active 
Info: PARAMETER file                     CHARMM format! 
Info: Input Temperature                  298.0000 K
Info: Non-truncated potential            Active 
Info: Long Range Correction              Active 
Info: Cutoff                             10.0000 A
Info: Short Range Cutoff                 1.0000 A
Info: Exclude                            ONE-THREE 
Info: Cache Ewald Fourier                Inactive 
Info: Ewald Summation Tolerance          1.000E-05 
Info: Pressure calculation frequency     500000 
Info: Total number of steps              50000000 
Info: Number of equilibration steps      500000 
Info: Move adjustment frequency          1000 
Info: Displacement move frequency        0.1500 
Info: Rotation move frequency            0.1500 
Info: Intra-Swap move frequency          0.3000 
Warning: Unknown input SwapFreq!
Info: Regrowth move frequency            0.3000 
Info: Crank-Shaft move frequency         0.1000 
Warning: Unknown input VolFreq!
Info: Multi-Particle move frequency      0.0000 
Info: IntraMEMC-1 move frequency         0.0000 
Warning: Unknown input MEMC-1Freq!
Info: IntraMEMC-2 move frequency         0.0000 
Warning: Unknown input MEMC-2Freq!
Info: IntraMEMC-3 move frequency         0.0000 
Warning: Unknown input MEMC-3Freq!
Info: CBMC First atom trials             12   
Info: CBMC Secondary atom trials         10   
Info: CBMC Angle trials                  50   
Info: CBMC Dihedral trials               50   
Info: Output name                        Output_data 
Info: Restart frequency                  500000
Info: Checkpoint frequency               500000
Info: Coordinate frequency               500000 
Info: Console output frequency           500000 
Info: Average output frequency           500000 
Warning: Unknown input HistogramFreq!
Warning: Unknown input DistName!
Warning: Unknown input HistName!
Warning: Unknown input RunNumber!
Warning: Unknown input RunLetter!
Warning: Unknown input SampleFreq!
Warning: Unknown input OutMolNumber!
Warning: Unknown input OutVolume!
Warning: 1-4 Electrostatic scaling set, but will be ignored.
Finished Reading Input File:             in_NVT.conf

Reading from CHARMM-Style parameter file:  	NVT_CCl3COHCH3CCl3_file.inp
Reading BONDS parameters.
Reading ANGLES parameters.
Reading DIHEDRALS parameters.
Reading NONBONDED parameters.
Reading from system PDB coordinate file:  	NVT_CCCl3COHCH3CCl3.pdb
Finished reading:                       	NVT_CCCl3COHCH3CCl3.pdb
Random number seed: 4187781351
Warning: Dihedral is missing for CClH !

Molecules in PSF:
Molecule Kind: CClH
Idx	name	type	charge	mass
0	C1	D	-0.0060	12.0108
1	Cl1	C	-0.2000	35.4532
2	Cl2	C	-0.2000	35.4532
3	Cl3	C	-0.2000	35.4532
4	H1	E	0.1030	1.0079

Bonds:
[0 1] [2 0] [3 0] [4 0] 

Angles:
[1 0 2] [1 0 3] [1 0 4] [2 0 3] [2 0 4] [3 0 4] 

Dihedrals:

Molecule Kind: COH
Idx	name	type	charge	mass
0	C1	A	-0.1800	12.0108
1	C2	H	0.1450	12.0108
2	O1	F	-0.6830	15.9994
3	H1	B	0.0600	1.0079
4	H2	B	0.0600	1.0079
5	H3	B	0.0600	1.0079
6	H4	B	0.0600	1.0079
7	H5	B	0.0600	1.0079
8	H6	G	0.4180	1.0079

Bonds:
[0 1] [2 1] [3 0] [4 0] [5 0] [6 1] [7 1] [8 2] 

Angles:
[0 1 2] [0 1 6] [0 1 7] [1 0 3] [1 0 4] [1 0 5] [1 2 8] 
[2 1 6] [2 1 7] [3 0 4] [3 0 5] [4 0 5] [6 1 7] 

Dihedrals:
[0 1 2 8] [2 1 0 3] [2 1 0 4] [2 1 0 5] [3 0 1 6] 
[3 0 1 7] [4 0 1 6] [4 0 1 7] [5 0 1 6] [5 0 1 7] 
[6 1 2 8] [7 1 2 8] 

Bonds parameter:
Atom Types                             Kb(K)           b0(A) 
D	C	                 123288.8018           1.7810 
C	D	                 123288.8018           1.7810 
E	D	                 171094.6637           1.0900 

A	H	                 134862.8525           1.5290 
F	H	                 161030.2717           1.4100 
B	A	                 171094.6637           1.0900 
B	H	                 171094.6637           1.0900 
G	F	                 278280.4382           0.9450 

Angles parameter:
Atom Types                         Ktheta(K)         theta0(degree) 
C	D	C	          39251.1287         111.7000 
C	D	E	          25664.1995         107.6000 

A	H	F	          25160.9799         109.5000 
A	H	B	          18870.7350         110.7000 
H	A	B	          18870.7350         110.7000 
H	F	G	          27677.0779         108.5000 
F	H	B	          17612.6860         109.5000 
B	A	B	          16606.2468         107.8000 
B	H	B	          16606.2468         107.8000 

Dihedrals parameter:
Atom Types                           Kchi(K)    n    delta(degree) 
A	H	F	G	    -19.1234    0     90.0000 
A	H	F	G	     89.5746    1    180.0000 
A	H	F	G	     43.7796    2      0.0000 
A	H	F	G	   -123.7920    3    180.0000 
A	H	F	G	      0.0000    4      0.0000 
A	H	F	G	      0.0000    5    180.0000 
F	H	A	B	    235.5068    0     90.0000 
F	H	A	B	     -0.0005    1    180.0000 
F	H	A	B	      0.0000    2      0.0000 
F	H	A	B	   -117.7534    3    180.0000 
F	H	A	B	      0.0000    4      0.0000 
F	H	A	B	      0.0000    5    180.0000 
B	A	H	B	    150.9659    0     90.0000 
B	A	H	B	      0.0000    1    180.0000 
B	A	H	B	      0.0000    2      0.0000 
B	A	H	B	    -75.4829    3    180.0000 
B	A	H	B	      0.0000    4      0.0000 
B	A	H	B	      0.0000    5    180.0000 
B	H	F	G	    226.4488    0     90.0000 
B	H	F	G	      0.0000    1    180.0000 
B	H	F	G	      0.0000    2      0.0000 
B	H	F	G	   -113.2244    3    180.0000 
B	H	F	G	      0.0000    4      0.0000 
B	H	F	G	      0.0000    5    180.0000 

Warning: Charge detected in CClH but Ewald Summaion method is disabled!

Warning: Charge detected in COH but Ewald Summaion method is disabled!

================================================

Warning: Sum of the charge in the system is: -66.3960

================================================
NonBonded 1-4 parameters:
Type1  Type2             Epsilon(K)    Sigma(A)       N 
D      D                    16.6062      3.5000   12.00 
D      C                    35.4046      3.4500   12.00 
D      E                    11.1959      3.0000   12.00 
D      A                    16.6062      3.5000   12.00 
D      H                    16.6062      3.5000   12.00 
D      F                    26.6516      3.3100   12.00 
D      B                    11.1959      3.0000   12.00 
D      G                     0.0000      6.7500   12.00 
C      C                    75.4829      3.4000   12.00 
C      E                    23.8698      2.9500   12.00 
C      A                    35.4046      3.4500   12.00 
C      H                    35.4046      3.4500   12.00 
C      F                    56.8215      3.2600   12.00 
C      B                    23.8698      2.9500   12.00 
C      G                     0.0000      6.7000   12.00 
E      E                     7.5483      2.5000   12.00 
E      A                    11.1959      3.0000   12.00 
E      H                    11.1959      3.0000   12.00 
E      F                    17.9685      2.8100   12.00 
E      B                     7.5483      2.5000   12.00 
E      G                     0.0000      6.2500   12.00 
A      A                    16.6062      3.5000   12.00 
A      H                    16.6062      3.5000   12.00 
A      F                    26.6516      3.3100   12.00 
A      B                    11.1959      3.0000   12.00 
A      G                     0.0000      6.7500   12.00 
H      H                    16.6062      3.5000   12.00 
H      F                    26.6516      3.3100   12.00 
H      B                    11.1959      3.0000   12.00 
H      G                     0.0000      6.7500   12.00 
F      F                    42.7737      3.1200   12.00 
F      B                    17.9685      2.8100   12.00 
F      G                     0.0000      6.5600   12.00 
B      B                     7.5483      2.5000   12.00 
B      G                     0.0000      6.2500   12.00 
G      G                     0.0000     10.0000   12.00 

NonBonded parameters:
Type1  Type2             Epsilon(K)    Sigma(A)       N 
D      D                    33.2125      3.5000   12.00 
D      C                    70.8093      3.4500   12.00 
D      E                    22.3919      3.0000   12.00 
D      A                    33.2125      3.5000   12.00 
D      H                    33.2125      3.5000   12.00 
D      F                    53.3033      3.3100   12.00 
D      B                    22.3919      3.0000   12.00 
D      G                     0.0000      6.7500   12.00 
C      C                   150.9659      3.4000   12.00 
C      E                    47.7396      2.9500   12.00 
C      A                    70.8093      3.4500   12.00 
C      H                    70.8093      3.4500   12.00 
C      F                   113.6430      3.2600   12.00 
C      B                    47.7396      2.9500   12.00 
C      G                     0.0000      6.7000   12.00 
E      E                    15.0966      2.5000   12.00 
E      A                    22.3919      3.0000   12.00 
E      H                    22.3919      3.0000   12.00 
E      F                    35.9371      2.8100   12.00 
E      B                    15.0966      2.5000   12.00 
E      G                     0.0000      6.2500   12.00 
A      A                    33.2125      3.5000   12.00 
A      H                    33.2125      3.5000   12.00 
A      F                    53.3033      3.3100   12.00 
A      B                    22.3919      3.0000   12.00 
A      G                     0.0000      6.7500   12.00 
H      H                    33.2125      3.5000   12.00 
H      F                    53.3033      3.3100   12.00 
H      B                    22.3919      3.0000   12.00 
H      G                     0.0000      6.7500   12.00 
F      F                    85.5473      3.1200   12.00 
F      B                    35.9371      2.8100   12.00 
F      G                     0.0000      6.5600   12.00 
B      B                    15.0966      2.5000   12.00 
B      G                     0.0000      6.2500   12.00 
G      G                     0.0000     10.0000   12.00 

Info: Box  0:  Periodic Cell Basis 1     45.000   0.000   0.000 
Info: Box  0:  Periodic Cell Basis 2      0.000  45.000   0.000 
Info: Box  0:  Periodic Cell Basis 3      0.000   0.000  45.000 

Minimum coordinates in box 0: x =    1.997, y =    2.000, z =    1.954
Maximum coordinates in box 0: x =   43.000, y =   43.095, z =   42.932
Wrapping molecules inside the simulation box 0:

################################################################################
########################## INITIAL SIMULATION ENERGY ###########################

ETITLE:     STEP           TOTAL        INTRA(B)       INTRA(NB)       INTER(LJ)             LRC     TOTAL_ELECT            REAL           RECIP            SELF            CORR

ENER_0:        0      2.0821e+06      1.8318e+05      4.6609e+03      1.9073e+06     -1.3099e+04      0.0000e+00      0.0000e+00      0.0000e+00      0.0000e+00      0.0000e+00

STITLE:     STEP        PRESSURE     TOT_DENSITY

STAT_0:        0      2.3438e+04      3.9796e+02

################################################################################
############################# STARTING SIMULATION ##############################

MTITLE:     STEP          DISTRY       DISACCEPT      DISACCEPT%          DISMAX          ROTATE       ROTACCEPT      ROTACCEPT%          ROTMAX       INTRASWAP       INTACCEPT      INTACCEPT%        REGROWTH    REGROWACCEPT   REGROWACCEPT%      CRANKSHAFT  CRKSHAFTACCEPT CRKSHAFTACCEPT%

ETITLE:     STEP           TOTAL        INTRA(B)       INTRA(NB)       INTER(LJ)             LRC     TOTAL_ELECT            REAL           RECIP            SELF            CORR

STITLE:     STEP        PRESSURE     TOT_DENSITY

Printed combined psf to file Output_data_merged.psf
MOVE_0:    500000           1499             619      4.1294e+01      6.1870e-01            1526             838      5.4915e+01      1.8633e+00            2923             251      8.5871e+00            3039             681      2.2409e+01            1013             550      5.4294e+01

ENER_0:    500000     1.2496e+04      3.0233e+05      8.8010e+03     -2.8554e+05     -1.3099e+04      0.0000e+00      0.0000e+00      0.0000e+00      0.0000e+00      0.0000e+00

STAT_0:    500000    -3.0920e+01      3.9796e+02

PRES_0:    500000    -9.4048e+01     -7.3381e+01     -1.6629e+02

Checkpoint saved to checkpoint.dat
Steps/sec: 172.373, Simulation ends in:   0 d:   2 h:   9 m 

MOVE_0:    1000000          2995            1375      4.5910e+01      6.3933e-01            3079            1620      5.2614e+01      2.0359e+00            5953             419      7.0385e+00            6021            1321      2.1940e+01            1952            1075      5.5072e+01

ENER_0:    1000000    8.6487e+03      3.2191e+05      1.0119e+04     -3.1028e+05     -1.3099e+04      0.0000e+00      0.0000e+00      0.0000e+00      0.0000e+00      0.0000e+00

STAT_0:    1000000   -3.5986e+01      3.9796e+02

PRES_0:    1000000   -8.3350e+01     -1.8848e+02     -7.7094e+01

Checkpoint saved to checkpoint.dat
Steps/sec: 173.949, Simulation ends in:   0 d:   2 h:   1 m 

MOVE_0:    1500000          4421            2082      4.7093e+01      5.4016e-01            4625            2394      5.1762e+01      1.8057e+00            8973             562      6.2632e+00            9030            1903      2.1074e+01            2951            1626      5.5100e+01

ENER_0:    1500000   -5.5260e+03      3.3445e+05      1.2326e+04     -3.3920e+05     -1.3099e+04      0.0000e+00      0.0000e+00      0.0000e+00      0.0000e+00      0.0000e+00

STAT_0:    1500000   -4.1149e+01      3.9796e+02

PRES_0:    1500000   -6.7085e+01     -1.3392e+02     -1.6340e+02

Checkpoint saved to checkpoint.dat
Steps/sec: 164.815, Simulation ends in:   0 d:   1 h:   47 m 

MOVE_0:    2000000          5910            2838      4.8020e+01      5.4144e-01            6061            3120      5.1477e+01      1.7512e+00           12051             657      5.4518e+00           12032            2507      2.0836e+01            3946            2146      5.4384e+01

ENER_0:    2000000   -1.6640e+04      3.4339e+05      1.0478e+04     -3.5741e+05     -1.3099e+04      0.0000e+00      0.0000e+00      0.0000e+00      0.0000e+00      0.0000e+00

STAT_0:    2000000   -1.0755e+02      3.9796e+02

PRES_0:    2000000   -1.9843e+02     -2.4462e+02     -1.2056e+02

Checkpoint saved to checkpoint.dat
Steps/sec: 162.524, Simulation ends in:   0 d:   1 h:   36 m 

MOVE_0:    2500000          7460            3611      4.8405e+01      4.7931e-01            7563            3867      5.1131e+01      1.6374e+00           14992             754      5.0293e+00           15005            3125      2.0826e+01            4980            2656      5.3333e+01

ENER_0:    2500000   -4.1206e+04      3.2766e+05      8.2058e+03     -3.6398e+05     -1.3099e+04      0.0000e+00      0.0000e+00      0.0000e+00      0.0000e+00      0.0000e+00

STAT_0:    2500000   -1.5630e+02      3.9796e+02

PRES_0:    2500000   -1.3310e+02     -3.4227e+02     -2.3449e+02

Checkpoint saved to checkpoint.dat
Steps/sec: 167.139, Simulation ends in:   0 d:   1 h:   15 m 

MOVE_0:    3000000          9008            4405      4.8901e+01      5.7458e-01            9038            4591      5.0797e+01      1.2270e+00           18027             855      4.7429e+00           17978            3696      2.0558e+01            5949            3183      5.3505e+01

ENER_0:    3000000   -1.9209e+04      3.4367e+05      1.0578e+04     -3.6035e+05     -1.3099e+04      0.0000e+00      0.0000e+00      0.0000e+00      0.0000e+00      0.0000e+00

STAT_0:    3000000    1.4645e+01      3.9796e+02

PRES_0:    3000000    4.2354e+00     -2.2389e+01     -1.7887e+02

Checkpoint saved to checkpoint.dat
Steps/sec: 184.098, Simulation ends in:   0 d:   1 h:   2 m 

MOVE_0:    3500000         10498            5149      4.9047e+01      4.3956e-01           10495            5332      5.0805e+01      1.3498e+00           21047             969      4.6040e+00           21011            4287      2.0404e+01            6949            3694      5.3159e+01

ENER_0:    3500000   -2.8006e+04      3.4240e+05      1.0413e+04     -3.6772e+05     -1.3099e+04      0.0000e+00      0.0000e+00      0.0000e+00      0.0000e+00      0.0000e+00

STAT_0:    3500000   -9.3408e+01      3.9796e+02

PRES_0:    3500000   -1.7638e+02     -1.9448e+02     -1.5032e+02

Checkpoint saved to checkpoint.dat
Steps/sec: 171.849, Simulation ends in:   0 d:   0 h:   53 m 

MOVE_0:    4000000         11990            5904      4.9241e+01      4.6664e-01           11977            6070      5.0680e+01      1.2933e+00           24084            1061      4.4054e+00           23979            4870      2.0309e+01            7970            4232      5.3099e+01

ENER_0:    4000000   -3.2820e+04      3.5708e+05      9.9455e+03     -3.8674e+05     -1.3099e+04      0.0000e+00      0.0000e+00      0.0000e+00      0.0000e+00      0.0000e+00

STAT_0:    4000000   -1.9665e+01      3.9796e+02

PRES_0:    4000000   -7.0723e+01     -1.0961e+02     -1.1963e+02

Checkpoint saved to checkpoint.dat
Steps/sec: 236.601, Simulation ends in:   0 d:   0 h:   38 m 

MOVE_0:    4500000         13526            6668      4.9298e+01      4.4533e-01           13447            6818      5.0703e+01      1.2046e+00           27117            1165      4.2962e+00           26947            5441      2.0191e+01            8963            4728      5.2750e+01

ENER_0:    4500000   -3.7018e+04      3.4940e+05      9.0579e+03     -3.8238e+05     -1.3099e+04      0.0000e+00      0.0000e+00      0.0000e+00      0.0000e+00      0.0000e+00

STAT_0:    4500000   -1.3661e+01      3.9796e+02

PRES_0:    4500000   -4.3040e+01     -1.6873e+02     -7.0180e+01

Checkpoint saved to checkpoint.dat
Steps/sec: 312.395, Simulation ends in:   0 d:   0 h:   21 m 

MOVE_0:   50000000         14979            7414      4.9496e+01      4.5557e-01           15005            7602      5.0663e+01      1.2410e+00           30158            1248      4.1382e+00           29906            6031      2.0167e+01            9952            5218      5.2432e+01

ENER_0:   50000000   -3.9422e+04      3.4365e+05      9.8401e+03     -3.7981e+05     -1.3099e+04      0.0000e+00      0.0000e+00      0.0000e+00      0.0000e+00      0.0000e+00

STAT_0:   50000000   -1.8441e+01      3.9796e+02

PRES_0:   50000000   -1.2291e+02     -1.2560e+02     -4.7784e+01

Checkpoint saved to checkpoint.dat
Simulation Time (total): 7.7504e+03 sec.

Move Type                Mol. Kind      BOX_0      
% Accepted Displacement        CClH    49.41493 
% Accepted Displacement        COH     49.57582 
% Accepted Rotation            CClH    50.44271 
% Accepted Rotation            COH     50.88734 
% Accepted Intra-Swap          CClH     3.85303 
% Accepted Intra-Swap          COH      4.42437 
% Accepted Regrowth            CClH    17.56000 
% Accepted Regrowth            COH     22.78948 
% Accepted Crank-Shaft         CClH    18.02454 
% Accepted Crank-Shaft         COH     86.76972 

Displacement:                            9.0986    sec.
Rotation:                                8.6169    sec.
MultiParticle:                           0.0000    sec.
Intra-Swap:                            247.9511    sec.
Regrowth:                              194.9564    sec.
Intra-MEMC:                              0.0000    sec.
Crank-Shaft:                            53.4164    sec.

Info: GOMC Version 2.70
Info: Completed at: Sun Aug  8 04:29:47 2021
Info: On hostname: anushabhattacharyya-VirtualBox
