Info: GOMC Version 2.70
Info: Start Time: Sun Aug  8 11:06:24 2021
Info: Host Name: anushabhattacharyya-VirtualBox
CPU information:
Info: Total number of CPUs: 1
Info: Total number of CPUs available: 1
Info: Model name: AMD Ryzen 7 5800X 8-Core Processor
Info: System name: Linux
Info: Release: 5.11.0-25-generic
Info: Version: #27~20.04.1-Ubuntu SMP Tue Jul 13 17:41:23 UTC 2021
Info: Kernel Architecture: x86_64
Info: Total Ram: 23627.8MB
Info: Used Ram: 10545.8MB
Info: Working in the current directory: /home/anushabhattacharyya/Cl Alcohols-NPT/22-CH3CCl2CH2CHOHCH3
Info: GOMC COMPILED TO RUN ISOBARIC-ISOTHERMAL ENSEMBLE.
Info: Number of threads                  1 
Info: Compiled with OpenMP Version       4.5

Reading Input File:                      in_NPT.conf
Info: Random seed                        Active 
Info: PARAMETER file                     CHARMM format! 
Info: Input Temperature                  248.0000 K
Info: Input Pressure                     410.0000 bar
Info: Volume change using constant ratio.
Info: Non-truncated potential            Active 
Info: Long Range Correction              Active 
Info: Cutoff                             10.0000 A
Info: Short Range Cutoff                 1.0000 A
Info: Exclude                            ONE-FOUR 
Info: Ewald Summation                    Active 
Info: Cache Ewald Fourier                Inactive 
Info: Ewald Summation Tolerance          1.000E-05 
Info: Pressure calculation frequency     1000 
Info: Total number of steps              10000 
Info: Number of equilibration steps      1000 
Info: Move adjustment frequency          1000 
Info: Displacement move frequency        0.1500 
Info: Rotation move frequency            0.1500 
Info: Intra-Swap move frequency          0.2900 
Warning: Unknown input SwapFreq!
Info: Regrowth move frequency            0.3000 
Info: Crank-Shaft move frequency         0.1000 
Info: Volume move frequency              0.0100 
Info: Multi-Particle move frequency      0.0000 
Info: IntraMEMC-1 move frequency         0.0000 
Warning: Unknown input MEMC-1Freq!
Info: IntraMEMC-2 move frequency         0.0000 
Warning: Unknown input MEMC-2Freq!
Info: IntraMEMC-3 move frequency         0.0000 
Warning: Unknown input MEMC-3Freq!
Info: CBMC First atom trials             12   
Info: CBMC Secondary atom trials         10   
Info: CBMC Angle trials                  50   
Info: CBMC Dihedral trials               50   
Info: Output name                        Output_data 
Info: Restart frequency                  1000 
Info: Checkpoint frequency               1000 
Info: Coordinate frequency               1000 
Info: Console output frequency           1000 
Info: Average output frequency           1000 
Warning: Unknown input HistogramFreq!
Warning: Unknown input DistName!
Warning: Unknown input HistName!
Warning: Unknown input RunNumber!
Warning: Unknown input RunLetter!
Warning: Unknown input SampleFreq!
Warning: Unknown input OutMolNumber!
Default: Box  0  CutoffCoulomb           10.0000 A
Finished Reading Input File:             in_NPT.conf

Reading from CHARMM-Style parameter file:  	NPT_CH3CCl2CH2CHOHCH3_file.inp
Reading BONDS parameters.
Reading ANGLES parameters.
Reading DIHEDRALS parameters.
Reading NONBONDED parameters.
Reading from system PDB coordinate file:  	NPT_CH3CCl2CH2CHOHCH3.pdb
Finished reading:                       	NPT_CH3CCl2CH2CHOHCH3.pdb
Random number seed: 3833838658
Warning: Dihedral is missing for CClH !
Warning: Dihedral is missing for CH3 !

Molecules in PSF:
Molecule Kind: CClH
Idx	name	type	charge	mass
0	C1	D	-0.0060	12.0108
1	Cl1	C	-0.2000	35.4532
2	Cl2	C	-0.2000	35.4532
3	Cl3	C	-0.2000	35.4532
4	H1	E	0.1030	1.0079

Bonds:
[0 1] [2 0] [3 0] [4 0] 

Angles:
[1 0 2] [1 0 3] [1 0 4] [2 0 3] [2 0 4] [3 0 4] 

Dihedrals:

Molecule Kind: CH3
Idx	name	type	charge	mass
0	C1	A	-0.2400	12.0108
1	H1	B	0.0600	1.0079
2	H2	B	0.0600	1.0079
3	H3	B	0.0600	1.0079
4	H4	B	0.0600	1.0079

Bonds:
[0 1] [2 0] [3 0] [4 0] 

Angles:
[1 0 2] [1 0 3] [1 0 4] [2 0 3] [2 0 4] [3 0 4] 

Dihedrals:

Molecule Kind: COH
Idx	name	type	charge	mass
0	C1	I	0.1450	12.0108
1	O1	F	-0.6830	15.9994
2	H1	H	0.0400	1.0079
3	H2	H	0.0400	1.0079
4	H3	H	0.0400	1.0079
5	H4	G	0.4180	1.0079

Bonds:
[0 1] [2 0] [3 0] [4 0] [5 1] 

Angles:
[0 1 5] [1 0 2] [1 0 3] [1 0 4] [2 0 3] [2 0 4] [3 0 4] 

Dihedrals:
[2 0 1 5] [3 0 1 5] [4 0 1 5] 

Bonds parameter:
Atom Types                             Kb(K)           b0(A) 
D	C	                 123288.8018           1.7810 
C	D	                 123288.8018           1.7810 
E	D	                 171094.6637           1.0900 

A	B	                 171094.6637           1.0900 
B	A	                 171094.6637           1.0900 

I	F	                 161030.2717           1.4100 
H	I	                 171094.6637           1.0900 
G	F	                 278280.4382           0.9450 

Angles parameter:
Atom Types                         Ktheta(K)         theta0(degree) 
C	D	C	          39251.1287         111.7000 
C	D	E	          25664.1995         107.6000 

B	A	B	          16606.2468         107.8000 

I	F	G	          27677.0779         108.5000 
F	I	H	          17612.6860         109.5000 
H	I	H	          16606.2468         107.8000 

Dihedrals parameter:
Atom Types                           Kchi(K)    n    delta(degree) 
H	I	F	G	    226.4488    0     90.0000 
H	I	F	G	      0.0000    1    180.0000 
H	I	F	G	      0.0000    2      0.0000 
H	I	F	G	   -113.2244    3    180.0000 
H	I	F	G	      0.0000    4      0.0000 
H	I	F	G	      0.0000    5    180.0000 

================================================

Warning: Sum of the charge in the system is: -251.5000

================================================
NonBonded 1-4 parameters:
Type1  Type2             Epsilon(K)    Sigma(A)       N 
D      D                    16.6062      3.5000   12.00 
D      C                    35.4046      3.4500   12.00 
D      E                    11.1959      3.0000   12.00 
D      I                    16.6062      3.5000   12.00 
D      F                    26.6516      3.3100   12.00 
D      H                    11.1959      3.0000   12.00 
D      G                     0.0000      6.7500   12.00 
D      A                    16.6062      3.5000   12.00 
D      B                    11.1959      3.0000   12.00 
C      C                    75.4829      3.4000   12.00 
C      E                    23.8698      2.9500   12.00 
C      I                    35.4046      3.4500   12.00 
C      F                    56.8215      3.2600   12.00 
C      H                    23.8698      2.9500   12.00 
C      G                     0.0000      6.7000   12.00 
C      A                    35.4046      3.4500   12.00 
C      B                    23.8698      2.9500   12.00 
E      E                     7.5483      2.5000   12.00 
E      I                    11.1959      3.0000   12.00 
E      F                    17.9685      2.8100   12.00 
E      H                     7.5483      2.5000   12.00 
E      G                     0.0000      6.2500   12.00 
E      A                    11.1959      3.0000   12.00 
E      B                     7.5483      2.5000   12.00 
I      I                    16.6062      3.5000   12.00 
I      F                    26.6516      3.3100   12.00 
I      H                    11.1959      3.0000   12.00 
I      G                     0.0000      6.7500   12.00 
I      A                    16.6062      3.5000   12.00 
I      B                    11.1959      3.0000   12.00 
F      F                    42.7737      3.1200   12.00 
F      H                    17.9685      2.8100   12.00 
F      G                     0.0000      6.5600   12.00 
F      A                    26.6516      3.3100   12.00 
F      B                    17.9685      2.8100   12.00 
H      H                     7.5483      2.5000   12.00 
H      G                     0.0000      6.2500   12.00 
H      A                    11.1959      3.0000   12.00 
H      B                     7.5483      2.5000   12.00 
G      G                     0.0000     10.0000   12.00 
G      A                     0.0000      6.7500   12.00 
G      B                     0.0000      6.2500   12.00 
A      A                    16.6062      3.5000   12.00 
A      B                    11.1959      3.0000   12.00 
B      B                     7.5483      2.5000   12.00 

NonBonded parameters:
Type1  Type2             Epsilon(K)    Sigma(A)       N 
D      D                    33.2125      3.5000   12.00 
D      C                    70.8093      3.4500   12.00 
D      E                    22.3919      3.0000   12.00 
D      I                    33.2125      3.5000   12.00 
D      F                    53.3033      3.3100   12.00 
D      H                    22.3919      3.0000   12.00 
D      G                     0.0000      6.7500   12.00 
D      A                    33.2125      3.5000   12.00 
D      B                    22.3919      3.0000   12.00 
C      C                   150.9659      3.4000   12.00 
C      E                    47.7396      2.9500   12.00 
C      I                    70.8093      3.4500   12.00 
C      F                   113.6430      3.2600   12.00 
C      H                    47.7396      2.9500   12.00 
C      G                     0.0000      6.7000   12.00 
C      A                    70.8093      3.4500   12.00 
C      B                    47.7396      2.9500   12.00 
E      E                    15.0966      2.5000   12.00 
E      I                    22.3919      3.0000   12.00 
E      F                    35.9371      2.8100   12.00 
E      H                    15.0966      2.5000   12.00 
E      G                     0.0000      6.2500   12.00 
E      A                    22.3919      3.0000   12.00 
E      B                    15.0966      2.5000   12.00 
I      I                    33.2125      3.5000   12.00 
I      F                    53.3033      3.3100   12.00 
I      H                    22.3919      3.0000   12.00 
I      G                     0.0000      6.7500   12.00 
I      A                    33.2125      3.5000   12.00 
I      B                    22.3919      3.0000   12.00 
F      F                    85.5473      3.1200   12.00 
F      H                    35.9371      2.8100   12.00 
F      G                     0.0000      6.5600   12.00 
F      A                    53.3033      3.3100   12.00 
F      B                    35.9371      2.8100   12.00 
H      H                    15.0966      2.5000   12.00 
H      G                     0.0000      6.2500   12.00 
H      A                    22.3919      3.0000   12.00 
H      B                    15.0966      2.5000   12.00 
G      G                     0.0000     10.0000   12.00 
G      A                     0.0000      6.7500   12.00 
G      B                     0.0000      6.2500   12.00 
A      A                    33.2125      3.5000   12.00 
A      B                    22.3919      3.0000   12.00 
B      B                    15.0966      2.5000   12.00 

Info: Box  0:  Periodic Cell Basis 1     45.000   0.000   0.000 
Info: Box  0:  Periodic Cell Basis 2      0.000  45.000   0.000 
Info: Box  0:  Periodic Cell Basis 3      0.000   0.000  45.000 

Minimum coordinates in box 0: x =    1.949, y =    1.958, z =    1.905
Maximum coordinates in box 0: x =   43.056, y =   43.021, z =   43.029
Wrapping molecules inside the simulation box 0:
Box: 0, RecipVectors:   9402, kmax: 17

################################################################################
########################## INITIAL SIMULATION ENERGY ###########################

ETITLE:     STEP           TOTAL        INTRA(B)       INTRA(NB)       INTER(LJ)             LRC     TOTAL_ELECT            REAL           RECIP            SELF            CORR

ENER_0:        0      1.1813e+08      8.1489e+05      0.0000e+00      1.1337e+08     -2.0512e+05      4.1493e+06      8.5090e+05      7.0764e+06     -1.3902e+07      1.0124e+07

STITLE:     STEP          VOLUME        PRESSURE     TOT_DENSITY

STAT_0:        0      9.1125e+04      1.0132e+06      1.5258e+03

################################################################################
############################# STARTING SIMULATION ##############################

MTITLE:     STEP          DISTRY       DISACCEPT      DISACCEPT%          DISMAX          ROTATE       ROTACCEPT      ROTACCEPT%          ROTMAX       INTRASWAP       INTACCEPT      INTACCEPT%        REGROWTH    REGROWACCEPT   REGROWACCEPT%      CRANKSHAFT  CRKSHAFTACCEPT CRKSHAFTACCEPT%          VOLUME       VOLACCEPT      VOLACCEPT%          VOLMAX

ETITLE:     STEP           TOTAL        INTRA(B)       INTRA(NB)       INTER(LJ)             LRC     TOTAL_ELECT            REAL           RECIP            SELF            CORR

STITLE:     STEP          VOLUME        PRESSURE     TOT_DENSITY

Printed combined psf to file Output_data_merged.psf
MOVE_0:     1000             169               4      2.3669e+00      5.3179e-01             134              30      2.2388e+01      3.5547e-01             307             149      4.8534e+01             284              73      2.5704e+01             101              18      1.7822e+01               5               1      2.0000e+01      2.0000e+02

ENER_0:     1000      8.9503e+07      9.7058e+05      0.0000e+00      8.8475e+07     -2.0412e+05      2.6157e+05      5.9753e+05      3.4348e+06     -1.3902e+07      1.0131e+07

STAT_0:     1000      9.1571e+04      7.8845e+05      1.5184e+03

PRES_0:     1000      7.9795e+05      7.9728e+05      7.7027e+05

Checkpoint saved to checkpoint.dat
Steps/sec:  38.085, Simulation ends in:   0 d:   0 h:   4 m 

MOVE_0:     2000             334              34      1.0180e+01      1.7817e-01             288              89      3.0903e+01      2.7296e-01             612             218      3.5621e+01             555             136      2.4505e+01             198              49      2.4747e+01              13               6      4.6154e+01      2.5000e+02

ENER_0:     2000      7.6594e+07      1.0588e+06      0.0000e+00      7.6309e+07     -2.0278e+05     -5.7178e+05      4.8554e+05      2.7098e+06     -1.3902e+07      1.0135e+07

STAT_0:     2000      9.2176e+04      6.8330e+05      1.5084e+03

PRES_0:     2000      6.8247e+05      6.8416e+05      6.8342e+05

Checkpoint saved to checkpoint.dat
Steps/sec:  27.631, Simulation ends in:   0 d:   0 h:   5 m 

MOVE_0:     3000             483             100      2.0704e+01      1.5544e-01             445             154      3.4607e+01      2.3474e-01             893             260      2.9115e+01             866             220      2.5404e+01             290              72      2.4828e+01              23              12      5.2174e+01      3.0000e+02

ENER_0:     3000      6.9567e+07      1.1138e+06      0.0000e+00      6.9519e+07     -2.0173e+05     -8.6408e+05      3.9181e+05      2.5087e+06     -1.3902e+07      1.0137e+07

STAT_0:     3000      9.2656e+04      6.2105e+05      1.5006e+03

PRES_0:     3000      6.2224e+05      6.1918e+05      6.2188e+05

Checkpoint saved to checkpoint.dat
Steps/sec:  24.628, Simulation ends in:   0 d:   0 h:   4 m 

MOVE_0:     4000             647             170      2.6275e+01      1.2877e-01             598             217      3.6288e+01      1.9807e-01            1184             287      2.4240e+01            1149             286      2.4891e+01             391              95      2.4297e+01              31              17      5.4839e+01      3.7500e+02

ENER_0:     4000      6.1968e+07      1.1548e+06      0.0000e+00      6.2180e+07     -1.9975e+05     -1.1671e+06      3.2495e+05      2.2701e+06     -1.3902e+07      1.0139e+07

STAT_0:     4000      9.3575e+04      5.5239e+05      1.4859e+03

PRES_0:     4000      5.4349e+05      5.5698e+05      5.5680e+05

Checkpoint saved to checkpoint.dat
Steps/sec:  20.040, Simulation ends in:   0 d:   0 h:   4 m 

MOVE_0:     5000             804             232      2.8856e+01      1.0202e-01             752             291      3.8697e+01      1.9909e-01            1471             318      2.1618e+01            1450             358      2.4690e+01             486             125      2.5720e+01              37              18      4.8649e+01      1.2500e+02

ENER_0:     5000      5.7886e+07      1.2181e+06      0.0000e+00      5.8323e+07     -1.9949e+05     -1.4559e+06      2.7526e+05      2.0294e+06     -1.3902e+07      1.0141e+07

STAT_0:     5000      9.3696e+04      5.1890e+05      1.4839e+03

PRES_0:     5000      5.1122e+05      5.2467e+05      5.2091e+05

Checkpoint saved to checkpoint.dat
Steps/sec:  17.324, Simulation ends in:   0 d:   0 h:   4 m 

MOVE_0:     6000             935             288      3.0802e+01      8.5873e-02             918             361      3.9325e+01      1.6820e-01            1770             339      1.9153e+01            1744             435      2.4943e+01             587             167      2.8450e+01              46              22      4.7826e+01      1.1111e+02

ENER_0:     6000      5.4351e+07      1.2604e+06      0.0000e+00      5.4925e+07     -1.9901e+05     -1.6356e+06      2.1158e+05      1.9118e+06     -1.3902e+07      1.0143e+07

STAT_0:     6000      9.3922e+04      4.8879e+05      1.4804e+03

PRES_0:     6000      4.8058e+05      4.9944e+05      4.8646e+05

Checkpoint saved to checkpoint.dat
Steps/sec:  13.392, Simulation ends in:   0 d:   0 h:   4 m 

MOVE_0:     7000            1091             367      3.3639e+01      8.8636e-02            1066             440      4.1276e+01      1.7948e-01            2061             354      1.7176e+01            2052             514      2.5049e+01             678             204      3.0088e+01              52              24      4.6154e+01      7.4074e+01

ENER_0:     7000      5.2250e+07      1.2908e+06      0.0000e+00      5.2883e+07     -1.9890e+05     -1.7253e+06      1.8965e+05      1.8420e+06     -1.3902e+07      1.0145e+07

STAT_0:     7000      9.3976e+04      4.7312e+05      1.4795e+03

PRES_0:     7000      4.6808e+05      4.8490e+05      4.6648e+05

Checkpoint saved to checkpoint.dat
Steps/sec:  17.251, Simulation ends in:   0 d:   0 h:   3 m 

MOVE_0:     8000            1242             434      3.4944e+01      7.9006e-02            1223             522      4.2682e+01      1.8419e-01            2354             372      1.5803e+01            2327             586      2.5183e+01             797             240      3.0113e+01              57              25      4.3860e+01      2.9630e+01

ENER_0:     8000      5.0272e+07      1.3302e+06      0.0000e+00      5.0974e+07     -1.9879e+05     -1.8339e+06      1.3764e+05      1.7836e+06     -1.3902e+07      1.0146e+07

STAT_0:     8000      9.4029e+04      4.5674e+05      1.4787e+03

PRES_0:     8000      4.5059e+05      4.6582e+05      4.5390e+05

Checkpoint saved to checkpoint.dat
Steps/sec:  19.398, Simulation ends in:   0 d:   0 h:   2 m 

MOVE_0:     9000            1376             505      3.6701e+01      8.4813e-02            1369             602      4.3974e+01      1.7386e-01            2645             387      1.4631e+01            2643             657      2.4858e+01             899             259      2.8810e+01              68              31      4.5588e+01      3.2323e+01

ENER_0:     9000      4.7574e+07      1.3423e+06      0.0000e+00      4.8378e+07     -1.9857e+05     -1.9480e+06      7.2794e+04      1.7330e+06     -1.3902e+07      1.0148e+07

STAT_0:     9000      9.4129e+04      4.3735e+05      1.4771e+03

PRES_0:     9000      4.3297e+05      4.4633e+05      4.3284e+05

Checkpoint saved to checkpoint.dat
Steps/sec:  14.249, Simulation ends in:   0 d:   0 h:   1 m 

MOVE_0:    10000            1526             577      3.7811e+01      7.8415e-02            1510             668      4.4238e+01      1.7012e-01            2928             400      1.3661e+01            2957             732      2.4755e+01            1003             294      2.9312e+01              76              34      4.4737e+01      2.4242e+01

ENER_0:    10000      4.5238e+07      1.3752e+06      0.0000e+00      4.6062e+07     -1.9848e+05     -2.0007e+06      3.3021e+04      1.7187e+06     -1.3902e+07      1.0149e+07

STAT_0:    10000      9.4172e+04      4.1954e+05      1.4764e+03

PRES_0:    10000      4.1670e+05      4.2704e+05      4.1497e+05

Checkpoint saved to checkpoint.dat
Simulation Time (total): 5.0092e+02 sec.

Move Type                Mol. Kind      BOX_0      
% Accepted Displacement        CClH    36.75889 
% Accepted Displacement        COH     37.79070 
% Accepted Displacement        CH3     38.88889 
% Accepted Rotation            CClH    41.71429 
% Accepted Rotation            COH     44.73161 
% Accepted Rotation            CH3     46.47303 
% Accepted Volume-Transfer             44.73684 
% Accepted Intra-Swap          CClH     7.08661 
% Accepted Intra-Swap          COH     17.88945 
% Accepted Intra-Swap          CH3     16.35769 
% Accepted Regrowth            CClH    10.29263 
% Accepted Regrowth            COH     40.02037 
% Accepted Regrowth            CH3     24.08537 
% Accepted Crank-Shaft         CClH    11.46497 
% Accepted Crank-Shaft         COH     53.31325 
% Accepted Crank-Shaft         CH3     22.68908 

Displacement:                            8.9586    sec.
Rotation:                                9.2194    sec.
MultiParticle:                           0.0000    sec.
Intra-Swap:                             52.7870    sec.
Regrowth:                               44.2783    sec.
Intra-MEMC:                              0.0000    sec.
Crank-Shaft:                            14.5013    sec.
Vol-Transfer:                          328.3878    sec.

Info: GOMC Version 2.70
Info: Completed at: Sun Aug  8 11:14:56 2021
Info: On hostname: anushabhattacharyya-VirtualBox
