Info: GOMC Version 2.70
Info: Start Time: Mon Aug  9 02:22:32 2021
Info: Host Name: anushabhattacharyya-VirtualBox
CPU information:
Info: Total number of CPUs: 1
Info: Total number of CPUs available: 1
Info: Model name: AMD Ryzen 7 5800X 8-Core Processor
Info: System name: Linux
Info: Release: 5.11.0-25-generic
Info: Version: #27~20.04.1-Ubuntu SMP Tue Jul 13 17:41:23 UTC 2021
Info: Kernel Architecture: x86_64
Info: Total Ram: 23627.8MB
Info: Used Ram: 11535.7MB
Info: Working in the current directory: /home/anushabhattacharyya/Cl Alcohols-NPT/24-CH3CClHCH2CHOHCH3
Info: GOMC COMPILED TO RUN ISOBARIC-ISOTHERMAL ENSEMBLE.
Info: Number of threads                  1 
Info: Compiled with OpenMP Version       4.5

Reading Input File:                      in_NPT.conf
Info: Random seed                        Active 
Info: PARAMETER file                     CHARMM format! 
Info: Input Temperature                  298.0000 K
Info: Input Pressure                     410.0000 bar
Info: Volume change using constant ratio.
Info: Non-truncated potential            Active 
Info: Long Range Correction              Active 
Info: Cutoff                             10.0000 A
Info: Short Range Cutoff                 1.0000 A
Info: Exclude                            ONE-FOUR 
Info: Ewald Summation                    Active 
Info: Cache Ewald Fourier                Inactive 
Info: Ewald Summation Tolerance          1.000E-05 
Info: Pressure calculation frequency     2500 
Info: Total number of steps              25000 
Info: Number of equilibration steps      2500 
Info: Move adjustment frequency          1000 
Info: Displacement move frequency        0.1500 
Info: Rotation move frequency            0.1500 
Info: Intra-Swap move frequency          0.2900 
Warning: Unknown input SwapFreq!
Info: Regrowth move frequency            0.3000 
Info: Crank-Shaft move frequency         0.1000 
Info: Volume move frequency              0.0100 
Info: Multi-Particle move frequency      0.0000 
Info: IntraMEMC-1 move frequency         0.0000 
Warning: Unknown input MEMC-1Freq!
Info: IntraMEMC-2 move frequency         0.0000 
Warning: Unknown input MEMC-2Freq!
Info: IntraMEMC-3 move frequency         0.0000 
Warning: Unknown input MEMC-3Freq!
Info: CBMC First atom trials             12   
Info: CBMC Secondary atom trials         10   
Info: CBMC Angle trials                  50   
Info: CBMC Dihedral trials               50   
Info: Output name                        Output_data 
Info: Restart frequency                  2500 
Info: Checkpoint frequency               2500 
Info: Coordinate frequency               2500 
Info: Console output frequency           2500 
Info: Average output frequency           2500 
Warning: Unknown input HistogramFreq!
Warning: Unknown input DistName!
Warning: Unknown input HistName!
Warning: Unknown input RunNumber!
Warning: Unknown input RunLetter!
Warning: Unknown input SampleFreq!
Warning: Unknown input OutMolNumber!
Default: Box  0  CutoffCoulomb           10.0000 A
Finished Reading Input File:             in_NPT.conf

Reading from CHARMM-Style parameter file:  	NPT_CH3CClHCH2CHOHCH3_file.inp
Reading BONDS parameters.
Reading ANGLES parameters.
Reading DIHEDRALS parameters.
Reading NONBONDED parameters.
Reading from system PDB coordinate file:  	NPT_CH3CClHCH2CHOHCH3.pdb
Finished reading:                       	NPT_CH3CClHCH2CHOHCH3.pdb
Random number seed: 1883966274
Warning: Dihedral is missing for CClH !
Warning: Dihedral is missing for CH3 !

Molecules in PSF:
Molecule Kind: CClH
Idx	name	type	charge	mass
0	C1	D	-0.0060	12.0108
1	Cl1	C	-0.2000	35.4532
2	H1	E	0.1030	1.0079
3	H2	E	0.1030	1.0079
4	H3	E	0.1030	1.0079

Bonds:
[0 1] [2 0] [3 0] [4 0] 

Angles:
[1 0 2] [1 0 3] [1 0 4] [2 0 3] [2 0 4] [3 0 4] 

Dihedrals:

Molecule Kind: CH3
Idx	name	type	charge	mass
0	C1	A	-0.2400	12.0108
1	H1	B	0.0600	1.0079
2	H2	B	0.0600	1.0079
3	H3	B	0.0600	1.0079
4	H4	B	0.0600	1.0079

Bonds:
[0 1] [2 0] [3 0] [4 0] 

Angles:
[1 0 2] [1 0 3] [1 0 4] [2 0 3] [2 0 4] [3 0 4] 

Dihedrals:

Molecule Kind: COH
Idx	name	type	charge	mass
0	C1	I	0.1450	12.0108
1	O1	F	-0.6830	15.9994
2	H1	H	0.0400	1.0079
3	H2	H	0.0400	1.0079
4	H3	H	0.0400	1.0079
5	H4	G	0.4180	1.0079

Bonds:
[0 1] [2 0] [3 0] [4 0] [5 1] 

Angles:
[0 1 5] [1 0 2] [1 0 3] [1 0 4] [2 0 3] [2 0 4] [3 0 4] 

Dihedrals:
[2 0 1 5] [3 0 1 5] [4 0 1 5] 

Bonds parameter:
Atom Types                             Kb(K)           b0(A) 
D	C	                 123288.8018           1.7810 
E	D	                 171094.6637           1.0900 

A	B	                 171094.6637           1.0900 
B	A	                 171094.6637           1.0900 

I	F	                 161030.2717           1.4100 
H	I	                 171094.6637           1.0900 
G	F	                 278280.4382           0.9450 

Angles parameter:
Atom Types                         Ktheta(K)         theta0(degree) 
C	D	E	          25664.1995         107.6000 
E	D	E	          16606.2468         107.8000 

B	A	B	          16606.2468         107.8000 

I	F	G	          27677.0779         108.5000 
F	I	H	          17612.6860         109.5000 
H	I	H	          16606.2468         107.8000 

Dihedrals parameter:
Atom Types                           Kchi(K)    n    delta(degree) 
H	I	F	G	    226.4488    0     90.0000 
H	I	F	G	      0.0000    1    180.0000 
H	I	F	G	      0.0000    2      0.0000 
H	I	F	G	   -113.2244    3    180.0000 
H	I	F	G	      0.0000    4      0.0000 
H	I	F	G	      0.0000    5    180.0000 

================================================

Warning: Sum of the charge in the system is: 51.5000

================================================
NonBonded 1-4 parameters:
Type1  Type2             Epsilon(K)    Sigma(A)       N 
D      D                    16.6062      3.5000   12.00 
D      C                    35.4046      3.4500   12.00 
D      E                    11.1959      3.0000   12.00 
D      I                    16.6062      3.5000   12.00 
D      F                    26.6516      3.3100   12.00 
D      H                    11.1959      3.0000   12.00 
D      G                     0.0000      6.7500   12.00 
D      A                    16.6062      3.5000   12.00 
D      B                    11.1959      3.0000   12.00 
C      C                    75.4829      3.4000   12.00 
C      E                    23.8698      2.9500   12.00 
C      I                    35.4046      3.4500   12.00 
C      F                    56.8215      3.2600   12.00 
C      H                    23.8698      2.9500   12.00 
C      G                     0.0000      6.7000   12.00 
C      A                    35.4046      3.4500   12.00 
C      B                    23.8698      2.9500   12.00 
E      E                     7.5483      2.5000   12.00 
E      I                    11.1959      3.0000   12.00 
E      F                    17.9685      2.8100   12.00 
E      H                     7.5483      2.5000   12.00 
E      G                     0.0000      6.2500   12.00 
E      A                    11.1959      3.0000   12.00 
E      B                     7.5483      2.5000   12.00 
I      I                    16.6062      3.5000   12.00 
I      F                    26.6516      3.3100   12.00 
I      H                    11.1959      3.0000   12.00 
I      G                     0.0000      6.7500   12.00 
I      A                    16.6062      3.5000   12.00 
I      B                    11.1959      3.0000   12.00 
F      F                    42.7737      3.1200   12.00 
F      H                    17.9685      2.8100   12.00 
F      G                     0.0000      6.5600   12.00 
F      A                    26.6516      3.3100   12.00 
F      B                    17.9685      2.8100   12.00 
H      H                     7.5483      2.5000   12.00 
H      G                     0.0000      6.2500   12.00 
H      A                    11.1959      3.0000   12.00 
H      B                     7.5483      2.5000   12.00 
G      G                     0.0000     10.0000   12.00 
G      A                     0.0000      6.7500   12.00 
G      B                     0.0000      6.2500   12.00 
A      A                    16.6062      3.5000   12.00 
A      B                    11.1959      3.0000   12.00 
B      B                     7.5483      2.5000   12.00 

NonBonded parameters:
Type1  Type2             Epsilon(K)    Sigma(A)       N 
D      D                    33.2125      3.5000   12.00 
D      C                    70.8093      3.4500   12.00 
D      E                    22.3919      3.0000   12.00 
D      I                    33.2125      3.5000   12.00 
D      F                    53.3033      3.3100   12.00 
D      H                    22.3919      3.0000   12.00 
D      G                     0.0000      6.7500   12.00 
D      A                    33.2125      3.5000   12.00 
D      B                    22.3919      3.0000   12.00 
C      C                   150.9659      3.4000   12.00 
C      E                    47.7396      2.9500   12.00 
C      I                    70.8093      3.4500   12.00 
C      F                   113.6430      3.2600   12.00 
C      H                    47.7396      2.9500   12.00 
C      G                     0.0000      6.7000   12.00 
C      A                    70.8093      3.4500   12.00 
C      B                    47.7396      2.9500   12.00 
E      E                    15.0966      2.5000   12.00 
E      I                    22.3919      3.0000   12.00 
E      F                    35.9371      2.8100   12.00 
E      H                    15.0966      2.5000   12.00 
E      G                     0.0000      6.2500   12.00 
E      A                    22.3919      3.0000   12.00 
E      B                    15.0966      2.5000   12.00 
I      I                    33.2125      3.5000   12.00 
I      F                    53.3033      3.3100   12.00 
I      H                    22.3919      3.0000   12.00 
I      G                     0.0000      6.7500   12.00 
I      A                    33.2125      3.5000   12.00 
I      B                    22.3919      3.0000   12.00 
F      F                    85.5473      3.1200   12.00 
F      H                    35.9371      2.8100   12.00 
F      G                     0.0000      6.5600   12.00 
F      A                    53.3033      3.3100   12.00 
F      B                    35.9371      2.8100   12.00 
H      H                    15.0966      2.5000   12.00 
H      G                     0.0000      6.2500   12.00 
H      A                    22.3919      3.0000   12.00 
H      B                    15.0966      2.5000   12.00 
G      G                     0.0000     10.0000   12.00 
G      A                     0.0000      6.7500   12.00 
G      B                     0.0000      6.2500   12.00 
A      A                    33.2125      3.5000   12.00 
A      B                    22.3919      3.0000   12.00 
B      B                    15.0966      2.5000   12.00 

Info: Box  0:  Periodic Cell Basis 1     45.000   0.000   0.000 
Info: Box  0:  Periodic Cell Basis 2      0.000  45.000   0.000 
Info: Box  0:  Periodic Cell Basis 3      0.000   0.000  45.000 

Minimum coordinates in box 0: x =    1.929, y =    1.949, z =    1.900
Maximum coordinates in box 0: x =   43.097, y =   43.090, z =   43.061
Wrapping molecules inside the simulation box 0:
Box: 0, RecipVectors:   9402, kmax: 17

################################################################################
########################## INITIAL SIMULATION ENERGY ###########################

ETITLE:     STEP           TOTAL        INTRA(B)       INTRA(NB)       INTER(LJ)             LRC     TOTAL_ELECT            REAL           RECIP            SELF            CORR

ENER_0:        0      2.7088e+07      8.1006e+05      0.0000e+00      2.6237e+07     -1.0575e+05      1.4673e+05      3.4023e+04      8.6102e+05     -1.2962e+07      1.2214e+07

STITLE:     STEP          VOLUME        PRESSURE     TOT_DENSITY

STAT_0:        0      9.1125e+04      2.5498e+05      8.9812e+02

################################################################################
############################# STARTING SIMULATION ##############################

MTITLE:     STEP          DISTRY       DISACCEPT      DISACCEPT%          DISMAX          ROTATE       ROTACCEPT      ROTACCEPT%          ROTMAX       INTRASWAP       INTACCEPT      INTACCEPT%        REGROWTH    REGROWACCEPT   REGROWACCEPT%      CRANKSHAFT  CRKSHAFTACCEPT CRKSHAFTACCEPT%          VOLUME       VOLACCEPT      VOLACCEPT%          VOLMAX

ETITLE:     STEP           TOTAL        INTRA(B)       INTRA(NB)       INTER(LJ)             LRC     TOTAL_ELECT            REAL           RECIP            SELF            CORR

STITLE:     STEP          VOLUME        PRESSURE     TOT_DENSITY

Printed combined psf to file Output_data_merged.psf
MOVE_0:     2500             376              56      1.4894e+01      3.0744e-01             364             135      3.7088e+01      3.9275e-01             719             262      3.6439e+01             770             250      3.2468e+01             254             100      3.9370e+01              17               4      2.3529e+01      1.1429e+02

ENER_0:     2500      1.1986e+07      1.1762e+06      0.0000e+00      1.1210e+07     -1.0489e+05     -2.9442e+05     -1.4472e+05      5.8950e+05     -1.2962e+07      1.2223e+07

STAT_0:     2500      9.1869e+04      1.2229e+05      8.9085e+02

PRES_0:     2500      1.2404e+05      1.2028e+05      1.2181e+05

Checkpoint saved to checkpoint.dat
Steps/sec:  32.229, Simulation ends in:   0 d:   0 h:  12 m 

MOVE_0:     5000             775             213      2.7484e+01      1.3526e-01             739             322      4.3572e+01      3.4265e-01            1436             334      2.3259e+01            1510             445      2.9470e+01             499             198      3.9679e+01              41              13      3.1707e+01      3.2836e+01

ENER_0:     5000      7.8350e+06      1.2596e+06      0.0000e+00      7.0690e+06     -1.0462e+05     -3.8895e+05     -1.7494e+05      5.2064e+05     -1.2962e+07      1.2227e+07

STAT_0:     5000      9.2109e+04      8.6850e+04      8.8853e+02

PRES_0:     5000      8.5837e+04      8.7382e+04      8.6597e+04

Checkpoint saved to checkpoint.dat
Steps/sec:  22.189, Simulation ends in:   0 d:   0 h:  13 m 

MOVE_0:     7500            1159             415      3.5807e+01      1.4414e-01            1096             498      4.5438e+01      3.0309e-01            2161             379      1.7538e+01            2228             651      2.9219e+01             777             294      3.7838e+01              79              33      4.1772e+01      3.3774e+01

ENER_0:     7500      5.3691e+06      1.3267e+06      0.0000e+00      4.6051e+06     -1.0419e+05     -4.5851e+05     -2.1862e+05      4.9205e+05     -1.2962e+07      1.2230e+07

STAT_0:     7500      9.2485e+04      6.4544e+04      8.8491e+02

PRES_0:     7500      6.2299e+04      6.4178e+04      6.6422e+04

Checkpoint saved to checkpoint.dat
Steps/sec:  19.288, Simulation ends in:   0 d:   0 h:  13 m 

MOVE_0:    10000            1550             610      3.9355e+01      1.4396e-01            1455             688      4.7285e+01      3.5048e-01            2859             399      1.3956e+01            3007             829      2.7569e+01            1030             378      3.6699e+01              99              45      4.5455e+01      4.5936e+01

ENER_0:    10000      4.0377e+06      1.3508e+06      0.0000e+00      3.2703e+06     -1.0400e+05     -4.7940e+05     -2.3761e+05      4.8898e+05     -1.2962e+07      1.2231e+07

STAT_0:    10000      9.2656e+04      5.2637e+04      8.8328e+02

PRES_0:    10000      5.1981e+04      5.2596e+04      5.2601e+04

Checkpoint saved to checkpoint.dat
Steps/sec:  30.648, Simulation ends in:   0 d:   0 h:  11 m 

MOVE_0:    12500            1920             797      4.1510e+01      1.4010e-01            1837             882      4.8013e+01      3.7673e-01            3550             416      1.1718e+01            3808             985      2.5867e+01            1263             453      3.5867e+01             122              55      4.5082e+01      3.2666e+01

ENER_0:    12500      3.1603e+06      1.3654e+06      0.0000e+00      2.4225e+06     -1.0379e+05     -5.2386e+05     -2.5902e+05      4.6456e+05     -1.2962e+07      1.2233e+07

STAT_0:    12500      9.2844e+04      4.5274e+04      8.8149e+02

PRES_0:    12500      4.4821e+04      4.4492e+04      4.5775e+04

Checkpoint saved to checkpoint.dat
Steps/sec:  26.317, Simulation ends in:   0 d:   0 h:   9 m 

MOVE_0:    15000            2293             984      4.2913e+01      1.3798e-01            2221            1087      4.8942e+01      4.4396e-01            4285             425      9.9183e+00            4527            1135      2.5072e+01            1528             550      3.5995e+01             146              65      4.4521e+01      2.0648e+01

ENER_0:    15000      2.5903e+06      1.3801e+06      0.0000e+00      1.8725e+06     -1.0364e+05     -5.5872e+05     -2.7414e+05      4.4353e+05     -1.2962e+07      1.2234e+07

STAT_0:    15000      9.2974e+04      4.0482e+04      8.8026e+02

PRES_0:    15000      3.9259e+04      3.9935e+04      4.1519e+04

Checkpoint saved to checkpoint.dat
Steps/sec:  24.436, Simulation ends in:   0 d:   0 h:   7 m 

MOVE_0:    17500            2699            1193      4.4202e+01      1.2994e-01            2591            1255      4.8437e+01      3.7600e-01            5041             429      8.5102e+00            5247            1292      2.4624e+01            1755             629      3.5840e+01             167              77      4.6108e+01      1.0512e+01

ENER_0:    17500      2.0423e+06      1.3796e+06      0.0000e+00      1.3705e+06     -1.0358e+05     -6.0412e+05     -3.0525e+05      4.2806e+05     -1.2962e+07      1.2235e+07

STAT_0:    17500      9.3027e+04      3.5697e+04      8.7975e+02

PRES_0:    17500      3.5543e+04      3.4988e+04      3.5825e+04

Checkpoint saved to checkpoint.dat
Steps/sec:  26.996, Simulation ends in:   0 d:   0 h:   5 m 

MOVE_0:    20000            3067            1356      4.4213e+01      9.7101e-02            2978            1456      4.8892e+01      3.6752e-01            5753             434      7.5439e+00            5979            1443      2.4134e+01            2035             718      3.5283e+01             188              85      4.5213e+01      8.6874e+00

ENER_0:    20000      1.6417e+06      1.3996e+06      0.0000e+00      9.7863e+05     -1.0355e+05     -6.3300e+05     -3.1746e+05      4.0990e+05     -1.2962e+07      1.2237e+07

STAT_0:    20000      9.3059e+04      3.2061e+04      8.7945e+02

PRES_0:    20000      3.1661e+04      3.2154e+04      3.1635e+04

Checkpoint saved to checkpoint.dat
Steps/sec:  29.310, Simulation ends in:   0 d:   0 h:   4 m 

MOVE_0:    22500            3442            1551      4.5061e+01      1.0817e-01            3342            1641      4.9102e+01      3.4008e-01            6481             444      6.8508e+00            6704            1571      2.3434e+01            2317             816      3.5218e+01             214             100      4.6729e+01      8.8454e+00

ENER_0:    22500      1.3163e+06      1.4111e+06      0.0000e+00      6.9484e+05     -1.0349e+05     -6.8618e+05     -3.4688e+05      3.8607e+05     -1.2962e+07      1.2237e+07

STAT_0:    22500      9.3109e+04      2.9481e+04      8.7899e+02

PRES_0:    22500      2.9172e+04      2.9173e+04      2.9364e+04

Checkpoint saved to checkpoint.dat
Steps/sec:  25.081, Simulation ends in:   0 d:   0 h:   2 m 

MOVE_0:    25000            3822            1752      4.5840e+01      1.2093e-01            3732            1829      4.9009e+01      3.2143e-01            7199             447      6.2092e+00            7454            1704      2.2860e+01            2552             884      3.4639e+01             241             115      4.7718e+01      1.5479e+01

ENER_0:    25000      1.0403e+06      1.4181e+06      0.0000e+00      4.2243e+05     -1.0339e+05     -6.9686e+05     -3.5374e+05      3.8278e+05     -1.2962e+07      1.2236e+07

STAT_0:    25000      9.3200e+04      2.7081e+04      8.7812e+02

PRES_0:    25000      2.6507e+04      2.6705e+04      2.7295e+04

Checkpoint saved to checkpoint.dat
Simulation Time (total): 9.8278e+02 sec.

Move Type                Mol. Kind      BOX_0      
% Accepted Displacement        CClH    46.15385 
% Accepted Displacement        COH     44.83846 
% Accepted Displacement        CH3     46.51703 
% Accepted Rotation            CClH    48.90388 
% Accepted Rotation            COH     49.11147 
% Accepted Rotation            CH3     49.00612 
% Accepted Volume-Transfer             47.71784 
% Accepted Intra-Swap          CClH     6.56780 
% Accepted Intra-Swap          COH      5.41414 
% Accepted Intra-Swap          CH3      6.68359 
% Accepted Regrowth            CClH    16.64671 
% Accepted Regrowth            COH     31.95219 
% Accepted Regrowth            CH3     19.88520 
% Accepted Crank-Shaft         CClH    17.82662 
% Accepted Crank-Shaft         COH     67.17828 
% Accepted Crank-Shaft         CH3     19.07449 

Displacement:                           15.9032    sec.
Rotation:                               15.8253    sec.
MultiParticle:                           0.0000    sec.
Intra-Swap:                             96.5587    sec.
Regrowth:                               82.8415    sec.
Intra-MEMC:                              0.0000    sec.
Crank-Shaft:                            26.8371    sec.
Vol-Transfer:                          716.1536    sec.

Info: GOMC Version 2.70
Info: Completed at: Mon Aug  9 02:39:06 2021
Info: On hostname: anushabhattacharyya-VirtualBox
