Info: GOMC Version 2.70
Info: Start Time: Mon Aug  9 02:02:12 2021
Info: Host Name: anushabhattacharyya-VirtualBox
CPU information:
Info: Total number of CPUs: 1
Info: Total number of CPUs available: 1
Info: Model name: AMD Ryzen 7 5800X 8-Core Processor
Info: System name: Linux
Info: Release: 5.11.0-25-generic
Info: Version: #27~20.04.1-Ubuntu SMP Tue Jul 13 17:41:23 UTC 2021
Info: Kernel Architecture: x86_64
Info: Total Ram: 23627.8MB
Info: Used Ram: 11535.8MB
Info: Working in the current directory: /home/anushabhattacharyya/Cl Alcohols-NPT/23-CH3CClHCH2CHOHCH3
Info: GOMC COMPILED TO RUN ISOBARIC-ISOTHERMAL ENSEMBLE.
Info: Number of threads                  1 
Info: Compiled with OpenMP Version       4.5

Reading Input File:                      in_NPT.conf
Info: Random seed                        Active 
Info: PARAMETER file                     CHARMM format! 
Info: Input Temperature                  298.0000 K
Info: Input Pressure                     410.0000 bar
Info: Volume change using constant ratio.
Info: Non-truncated potential            Active 
Info: Long Range Correction              Active 
Info: Cutoff                             10.0000 A
Info: Short Range Cutoff                 1.0000 A
Info: Exclude                            ONE-FOUR 
Info: Ewald Summation                    Active 
Info: Cache Ewald Fourier                Inactive 
Info: Ewald Summation Tolerance          1.000E-05 
Info: Pressure calculation frequency     2500 
Info: Total number of steps              25000 
Info: Number of equilibration steps      2500 
Info: Move adjustment frequency          1000 
Info: Displacement move frequency        0.1500 
Info: Rotation move frequency            0.1500 
Info: Intra-Swap move frequency          0.2900 
Warning: Unknown input SwapFreq!
Info: Regrowth move frequency            0.3000 
Info: Crank-Shaft move frequency         0.1000 
Info: Volume move frequency              0.0100 
Info: Multi-Particle move frequency      0.0000 
Info: IntraMEMC-1 move frequency         0.0000 
Warning: Unknown input MEMC-1Freq!
Info: IntraMEMC-2 move frequency         0.0000 
Warning: Unknown input MEMC-2Freq!
Info: IntraMEMC-3 move frequency         0.0000 
Warning: Unknown input MEMC-3Freq!
Info: CBMC First atom trials             12   
Info: CBMC Secondary atom trials         10   
Info: CBMC Angle trials                  50   
Info: CBMC Dihedral trials               50   
Info: Output name                        Output_data 
Info: Restart frequency                  2500 
Info: Checkpoint frequency               2500 
Info: Coordinate frequency               2500 
Info: Console output frequency           2500 
Info: Average output frequency           2500 
Warning: Unknown input HistogramFreq!
Warning: Unknown input DistName!
Warning: Unknown input HistName!
Warning: Unknown input RunNumber!
Warning: Unknown input RunLetter!
Warning: Unknown input SampleFreq!
Warning: Unknown input OutMolNumber!
Default: Box  0  CutoffCoulomb           10.0000 A
Finished Reading Input File:             in_NPT.conf

Reading from CHARMM-Style parameter file:  	NPT_CH3CClHCH2CHOHCH3_file.inp
Reading BONDS parameters.
Reading ANGLES parameters.
Reading DIHEDRALS parameters.
Reading NONBONDED parameters.
Reading from system PDB coordinate file:  	NPT_CH3CClHCH2CHOHCH3.pdb
Finished reading:                       	NPT_CH3CClHCH2CHOHCH3.pdb
Random number seed: 1654514323
Warning: Dihedral is missing for CClH !
Warning: Dihedral is missing for CH3 !

Molecules in PSF:
Molecule Kind: CClH
Idx	name	type	charge	mass
0	C1	D	-0.0060	12.0108
1	Cl1	C	-0.2000	35.4532
2	H1	E	0.1030	1.0079
3	H2	E	0.1030	1.0079
4	H3	E	0.1030	1.0079

Bonds:
[0 1] [2 0] [3 0] [4 0] 

Angles:
[1 0 2] [1 0 3] [1 0 4] [2 0 3] [2 0 4] [3 0 4] 

Dihedrals:

Molecule Kind: CH3
Idx	name	type	charge	mass
0	C1	A	-0.2400	12.0108
1	H1	B	0.0600	1.0079
2	H2	B	0.0600	1.0079
3	H3	B	0.0600	1.0079
4	H4	B	0.0600	1.0079

Bonds:
[0 1] [2 0] [3 0] [4 0] 

Angles:
[1 0 2] [1 0 3] [1 0 4] [2 0 3] [2 0 4] [3 0 4] 

Dihedrals:

Molecule Kind: COH
Idx	name	type	charge	mass
0	C1	I	0.1450	12.0108
1	O1	F	-0.6830	15.9994
2	H1	H	0.0400	1.0079
3	H2	H	0.0400	1.0079
4	H3	H	0.0400	1.0079
5	H4	G	0.4180	1.0079

Bonds:
[0 1] [2 0] [3 0] [4 0] [5 1] 

Angles:
[0 1 5] [1 0 2] [1 0 3] [1 0 4] [2 0 3] [2 0 4] [3 0 4] 

Dihedrals:
[2 0 1 5] [3 0 1 5] [4 0 1 5] 

Bonds parameter:
Atom Types                             Kb(K)           b0(A) 
D	C	                 123288.8018           1.7810 
E	D	                 171094.6637           1.0900 

A	B	                 171094.6637           1.0900 
B	A	                 171094.6637           1.0900 

I	F	                 161030.2717           1.4100 
H	I	                 171094.6637           1.0900 
G	F	                 278280.4382           0.9450 

Angles parameter:
Atom Types                         Ktheta(K)         theta0(degree) 
C	D	E	          25664.1995         107.6000 
E	D	E	          16606.2468         107.8000 

B	A	B	          16606.2468         107.8000 

I	F	G	          27677.0779         108.5000 
F	I	H	          17612.6860         109.5000 
H	I	H	          16606.2468         107.8000 

Dihedrals parameter:
Atom Types                           Kchi(K)    n    delta(degree) 
H	I	F	G	    226.4488    0     90.0000 
H	I	F	G	      0.0000    1    180.0000 
H	I	F	G	      0.0000    2      0.0000 
H	I	F	G	   -113.2244    3    180.0000 
H	I	F	G	      0.0000    4      0.0000 
H	I	F	G	      0.0000    5    180.0000 

================================================

Warning: Sum of the charge in the system is: 51.5000

================================================
NonBonded 1-4 parameters:
Type1  Type2             Epsilon(K)    Sigma(A)       N 
D      D                    16.6062      3.5000   12.00 
D      C                    35.4046      3.4500   12.00 
D      E                    11.1959      3.0000   12.00 
D      I                    16.6062      3.5000   12.00 
D      F                    26.6516      3.3100   12.00 
D      H                    11.1959      3.0000   12.00 
D      G                     0.0000      6.7500   12.00 
D      A                    16.6062      3.5000   12.00 
D      B                    11.1959      3.0000   12.00 
C      C                    75.4829      3.4000   12.00 
C      E                    23.8698      2.9500   12.00 
C      I                    35.4046      3.4500   12.00 
C      F                    56.8215      3.2600   12.00 
C      H                    23.8698      2.9500   12.00 
C      G                     0.0000      6.7000   12.00 
C      A                    35.4046      3.4500   12.00 
C      B                    23.8698      2.9500   12.00 
E      E                     7.5483      2.5000   12.00 
E      I                    11.1959      3.0000   12.00 
E      F                    17.9685      2.8100   12.00 
E      H                     7.5483      2.5000   12.00 
E      G                     0.0000      6.2500   12.00 
E      A                    11.1959      3.0000   12.00 
E      B                     7.5483      2.5000   12.00 
I      I                    16.6062      3.5000   12.00 
I      F                    26.6516      3.3100   12.00 
I      H                    11.1959      3.0000   12.00 
I      G                     0.0000      6.7500   12.00 
I      A                    16.6062      3.5000   12.00 
I      B                    11.1959      3.0000   12.00 
F      F                    42.7737      3.1200   12.00 
F      H                    17.9685      2.8100   12.00 
F      G                     0.0000      6.5600   12.00 
F      A                    26.6516      3.3100   12.00 
F      B                    17.9685      2.8100   12.00 
H      H                     7.5483      2.5000   12.00 
H      G                     0.0000      6.2500   12.00 
H      A                    11.1959      3.0000   12.00 
H      B                     7.5483      2.5000   12.00 
G      G                     0.0000     10.0000   12.00 
G      A                     0.0000      6.7500   12.00 
G      B                     0.0000      6.2500   12.00 
A      A                    16.6062      3.5000   12.00 
A      B                    11.1959      3.0000   12.00 
B      B                     7.5483      2.5000   12.00 

NonBonded parameters:
Type1  Type2             Epsilon(K)    Sigma(A)       N 
D      D                    33.2125      3.5000   12.00 
D      C                    70.8093      3.4500   12.00 
D      E                    22.3919      3.0000   12.00 
D      I                    33.2125      3.5000   12.00 
D      F                    53.3033      3.3100   12.00 
D      H                    22.3919      3.0000   12.00 
D      G                     0.0000      6.7500   12.00 
D      A                    33.2125      3.5000   12.00 
D      B                    22.3919      3.0000   12.00 
C      C                   150.9659      3.4000   12.00 
C      E                    47.7396      2.9500   12.00 
C      I                    70.8093      3.4500   12.00 
C      F                   113.6430      3.2600   12.00 
C      H                    47.7396      2.9500   12.00 
C      G                     0.0000      6.7000   12.00 
C      A                    70.8093      3.4500   12.00 
C      B                    47.7396      2.9500   12.00 
E      E                    15.0966      2.5000   12.00 
E      I                    22.3919      3.0000   12.00 
E      F                    35.9371      2.8100   12.00 
E      H                    15.0966      2.5000   12.00 
E      G                     0.0000      6.2500   12.00 
E      A                    22.3919      3.0000   12.00 
E      B                    15.0966      2.5000   12.00 
I      I                    33.2125      3.5000   12.00 
I      F                    53.3033      3.3100   12.00 
I      H                    22.3919      3.0000   12.00 
I      G                     0.0000      6.7500   12.00 
I      A                    33.2125      3.5000   12.00 
I      B                    22.3919      3.0000   12.00 
F      F                    85.5473      3.1200   12.00 
F      H                    35.9371      2.8100   12.00 
F      G                     0.0000      6.5600   12.00 
F      A                    53.3033      3.3100   12.00 
F      B                    35.9371      2.8100   12.00 
H      H                    15.0966      2.5000   12.00 
H      G                     0.0000      6.2500   12.00 
H      A                    22.3919      3.0000   12.00 
H      B                    15.0966      2.5000   12.00 
G      G                     0.0000     10.0000   12.00 
G      A                     0.0000      6.7500   12.00 
G      B                     0.0000      6.2500   12.00 
A      A                    33.2125      3.5000   12.00 
A      B                    22.3919      3.0000   12.00 
B      B                    15.0966      2.5000   12.00 

Info: Box  0:  Periodic Cell Basis 1     45.000   0.000   0.000 
Info: Box  0:  Periodic Cell Basis 2      0.000  45.000   0.000 
Info: Box  0:  Periodic Cell Basis 3      0.000   0.000  45.000 

Minimum coordinates in box 0: x =    1.929, y =    1.949, z =    1.900
Maximum coordinates in box 0: x =   43.097, y =   43.090, z =   43.061
Wrapping molecules inside the simulation box 0:
Box: 0, RecipVectors:   9402, kmax: 17

################################################################################
########################## INITIAL SIMULATION ENERGY ###########################

ETITLE:     STEP           TOTAL        INTRA(B)       INTRA(NB)       INTER(LJ)             LRC     TOTAL_ELECT            REAL           RECIP            SELF            CORR

ENER_0:        0      2.7088e+07      8.1006e+05      0.0000e+00      2.6237e+07     -1.0575e+05      1.4673e+05      3.4023e+04      8.6102e+05     -1.2962e+07      1.2214e+07

STITLE:     STEP          VOLUME        PRESSURE     TOT_DENSITY

STAT_0:        0      9.1125e+04      2.5498e+05      8.9812e+02

################################################################################
############################# STARTING SIMULATION ##############################

MTITLE:     STEP          DISTRY       DISACCEPT      DISACCEPT%          DISMAX          ROTATE       ROTACCEPT      ROTACCEPT%          ROTMAX       INTRASWAP       INTACCEPT      INTACCEPT%        REGROWTH    REGROWACCEPT   REGROWACCEPT%      CRANKSHAFT  CRKSHAFTACCEPT CRKSHAFTACCEPT%          VOLUME       VOLACCEPT      VOLACCEPT%          VOLMAX

ETITLE:     STEP           TOTAL        INTRA(B)       INTRA(NB)       INTER(LJ)             LRC     TOTAL_ELECT            REAL           RECIP            SELF            CORR

STITLE:     STEP          VOLUME        PRESSURE     TOT_DENSITY

Printed combined psf to file Output_data_merged.psf
MOVE_0:     2500             366              62      1.6940e+01      2.0834e-01             405             138      3.4074e+01      2.6865e-01             721             261      3.6200e+01             724             207      2.8591e+01             263              95      3.6122e+01              21              11      5.2381e+01      5.4545e+02

ENER_0:     2500      1.1353e+07      1.1112e+06      0.0000e+00      1.0581e+07     -1.0268e+05     -2.3689e+05     -9.7120e+04      5.9983e+05     -1.2962e+07      1.2222e+07

STAT_0:     2500      9.3850e+04      1.1287e+05      8.7204e+02

PRES_0:     2500      1.0944e+05      1.1665e+05      1.1178e+05

Checkpoint saved to checkpoint.dat
Steps/sec:  28.348, Simulation ends in:   0 d:   0 h:  14 m 

MOVE_0:     5000             735             228      3.1020e+01      1.3518e-01             784             341      4.3495e+01      3.1679e-01            1452             341      2.3485e+01            1447             418      2.8887e+01             530             201      3.7925e+01              52              30      5.7692e+01      9.1636e+02

ENER_0:     5000      4.6201e+06      1.2175e+06      0.0000e+00      3.9018e+06     -9.6898e+04     -4.0225e+05     -1.8017e+05      5.1278e+05     -1.2962e+07      1.2227e+07

STAT_0:     5000      9.9446e+04      5.2074e+04      8.2298e+02

PRES_0:     5000      5.1475e+04      5.2226e+04      5.1779e+04

Checkpoint saved to checkpoint.dat
Steps/sec:  19.968, Simulation ends in:   0 d:   0 h:  15 m 

MOVE_0:     7500            1094             417      3.8117e+01      1.4350e-01            1139             532      4.6708e+01      3.4571e-01            2191             385      1.7572e+01            2209             623      2.8203e+01             791             308      3.8938e+01              76              40      5.2632e+01      7.6165e+02

ENER_0:     7500      1.7204e+06      1.2779e+06      0.0000e+00      9.7664e+05     -9.1155e+04     -4.4294e+05     -1.9224e+05      4.8156e+05     -1.2962e+07      1.2230e+07

STAT_0:     7500      1.0571e+05      2.5096e+04      7.7420e+02

PRES_0:     7500      2.5541e+04      2.4874e+04      2.4131e+04

Checkpoint saved to checkpoint.dat
Steps/sec:  22.496, Simulation ends in:   0 d:   0 h:  13 m 

MOVE_0:    10000            1496             635      4.2447e+01      1.8126e-01            1515             739      4.8779e+01      4.8587e-01            2926             413      1.4115e+01            2919             785      2.6893e+01            1049             381      3.6320e+01              95              50      5.2632e+01      4.7392e+02

ENER_0:    10000      7.1300e+05      1.2881e+06      0.0000e+00     -1.6425e+04     -8.8499e+04     -4.7014e+05     -2.1224e+05      4.7193e+05     -1.2962e+07      1.2232e+07

STAT_0:    10000      1.0888e+05      1.6122e+04      7.5164e+02

PRES_0:    10000      1.6349e+04      1.5497e+04      1.5779e+04

Checkpoint saved to checkpoint.dat
Steps/sec:  27.538, Simulation ends in:   0 d:   0 h:  11 m 

MOVE_0:    12500            1860             824      4.4301e+01      1.7829e-01            1916             953      4.9739e+01      4.6653e-01            3653             429      1.1744e+01            3653             944      2.5842e+01            1296             478      3.6883e+01             122              61      5.0000e+01      2.3696e+02

ENER_0:    12500      1.9110e+05      1.2910e+06      0.0000e+00     -5.0577e+05     -8.7088e+04     -5.0707e+05     -2.3164e+05      4.5246e+05     -1.2962e+07      1.2234e+07

STAT_0:    12500      1.1065e+05      1.1590e+04      7.3966e+02

PRES_0:    12500      1.1346e+04      1.1200e+04      1.1485e+04

Checkpoint saved to checkpoint.dat
Steps/sec:  21.559, Simulation ends in:   0 d:   0 h:   9 m 

MOVE_0:    15000            2231            1010      4.5271e+01      2.1343e-01            2305            1142      4.9544e+01      4.9262e-01            4365             439      1.0057e+01            4414            1104      2.5011e+01            1542             569      3.6900e+01             143              67      4.6853e+01      7.7374e+01

ENER_0:    15000     -6.3778e+04      1.2887e+06      0.0000e+00     -7.2522e+05     -8.6614e+04     -5.4060e+05     -2.4952e+05      4.3570e+05     -1.2962e+07      1.2235e+07

STAT_0:    15000      1.1125e+05      9.7506e+03      7.3563e+02

PRES_0:    15000      9.2456e+03      9.8200e+03      9.4458e+03

Checkpoint saved to checkpoint.dat
Steps/sec:  25.911, Simulation ends in:   0 d:   0 h:   7 m 

MOVE_0:    17500            2581            1196      4.6339e+01      2.0508e-01            2657            1332      5.0132e+01      6.8172e-01            5112             449      8.7833e+00            5187            1260      2.4291e+01            1797             658      3.6617e+01             166              81      4.8795e+01      1.0013e+02

ENER_0:    17500     -2.6381e+05      1.2961e+06      0.0000e+00     -8.8920e+05     -8.6169e+04     -5.8450e+05     -2.7347e+05      4.1460e+05     -1.2962e+07      1.2236e+07

STAT_0:    17500      1.1183e+05      8.3144e+03      7.3185e+02

PRES_0:    17500      7.7484e+03      8.6192e+03      7.8357e+03

Checkpoint saved to checkpoint.dat
Steps/sec:  23.990, Simulation ends in:   0 d:   0 h:   6 m 

MOVE_0:    20000            2957            1389      4.6973e+01      2.2770e-01            3008            1522      5.0598e+01      6.5773e-01            5864             461      7.8615e+00            5921            1415      2.3898e+01            2062             755      3.6615e+01             188              95      5.0532e+01      1.9718e+02

ENER_0:    20000     -5.1533e+05      1.2754e+06      0.0000e+00     -1.0856e+06     -8.5390e+04     -6.1973e+05     -2.8898e+05      3.9422e+05     -1.2962e+07      1.2237e+07

STAT_0:    20000      1.1285e+05      6.5535e+03      7.2524e+02

PRES_0:    20000      6.1909e+03      6.3780e+03      6.3528e+03

Checkpoint saved to checkpoint.dat
Steps/sec:  24.830, Simulation ends in:   0 d:   0 h:   4 m 

MOVE_0:    22500            3304            1566      4.7397e+01      2.4548e-01            3378            1711      5.0651e+01      6.8566e-01            6621             467      7.0533e+00            6682            1565      2.3421e+01            2309             848      3.6726e+01             206             104      5.0485e+01      2.3662e+02

ENER_0:    22500     -6.6228e+05      1.2655e+06      0.0000e+00     -1.1988e+06     -8.4647e+04     -6.4437e+05     -3.0161e+05      3.8190e+05     -1.2962e+07      1.2237e+07

STAT_0:    22500      1.1384e+05      5.3756e+03      7.1893e+02

PRES_0:    22500      5.0856e+03      5.2516e+03      5.0520e+03

Checkpoint saved to checkpoint.dat
Steps/sec:  27.916, Simulation ends in:   0 d:   0 h:   2 m 

MOVE_0:    25000            3685            1766      4.7924e+01      2.4405e-01            3756            1890      5.0319e+01      5.9445e-01            7388             474      6.4158e+00            7389            1725      2.3346e+01            2553             929      3.6389e+01             229             113      4.9345e+01      8.8732e+01

ENER_0:    25000     -7.8772e+05      1.2555e+06      0.0000e+00     -1.2830e+06     -8.3679e+04     -6.7648e+05     -3.1893e+05      3.6798e+05     -1.2962e+07      1.2236e+07

STAT_0:    25000      1.1516e+05      4.3729e+03      7.1070e+02

PRES_0:    25000      4.2713e+03      4.0893e+03      4.0219e+03

Checkpoint saved to checkpoint.dat
Simulation Time (total): 1.0350e+03 sec.

Move Type                Mol. Kind      BOX_0      
% Accepted Displacement        CClH    47.44296 
% Accepted Displacement        COH     48.53195 
% Accepted Displacement        CH3     47.85032 
% Accepted Rotation            CClH    50.20375 
% Accepted Rotation            COH     49.53416 
% Accepted Rotation            CH3     51.24899 
% Accepted Volume-Transfer             49.34498 
% Accepted Intra-Swap          CClH     6.87919 
% Accepted Intra-Swap          COH      5.62070 
% Accepted Intra-Swap          CH3      6.75622 
% Accepted Regrowth            CClH    18.26051 
% Accepted Regrowth            COH     29.85135 
% Accepted Regrowth            CH3     21.78658 
% Accepted Crank-Shaft         CClH    17.48571 
% Accepted Crank-Shaft         COH     73.63966 
% Accepted Crank-Shaft         CH3     19.62397 

Displacement:                           16.7103    sec.
Rotation:                               17.5651    sec.
MultiParticle:                           0.0000    sec.
Intra-Swap:                            102.3665    sec.
Regrowth:                               82.1018    sec.
Intra-MEMC:                              0.0000    sec.
Crank-Shaft:                            26.9591    sec.
Vol-Transfer:                          755.4890    sec.

Info: GOMC Version 2.70
Info: Completed at: Mon Aug  9 02:19:40 2021
Info: On hostname: anushabhattacharyya-VirtualBox
