Info: GOMC Version 2.70
Info: Start Time: Sun Aug  8 09:07:41 2021
Info: Host Name: anushabhattacharyya-VirtualBox
CPU information:
Info: Total number of CPUs: 1
Info: Total number of CPUs available: 1
Info: Model name: AMD Ryzen 7 5800X 8-Core Processor
Info: System name: Linux
Info: Release: 5.11.0-25-generic
Info: Version: #27~20.04.1-Ubuntu SMP Tue Jul 13 17:41:23 UTC 2021
Info: Kernel Architecture: x86_64
Info: Total Ram: 23627.8MB
Info: Used Ram: 10118.8MB
Info: Working in the current directory: /home/anushabhattacharyya/Cl Alcohols-NVT/26-CCl3CH2CH2CH2CH2OH
Info: GOMC COMPILED TO RUN CANONICAL (NVT) ENSEMBLE.
Info: Number of threads                  1 
Info: Compiled with OpenMP Version       4.5

Reading Input File:                      in_NVT.conf
Info: Random seed                        Active 
Info: PARAMETER file                     CHARMM format! 
Info: Input Temperature                  298.0000 K
Info: Non-truncated potential            Active 
Info: Long Range Correction              Active 
Info: Cutoff                             10.0000 A
Info: Short Range Cutoff                 1.0000 A
Info: Exclude                            ONE-THREE 
Info: Cache Ewald Fourier                Inactive 
Info: Ewald Summation Tolerance          1.000E-05 
Info: Pressure calculation frequency     500000 
Info: Total number of steps              50000000 
Info: Number of equilibration steps      500000 
Info: Move adjustment frequency          1000
Info: Displacement move frequency        0.1500 
Info: Rotation move frequency            0.1500 
Info: Intra-Swap move frequency          0.3000 
Warning: Unknown input SwapFreq!
Info: Regrowth move frequency            0.3000 
Info: Crank-Shaft move frequency         0.1000 
Warning: Unknown input VolFreq!
Info: Multi-Particle move frequency      0.0000 
Info: IntraMEMC-1 move frequency         0.0000 
Warning: Unknown input MEMC-1Freq!
Info: IntraMEMC-2 move frequency         0.0000 
Warning: Unknown input MEMC-2Freq!
Info: IntraMEMC-3 move frequency         0.0000 
Warning: Unknown input MEMC-3Freq!
Info: CBMC First atom trials             12   
Info: CBMC Secondary atom trials         10   
Info: CBMC Angle trials                  50   
Info: CBMC Dihedral trials               50   
Info: Output name                        Output_data 
Info: Restart frequency                  500000
Info: Checkpoint frequency               500000
Info: Coordinate frequency               500000 
Info: Console output frequency           500000 
Info: Average output frequency           500000 
Warning: Unknown input HistogramFreq!
Warning: Unknown input DistName!
Warning: Unknown input HistName!
Warning: Unknown input RunNumber!
Warning: Unknown input RunLetter!
Warning: Unknown input SampleFreq!
Warning: Unknown input OutMolNumber!
Warning: Unknown input OutVolume!
Warning: 1-4 Electrostatic scaling set, but will be ignored.
Finished Reading Input File:             in_NVT.conf

Reading from CHARMM-Style parameter file:  	NVT_CCl3CH2CH2CH2CH2OH.inp
Reading BONDS parameters.
Reading ANGLES parameters.
Reading DIHEDRALS parameters.
Reading NONBONDED parameters.
Reading from system PDB coordinate file:  	NVT_CCl3CH2CH2CH2CH2OH.pdb
Finished reading:                       	NVT_CCl3CH2CH2CH2CH2OH.pdb
Random number seed: 2767595998
Warning: Dihedral is missing for CCl3 !
Warning: Dihedral is missing for CH3 !

Molecules in PSF:
Molecule Kind: CCl3
Idx	name	type	charge	mass
0	C1	D	-0.0060	12.0108
1	Cl1	C	-0.2000	35.4532
2	Cl2	C	-0.2000	35.4532
3	Cl3	C	-0.2000	35.4532
4	H1	E	0.1030	1.0079

Bonds:
[0 1] [2 0] [3 0] [4 0] 

Angles:
[1 0 2] [1 0 3] [1 0 4] [2 0 3] [2 0 4] [3 0 4] 

Dihedrals:

Molecule Kind: CH3
Idx	name	type	charge	mass
0	C1	A	-0.2400	12.0108
1	H1	B	0.0600	1.0079
2	H2	B	0.0600	1.0079
3	H3	B	0.0600	1.0079
4	H4	B	0.0600	1.0079

Bonds:
[0 1] [2 0] [3 0] [4 0] 

Angles:
[1 0 2] [1 0 3] [1 0 4] [2 0 3] [2 0 4] [3 0 4] 

Dihedrals:

Molecule Kind: COH
Idx	name	type	charge	mass
0	C1	I	0.1450	12.0108
1	O1	F	-0.6830	15.9994
2	H1	H	0.0400	1.0079
3	H2	H	0.0400	1.0079
4	H3	H	0.0400	1.0079
5	H4	G	0.4180	1.0079

Bonds:
[0 1] [2 0] [3 0] [4 0] [5 1] 

Angles:
[0 1 5] [1 0 2] [1 0 3] [1 0 4] [2 0 3] [2 0 4] [3 0 4] 

Dihedrals:
[2 0 1 5] [3 0 1 5] [4 0 1 5] 

Bonds parameter:
Atom Types                             Kb(K)           b0(A) 
D	C	                 123288.8018           1.7810 
C	D	                 123288.8018           1.7810 
E	D	                 171094.6637           1.0900 

A	B	                 171094.6637           1.0900 
B	A	                 171094.6637           1.0900 

I	F	                 161030.2717           1.4100 
H	I	                 171094.6637           1.0900 
G	F	                 278280.4382           0.9450 

Angles parameter:
Atom Types                         Ktheta(K)         theta0(degree) 
C	D	C	          39251.1287         111.7000 
C	D	E	          25664.1995         107.6000 

B	A	B	          16606.2468         107.8000 

I	F	G	          27677.0779         108.5000 
F	I	H	          17612.6860         109.5000 
H	I	H	          16606.2468         107.8000 

Dihedrals parameter:
Atom Types                           Kchi(K)    n    delta(degree) 
H	I	F	G	    226.4488    0     90.0000 
H	I	F	G	      0.0000    1    180.0000 
H	I	F	G	      0.0000    2      0.0000 
H	I	F	G	   -113.2244    3    180.0000 
H	I	F	G	      0.0000    4      0.0000 
H	I	F	G	      0.0000    5    180.0000 

Warning: Charge detected in CCl3 but Ewald Summaion method is disabled!

Warning: Charge detected in COH but Ewald Summaion method is disabled!

Warning: Charge detected in CH3 but Ewald Summaion method is disabled!

================================================

Warning: Sum of the charge in the system is: -65.8930

================================================
NonBonded 1-4 parameters:
Type1  Type2             Epsilon(K)    Sigma(A)       N 
D      D                    16.6062      3.5000   12.00 
D      C                    35.4046      3.4500   12.00 
D      E                    11.1959      3.0000   12.00 
D      I                    16.6062      3.5000   12.00 
D      F                    26.6516      3.3100   12.00 
D      H                    11.1959      3.0000   12.00 
D      G                     0.0000      6.7500   12.00 
D      A                    16.6062      3.5000   12.00 
D      B                    11.1959      3.0000   12.00 
C      C                    75.4829      3.4000   12.00 
C      E                    23.8698      2.9500   12.00 
C      I                    35.4046      3.4500   12.00 
C      F                    56.8215      3.2600   12.00 
C      H                    23.8698      2.9500   12.00 
C      G                     0.0000      6.7000   12.00 
C      A                    35.4046      3.4500   12.00 
C      B                    23.8698      2.9500   12.00 
E      E                     7.5483      2.5000   12.00 
E      I                    11.1959      3.0000   12.00 
E      F                    17.9685      2.8100   12.00 
E      H                     7.5483      2.5000   12.00 
E      G                     0.0000      6.2500   12.00 
E      A                    11.1959      3.0000   12.00 
E      B                     7.5483      2.5000   12.00 
I      I                    16.6062      3.5000   12.00 
I      F                    26.6516      3.3100   12.00 
I      H                    11.1959      3.0000   12.00 
I      G                     0.0000      6.7500   12.00 
I      A                    16.6062      3.5000   12.00 
I      B                    11.1959      3.0000   12.00 
F      F                    42.7737      3.1200   12.00 
F      H                    17.9685      2.8100   12.00 
F      G                     0.0000      6.5600   12.00 
F      A                    26.6516      3.3100   12.00 
F      B                    17.9685      2.8100   12.00 
H      H                     7.5483      2.5000   12.00 
H      G                     0.0000      6.2500   12.00 
H      A                    11.1959      3.0000   12.00 
H      B                     7.5483      2.5000   12.00 
G      G                     0.0000     10.0000   12.00 
G      A                     0.0000      6.7500   12.00 
G      B                     0.0000      6.2500   12.00 
A      A                    16.6062      3.5000   12.00 
A      B                    11.1959      3.0000   12.00 
B      B                     7.5483      2.5000   12.00 

NonBonded parameters:
Type1  Type2             Epsilon(K)    Sigma(A)       N 
D      D                    33.2125      3.5000   12.00 
D      C                    70.8093      3.4500   12.00 
D      E                    22.3919      3.0000   12.00 
D      I                    33.2125      3.5000   12.00 
D      F                    53.3033      3.3100   12.00 
D      H                    22.3919      3.0000   12.00 
D      G                     0.0000      6.7500   12.00 
D      A                    33.2125      3.5000   12.00 
D      B                    22.3919      3.0000   12.00 
C      C                   150.9659      3.4000   12.00 
C      E                    47.7396      2.9500   12.00 
C      I                    70.8093      3.4500   12.00 
C      F                   113.6430      3.2600   12.00 
C      H                    47.7396      2.9500   12.00 
C      G                     0.0000      6.7000   12.00 
C      A                    70.8093      3.4500   12.00 
C      B                    47.7396      2.9500   12.00 
E      E                    15.0966      2.5000   12.00 
E      I                    22.3919      3.0000   12.00 
E      F                    35.9371      2.8100   12.00 
E      H                    15.0966      2.5000   12.00 
E      G                     0.0000      6.2500   12.00 
E      A                    22.3919      3.0000   12.00 
E      B                    15.0966      2.5000   12.00 
I      I                    33.2125      3.5000   12.00 
I      F                    53.3033      3.3100   12.00 
I      H                    22.3919      3.0000   12.00 
I      G                     0.0000      6.7500   12.00 
I      A                    33.2125      3.5000   12.00 
I      B                    22.3919      3.0000   12.00 
F      F                    85.5473      3.1200   12.00 
F      H                    35.9371      2.8100   12.00 
F      G                     0.0000      6.5600   12.00 
F      A                    53.3033      3.3100   12.00 
F      B                    35.9371      2.8100   12.00 
H      H                    15.0966      2.5000   12.00 
H      G                     0.0000      6.2500   12.00 
H      A                    22.3919      3.0000   12.00 
H      B                    15.0966      2.5000   12.00 
G      G                     0.0000     10.0000   12.00 
G      A                     0.0000      6.7500   12.00 
G      B                     0.0000      6.2500   12.00 
A      A                    33.2125      3.5000   12.00 
A      B                    22.3919      3.0000   12.00 
B      B                    15.0966      2.5000   12.00 

Info: Box  0:  Periodic Cell Basis 1     45.000   0.000   0.000 
Info: Box  0:  Periodic Cell Basis 2      0.000  45.000   0.000 
Info: Box  0:  Periodic Cell Basis 3      0.000   0.000  45.000 

Minimum coordinates in box 0: x =    2.000, y =    2.006, z =    2.002
Maximum coordinates in box 0: x =   43.004, y =   43.018, z =   42.993
Wrapping molecules inside the simulation box 0:

################################################################################
########################## INITIAL SIMULATION ENERGY ###########################

ETITLE:     STEP           TOTAL        INTRA(B)       INTRA(NB)       INTER(LJ)             LRC     TOTAL_ELECT            REAL           RECIP            SELF            CORR

ENER_0:        0      2.5675e+06      2.1374e+05      0.0000e+00      2.3679e+06     -1.4080e+04      0.0000e+00      0.0000e+00      0.0000e+00      0.0000e+00      0.0000e+00

STITLE:     STEP        PRESSURE     TOT_DENSITY

STAT_0:        0      2.7313e+04      3.9976e+02

################################################################################
############################# STARTING SIMULATION ##############################

MTITLE:     STEP          DISTRY       DISACCEPT      DISACCEPT%          DISMAX          ROTATE       ROTACCEPT      ROTACCEPT%          ROTMAX       INTRASWAP       INTACCEPT      INTACCEPT%        REGROWTH    REGROWACCEPT   REGROWACCEPT%      CRANKSHAFT  CRKSHAFTACCEPT CRKSHAFTACCEPT%

ETITLE:     STEP           TOTAL        INTRA(B)       INTRA(NB)       INTER(LJ)             LRC     TOTAL_ELECT            REAL           RECIP            SELF            CORR

STITLE:     STEP        PRESSURE     TOT_DENSITY

Printed combined psf to file Output_data_merged.psf
MOVE_0:    500000           1511             617      4.0834e+01      7.4114e-01            1526            1050      6.8807e+01      2.4654e+00            2933             543      1.8513e+01            3021             937      3.1016e+01            1009             489      4.8464e+01

ENER_0:    500000     6.0250e+04      3.5201e+05      0.0000e+00     -2.7768e+05     -1.4080e+04      0.0000e+00      0.0000e+00      0.0000e+00      0.0000e+00      0.0000e+00

STAT_0:    500000     1.1867e+01      3.9976e+02

PRES_0:    500000    -1.9286e+02     -1.4724e+02     -3.2247e+01

Checkpoint saved to checkpoint.dat
Steps/sec: 287.140, Simulation ends in:   0 d:   2 h:   6 m 

MOVE_0:    1000000          3072            1427      4.6452e+01      8.9291e-01            3008            2044      6.7952e+01      2.4732e+00            5856             996      1.7008e+01            6036            1861      3.0832e+01            2028             958      4.7239e+01

ENER_0:    1000000    4.6573e+04      3.5842e+05      0.0000e+00     -2.9777e+05     -1.4080e+04      0.0000e+00      0.0000e+00      0.0000e+00      0.0000e+00      0.0000e+00

STAT_0:    1000000    3.7535e+01      3.9976e+02

PRES_0:    1000000   -6.9941e+01     -7.6778e+01     -1.4863e+02

Checkpoint saved to checkpoint.dat
Steps/sec: 190.596, Simulation ends in:   0 d:   1 h:   46 m 

MOVE_0:    1500000          4575            2189      4.7847e+01      9.0207e-01            4478            3021      6.7463e+01      2.3392e+00            8830            1429      1.6183e+01            9086            2816      3.0993e+01            3031            1407      4.6420e+01

ENER_0:    1500000    2.0528e+04      3.5285e+05      0.0000e+00     -3.1824e+05     -1.4080e+04      0.0000e+00      0.0000e+00      0.0000e+00      0.0000e+00      0.0000e+00

STAT_0:    1500000   -5.5789e+01      3.9976e+02

PRES_0:    1500000   -2.1687e+02     -1.6511e+02     -1.9334e+02

Checkpoint saved to checkpoint.dat
Steps/sec: 184.491, Simulation ends in:   0 d:   1 h:   36 m 

MOVE_0:    2000000          6028            2920      4.8441e+01      8.2209e-01            5943            4002      6.7340e+01      2.3748e+00           11834            1841      1.5557e+01           12147            3678      3.0279e+01            4048            1864      4.6047e+01

ENER_0:    2000000    3.2795e+04      3.6507e+05      0.0000e+00     -3.1819e+05     -1.4080e+04      0.0000e+00      0.0000e+00      0.0000e+00      0.0000e+00      0.0000e+00

STAT_0:    2000000    1.8066e+01      3.9976e+02

PRES_0:    2000000   -1.2187e+02     -8.3780e+01     -1.4811e+02

Checkpoint saved to checkpoint.dat
Steps/sec: 208.395, Simulation ends in:   0 d:   1 h:   25 m 

MOVE_0:    2500000          7548            3672      4.8649e+01      7.1758e-01            7400            4968      6.7135e+01      2.4135e+00           14871            2297      1.5446e+01           15147            4548      3.0026e+01            5034            2348      4.6643e+01

ENER_0:    2500000    2.9790e+04      3.5190e+05      0.0000e+00     -3.0803e+05     -1.4080e+04      0.0000e+00      0.0000e+00      0.0000e+00      0.0000e+00      0.0000e+00

STAT_0:    2500000    1.1039e+02      3.9976e+02

PRES_0:    2500000   -1.1041e+02     -1.0449e+02      1.3813e+02

Checkpoint saved to checkpoint.dat
Steps/sec: 207.746, Simulation ends in:   0 d:   1 h:   14 m 

MOVE_0:    3000000          9126            4481      4.9101e+01      8.2926e-01            8926            5983      6.7029e+01      2.4444e+00           17847            2731      1.5302e+01           18030            5401      2.9956e+01            6071            2821      4.6467e+01

ENER_0:    3000000    2.1771e+04      3.5139e+05      0.0000e+00     -3.1553e+05     -1.4080e+04      0.0000e+00      0.0000e+00      0.0000e+00      0.0000e+00      0.0000e+00

STAT_0:    3000000   -2.3314e+01      3.9976e+02

PRES_0:    3000000   -1.8755e+02     -7.0936e+01     -2.1941e+02

Checkpoint saved to checkpoint.dat
Steps/sec: 210.995, Simulation ends in:   0 d:   1 h:   2 m 

MOVE_0:    3500000         10597            5233      4.9382e+01      9.0683e-01           10434            6988      6.6973e+01      2.3251e+00           20890            3125      1.4959e+01           21062            6338      3.0092e+01            7017            3272      4.6630e+01

ENER_0:    3500000    1.0319e+04      3.4901e+05      0.0000e+00     -3.2461e+05     -1.4080e+04      0.0000e+00      0.0000e+00      0.0000e+00      0.0000e+00      0.0000e+00

STAT_0:    3500000    4.7550e+01      3.9976e+02

PRES_0:    3500000   -1.0262e+02     -6.5169e+01     -9.7515e+01

Checkpoint saved to checkpoint.dat
Steps/sec: 249.570, Simulation ends in:   0 d:   0 h:   53 m 

MOVE_0:    4000000         12033            5951      4.9456e+01      8.1650e-01           11964            7992      6.6800e+01      2.3436e+00           23888            3557      1.4890e+01           24087            7242      3.0066e+01            8028            3719      4.6325e+01

ENER_0:    4000000   -7.9930e+03      3.4681e+05      0.0000e+00     -3.4072e+05     -1.4080e+04      0.0000e+00      0.0000e+00      0.0000e+00      0.0000e+00      0.0000e+00

STAT_0:    4000000   -1.2875e+01      3.9976e+02

PRES_0:    4000000   -1.5731e+02     -1.3740e+02     -1.5186e+02

Checkpoint saved to checkpoint.dat
Steps/sec: 318.861, Simulation ends in:   0 d:   0 h:   34 m 

MOVE_0:    4500000         13529            6709      4.9590e+01      8.2241e-01           13454            8933      6.6397e+01      2.3618e+00           26972            3956      1.4667e+01           27013            8067      2.9863e+01            9032            4144      4.5881e+01

ENER_0:    4500000   -1.0419e+04      3.3806e+05      0.0000e+00     -3.3440e+05     -1.4080e+04      0.0000e+00      0.0000e+00      0.0000e+00      0.0000e+00      0.0000e+00

STAT_0:    4500000    1.5024e+01      3.9976e+02

PRES_0:    4500000   -5.1848e+01     -1.0240e+02     -2.0863e+02

Checkpoint saved to checkpoint.dat
Steps/sec: 216.696, Simulation ends in:   0 d:   0 h:   12 m 

MOVE_0:   50000000         15007            7447      4.9624e+01      7.9454e-01           14936            9915      6.6383e+01      2.3672e+00           29982            4343      1.4485e+01           30044            8933      2.9733e+01           10031            4619      4.6047e+01

ENER_0:   50000000   -2.5879e+03      3.5816e+05      0.0000e+00     -3.4667e+05     -1.4080e+04      0.0000e+00      0.0000e+00      0.0000e+00      0.0000e+00      0.0000e+00

STAT_0:   50000000    1.9972e+00      3.9976e+02

PRES_0:   50000000   -9.3780e+01     -1.2851e+02     -1.7967e+02

Checkpoint saved to checkpoint.dat
Simulation Time (total): 7.5005e+03 sec.

Move Type                Mol. Kind      BOX_0      
% Accepted Displacement        CCl3    49.44576 
% Accepted Displacement        COH     49.81949 
% Accepted Displacement        CH3     49.60757 
% Accepted Rotation            CCl3    50.89125 
% Accepted Rotation            COH     66.14063 
% Accepted Rotation            CH3     82.29694 
% Accepted Intra-Swap          CCl3     5.71889 
% Accepted Intra-Swap          COH     16.67833 
% Accepted Intra-Swap          CH3     20.96726 
% Accepted Regrowth            CCl3    18.85778 
% Accepted Regrowth            COH     40.41082 
% Accepted Regrowth            CH3     29.64215 
% Accepted Crank-Shaft         CCl3    18.23937 
% Accepted Crank-Shaft         COH     89.76068 
% Accepted Crank-Shaft         CH3     30.79402 

Displacement:                            9.5705    sec.
Rotation:                                9.9530    sec.
MultiParticle:                           0.0000    sec.
Intra-Swap:                            215.9314    sec.
Regrowth:                              162.1674    sec.
Intra-MEMC:                              0.0000    sec.
Crank-Shaft:                            50.8215    sec.

Info: GOMC Version 2.70
Info: Completed at: Sun Aug  8 09:15:11 2021
Info: On hostname: anushabhattacharyya-VirtualBox
